test.bash: INIT=1 MAX=3600
test.bash: Waiting for reset
test.bash: Waiting for the server to start
Random selected PM: 0xa11140
Starting server. OS: (sysname='rp2', nodename='rp2', release='1.24.1', version='v1.24.1 on 2024-11-29 (GNU 13.2.0 MinSizeRel)', machine='Raspberry Pi Pico W with RP2040') PM: 10555712
Trying to connect...
Waiting for connection (0/5)...
[   14994] ASYNC(0000,ASSOC_REQ_IE,0,0,0)
[   14994] ASYNC(0000,AUTH,0,0,0)
[   14998] ASYNC(0000,ASSOC_RESP_IE,0,0,0)
[   14999] ASYNC(0000,ASSOC,0,0,0)
[   14999] ASYNC(0001,LINK,0,0,0)
[   15021] ASYNC(0000,PSK_SUP,6,0,0)
[   15078] ASYNC(0000,JOIN,0,0,0)
[   15079] ASYNC(0000,SET_SSID,0,0,0)
Connected: ('192.168.1.4', '255.255.255.0', '192.168.1.1', '192.168.1.1')
Actual PM: 0xa11140
test.bash: Sleeping for 1 seconds
Current time: Sun Dec 29 09:37:36 PM EST 2024
Sleeping until Sun Dec 29 09:37:37 PM EST 2024
test.bash: Running wget
1609459222	: GET /temp
Console: Getting Temp...
test.bash: Response: {"unit": "C", "temp": 32.66213}
test.bash: Sleeping for 2 seconds
Current time: Sun Dec 29 09:37:37 PM EST 2024
Sleeping until Sun Dec 29 09:37:39 PM EST 2024
test.bash: Running wget
1609459224	: GET /temp
Console: Getting Temp...
test.bash: Response: {"unit": "C", "temp": 32.66213}
test.bash: Sleeping for 4 seconds
Current time: Sun Dec 29 09:37:39 PM EST 2024
Sleeping until Sun Dec 29 09:37:43 PM EST 2024
test.bash: Running wget
test.bash: Response: {"unit": "C", "temp": 32.66213}
test.bash: Sleeping for 8 seconds
1609459228	: GET /temp
Console: Getting Temp...
Current time: Sun Dec 29 09:37:43 PM EST 2024
Sleeping until Sun Dec 29 09:37:51 PM EST 2024
test.bash: Running wget
1609459236	: GET /temp
Console: Getting Temp...
test.bash: Response: {"unit": "C", "temp": 33.13027}
test.bash: Sleeping for 16 seconds
Current time: Sun Dec 29 09:37:51 PM EST 2024
Sleeping until Sun Dec 29 09:38:07 PM EST 2024
test.bash: Running wget
1609459252	: GET /temp
Console: Getting Temp...
test.bash: Response: {"unit": "C", "temp": 33.59842}
test.bash: Sleeping for 32 seconds
Current time: Sun Dec 29 09:38:07 PM EST 2024
Sleeping until Sun Dec 29 09:38:39 PM EST 2024
test.bash: Running wget
1609459284	: GET /temp
Console: Getting Temp...
test.bash: Response: {"unit": "C", "temp": 34.0666}
test.bash: Sleeping for 64 seconds
Current time: Sun Dec 29 09:38:40 PM EST 2024
Sleeping until Sun Dec 29 09:39:44 PM EST 2024
test.bash: Running wget
test.bash: Response: {"unit": "C", "temp": 34.53471}
test.bash: Sleeping for 128 seconds
1609459349	: GET /temp
Console: Getting Temp...
Current time: Sun Dec 29 09:39:44 PM EST 2024
Sleeping until Sun Dec 29 09:41:52 PM EST 2024
Still checking Wi-Fi connection...
Debug: connected: True status: 3
Actual PM: 0xa11140
test.bash: Running wget
test.bash: Response: {"unit": "C", "temp": 35.00285}
test.bash: Sleeping for 256 seconds
1609459477	: GET /temp
Console: Getting Temp...
Current time: Sun Dec 29 09:41:52 PM EST 2024
Sleeping until Sun Dec 29 09:46:08 PM EST 2024
Still checking Wi-Fi connection...
Debug: connected: True status: 3
Actual PM: 0xa11140
Still checking Wi-Fi connection...
Debug: connected: True status: 3
Actual PM: 0xa11140
test.bash: Running wget
1609459733	: GET /temp
Consoltest.bash: Response: {"unit": "C", "temp": 35.00285}
test.bash: Sleeping for 512 seconds
e: Getting Temp...
Current time: Sun Dec 29 09:46:08 PM EST 2024
Sleeping until Sun Dec 29 09:54:40 PM EST 2024
Still checking Wi-Fi connection...
Debug: connected: True status: 3
Actual PM: 0xa11140
Still checking Wi-Fi connection...
Debug: connected: True status: 3
Actual PM: 0xa11140
Still checking Wi-Fi connection...
Debug: connected: True status: 3
Actual PM: 0xa11140
Still checking Wi-Fi connection...
Debug: connected: True status: 3
Actual PM: 0xa11140
test.bash: Running wget
test.bash: Response: {"unit": "C", "temp": 32.66213}
test.bash: Sleeping for 1024 seconds
1609460245	: GET /temp
Console: Getting Temp...
Current time: Sun Dec 29 09:54:41 PM EST 2024
Sleeping until Sun Dec 29 10:11:45 PM EST 2024
Still checking Wi-Fi connection...
Debug: connected: True status: 3
Actual PM: 0xa11140
Still checking Wi-Fi connection...
Debug: connected: True status: 3
Actual PM: 0xa11140
Still checking Wi-Fi connection...
Debug: connected: True status: 3
Actual PM: 0xa11140
Still checking Wi-Fi connection...
Debug: connected: True status: 3
Actual PM: 0xa11140
Still checking Wi-Fi connection...
Debug: connected: True status: 3
Actual PM: 0xa11140
Still checking Wi-Fi connection...
Debug: connected: True status: 3
Actual PM: 0xa11140
Still checking Wi-Fi connection...
Debug: connected: True status: 3
Actual PM: 0xa11140
test.bash: Running wget
1609461270	: GET /temp
Console: Getting Temp...
test.bash: Response: {"unit": "C", "temp": 32.19402}
test.bash: Sleeping for 2048 seconds
Current time: Sun Dec 29 10:11:45 PM EST 2024
Sleeping until Sun Dec 29 10:45:53 PM EST 2024
Still checking Wi-Fi connection...
Debug: connected: True status: 3
Actual PM: 0xa11140
Still checking Wi-Fi connection...
Debug: connected: True status: 3
Actual PM: 0xa11140
Still checking Wi-Fi connection...
Debug: connected: True status: 3
Actual PM: 0xa11140
[ 2469089] ASYNC(0000,PSK_SUP,6,0,0)
[ 2469497] ASYNC(0000,49,0,0,0)
Still checking Wi-Fi connection...
Debug: connected: True status: 3
Actual PM: 0xa11140
Still checking Wi-Fi connection...
Debug: connected: True status: 3
Actual PM: 0xa11140
Still checking Wi-Fi connection...
Debug: connected: True status: 3
Actual PM: 0xa11140
Still checking Wi-Fi connection...
Debug: connected: True status: 3
Actual PM: 0xa11140
Still checking Wi-Fi connection...
Debug: connected: True status: 3
Actual PM: 0xa11140
Still checking Wi-Fi connection...
Debug: connected: True status: 3
Actual PM: 0xa11140
Still checking Wi-Fi connection...
Debug: connected: True status: 3
Actual PM: 0xa11140
Still checking Wi-Fi connection...
Debug: connected: True status: 3
Actual PM: 0xa11140
Still checking Wi-Fi connection...
Debug: connected: True status: 3
Actual PM: 0xa11140
Still checking Wi-Fi connection...
Debug: connected: True status: 3
Actual PM: 0xa11140
Still checking Wi-Fi connection...
Debug: connected: True status: 3
Actual PM: 0xa11140
Still checking Wi-Fi connection...
Debug: connected: True status: 3
Actual PM: 0xa11140
test.bash: Running wget
1609463318	: GET /temp
Console: Getting Temp...
test.bash: Response: {"unit": "C", "temp": 31.72584}
test.bash: Test succeeded
