test.bash: INIT=1 MAX=3600
test.bash: Waiting for reset
test.bash: Waiting for the server to start
Random selected PM: None
Starting server. OS: (sysname='rp2', nodename='rp2', release='1.24.1', version='v1.24.1 on 2024-11-29 (GNU 13.2.0 MinSizeRel)', machine='Raspberry Pi Pico W with RP2040') PM: None
Trying to connect...
Waiting for connection (0/5)...
[   14994] ASYNC(0000,ASSOC_REQ_IE,0,0,0)
[   14995] ASYNC(0000,AUTH,0,0,0)
[   14999] ASYNC(0000,ASSOC_RESP_IE,0,0,0)
[   14999] ASYNC(0000,ASSOC,0,0,0)
[   14999] ASYNC(0001,LINK,0,0,0)
[   15017] ASYNC(0000,PSK_SUP,6,0,0)
[   15170] ASYNC(0000,JOIN,0,0,0)
[   15171] ASYNC(0000,SET_SSID,0,0,0)
Connected: ('192.168.1.4', '255.255.255.0', '192.168.1.1', '192.168.1.1')
Actual PM: 0xa11142
test.bash: Sleeping for 1 seconds
Current time: Mon Dec 30 06:51:00 AM EST 2024
Sleeping until Mon Dec 30 06:51:01 AM EST 2024
test.bash: Running wget
1609459222	: GET /temp
Console: Getting Temp...
test.bash: Response: {"unit": "C", "temp": 32.66213}
test.bash: Sleeping for 2 seconds
Current time: Mon Dec 30 06:51:01 AM EST 2024
Sleeping until Mon Dec 30 06:51:03 AM EST 2024
test.bash: Running wget
1609459224	: GET /temp
Console: Getting Temp...
test.bash: Response: {"unit": "C", "temp": 32.66213}
test.bash: Sleeping for 4 seconds
Current time: Mon Dec 30 06:51:03 AM EST 2024
Sleeping until Mon Dec 30 06:51:07 AM EST 2024
test.bash: Running wget
1609459228	: GET /temp
Console: Getting Temp...
test.bash: Response: {"unit": "C", "temp": 33.13027}
test.bash: Sleeping for 8 seconds
Current time: Mon Dec 30 06:51:08 AM EST 2024
Sleeping until Mon Dec 30 06:51:16 AM EST 2024
test.bash: Running wget
1609459237	: GET /temp
Console: Getting Temp...
test.bash: Response: {"unit": "C", "temp": 32.66213}
test.bash: Sleeping for 16 seconds
Current time: Mon Dec 30 06:51:16 AM EST 2024
Sleeping until Mon Dec 30 06:51:32 AM EST 2024
test.bash: Running wget
1609459253	: GET /temp
Console: Getting Temp...
test.bash: Response: {"unit": "C", "temp": 32.66213}
test.bash: Sleeping for 32 seconds
Current time: Mon Dec 30 06:51:33 AM EST 2024
Sleeping until Mon Dec 30 06:52:05 AM EST 2024
test.bash: Running wget
1609459285	: GET /temp
Console: Getting Temp...
test.bash: Response: {"unit": "C", "temp": 32.66213}
test.bash: Sleeping for 64 seconds
Current time: Mon Dec 30 06:52:05 AM EST 2024
Sleeping until Mon Dec 30 06:53:09 AM EST 2024
test.bash: Running wget
1609459350	: GET /temp
Console: Getting Temp...
test.bash: Response: {"unit": "C", "temp": 32.66213}
test.bash: Sleeping for 128 seconds
Current time: Mon Dec 30 06:53:09 AM EST 2024
Sleeping until Mon Dec 30 06:55:17 AM EST 2024
Still checking Wi-Fi connection...
Debug: connected: True status: 3
Actual PM: 0xa11142
test.bash: Running wget
1609459478	: GET /temp
Console: Getting Temp...
test.bash: Response: {"unit": "C", "temp": 32.66213}
test.bash: Sleeping for 256 seconds
Current time: Mon Dec 30 06:55:17 AM EST 2024
Sleeping until Mon Dec 30 06:59:33 AM EST 2024
Still checking Wi-Fi connection...
Debug: connected: True status: 3
Actual PM: 0xa11142
Still checking Wi-Fi connection...
Debug: connected: True status: 3
Actual PM: 0xa11142
test.bash: Running wget
1609459735	: GET /temp
Console: Getting Temp...
test.bash: Response: {"unit": "C", "temp": 32.66213}
test.bash: Sleeping for 512 seconds
Current time: Mon Dec 30 06:59:34 AM EST 2024
Sleeping until Mon Dec 30 07:08:06 AM EST 2024
Still checking Wi-Fi connection...
Debug: connected: True status: 3
Actual PM: 0xa11142
Still checking Wi-Fi connection...
Debug: connected: True status: 3
Actual PM: 0xa11142
Still checking Wi-Fi connection...
Debug: connected: True status: 3
Actual PM: 0xa11142
Still checking Wi-Fi connection...
Debug: connected: True status: 3
Actual PM: 0xa11142
test.bash: Running wget
test.bash: Response: {"unit": "C", "temp": 31.2577}
test.bash: Sleeping for 1024 seconds
1609460258	: GET /temp
Console: Getting Temp...
Current time: Mon Dec 30 07:08:18 AM EST 2024
Sleeping until Mon Dec 30 07:25:22 AM EST 2024
Still checking Wi-Fi connection...
Debug: connected: True status: 3
Actual PM: 0xa11142
Still checking Wi-Fi connection...
Debug: connected: True status: 3
Actual PM: 0xa11142
Still checking Wi-Fi connection...
Debug: connected: True status: 3
Actual PM: 0xa11142
Still checking Wi-Fi connection...
Debug: connected: True status: 3
Actual PM: 0xa11142
Still checking Wi-Fi connection...
Debug: connected: True status: 3
Actual PM: 0xa11142
[ 1748916] ASYNC(0000,49,0,0,0)
[ 1749244] ASYNC(0000,49,0,0,0)
[ 1749633] ASYNC(0000,49,0,0,0)
[ 1750145] ASYNC(0000,49,0,0,0)
[ 1750475] ASYNC(0000,49,0,0,0)
[ 1750894] ASYNC(0000,49,0,0,0)
[ 1751086] ASYNC(0000,49,0,0,0)
[ 1753340] ASYNC(0000,49,0,0,0)
[ 1754652] ASYNC(0000,49,0,0,0)
[ 1755371] ASYNC(0000,49,0,0,0)
[ 1756085] ASYNC(0000,49,0,0,0)
[ 1758038] ASYNC(0000,49,0,0,0)
[ 1758339] ASYNC(0000,49,0,0,0)
[ 1760386] ASYNC(0000,49,0,0,0)
[ 1761001] ASYNC(0000,49,0,0,0)
[ 1763389] ASYNC(0000,49,0,0,0)
[ 1765426] ASYNC(0000,49,0,0,0)
[ 1766019] ASYNC(0000,49,0,0,0)
[ 1766020] ASYNC(0000,49,0,0,0)
[ 1768374] ASYNC(0000,49,0,0,0)
[ 1768885] ASYNC(0000,49,0,0,0)
[ 1769194] ASYNC(0000,49,0,0,0)
[ 1770425] ASYNC(0000,49,0,0,0)
[ 1770966] ASYNC(0000,49,0,0,0)
[ 1771036] ASYNC(0000,49,0,0,0)
[ 1773424] ASYNC(0000,49,0,0,0)
[ 1774639] ASYNC(0000,49,0,0,0)
[ 1775438] ASYNC(0000,49,0,0,0)
[ 1776072] ASYNC(0000,49,0,0,0)
[ 1778410] ASYNC(0000,49,0,0,0)
[ 1779638] ASYNC(0000,49,0,0,0)
[ 1780457] ASYNC(0000,49,0,0,0)
[ 1780796] ASYNC(0000,49,0,0,0)
[ 1782094] ASYNC(0000,49,0,0,0)
[ 1783426] ASYNC(0000,49,0,0,0)
[ 1784678] ASYNC(0000,49,0,0,0)
[ 1785373] ASYNC(0000,49,0,0,0)
[ 1786121] ASYNC(0000,49,0,0,0)
[ 1787321] ASYNC(0000,49,0,0,0)
[ 1788034] ASYNC(0000,49,0,0,0)
[ 1788152] ASYNC(0000,49,0,0,0)
[ 1788365] ASYNC(0000,49,0,0,0)
[ 1789262] ASYNC(0000,49,0,0,0)
[ 1789263] ASYNC(0000,49,0,0,0)
[ 1789673] ASYNC(0000,49,0,0,0)
[ 1790422] ASYNC(0000,49,0,0,0)
[ 1790900] ASYNC(0000,49,0,0,0)
[ 1791012] ASYNC(0000,49,0,0,0)
[ 1791105] ASYNC(0000,49,0,0,0)
[ 1791435] ASYNC(0000,49,0,0,0)
[ 1792845] ASYNC(0000,49,0,0,0)
[ 1793493] ASYNC(0000,49,0,0,0)
[ 1794589] ASYNC(0000,49,0,0,0)
[ 1795407] ASYNC(0000,49,0,0,0)
[ 1795407] ASYNC(0000,49,0,0,0)
[ 1796043] ASYNC(0000,49,0,0,0)
[ 1798069] ASYNC(0000,49,0,0,0)
[ 1800449] ASYNC(0000,49,0,0,0)
[ 1801072] ASYNC(0000,49,0,0,0)
[ 1801550] ASYNC(0000,49,0,0,0)
[ 1801551] ASYNC(0000,49,0,0,0)
[ 1802085] ASYNC(0000,49,0,0,0)
[ 1803395] ASYNC(0000,49,0,0,0)
[ 1804624] ASYNC(0000,49,0,0,0)
[ 1804952] ASYNC(0000,49,0,0,0)
[ 1805442] ASYNC(0000,49,0,0,0)
[ 1806056] ASYNC(0000,49,0,0,0)
[ 1808432] ASYNC(0000,49,0,0,0)
[ 1809060] ASYNC(0000,49,0,0,0)
[ 1809674] ASYNC(0000,49,0,0,0)
[ 1810069] ASYNC(0000,49,0,0,0)
[ 1811106] ASYNC(0000,49,0,0,0)
[ 1813552] ASYNC(0000,49,0,0,0)
[ 1814659] ASYNC(0000,49,0,0,0)
[ 1815375] ASYNC(0000,49,0,0,0)
[ 1816092] ASYNC(0000,49,0,0,0)
[ 1818247] ASYNC(0000,49,0,0,0)
[ 1818481] ASYNC(0000,49,0,0,0)
[ 1821007] ASYNC(0000,49,0,0,0)
[ 1823466] ASYNC(0000,49,0,0,0)
[ 1824694] ASYNC(0000,49,0,0,0)
[ 1824697] ASYNC(0000,49,0,0,0)
[ 1824701] ASYNC(0000,49,0,0,0)
[ 1824897] ASYNC(0000,49,0,0,0)
[ 1824898] ASYNC(0000,49,0,0,0)
[ 1825442] ASYNC(0000,49,0,0,0)
[ 1826056] ASYNC(0000,49,0,0,0)
[ 1826058] ASYNC(0000,49,0,0,0)
[ 1826261] ASYNC(0000,49,0,0,0)
[ 1826262] ASYNC(0000,49,0,0,0)
[ 1826536] ASYNC(0000,49,0,0,0)
[ 1828910] ASYNC(0000,49,0,0,0)
[ 1829722] ASYNC(0000,49,0,0,0)
[ 1829914] ASYNC(0000,49,0,0,0)
[ 1830428] ASYNC(0000,49,0,0,0)
[ 1831042] ASYNC(0000,49,0,0,0)
[ 1831043] ASYNC(0000,49,0,0,0)
Still checking Wi-Fi connection...
Debug: connected: True status: 3
Actual PM: 0xa11142
[ 1834626] ASYNC(0000,49,0,0,0)
[ 1835478] ASYNC(0000,49,0,0,0)
[ 1836059] ASYNC(0000,49,0,0,0)
[ 1838417] ASYNC(0000,49,0,0,0)
[ 1839648] ASYNC(0000,49,0,0,0)
[ 1840463] ASYNC(0000,49,0,0,0)
[ 1841077] ASYNC(0000,49,0,0,0)
[ 1841486] ASYNC(0000,49,0,0,0)
[ 1842101] ASYNC(0000,49,0,0,0)
[ 1843457] ASYNC(0000,49,0,0,0)
[ 1844695] ASYNC(0000,49,0,0,0)
[ 1845378] ASYNC(0000,49,0,0,0)
[ 1847346] ASYNC(0000,49,0,0,0)
[ 1848146] ASYNC(0000,49,0,0,0)
[ 1848147] ASYNC(0000,49,0,0,0)
[ 1848349] ASYNC(0000,49,0,0,0)
[ 1848353] ASYNC(0000,49,0,0,0)
[ 1848452] ASYNC(0000,49,0,0,0)
[ 1848564] ASYNC(0000,49,0,0,0)
[ 1848964] ASYNC(0000,49,0,0,0)
[ 1849397] ASYNC(0000,49,0,0,0)
[ 1849681] ASYNC(0000,49,0,0,0)
[ 1850421] ASYNC(0000,49,0,0,0)
[ 1851042] ASYNC(0000,49,0,0,0)
[ 1851044] ASYNC(0000,49,0,0,0)
[ 1852872] ASYNC(0000,49,0,0,0)
[ 1853502] ASYNC(0000,49,0,0,0)
[ 1854730] ASYNC(0000,49,0,0,0)
[ 1855413] ASYNC(0000,49,0,0,0)
[ 1855414] ASYNC(0000,49,0,0,0)
[ 1856028] ASYNC(0000,49,0,0,0)
[ 1858075] ASYNC(0000,49,0,0,0)
[ 1858280] ASYNC(0000,49,0,0,0)
[ 1858487] ASYNC(0000,49,0,0,0)
[ 1859715] ASYNC(0000,49,0,0,0)
[ 1861068] ASYNC(0000,49,0,0,0)
[ 1863537] ASYNC(0000,49,0,0,0)
[ 1864959] ASYNC(0000,49,0,0,0)
[ 1865449] ASYNC(0000,49,0,0,0)
[ 1866063] ASYNC(0000,49,0,0,0)
[ 1868442] ASYNC(0000,49,0,0,0)
[ 1869339] ASYNC(0000,49,0,0,0)
[ 1869340] ASYNC(0000,49,0,0,0)
[ 1869660] ASYNC(0000,49,0,0,0)
[ 1870499] ASYNC(0000,49,0,0,0)
[ 1870978] ASYNC(0000,49,0,0,0)
[ 1871113] ASYNC(0000,49,0,0,0)
[ 1873437] ASYNC(0000,49,0,0,0)
[ 1874666] ASYNC(0000,49,0,0,0)
[ 1875404] ASYNC(0000,49,0,0,0)
[ 1876098] ASYNC(0000,49,0,0,0)
[ 1878468] ASYNC(0000,49,0,0,0)
[ 1879717] ASYNC(0000,49,0,0,0)
[ 1880399] ASYNC(0000,49,0,0,0)
[ 1881014] ASYNC(0000,49,0,0,0)
[ 1881627] ASYNC(0000,49,0,0,0)
[ 1881628] ASYNC(0000,49,0,0,0)
[ 1881629] ASYNC(0000,49,0,0,0)
[ 1882652] ASYNC(0000,49,0,0,0)
[ 1883472] ASYNC(0000,49,0,0,0)
[ 1884701] ASYNC(0000,49,0,0,0)
[ 1885416] ASYNC(0000,49,0,0,0)
[ 1886063] ASYNC(0000,49,0,0,0)
[ 1886065] ASYNC(0000,49,0,0,0)
[ 1888489] ASYNC(0000,49,0,0,0)
[ 1889002] ASYNC(0000,49,0,0,0)
[ 1889002] ASYNC(0000,49,0,0,0)
[ 1889751] ASYNC(0000,49,0,0,0)
[ 1890024] ASYNC(0000,49,0,0,0)
[ 1890434] ASYNC(0000,49,0,0,0)
[ 1890980] ASYNC(0000,49,0,0,0)
[ 1891049] ASYNC(0000,49,0,0,0)
[ 1894736] ASYNC(0000,49,0,0,0)
[ 1895474] ASYNC(0000,49,0,0,0)
[ 1896099] ASYNC(0000,49,0,0,0)
[ 1898527] ASYNC(0000,49,0,0,0)
[ 1899651] ASYNC(0000,49,0,0,0)
[ 1900470] ASYNC(0000,49,0,0,0)
[ 1900787] ASYNC(0000,49,0,0,0)
[ 1901084] ASYNC(0000,49,0,0,0)
[ 1902108] ASYNC(0000,49,0,0,0)
[ 1905385] ASYNC(0000,49,0,0,0)
[ 1906000] ASYNC(0000,49,0,0,0)
[ 1907362] ASYNC(0000,49,0,0,0)
[ 1908458] ASYNC(0000,49,0,0,0)
[ 1909071] ASYNC(0000,49,0,0,0)
[ 1909687] ASYNC(0000,49,0,0,0)
[ 1910426] ASYNC(0000,49,0,0,0)
[ 1911119] ASYNC(0000,49,0,0,0)
[ 1912883] ASYNC(0000,49,0,0,0)
[ 1913508] ASYNC(0000,49,0,0,0)
[ 1915420] ASYNC(0000,49,0,0,0)
[ 1915421] ASYNC(0000,49,0,0,0)
[ 1916034] ASYNC(0000,49,0,0,0)
[ 1918082] ASYNC(0000,49,0,0,0)
[ 1918493] ASYNC(0000,49,0,0,0)
[ 1919634] ASYNC(0000,49,0,0,0)
[ 1920460] ASYNC(0000,49,0,0,0)
[ 1921075] ASYNC(0000,49,0,0,0)
[ 1921564] ASYNC(0000,49,0,0,0)
[ 1922588] ASYNC(0000,49,0,0,0)
[ 1923535] ASYNC(0000,49,0,0,0)
[ 1924762] ASYNC(0000,49,0,0,0)
[ 1924952] ASYNC(0000,49,0,0,0)
[ 1925456] ASYNC(0000,49,0,0,0)
[ 1926075] ASYNC(0000,49,0,0,0)
[ 1929141] ASYNC(0000,49,0,0,0)
[ 1929472] ASYNC(0000,49,0,0,0)
[ 1929757] ASYNC(0000,49,0,0,0)
[ 1930372] ASYNC(0000,49,0,0,0)
[ 1930986] ASYNC(0000,49,0,0,0)
[ 1931119] ASYNC(0000,49,0,0,0)
[ 1931121] ASYNC(0000,49,0,0,0)
[ 1932008] ASYNC(0000,49,0,0,0)
[ 1934672] ASYNC(0000,49,0,0,0)
[ 1938564] ASYNC(0000,49,0,0,0)
[ 1938672] ASYNC(0000,49,0,0,0)
[ 1938677] ASYNC(0000,49,0,0,0)
[ 1939712] ASYNC(0000,49,0,0,0)
[ 1940406] ASYNC(0000,49,0,0,0)
[ 1941021] ASYNC(0000,49,0,0,0)
[ 1943479] ASYNC(0000,49,0,0,0)
[ 1944708] ASYNC(0000,49,0,0,0)
[ 1945456] ASYNC(0000,49,0,0,0)
[ 1946060] ASYNC(0000,49,0,0,0)
[ 1946061] ASYNC(0000,49,0,0,0)
[ 1948516] ASYNC(0000,49,0,0,0)
[ 1949417] ASYNC(0000,49,0,0,0)
[ 1949418] ASYNC(0000,49,0,0,0)
[ 1949748] ASYNC(0000,49,0,0,0)
[ 1950441] ASYNC(0000,49,0,0,0)
[ 1950959] ASYNC(0000,49,0,0,0)
[ 1951055] ASYNC(0000,49,0,0,0)
[ 1951056] ASYNC(0000,49,0,0,0)
[ 1953514] ASYNC(0000,49,0,0,0)
[ 1954743] ASYNC(0000,49,0,0,0)
[ 1955481] ASYNC(0000,49,0,0,0)
[ 1960406] ASYNC(0000,49,0,0,0)
[ 1960806] ASYNC(0000,49,0,0,0)
[ 1964982] ASYNC(0000,49,0,0,0)
[ 1965391] ASYNC(0000,49,0,0,0)
[ 1965935] ASYNC(0000,49,0,0,0)
[ 1966007] ASYNC(0000,49,0,0,0)
[ 1968566] ASYNC(0000,49,0,0,0)
[ 1969417] ASYNC(0000,49,0,0,0)
[ 1969694] ASYNC(0000,49,0,0,0)
[ 1970102] ASYNC(0000,49,0,0,0)
[ 1970411] ASYNC(0000,49,0,0,0)
Still checking Wi-Fi connection...
Debug: connected: True status: 3
Actual PM: 0xa11142
[ 1971125] ASYNC(0000,49,0,0,0)
[ 1972969] ASYNC(0000,49,0,0,0)
[ 1973585] ASYNC(0000,49,0,0,0)
[ 1975427] ASYNC(0000,49,0,0,0)
[ 1975428] ASYNC(0000,49,0,0,0)
[ 1976042] ASYNC(0000,49,0,0,0)
[ 1978089] ASYNC(0000,49,0,0,0)
[ 1978625] ASYNC(0000,49,0,0,0)
[ 1979644] ASYNC(0000,49,0,0,0)
[ 1980477] ASYNC(0000,49,0,0,0)
[ 1981081] ASYNC(0000,49,0,0,0)
[ 1983550] ASYNC(0000,49,0,0,0)
[ 1984771] ASYNC(0000,49,0,0,0)
[ 1984980] ASYNC(0000,49,0,0,0)
[ 1985462] ASYNC(0000,49,0,0,0)
[ 1986078] ASYNC(0000,49,0,0,0)
[ 1989148] ASYNC(0000,49,0,0,0)
[ 1989764] ASYNC(0000,49,0,0,0)
[ 1990102] ASYNC(0000,49,0,0,0)
[ 1990377] ASYNC(0000,49,0,0,0)
[ 1991116] ASYNC(0000,49,0,0,0)
[ 1993573] ASYNC(0000,49,0,0,0)
[ 1994817] ASYNC(0000,49,0,0,0)
[ 1995419] ASYNC(0000,49,0,0,0)
[ 1996042] ASYNC(0000,49,0,0,0)
[ 1998572] ASYNC(0000,49,0,0,0)
[ 1998985] ASYNC(0000,49,0,0,0)
[ 1999712] ASYNC(0000,49,0,0,0)
[ 2000413] ASYNC(0000,49,0,0,0)
[ 2001028] ASYNC(0000,49,0,0,0)
[ 2001641] ASYNC(0000,49,0,0,0)
[ 2003621] ASYNC(0000,49,0,0,0)
[ 2004715] ASYNC(0000,49,0,0,0)
[ 2005432] ASYNC(0000,49,0,0,0)
[ 2005941] ASYNC(0000,49,0,0,0)
[ 2008606] ASYNC(0000,49,0,0,0)
[ 2009122] ASYNC(0000,49,0,0,0)
[ 2009765] ASYNC(0000,49,0,0,0)
[ 2010448] ASYNC(0000,49,0,0,0)
[ 2011062] ASYNC(0000,49,0,0,0)
[ 2011063] ASYNC(0000,49,0,0,0)
[ 2011594] ASYNC(0000,49,0,0,0)
[ 2012086] ASYNC(0000,49,0,0,0)
[ 2013111] ASYNC(0000,49,0,0,0)
[ 2013519] ASYNC(0000,49,0,0,0)
[ 2014750] ASYNC(0000,49,0,0,0)
[ 2015488] ASYNC(0000,49,0,0,0)
[ 2016113] ASYNC(0000,49,0,0,0)
[ 2019799] ASYNC(0000,49,0,0,0)
[ 2020387] ASYNC(0000,49,0,0,0)
[ 2020892] ASYNC(0000,49,0,0,0)
[ 2021099] ASYNC(0000,49,0,0,0)
[ 2021711] ASYNC(0000,49,0,0,0)
[ 2022124] ASYNC(0000,49,0,0,0)
[ 2022231] ASYNC(0000,49,0,0,0)
[ 2023265] ASYNC(0000,49,0,0,0)
[ 2023585] ASYNC(0000,49,0,0,0)
[ 2024790] ASYNC(0000,49,0,0,0)
[ 2025402] ASYNC(0000,49,0,0,0)
[ 2026013] ASYNC(0000,49,0,0,0)
[ 2026015] ASYNC(0000,49,0,0,0)
[ 2029088] ASYNC(0000,49,0,0,0)
[ 2029091] ASYNC(0000,49,0,0,0)
[ 2029209] ASYNC(0000,49,0,0,0)
[ 2029209] ASYNC(0000,49,0,0,0)
[ 2029290] ASYNC(0000,49,0,0,0)
[ 2030109] ASYNC(0000,49,0,0,0)
[ 2030428] ASYNC(0000,49,0,0,0)
[ 2031052] ASYNC(0000,49,0,0,0)
[ 2031053] ASYNC(0000,49,0,0,0)
[ 2031133] ASYNC(0000,49,0,0,0)
[ 2032976] ASYNC(0000,49,0,0,0)
[ 2033592] ASYNC(0000,49,0,0,0)
[ 2034719] ASYNC(0000,49,0,0,0)
[ 2035434] ASYNC(0000,49,0,0,0)
[ 2035435] ASYNC(0000,49,0,0,0)
[ 2036049] ASYNC(0000,49,0,0,0)
[ 2038096] ASYNC(0000,49,0,0,0)
[ 2038641] ASYNC(0000,49,0,0,0)
[ 2039631] ASYNC(0000,49,0,0,0)
[ 2039738] ASYNC(0000,49,0,0,0)
[ 2040484] ASYNC(0000,49,0,0,0)
[ 2041066] ASYNC(0000,49,0,0,0)
[ 2043628] ASYNC(0000,49,0,0,0)
[ 2044754] ASYNC(0000,49,0,0,0)
[ 2044989] ASYNC(0000,49,0,0,0)
[ 2045475] ASYNC(0000,49,0,0,0)
[ 2046106] ASYNC(0000,49,0,0,0)
[ 2048669] ASYNC(0000,49,0,0,0)
[ 2049486] ASYNC(0000,49,0,0,0)
[ 2050084] ASYNC(0000,49,0,0,0)
[ 2051137] ASYNC(0000,49,0,0,0)
[ 2053669] ASYNC(0000,49,0,0,0)
[ 2055423] ASYNC(0000,49,0,0,0)
[ 2058692] ASYNC(0000,49,0,0,0)
[ 2059196] ASYNC(0000,49,0,0,0)
[ 2059200] ASYNC(0000,49,0,0,0)
[ 2059810] ASYNC(0000,49,0,0,0)
[ 2060426] ASYNC(0000,49,0,0,0)
[ 2061034] ASYNC(0000,49,0,0,0)
[ 2064725] ASYNC(0000,49,0,0,0)
[ 2065439] ASYNC(0000,49,0,0,0)
[ 2065543] ASYNC(0000,49,0,0,0)
[ 2065952] ASYNC(0000,49,0,0,0)
[ 2066076] ASYNC(0000,49,0,0,0)
[ 2068611] ASYNC(0000,49,0,0,0)
[ 2069122] ASYNC(0000,49,0,0,0)
[ 2069764] ASYNC(0000,49,0,0,0)
[ 2070455] ASYNC(0000,49,0,0,0)
[ 2071004] ASYNC(0000,49,0,0,0)
[ 2071073] ASYNC(0000,49,0,0,0)
[ 2073645] ASYNC(0000,49,0,0,0)
[ 2074761] ASYNC(0000,49,0,0,0)
[ 2076118] ASYNC(0000,49,0,0,0)
[ 2079798] ASYNC(0000,49,0,0,0)
[ 2080829] ASYNC(0000,49,0,0,0)
[ 2081034] ASYNC(0000,49,0,0,0)
[ 2081716] ASYNC(0000,49,0,0,0)
test.bash: Running wget
[ 2082132] ASYNC(0000,49,0,0,0)
[ 2082746] ASYNC(0000,49,0,0,0)
[ 2085409] ASYNC(0000,49,0,0,0)
[ 2086018] ASYNC(0000,49,0,0,0)
[ 2086019] ASYNC(0000,49,0,0,0)
[ 2087375] ASYNC(0000,49,0,0,0)
[ 2088682] ASYNC(0000,49,0,0,0)
[ 2089303] ASYNC(0000,49,0,0,0)
[ 2089306] ASYNC(0000,49,0,0,0)
[ 2089399] ASYNC(0000,49,0,0,0)
[ 2089627] ASYNC(0000,49,0,0,0)
[ 2090424] ASYNC(0000,49,0,0,0)
[ 2091052] ASYNC(0000,49,0,0,0)
[ 2091143] ASYNC(0000,49,0,0,0)
[ 2091144] ASYNC(0000,49,0,0,0)
[ 2091145] ASYNC(0000,49,0,0,0)
[ 2091650] ASYNC(0000,49,0,0,0)
[ 2092469] ASYNC(0000,49,0,0,0)
[ 2092986] ASYNC(0000,49,0,0,0)
[ 2092987] ASYNC(0000,49,0,0,0)
[ 2093728] ASYNC(0000,49,0,0,0)
[ 2094007] ASYNC(0000,49,0,0,0)
[ 2094831] ASYNC(0000,49,0,0,0)
[ 2095034] ASYNC(0000,49,0,0,0)
[ 2095444] ASYNC(0000,49,0,0,0)
[ 2095445] ASYNC(0000,49,0,0,0)
test.bash: Failed at 1024 seconds
