test.bash: INIT=1 MAX=3600
test.bash: Waiting for reset
test.bash: Waiting for the server to start
Random selected PM: None
Starting server. OS: (sysname='rp2', nodename='rp2', release='1.24.1', version='v1.24.1 on 2024-11-29 (GNU 13.2.0 MinSizeRel)', machine='Raspberry Pi Pico W with RP2040') PM: None
Trying to connect...
Waiting for connection (0/5)...
[   14991] ASYNC(0000,ASSOC_REQ_IE,0,0,0)
[   14992] ASYNC(0000,AUTH,0,0,0)
[   15006] ASYNC(0000,ASSOC_RESP_IE,0,0,0)
[   15007] ASYNC(0000,ASSOC,0,0,0)
[   15007] ASYNC(0001,LINK,0,0,0)
[   15030] ASYNC(0000,PSK_SUP,6,0,0)
[   15161] ASYNC(0000,JOIN,0,0,0)
[   15161] ASYNC(0000,SET_SSID,0,0,0)
Connected: ('192.168.1.4', '255.255.255.0', '192.168.1.1', '192.168.1.1')
Actual PM: 0xa11142
test.bash: Sleeping for 1 seconds
Current time: Sun Dec 29 11:21:33 PM EST 2024
Sleeping until Sun Dec 29 11:21:34 PM EST 2024
test.bash: Running wget
1609459221	: GET /temp
Console: Getting Temp...
test.bash: Response: {"unit": "C", "temp": 29.85327}
test.bash: Sleeping for 2 seconds
Current time: Sun Dec 29 11:21:35 PM EST 2024
Sleeping until Sun Dec 29 11:21:37 PM EST 2024
test.bash: Running wget
1609459224	: GET /temp
Console: Getting Temp...
test.bash: Response: {"unit": "C", "temp": 32.19402}
test.bash: Sleeping for 4 seconds
Current time: Sun Dec 29 11:21:37 PM EST 2024
Sleeping until Sun Dec 29 11:21:41 PM EST 2024
test.bash: Running wget
1609459228	: GET /temp
Console: Getting Temp...
test.bash: Response: {"unit": "C", "temp": 32.66213}
test.bash: Sleeping for 8 seconds
Current time: Sun Dec 29 11:21:41 PM EST 2024
Sleeping until Sun Dec 29 11:21:49 PM EST 2024
test.bash: Running wget
test.bash: Response: {"unit": "C", "temp": 32.66213}
test.bash: Sleeping for 16 seconds
1609459236	: GET /temp
Console: Getting Temp...
Current time: Sun Dec 29 11:21:49 PM EST 2024
Sleeping until Sun Dec 29 11:22:05 PM EST 2024
test.bash: Running wget
1609459252	: GET /temp
Console: Getting Temp...
test.bash: Response: {"unit": "C", "temp": 33.13027}
test.bash: Sleeping for 32 seconds
Current time: Sun Dec 29 11:22:05 PM EST 2024
Sleeping until Sun Dec 29 11:22:37 PM EST 2024
test.bash: Running wget
test.bash: Response: {"unit": "C", "temp": 33.59842}
test.bash: Sleeping for 64 seconds
1609459284	: GET /temp
Console: Getting Temp...
Current time: Sun Dec 29 11:22:38 PM EST 2024
Sleeping until Sun Dec 29 11:23:42 PM EST 2024
test.bash: Running wget
1609459349	: GET /temp
Console: Getting Temp...
test.bash: Response: {"unit": "C", "temp": 33.59842}
test.bash: Sleeping for 128 seconds
Current time: Sun Dec 29 11:23:42 PM EST 2024
Sleeping until Sun Dec 29 11:25:50 PM EST 2024
Still checking Wi-Fi connection...
Debug: connected: True status: 3
Actual PM: 0xa11142
test.bash: Running wget
1609459477	: GET /temp
Console: Getting Temp...
test.bash: Response: {"unit": "C", "temp": 33.59842}
test.bash: Sleeping for 256 seconds
Current time: Sun Dec 29 11:25:50 PM EST 2024
Sleeping until Sun Dec 29 11:30:06 PM EST 2024
Still checking Wi-Fi connection...
Debug: connected: True status: 3
Actual PM: 0xa11142
Still checking Wi-Fi connection...
Debug: connected: True status: 3
Actual PM: 0xa11142
test.bash: Running wget
1609459733	: GET /temp
Console: Getting Temp...
test.bash: Response: {"unit": "C", "temp": 34.0666}
test.bash: Sleeping for 512 seconds
Current time: Sun Dec 29 11:30:06 PM EST 2024
Sleeping until Sun Dec 29 11:38:38 PM EST 2024
Still checking Wi-Fi connection...
Debug: connected: True status: 3
Actual PM: 0xa11142
Still checking Wi-Fi connection...
Debug: connected: True status: 3
Actual PM: 0xa11142
Still checking Wi-Fi connection...
Debug: connected: True status: 3
Actual PM: 0xa11142
Still checking Wi-Fi connection...
Debug: connected: True status: 3
Actual PM: 0xa11142
test.bash: Running wget
1609460257	: GET /temp
Console: Getting Temp...
test.bash: Response: {"unit": "C", "temp": 32.19402}
test.bash: Sleeping for 1024 seconds
Current time: Sun Dec 29 11:38:50 PM EST 2024
Sleeping until Sun Dec 29 11:55:54 PM EST 2024
Still checking Wi-Fi connection...
Debug: connected: True status: 3
Actual PM: 0xa11142
Still checking Wi-Fi connection...
Debug: connected: True status: 3
Actual PM: 0xa11142
Still checking Wi-Fi connection...
Debug: connected: True status: 3
Actual PM: 0xa11142
Still checking Wi-Fi connection...
Debug: connected: True status: 3
Actual PM: 0xa11142
Still checking Wi-Fi connection...
Debug: connected: True status: 3
Actual PM: 0xa11142
Still checking Wi-Fi connection...
Debug: connected: True status: 3
Actual PM: 0xa11142
Still checking Wi-Fi connection...
Debug: connected: True status: 3
Actual PM: 0xa11142
test.bash: Running wget
1609461292	: GET /temp
Console: Getting Temp...
test.bash: Response: {"unit": "C", "temp": 30.78955}
test.bash: Sleeping for 2048 seconds
Current time: Sun Dec 29 11:56:05 PM EST 2024
Sleeping until Mon Dec 30 12:30:13 AM EST 2024
Still checking Wi-Fi connection...
Debug: connected: True status: 3
Actual PM: 0xa11142
Still checking Wi-Fi connection...
Debug: connected: True status: 3
Actual PM: 0xa11142
Still checking Wi-Fi connection...
Debug: connected: True status: 3
Actual PM: 0xa11142
Still checking Wi-Fi connection...
Debug: connected: True status: 3
Actual PM: 0xa11142
Still checking Wi-Fi connection...
Debug: connected: True status: 3
Actual PM: 0xa11142
Still checking Wi-Fi connection...
Debug: connected: True status: 3
Actual PM: 0xa11142
Still checking Wi-Fi connection...
Debug: connected: True status: 3
Actual PM: 0xa11142
Still checking Wi-Fi connection...
Debug: connected: True status: 3
Actual PM: 0xa11142
Still checking Wi-Fi connection...
Debug: connected: True status: 3
Actual PM: 0xa11142
Still checking Wi-Fi connection...
Debug: connected: True status: 3
Actual PM: 0xa11142
[ 3456946] ASYNC(0000,49,0,0,0)
[ 3457255] ASYNC(0000,49,0,0,0)
[ 3457970] ASYNC(0000,49,0,0,0)
[ 3458076] ASYNC(0000,49,0,0,0)
[ 3459611] ASYNC(0000,49,0,0,0)
[ 3459615] ASYNC(0000,49,0,0,0)
[ 3459918] ASYNC(0000,49,0,0,0)
[ 3460122] ASYNC(0000,49,0,0,0)
[ 3460838] ASYNC(0000,49,0,0,0)
[ 3461146] ASYNC(0000,49,0,0,0)
[ 3462170] ASYNC(0000,49,0,0,0)
[ 3462273] ASYNC(0000,49,0,0,0)
[ 3463092] ASYNC(0000,49,0,0,0)
[ 3464218] ASYNC(0000,49,0,0,0)
[ 3464833] ASYNC(0000,49,0,0,0)
[ 3465343] ASYNC(0000,49,0,0,0)
[ 3465753] ASYNC(0000,49,0,0,0)
[ 3465854] ASYNC(0000,49,0,0,0)
[ 3466367] ASYNC(0000,49,0,0,0)
[ 3467391] ASYNC(0000,49,0,0,0)
[ 3468111] ASYNC(0000,49,0,0,0)
[ 3468417] ASYNC(0000,49,0,0,0)
[ 3469439] ASYNC(0000,49,0,0,0)
[ 3469849] ASYNC(0000,49,0,0,0)
[ 3470463] ASYNC(0000,49,0,0,0)
[ 3470873] ASYNC(0000,49,0,0,0)
[ 3471591] ASYNC(0000,49,0,0,0)
[ 3472101] ASYNC(0000,49,0,0,0)
[ 3472207] ASYNC(0000,49,0,0,0)
[ 3472511] ASYNC(0000,49,0,0,0)
[ 3473127] ASYNC(0000,49,0,0,0)
[ 3473638] ASYNC(0000,49,0,0,0)
[ 3474664] ASYNC(0000,49,0,0,0)
[ 3474869] ASYNC(0000,49,0,0,0)
[ 3475684] ASYNC(0000,49,0,0,0)
[ 3475892] ASYNC(0000,49,0,0,0)
[ 3476712] ASYNC(0000,49,0,0,0)
[ 3476813] ASYNC(0000,49,0,0,0)
[ 3477223] ASYNC(0000,49,0,0,0)
[ 3477836] ASYNC(0000,49,0,0,0)
[ 3478042] ASYNC(0000,49,0,0,0)
[ 3478759] ASYNC(0000,49,0,0,0)
[ 3479884] ASYNC(0000,49,0,0,0)
[ 3479885] ASYNC(0000,49,0,0,0)
[ 3480808] ASYNC(0000,49,0,0,0)
[ 3480908] ASYNC(0000,49,0,0,0)
[ 3481932] ASYNC(0000,49,0,0,0)
[ 3482956] ASYNC(0000,49,0,0,0)
[ 3483062] ASYNC(0000,49,0,0,0)
[ 3483980] ASYNC(0000,49,0,0,0)
[ 3484799] ASYNC(0000,49,0,0,0)
[ 3484904] ASYNC(0000,49,0,0,0)
[ 3485004] ASYNC(0000,49,0,0,0)
[ 3485823] ASYNC(0000,49,0,0,0)
[ 3485824] ASYNC(0000,49,0,0,0)
[ 3485826] ASYNC(0000,49,0,0,0)
[ 3485927] ASYNC(0000,49,0,0,0)
[ 3485928] ASYNC(0000,49,0,0,0)
[ 3486132] ASYNC(0000,49,0,0,0)
[ 3486847] ASYNC(0000,49,0,0,0)
[ 3487259] ASYNC(0000,49,0,0,0)
[ 3488180] ASYNC(0000,49,0,0,0)
[ 3488694] ASYNC(0000,49,0,0,0)
[ 3488793] ASYNC(0000,49,0,0,0)
[ 3488896] ASYNC(0000,49,0,0,0)
[ 3489204] ASYNC(0000,49,0,0,0)
[ 3489717] ASYNC(0000,49,0,0,0)
[ 3489721] ASYNC(0000,49,0,0,0)
[ 3489920] ASYNC(0000,49,0,0,0)
[ 3490228] ASYNC(0000,49,0,0,0)
[ 3490843] ASYNC(0000,49,0,0,0)
[ 3490943] ASYNC(0000,49,0,0,0)
[ 3491252] ASYNC(0000,49,0,0,0)
[ 3491967] ASYNC(0000,49,0,0,0)
[ 3492278] ASYNC(0000,49,0,0,0)
[ 3493097] ASYNC(0000,49,0,0,0)
[ 3493401] ASYNC(0000,49,0,0,0)
[ 3494425] ASYNC(0000,49,0,0,0)
[ 3495449] ASYNC(0000,49,0,0,0)
[ 3495859] ASYNC(0000,49,0,0,0)
[ 3496473] ASYNC(0000,49,0,0,0)
[ 3497294] ASYNC(0000,49,0,0,0)
[ 3497497] ASYNC(0000,49,0,0,0)
[ 3498112] ASYNC(0000,49,0,0,0)
[ 3498523] ASYNC(0000,49,0,0,0)
[ 3498830] ASYNC(0000,49,0,0,0)
[ 3499649] ASYNC(0000,49,0,0,0)
[ 3499854] ASYNC(0000,49,0,0,0)
[ 3500878] ASYNC(0000,49,0,0,0)
[ 3501593] ASYNC(0000,49,0,0,0)
[ 3501697] ASYNC(0000,49,0,0,0)
[ 3502313] ASYNC(0000,49,0,0,0)
[ 3502513] ASYNC(0000,49,0,0,0)
[ 3503132] ASYNC(0000,49,0,0,0)
[ 3503745] ASYNC(0000,49,0,0,0)
[ 3503950] ASYNC(0000,49,0,0,0)
[ 3504769] ASYNC(0000,49,0,0,0)
[ 3504870] ASYNC(0000,49,0,0,0)
[ 3505794] ASYNC(0000,49,0,0,0)
[ 3505893] ASYNC(0000,49,0,0,0)
[ 3505894] ASYNC(0000,49,0,0,0)
[ 3506917] ASYNC(0000,49,0,0,0)
[ 3507329] ASYNC(0000,49,0,0,0)
[ 3507942] ASYNC(0000,49,0,0,0)
[ 3508761] ASYNC(0000,49,0,0,0)
[ 3508965] ASYNC(0000,49,0,0,0)
[ 3509479] ASYNC(0000,49,0,0,0)
[ 3509480] ASYNC(0000,49,0,0,0)
[ 3509785] ASYNC(0000,49,0,0,0)
[ 3509889] ASYNC(0000,49,0,0,0)
[ 3510503] ASYNC(0000,49,0,0,0)
[ 3510810] ASYNC(0000,49,0,0,0)
[ 3511527] ASYNC(0000,49,0,0,0)
Still checking Wi-Fi connection...
Debug: connected: True status: 3
Actual PM: 0xa11142
[ 3512244] ASYNC(0000,49,0,0,0)
[ 3512756] ASYNC(0000,49,0,0,0)
[ 3513063] ASYNC(0000,49,0,0,0)
[ 3514905] ASYNC(0000,49,0,0,0)
[ 3514906] ASYNC(0000,49,0,0,0)
[ 3515829] ASYNC(0000,49,0,0,0)
[ 3516033] ASYNC(0000,49,0,0,0)
[ 3516341] ASYNC(0000,49,0,0,0)
[ 3516543] ASYNC(0000,49,0,0,0)
[ 3516853] ASYNC(0000,49,0,0,0)
[ 3517164] ASYNC(0000,49,0,0,0)
[ 3517264] ASYNC(0000,49,0,0,0)
[ 3517486] ASYNC(0000,49,0,0,0)
[ 3517876] ASYNC(0000,49,0,0,0)
[ 3518082] ASYNC(0000,49,0,0,0)
[ 3518188] ASYNC(0000,49,0,0,0)
[ 3519410] ASYNC(0000,49,0,0,0)
[ 3519925] ASYNC(0000,49,0,0,0)
[ 3519926] ASYNC(0000,49,0,0,0)
[ 3520434] ASYNC(0000,49,0,0,0)
[ 3520844] ASYNC(0000,49,0,0,0)
[ 3521458] ASYNC(0000,49,0,0,0)
[ 3521563] ASYNC(0000,49,0,0,0)
[ 3522280] ASYNC(0000,49,0,0,0)
[ 3522482] ASYNC(0000,49,0,0,0)
[ 3522687] ASYNC(0000,49,0,0,0)
[ 3523098] ASYNC(0000,49,0,0,0)
[ 3523506] ASYNC(0000,49,0,0,0)
[ 3523711] ASYNC(0000,49,0,0,0)
[ 3524735] ASYNC(0000,49,0,0,0)
[ 3524840] ASYNC(0000,49,0,0,0)
[ 3525759] ASYNC(0000,49,0,0,0)
[ 3525864] ASYNC(0000,49,0,0,0)
[ 3527398] ASYNC(0000,49,0,0,0)
[ 3528422] ASYNC(0000,49,0,0,0)
[ 3528935] ASYNC(0000,49,0,0,0)
[ 3529446] ASYNC(0000,49,0,0,0)
[ 3529856] ASYNC(0000,49,0,0,0)
[ 3530470] ASYNC(0000,49,0,0,0)
[ 3530880] ASYNC(0000,49,0,0,0)
[ 3531494] ASYNC(0000,49,0,0,0)
[ 3532108] ASYNC(0000,49,0,0,0)
[ 3532315] ASYNC(0000,49,0,0,0)
[ 3532518] ASYNC(0000,49,0,0,0)
[ 3533646] ASYNC(0000,49,0,0,0)
[ 3534670] ASYNC(0000,49,0,0,0)
[ 3534894] ASYNC(0000,49,0,0,0)
[ 3535693] ASYNC(0000,49,0,0,0)
[ 3535795] ASYNC(0000,49,0,0,0)
[ 3536718] ASYNC(0000,49,0,0,0)
[ 3536820] ASYNC(0000,49,0,0,0)
[ 3537334] ASYNC(0000,49,0,0,0)
[ 3537742] ASYNC(0000,49,0,0,0)
[ 3538152] ASYNC(0000,49,0,0,0)
[ 3538766] ASYNC(0000,49,0,0,0)
[ 3539890] ASYNC(0000,49,0,0,0)
[ 3539892] ASYNC(0000,49,0,0,0)
[ 3540915] ASYNC(0000,49,0,0,0)
[ 3541938] ASYNC(0000,49,0,0,0)
[ 3542350] ASYNC(0000,49,0,0,0)
[ 3542553] ASYNC(0000,49,0,0,0)
[ 3542554] ASYNC(0000,49,0,0,0)
[ 3542962] ASYNC(0000,49,0,0,0)
[ 3543066] ASYNC(0000,49,0,0,0)
[ 3543475] ASYNC(0000,49,0,0,0)
[ 3543986] ASYNC(0000,49,0,0,0)
[ 3544911] ASYNC(0000,49,0,0,0)
[ 3545010] ASYNC(0000,49,0,0,0)
[ 3545830] ASYNC(0000,49,0,0,0)
[ 3545831] ASYNC(0000,49,0,0,0)
[ 3545832] ASYNC(0000,49,0,0,0)
[ 3546854] ASYNC(0000,49,0,0,0)
[ 3547265] ASYNC(0000,49,0,0,0)
[ 3548084] ASYNC(0000,49,0,0,0)
[ 3548798] ASYNC(0000,49,0,0,0)
[ 3549006] ASYNC(0000,49,0,0,0)
[ 3549931] ASYNC(0000,49,0,0,0)
[ 3549934] ASYNC(0000,49,0,0,0)
[ 3550847] ASYNC(0000,49,0,0,0)
[ 3551054] ASYNC(0000,49,0,0,0)
[ 3551670] ASYNC(0000,49,0,0,0)
[ 3551671] ASYNC(0000,49,0,0,0)
[ 3551674] ASYNC(0000,49,0,0,0)
[ 3551974] ASYNC(0000,49,0,0,0)
[ 3552074] ASYNC(0000,49,0,0,0)
[ 3552284] ASYNC(0000,49,0,0,0)
[ 3553103] ASYNC(0000,49,0,0,0)
[ 3554841] ASYNC(0000,49,0,0,0)
[ 3555865] ASYNC(0000,49,0,0,0)
[ 3557300] ASYNC(0000,49,0,0,0)
[ 3558119] ASYNC(0000,49,0,0,0)
[ 3558836] ASYNC(0000,49,0,0,0)
[ 3559861] ASYNC(0000,49,0,0,0)
[ 3560885] ASYNC(0000,49,0,0,0)
[ 3561599] ASYNC(0000,49,0,0,0)
[ 3562320] ASYNC(0000,49,0,0,0)
[ 3564877] ASYNC(0000,49,0,0,0)
[ 3565800] ASYNC(0000,49,0,0,0)
[ 3565900] ASYNC(0000,49,0,0,0)
[ 3567336] ASYNC(0000,49,0,0,0)
[ 3568154] ASYNC(0000,49,0,0,0)
[ 3568767] ASYNC(0000,49,0,0,0)
[ 3568768] ASYNC(0000,49,0,0,0)
[ 3569896] ASYNC(0000,49,0,0,0)
[ 3570816] ASYNC(0000,49,0,0,0)
[ 3572355] ASYNC(0000,49,0,0,0)
[ 3573174] ASYNC(0000,49,0,0,0)
[ 3574707] ASYNC(0000,49,0,0,0)
[ 3574912] ASYNC(0000,49,0,0,0)
[ 3575835] ASYNC(0000,49,0,0,0)
[ 3577371] ASYNC(0000,49,0,0,0)
[ 3578089] ASYNC(0000,49,0,0,0)
[ 3579827] ASYNC(0000,49,0,0,0)
[ 3579828] ASYNC(0000,49,0,0,0)
[ 3580034] ASYNC(0000,49,0,0,0)
[ 3580038] ASYNC(0000,49,0,0,0)
[ 3582390] ASYNC(0000,49,0,0,0)
[ 3582593] ASYNC(0000,49,0,0,0)
[ 3583105] ASYNC(0000,49,0,0,0)
[ 3584846] ASYNC(0000,49,0,0,0)
[ 3585870] ASYNC(0000,49,0,0,0)
[ 3586894] ASYNC(0000,49,0,0,0)
[ 3587305] ASYNC(0000,49,0,0,0)
[ 3588124] ASYNC(0000,49,0,0,0)
[ 3588838] ASYNC(0000,49,0,0,0)
[ 3589862] ASYNC(0000,49,0,0,0)
[ 3590886] ASYNC(0000,49,0,0,0)
[ 3591500] ASYNC(0000,49,0,0,0)
[ 3592115] ASYNC(0000,49,0,0,0)
[ 3592219] ASYNC(0000,49,0,0,0)
[ 3592321] ASYNC(0000,49,0,0,0)
[ 3593140] ASYNC(0000,49,0,0,0)
[ 3594882] ASYNC(0000,49,0,0,0)
[ 3595804] ASYNC(0000,49,0,0,0)
[ 3596826] ASYNC(0000,49,0,0,0)
[ 3597340] ASYNC(0000,49,0,0,0)
[ 3599898] ASYNC(0000,49,0,0,0)
[ 3600307] ASYNC(0000,49,0,0,0)
[ 3600820] ASYNC(0000,49,0,0,0)
[ 3601331] ASYNC(0000,49,0,0,0)
[ 3602150] ASYNC(0000,49,0,0,0)
[ 3602357] ASYNC(0000,49,0,0,0)
[ 3602358] ASYNC(0000,49,0,0,0)
[ 3602560] ASYNC(0000,49,0,0,0)
[ 3603175] ASYNC(0000,49,0,0,0)
[ 3604507] ASYNC(0000,49,0,0,0)
[ 3604917] ASYNC(0000,49,0,0,0)
[ 3605531] ASYNC(0000,49,0,0,0)
[ 3605837] ASYNC(0000,49,0,0,0)
[ 3605838] ASYNC(0000,49,0,0,0)
[ 3605940] ASYNC(0000,49,0,0,0)
[ 3606555] ASYNC(0000,49,0,0,0)
[ 3606861] ASYNC(0000,49,0,0,0)
[ 3607272] ASYNC(0000,49,0,0,0)
[ 3607579] ASYNC(0000,49,0,0,0)
[ 3608195] ASYNC(0000,49,0,0,0)
[ 3608604] ASYNC(0000,49,0,0,0)
[ 3609012] ASYNC(0000,49,0,0,0)
[ 3609728] ASYNC(0000,49,0,0,0)
[ 3609834] ASYNC(0000,49,0,0,0)
[ 3610752] ASYNC(0000,49,0,0,0)
[ 3610853] ASYNC(0000,49,0,0,0)
[ 3610956] ASYNC(0000,49,0,0,0)
[ 3611776] ASYNC(0000,49,0,0,0)
[ 3611980] ASYNC(0000,49,0,0,0)
[ 3612393] ASYNC(0000,49,0,0,0)
[ 3612800] ASYNC(0000,49,0,0,0)
[ 3613211] ASYNC(0000,49,0,0,0)
[ 3613824] ASYNC(0000,49,0,0,0)
[ 3614848] ASYNC(0000,49,0,0,0)
[ 3616999] ASYNC(0000,49,0,0,0)
[ 3617411] ASYNC(0000,49,0,0,0)
[ 3618023] ASYNC(0000,49,0,0,0)
[ 3618126] ASYNC(0000,49,0,0,0)
[ 3619047] ASYNC(0000,49,0,0,0)
[ 3619457] ASYNC(0000,49,0,0,0)
[ 3620072] ASYNC(0000,49,0,0,0)
[ 3620891] ASYNC(0000,49,0,0,0)
[ 3621096] ASYNC(0000,49,0,0,0)
[ 3621606] ASYNC(0000,49,0,0,0)
[ 3622222] ASYNC(0000,49,0,0,0)
[ 3622427] ASYNC(0000,49,0,0,0)
[ 3622630] ASYNC(0000,49,0,0,0)
[ 3622631] ASYNC(0000,49,0,0,0)
[ 3623244] ASYNC(0000,49,0,0,0)
[ 3624268] ASYNC(0000,49,0,0,0)
[ 3624577] ASYNC(0000,49,0,0,0)
[ 3624883] ASYNC(0000,49,0,0,0)
[ 3625292] ASYNC(0000,49,0,0,0)
[ 3625807] ASYNC(0000,49,0,0,0)
[ 3625907] ASYNC(0000,49,0,0,0)
[ 3626316] ASYNC(0000,49,0,0,0)
[ 3627342] ASYNC(0000,49,0,0,0)
[ 3627343] ASYNC(0000,49,0,0,0)
[ 3628165] ASYNC(0000,49,0,0,0)
[ 3628468] ASYNC(0000,49,0,0,0)
[ 3628774] ASYNC(0000,49,0,0,0)
[ 3629083] ASYNC(0000,49,0,0,0)
[ 3629388] ASYNC(0000,49,0,0,0)
[ 3629593] ASYNC(0000,49,0,0,0)
[ 3629902] ASYNC(0000,49,0,0,0)
[ 3630823] ASYNC(0000,49,0,0,0)
[ 3631560] ASYNC(0000,49,0,0,0)
[ 3632360] ASYNC(0000,49,0,0,0)
[ 3632564] ASYNC(0000,49,0,0,0)
[ 3633585] ASYNC(0000,49,0,0,0)
[ 3634612] ASYNC(0000,49,0,0,0)
[ 3634715] ASYNC(0000,49,0,0,0)
[ 3634919] ASYNC(0000,49,0,0,0)
[ 3635636] ASYNC(0000,49,0,0,0)
[ 3635842] ASYNC(0000,49,0,0,0)
[ 3636763] ASYNC(0000,49,0,0,0)
[ 3637378] ASYNC(0000,49,0,0,0)
[ 3637785] ASYNC(0000,49,0,0,0)
[ 3638196] ASYNC(0000,49,0,0,0)
[ 3638809] ASYNC(0000,49,0,0,0)
[ 3639833] ASYNC(0000,49,0,0,0)
[ 3639835] ASYNC(0000,49,0,0,0)
[ 3639937] ASYNC(0000,49,0,0,0)
[ 3640250] ASYNC(0000,49,0,0,0)
[ 3640858] ASYNC(0000,49,0,0,0)
[ 3640859] ASYNC(0000,49,0,0,0)
[ 3641882] ASYNC(0000,49,0,0,0)
[ 3642394] ASYNC(0000,49,0,0,0)
[ 3643215] ASYNC(0000,49,0,0,0)
[ 3644033] ASYNC(0000,49,0,0,0)
[ 3644853] ASYNC(0000,49,0,0,0)
[ 3645055] ASYNC(0000,49,0,0,0)
[ 3645874] ASYNC(0000,49,0,0,0)
[ 3645977] ASYNC(0000,49,0,0,0)
[ 3646081] ASYNC(0000,49,0,0,0)
[ 3647105] ASYNC(0000,49,0,0,0)
[ 3647413] ASYNC(0000,49,0,0,0)
[ 3648130] ASYNC(0000,49,0,0,0)
[ 3648845] ASYNC(0000,49,0,0,0)
[ 3648846] ASYNC(0000,49,0,0,0)
[ 3649153] ASYNC(0000,49,0,0,0)
[ 3650279] ASYNC(0000,49,0,0,0)
[ 3650893] ASYNC(0000,49,0,0,0)
[ 3651303] ASYNC(0000,49,0,0,0)
Still checking Wi-Fi connection...
Debug: connected: True status: 3
Actual PM: 0xa11142
[ 3652020] ASYNC(0000,49,0,0,0)
[ 3652326] ASYNC(0000,49,0,0,0)
[ 3652329] ASYNC(0000,49,0,0,0)
[ 3653147] ASYNC(0000,49,0,0,0)
[ 3653350] ASYNC(0000,49,0,0,0)
[ 3654374] ASYNC(0000,49,0,0,0)
[ 3654888] ASYNC(0000,49,0,0,0)
[ 3655398] ASYNC(0000,49,0,0,0)
[ 3655808] ASYNC(0000,49,0,0,0)
[ 3656526] ASYNC(0000,49,0,0,0)
[ 3657451] ASYNC(0000,49,0,0,0)
[ 3657550] ASYNC(0000,49,0,0,0)
[ 3658166] ASYNC(0000,49,0,0,0)
[ 3658574] ASYNC(0000,49,0,0,0)
[ 3659596] ASYNC(0000,49,0,0,0)
[ 3659906] ASYNC(0000,49,0,0,0)
[ 3660622] ASYNC(0000,49,0,0,0)
[ 3660827] ASYNC(0000,49,0,0,0)
[ 3660828] ASYNC(0000,49,0,0,0)
[ 3662467] ASYNC(0000,49,0,0,0)
[ 3662771] ASYNC(0000,49,0,0,0)
[ 3663182] ASYNC(0000,49,0,0,0)
[ 3663795] ASYNC(0000,49,0,0,0)
[ 3664923] ASYNC(0000,49,0,0,0)
[ 3665844] ASYNC(0000,49,0,0,0)
[ 3665845] ASYNC(0000,49,0,0,0)
[ 3665846] ASYNC(0000,49,0,0,0)
[ 3665947] ASYNC(0000,49,0,0,0)
[ 3666867] ASYNC(0000,49,0,0,0)
[ 3666869] ASYNC(0000,49,0,0,0)
[ 3667381] ASYNC(0000,49,0,0,0)
[ 3667891] ASYNC(0000,49,0,0,0)
[ 3668201] ASYNC(0000,49,0,0,0)
[ 3668812] ASYNC(0000,49,0,0,0)
[ 3669019] ASYNC(0000,49,0,0,0)
[ 3669020] ASYNC(0000,49,0,0,0)
[ 3669021] ASYNC(0000,49,0,0,0)
[ 3669838] ASYNC(0000,49,0,0,0)
[ 3670043] ASYNC(0000,49,0,0,0)
[ 3670455] ASYNC(0000,49,0,0,0)
[ 3670459] ASYNC(0000,49,0,0,0)
[ 3670862] ASYNC(0000,49,0,0,0)
[ 3670963] ASYNC(0000,49,0,0,0)
[ 3671067] ASYNC(0000,49,0,0,0)
[ 3672092] ASYNC(0000,49,0,0,0)
[ 3672093] ASYNC(0000,49,0,0,0)
[ 3672399] ASYNC(0000,49,0,0,0)
[ 3673112] ASYNC(0000,49,0,0,0)
[ 3673217] ASYNC(0000,49,0,0,0)
[ 3674136] ASYNC(0000,49,0,0,0)
[ 3674855] ASYNC(0000,49,0,0,0)
[ 3675264] ASYNC(0000,49,0,0,0)
[ 3675879] ASYNC(0000,49,0,0,0)
[ 3676288] ASYNC(0000,49,0,0,0)
[ 3677312] ASYNC(0000,49,0,0,0)
[ 3677418] ASYNC(0000,49,0,0,0)
[ 3678133] ASYNC(0000,49,0,0,0)
[ 3678336] ASYNC(0000,49,0,0,0)
[ 3678849] ASYNC(0000,49,0,0,0)
[ 3679361] ASYNC(0000,49,0,0,0)
[ 3679874] ASYNC(0000,49,0,0,0)
[ 3680898] ASYNC(0000,49,0,0,0)
[ 3681511] ASYNC(0000,49,0,0,0)
[ 3681613] ASYNC(0000,49,0,0,0)
[ 3682434] ASYNC(0000,49,0,0,0)
[ 3682435] ASYNC(0000,49,0,0,0)
[ 3683151] ASYNC(0000,49,0,0,0)
[ 3683560] ASYNC(0000,49,0,0,0)
[ 3683969] ASYNC(0000,49,0,0,0)
[ 3684480] ASYNC(0000,49,0,0,0)
[ 3684890] ASYNC(0000,49,0,0,0)
[ 3685505] ASYNC(0000,49,0,0,0)
[ 3685814] ASYNC(0000,49,0,0,0)
[ 3686018] ASYNC(0000,49,0,0,0)
[ 3686528] ASYNC(0000,49,0,0,0)
[ 3687453] ASYNC(0000,49,0,0,0)
[ 3688174] ASYNC(0000,49,0,0,0)
[ 3689089] ASYNC(0000,49,0,0,0)
[ 3689600] ASYNC(0000,49,0,0,0)
[ 3689909] ASYNC(0000,49,0,0,0)
[ 3690829] ASYNC(0000,49,0,0,0)
[ 3692469] ASYNC(0000,49,0,0,0)
[ 3693187] ASYNC(0000,49,0,0,0)
[ 3694720] ASYNC(0000,49,0,0,0)
[ 3694925] ASYNC(0000,49,0,0,0)
[ 3695848] ASYNC(0000,49,0,0,0)
[ 3697488] ASYNC(0000,49,0,0,0)
[ 3698203] ASYNC(0000,49,0,0,0)
[ 3699841] ASYNC(0000,49,0,0,0)
[ 3699842] ASYNC(0000,49,0,0,0)
[ 3700561] ASYNC(0000,49,0,0,0)
[ 3700564] ASYNC(0000,49,0,0,0)
[ 3700865] ASYNC(0000,49,0,0,0)
[ 3702505] ASYNC(0000,49,0,0,0)
[ 3702606] ASYNC(0000,49,0,0,0)
[ 3702607] ASYNC(0000,49,0,0,0)
[ 3703636] ASYNC(0000,49,0,0,0)
[ 3704859] ASYNC(0000,49,0,0,0)
[ 3705883] ASYNC(0000,49,0,0,0)
[ 3705984] ASYNC(0000,49,0,0,0)
[ 3707420] ASYNC(0000,49,0,0,0)
[ 3708238] ASYNC(0000,49,0,0,0)
[ 3709160] ASYNC(0000,49,0,0,0)
[ 3709876] ASYNC(0000,49,0,0,0)
[ 3710798] ASYNC(0000,49,0,0,0)
[ 3712027] ASYNC(0000,49,0,0,0)
[ 3712439] ASYNC(0000,49,0,0,0)
[ 3713154] ASYNC(0000,49,0,0,0)
[ 3714914] ASYNC(0000,49,0,0,0)
[ 3715815] ASYNC(0000,49,0,0,0)
[ 3716840] ASYNC(0000,49,0,0,0)
[ 3717455] ASYNC(0000,49,0,0,0)
[ 3718172] ASYNC(0000,49,0,0,0)
[ 3719502] ASYNC(0000,49,0,0,0)
[ 3719911] ASYNC(0000,49,0,0,0)
[ 3720834] ASYNC(0000,49,0,0,0)
[ 3722471] ASYNC(0000,49,0,0,0)
[ 3722677] ASYNC(0000,49,0,0,0)
[ 3723189] ASYNC(0000,49,0,0,0)
[ 3724930] ASYNC(0000,49,0,0,0)
[ 3725851] ASYNC(0000,49,0,0,0)
[ 3725852] ASYNC(0000,49,0,0,0)
[ 3725953] ASYNC(0000,49,0,0,0)
[ 3726874] ASYNC(0000,49,0,0,0)
[ 3727389] ASYNC(0000,49,0,0,0)
[ 3728208] ASYNC(0000,49,0,0,0)
[ 3728922] ASYNC(0000,49,0,0,0)
[ 3728923] ASYNC(0000,49,0,0,0)
[ 3729845] ASYNC(0000,49,0,0,0)
[ 3730679] ASYNC(0000,49,0,0,0)
[ 3730683] ASYNC(0000,49,0,0,0)
[ 3730868] ASYNC(0000,49,0,0,0)
[ 3732097] ASYNC(0000,49,0,0,0)
[ 3732405] ASYNC(0000,49,0,0,0)
[ 3734861] ASYNC(0000,49,0,0,0)
[ 3735886] ASYNC(0000,49,0,0,0)
[ 3737526] ASYNC(0000,49,0,0,0)
[ 3738243] ASYNC(0000,49,0,0,0)
[ 3738856] ASYNC(0000,49,0,0,0)
[ 3739880] ASYNC(0000,49,0,0,0)
[ 3740801] ASYNC(0000,49,0,0,0)
[ 3741518] ASYNC(0000,49,0,0,0)
[ 3742544] ASYNC(0000,49,0,0,0)
[ 3743259] ASYNC(0000,49,0,0,0)
[ 3743976] ASYNC(0000,49,0,0,0)
[ 3744897] ASYNC(0000,49,0,0,0)
[ 3745820] ASYNC(0000,49,0,0,0)
[ 3746024] ASYNC(0000,49,0,0,0)
[ 3747459] ASYNC(0000,49,0,0,0)
[ 3748890] ASYNC(0000,49,0,0,0)
[ 3749607] ASYNC(0000,49,0,0,0)
[ 3749916] ASYNC(0000,49,0,0,0)
[ 3750836] ASYNC(0000,49,0,0,0)
[ 3752476] ASYNC(0000,49,0,0,0)
[ 3753193] ASYNC(0000,49,0,0,0)
[ 3754727] ASYNC(0000,49,0,0,0)
[ 3754831] ASYNC(0000,49,0,0,0)
[ 3755855] ASYNC(0000,49,0,0,0)
[ 3757494] ASYNC(0000,49,0,0,0)
[ 3758210] ASYNC(0000,49,0,0,0)
[ 3759848] ASYNC(0000,49,0,0,0)
[ 3760769] ASYNC(0000,49,0,0,0)
[ 3760773] ASYNC(0000,49,0,0,0)
[ 3760871] ASYNC(0000,49,0,0,0)
[ 3762100] ASYNC(0000,49,0,0,0)
[ 3762101] ASYNC(0000,49,0,0,0)
[ 3762511] ASYNC(0000,49,0,0,0)
[ 3762714] ASYNC(0000,49,0,0,0)
[ 3763229] ASYNC(0000,49,0,0,0)
[ 3764866] ASYNC(0000,49,0,0,0)
[ 3765890] ASYNC(0000,49,0,0,0)
[ 3765991] ASYNC(0000,49,0,0,0)
[ 3768245] ASYNC(0000,49,0,0,0)
[ 3768961] ASYNC(0000,49,0,0,0)
[ 3769063] ASYNC(0000,49,0,0,0)
[ 3769882] ASYNC(0000,49,0,0,0)
[ 3769883] ASYNC(0000,49,0,0,0)
[ 3770805] ASYNC(0000,49,0,0,0)
[ 3772033] ASYNC(0000,49,0,0,0)
[ 3772546] ASYNC(0000,49,0,0,0)
[ 3773264] ASYNC(0000,49,0,0,0)
[ 3774901] ASYNC(0000,49,0,0,0)
[ 3775822] ASYNC(0000,49,0,0,0)
[ 3776846] ASYNC(0000,49,0,0,0)
[ 3778177] ASYNC(0000,49,0,0,0)
[ 3778180] ASYNC(0000,49,0,0,0)
[ 3779918] ASYNC(0000,49,0,0,0)
[ 3780840] ASYNC(0000,49,0,0,0)
[ 3782683] ASYNC(0000,49,0,0,0)
[ 3782684] ASYNC(0000,49,0,0,0)
[ 3783196] ASYNC(0000,49,0,0,0)
[ 3784833] ASYNC(0000,49,0,0,0)
[ 3785857] ASYNC(0000,49,0,0,0)
[ 3786061] ASYNC(0000,49,0,0,0)
[ 3786882] ASYNC(0000,49,0,0,0)
[ 3787497] ASYNC(0000,49,0,0,0)
[ 3788215] ASYNC(0000,49,0,0,0)
[ 3789133] ASYNC(0000,49,0,0,0)
[ 3789852] ASYNC(0000,49,0,0,0)
[ 3791080] ASYNC(0000,49,0,0,0)
Still checking Wi-Fi connection...
Debug: connected: True status: 3
Actual PM: 0xa11142
[ 3792104] ASYNC(0000,49,0,0,0)
[ 3792206] ASYNC(0000,49,0,0,0)
[ 3792515] ASYNC(0000,49,0,0,0)
[ 3793231] ASYNC(0000,49,0,0,0)
[ 3794868] ASYNC(0000,49,0,0,0)
[ 3795892] ASYNC(0000,49,0,0,0)
[ 3797532] ASYNC(0000,49,0,0,0)
[ 3798250] ASYNC(0000,49,0,0,0)
[ 3798862] ASYNC(0000,49,0,0,0)
[ 3799887] ASYNC(0000,49,0,0,0)
[ 3800807] ASYNC(0000,49,0,0,0)
[ 3801524] ASYNC(0000,49,0,0,0)
[ 3802551] ASYNC(0000,49,0,0,0)
[ 3802754] ASYNC(0000,49,0,0,0)
[ 3803266] ASYNC(0000,49,0,0,0)
[ 3803982] ASYNC(0000,49,0,0,0)
[ 3804903] ASYNC(0000,49,0,0,0)
[ 3805826] ASYNC(0000,49,0,0,0)
[ 3806030] ASYNC(0000,49,0,0,0)
[ 3807567] ASYNC(0000,49,0,0,0)
[ 3808999] ASYNC(0000,49,0,0,0)
[ 3809204] ASYNC(0000,49,0,0,0)
[ 3809205] ASYNC(0000,49,0,0,0)
[ 3809717] ASYNC(0000,49,0,0,0)
[ 3809922] ASYNC(0000,49,0,0,0)
[ 3810843] ASYNC(0000,49,0,0,0)
[ 3812586] ASYNC(0000,49,0,0,0)
[ 3813200] ASYNC(0000,49,0,0,0)
[ 3814837] ASYNC(0000,49,0,0,0)
[ 3814838] ASYNC(0000,49,0,0,0)
[ 3815861] ASYNC(0000,49,0,0,0)
[ 3817602] ASYNC(0000,49,0,0,0)
[ 3818217] ASYNC(0000,49,0,0,0)
[ 3819854] ASYNC(0000,49,0,0,0)
[ 3819957] ASYNC(0000,49,0,0,0)
[ 3820981] ASYNC(0000,49,0,0,0)
[ 3820985] ASYNC(0000,49,0,0,0)
[ 3822518] ASYNC(0000,49,0,0,0)
[ 3824872] ASYNC(0000,49,0,0,0)
[ 3825895] ASYNC(0000,49,0,0,0)
[ 3826101] ASYNC(0000,49,0,0,0)
[ 3827536] ASYNC(0000,49,0,0,0)
[ 3828252] ASYNC(0000,49,0,0,0)
[ 3828968] ASYNC(0000,49,0,0,0)
[ 3829889] ASYNC(0000,49,0,0,0)
[ 3830812] ASYNC(0000,49,0,0,0)
[ 3832040] ASYNC(0000,49,0,0,0)
[ 3832553] ASYNC(0000,49,0,0,0)
[ 3833270] ASYNC(0000,49,0,0,0)
[ 3834908] ASYNC(0000,49,0,0,0)
[ 3835829] ASYNC(0000,49,0,0,0)
[ 3836852] ASYNC(0000,49,0,0,0)
[ 3836854] ASYNC(0000,49,0,0,0)
[ 3837571] ASYNC(0000,49,0,0,0)
[ 3838287] ASYNC(0000,49,0,0,0)
[ 3839924] ASYNC(0000,49,0,0,0)
[ 3840847] ASYNC(0000,49,0,0,0)
[ 3842588] ASYNC(0000,49,0,0,0)
[ 3842690] ASYNC(0000,49,0,0,0)
[ 3843305] ASYNC(0000,49,0,0,0)
[ 3844840] ASYNC(0000,49,0,0,0)
[ 3845864] ASYNC(0000,49,0,0,0)
[ 3846068] ASYNC(0000,49,0,0,0)
[ 3847607] ASYNC(0000,49,0,0,0)
[ 3848222] ASYNC(0000,49,0,0,0)
[ 3849038] ASYNC(0000,49,0,0,0)
[ 3849550] ASYNC(0000,49,0,0,0)
[ 3849858] ASYNC(0000,49,0,0,0)
[ 3850882] ASYNC(0000,49,0,0,0)
[ 3851089] ASYNC(0000,49,0,0,0)
[ 3851097] ASYNC(0000,49,0,0,0)
[ 3852110] ASYNC(0000,49,0,0,0)
[ 3852315] ASYNC(0000,49,0,0,0)
[ 3853237] ASYNC(0000,49,0,0,0)
[ 3853974] ASYNC(0000,49,0,0,0)
[ 3854876] ASYNC(0000,49,0,0,0)
[ 3857539] ASYNC(0000,49,0,0,0)
[ 3858256] ASYNC(0000,49,0,0,0)
[ 3858869] ASYNC(0000,49,0,0,0)
[ 3859894] ASYNC(0000,49,0,0,0)
[ 3860814] ASYNC(0000,49,0,0,0)
[ 3861543] ASYNC(0000,49,0,0,0)
[ 3862862] ASYNC(0000,49,0,0,0)
[ 3863273] ASYNC(0000,49,0,0,0)
[ 3863784] ASYNC(0000,49,0,0,0)
[ 3863989] ASYNC(0000,49,0,0,0)
[ 3864911] ASYNC(0000,49,0,0,0)
[ 3865833] ASYNC(0000,49,0,0,0)
[ 3866138] ASYNC(0000,49,0,0,0)
[ 3866651] ASYNC(0000,49,0,0,0)
[ 3867574] ASYNC(0000,49,0,0,0)
[ 3868291] ASYNC(0000,49,0,0,0)
[ 3869109] ASYNC(0000,49,0,0,0)
[ 3869620] ASYNC(0000,49,0,0,0)
[ 3869929] ASYNC(0000,49,0,0,0)
[ 3872592] ASYNC(0000,49,0,0,0)
[ 3873308] ASYNC(0000,49,0,0,0)
[ 3874740] ASYNC(0000,49,0,0,0)
[ 3874844] ASYNC(0000,49,0,0,0)
[ 3877609] ASYNC(0000,49,0,0,0)
[ 3878223] ASYNC(0000,49,0,0,0)
[ 3879964] ASYNC(0000,49,0,0,0)
[ 3881197] ASYNC(0000,49,0,0,0)
[ 3882627] ASYNC(0000,49,0,0,0)
[ 3882830] ASYNC(0000,49,0,0,0)
[ 3883241] ASYNC(0000,49,0,0,0)
[ 3884879] ASYNC(0000,49,0,0,0)
[ 3887644] ASYNC(0000,49,0,0,0)
[ 3889282] ASYNC(0000,49,0,0,0)
[ 3889896] ASYNC(0000,49,0,0,0)
[ 3890816] ASYNC(0000,49,0,0,0)
[ 3892560] ASYNC(0000,49,0,0,0)
[ 3893277] ASYNC(0000,49,0,0,0)
[ 3894914] ASYNC(0000,49,0,0,0)
[ 3895528] ASYNC(0000,49,0,0,0)
[ 3896860] ASYNC(0000,49,0,0,0)
[ 3897578] ASYNC(0000,49,0,0,0)
[ 3899829] ASYNC(0000,49,0,0,0)
[ 3900853] ASYNC(0000,49,0,0,0)
[ 3902595] ASYNC(0000,49,0,0,0)
[ 3903312] ASYNC(0000,49,0,0,0)
[ 3904846] ASYNC(0000,49,0,0,0)
[ 3905973] ASYNC(0000,49,0,0,0)
[ 3906178] ASYNC(0000,49,0,0,0)
[ 3906997] ASYNC(0000,49,0,0,0)
[ 3907613] ASYNC(0000,49,0,0,0)
[ 3908329] ASYNC(0000,49,0,0,0)
[ 3909045] ASYNC(0000,49,0,0,0)
[ 3909865] ASYNC(0000,49,0,0,0)
[ 3910889] ASYNC(0000,49,0,0,0)
[ 3911300] ASYNC(0000,49,0,0,0)
[ 3911304] ASYNC(0000,49,0,0,0)
[ 3912118] ASYNC(0000,49,0,0,0)
[ 3912630] ASYNC(0000,49,0,0,0)
[ 3913141] ASYNC(0000,49,0,0,0)
[ 3913244] ASYNC(0000,49,0,0,0)
[ 3914882] ASYNC(0000,49,0,0,0)
[ 3915804] ASYNC(0000,49,0,0,0)
[ 3917648] ASYNC(0000,49,0,0,0)
[ 3918260] ASYNC(0000,49,0,0,0)
[ 3918876] ASYNC(0000,49,0,0,0)
[ 3919900] ASYNC(0000,49,0,0,0)
[ 3920821] ASYNC(0000,49,0,0,0)
[ 3922683] ASYNC(0000,49,0,0,0)
[ 3923282] ASYNC(0000,49,0,0,0)
[ 3923995] ASYNC(0000,49,0,0,0)
[ 3924917] ASYNC(0000,49,0,0,0)
[ 3925839] ASYNC(0000,49,0,0,0)
[ 3926146] ASYNC(0000,49,0,0,0)
[ 3927683] ASYNC(0000,49,0,0,0)
[ 3928298] ASYNC(0000,49,0,0,0)
[ 3929217] ASYNC(0000,49,0,0,0)
[ 3929832] ASYNC(0000,49,0,0,0)
[ 3930856] ASYNC(0000,49,0,0,0)
Still checking Wi-Fi connection...
Debug: connected: True status: 3
Actual PM: 0xa11142
[ 3932599] ASYNC(0000,49,0,0,0)
[ 3933316] ASYNC(0000,49,0,0,0)
[ 3934850] ASYNC(0000,49,0,0,0)
[ 3934851] ASYNC(0000,49,0,0,0)
[ 3935874] ASYNC(0000,49,0,0,0)
[ 3937616] ASYNC(0000,49,0,0,0)
[ 3938333] ASYNC(0000,49,0,0,0)
[ 3939867] ASYNC(0000,49,0,0,0)
[ 3939970] ASYNC(0000,49,0,0,0)
[ 3940891] ASYNC(0000,49,0,0,0)
[ 3941408] ASYNC(0000,49,0,0,0)
[ 3942634] ASYNC(0000,49,0,0,0)
[ 3942857] ASYNC(0000,49,0,0,0)
[ 3942857] ASYNC(0000,49,0,0,0)
[ 3943350] ASYNC(0000,49,0,0,0)
[ 3943861] ASYNC(0000,49,0,0,0)
[ 3944885] ASYNC(0000,49,0,0,0)
[ 3945807] ASYNC(0000,49,0,0,0)
[ 3947651] ASYNC(0000,49,0,0,0)
[ 3948879] ASYNC(0000,49,0,0,0)
[ 3949084] ASYNC(0000,49,0,0,0)
[ 3949085] ASYNC(0000,49,0,0,0)
[ 3949186] ASYNC(0000,49,0,0,0)
[ 3949903] ASYNC(0000,49,0,0,0)
[ 3950210] ASYNC(0000,49,0,0,0)
[ 3950825] ASYNC(0000,49,0,0,0)
[ 3952050] ASYNC(0000,49,0,0,0)
[ 3952669] ASYNC(0000,49,0,0,0)
[ 3953283] ASYNC(0000,49,0,0,0)
[ 3954921] ASYNC(0000,49,0,0,0)
[ 3955842] ASYNC(0000,49,0,0,0)
[ 3956866] ASYNC(0000,49,0,0,0)
[ 3957686] ASYNC(0000,49,0,0,0)
[ 3958300] ASYNC(0000,49,0,0,0)
[ 3959836] ASYNC(0000,49,0,0,0)
[ 3960860] ASYNC(0000,49,0,0,0)
[ 3962704] ASYNC(0000,49,0,0,0)
[ 3962907] ASYNC(0000,49,0,0,0)
[ 3963318] ASYNC(0000,49,0,0,0)
[ 3964854] ASYNC(0000,49,0,0,0)
[ 3965879] ASYNC(0000,49,0,0,0)
[ 3965980] ASYNC(0000,49,0,0,0)
[ 3967003] ASYNC(0000,49,0,0,0)
[ 3967722] ASYNC(0000,49,0,0,0)
[ 3968336] ASYNC(0000,49,0,0,0)
[ 3969256] ASYNC(0000,49,0,0,0)
[ 3969257] ASYNC(0000,49,0,0,0)
[ 3970895] ASYNC(0000,49,0,0,0)
[ 3971099] ASYNC(0000,49,0,0,0)
[ 3971509] ASYNC(0000,49,0,0,0)
[ 3971513] ASYNC(0000,49,0,0,0)
[ 3972123] ASYNC(0000,49,0,0,0)
[ 3972637] ASYNC(0000,49,0,0,0)
[ 3973354] ASYNC(0000,49,0,0,0)
[ 3974888] ASYNC(0000,49,0,0,0)
[ 3977655] ASYNC(0000,49,0,0,0)
[ 3978371] ASYNC(0000,49,0,0,0)
[ 3978882] ASYNC(0000,49,0,0,0)
[ 3979906] ASYNC(0000,49,0,0,0)
[ 3980827] ASYNC(0000,49,0,0,0)
[ 3983287] ASYNC(0000,49,0,0,0)
[ 3984104] ASYNC(0000,49,0,0,0)
[ 3984923] ASYNC(0000,49,0,0,0)
[ 3985846] ASYNC(0000,49,0,0,0)
[ 3986152] ASYNC(0000,49,0,0,0)
[ 3987690] ASYNC(0000,49,0,0,0)
[ 3988305] ASYNC(0000,49,0,0,0)
[ 3989122] ASYNC(0000,49,0,0,0)
[ 3989224] ASYNC(0000,49,0,0,0)
[ 3989736] ASYNC(0000,49,0,0,0)
[ 3989839] ASYNC(0000,49,0,0,0)
[ 3992707] ASYNC(0000,49,0,0,0)
[ 3993322] ASYNC(0000,49,0,0,0)
[ 3994856] ASYNC(0000,49,0,0,0)
[ 3994858] ASYNC(0000,49,0,0,0)
[ 3995881] ASYNC(0000,49,0,0,0)
[ 3997726] ASYNC(0000,49,0,0,0)
[ 3998340] ASYNC(0000,49,0,0,0)
[ 3999874] ASYNC(0000,49,0,0,0)
[ 3999976] ASYNC(0000,49,0,0,0)
[ 4000898] ASYNC(0000,49,0,0,0)
[ 4001617] ASYNC(0000,49,0,0,0)
[ 4003357] ASYNC(0000,49,0,0,0)
[ 4004892] ASYNC(0000,49,0,0,0)
[ 4005814] ASYNC(0000,49,0,0,0)
[ 4006223] ASYNC(0000,49,0,0,0)
[ 4007761] ASYNC(0000,49,0,0,0)
[ 4008375] ASYNC(0000,49,0,0,0)
[ 4009909] ASYNC(0000,49,0,0,0)
[ 4010831] ASYNC(0000,49,0,0,0)
[ 4012059] ASYNC(0000,49,0,0,0)
[ 4012674] ASYNC(0000,49,0,0,0)
[ 4012777] ASYNC(0000,49,0,0,0)
[ 4013290] ASYNC(0000,49,0,0,0)
[ 4014927] ASYNC(0000,49,0,0,0)
[ 4016873] ASYNC(0000,49,0,0,0)
[ 4017693] ASYNC(0000,49,0,0,0)
[ 4018307] ASYNC(0000,49,0,0,0)
[ 4019842] ASYNC(0000,49,0,0,0)
[ 4020866] ASYNC(0000,49,0,0,0)
[ 4022813] ASYNC(0000,49,0,0,0)
[ 4022815] ASYNC(0000,49,0,0,0)
[ 4023325] ASYNC(0000,49,0,0,0)
[ 4024860] ASYNC(0000,49,0,0,0)
[ 4025884] ASYNC(0000,49,0,0,0)
[ 4025986] ASYNC(0000,49,0,0,0)
[ 4026191] ASYNC(0000,49,0,0,0)
[ 4026192] ASYNC(0000,49,0,0,0)
[ 4027729] ASYNC(0000,49,0,0,0)
[ 4028342] ASYNC(0000,49,0,0,0)
[ 4029161] ASYNC(0000,49,0,0,0)
[ 4029878] ASYNC(0000,49,0,0,0)
[ 4030902] ASYNC(0000,49,0,0,0)
[ 4031106] ASYNC(0000,49,0,0,0)
[ 4031756] ASYNC(0000,49,0,0,0)
[ 4031759] ASYNC(0000,49,0,0,0)
[ 4032232] ASYNC(0000,49,0,0,0)
[ 4032644] ASYNC(0000,49,0,0,0)
[ 4033360] ASYNC(0000,49,0,0,0)
[ 4034895] ASYNC(0000,49,0,0,0)
[ 4035817] ASYNC(0000,49,0,0,0)
[ 4038377] ASYNC(0000,49,0,0,0)
[ 4038991] ASYNC(0000,49,0,0,0)
[ 4039913] ASYNC(0000,49,0,0,0)
[ 4041551] ASYNC(0000,49,0,0,0)
[ 4043395] ASYNC(0000,49,0,0,0)
[ 4044111] ASYNC(0000,49,0,0,0)
[ 4044930] ASYNC(0000,49,0,0,0)
[ 4045852] ASYNC(0000,49,0,0,0)
[ 4047697] ASYNC(0000,49,0,0,0)
[ 4048311] ASYNC(0000,49,0,0,0)
[ 4049333] ASYNC(0000,49,0,0,0)
[ 4049334] ASYNC(0000,49,0,0,0)
[ 4049743] ASYNC(0000,49,0,0,0)
[ 4049845] ASYNC(0000,49,0,0,0)
[ 4050869] ASYNC(0000,49,0,0,0)
[ 4052714] ASYNC(0000,49,0,0,0)
[ 4053328] ASYNC(0000,49,0,0,0)
[ 4054863] ASYNC(0000,49,0,0,0)
[ 4054864] ASYNC(0000,49,0,0,0)
[ 4055887] ASYNC(0000,49,0,0,0)
[ 4057732] ASYNC(0000,49,0,0,0)
[ 4058346] ASYNC(0000,49,0,0,0)
[ 4059983] ASYNC(0000,49,0,0,0)
[ 4060905] ASYNC(0000,49,0,0,0)
[ 4061833] ASYNC(0000,49,0,0,0)
[ 4062749] ASYNC(0000,49,0,0,0)
[ 4062750] ASYNC(0000,49,0,0,0)
[ 4062751] ASYNC(0000,49,0,0,0)
[ 4062953] ASYNC(0000,49,0,0,0)
[ 4063364] ASYNC(0000,49,0,0,0)
[ 4064898] ASYNC(0000,49,0,0,0)
[ 4065820] ASYNC(0000,49,0,0,0)
[ 4066230] ASYNC(0000,49,0,0,0)
[ 4067253] ASYNC(0000,49,0,0,0)
[ 4067767] ASYNC(0000,49,0,0,0)
[ 4068277] ASYNC(0000,49,0,0,0)
[ 4068381] ASYNC(0000,49,0,0,0)
[ 4069301] ASYNC(0000,49,0,0,0)
[ 4069915] ASYNC(0000,49,0,0,0)
[ 4069917] ASYNC(0000,49,0,0,0)
[ 4070325] ASYNC(0000,49,0,0,0)
[ 4070838] ASYNC(0000,49,0,0,0)
[ 4071451] ASYNC(0000,49,0,0,0)
[ 4072066] ASYNC(0000,49,0,0,0)
Still checking Wi-Fi connection...
Debug: connected: True status: 3
Actual PM: 0xa11142
[ 4073398] ASYNC(0000,49,0,0,0)
[ 4074831] ASYNC(0000,49,0,0,0)
[ 4075855] ASYNC(0000,49,0,0,0)
[ 4076880] ASYNC(0000,49,0,0,0)
[ 4077802] ASYNC(0000,49,0,0,0)
[ 4078416] ASYNC(0000,49,0,0,0)
[ 4079849] ASYNC(0000,49,0,0,0)
[ 4080873] ASYNC(0000,49,0,0,0)
[ 4082820] ASYNC(0000,49,0,0,0)
[ 4084866] ASYNC(0000,49,0,0,0)
[ 4085890] ASYNC(0000,49,0,0,0)
[ 4085993] ASYNC(0000,49,0,0,0)
[ 4086299] ASYNC(0000,49,0,0,0)
[ 4087017] ASYNC(0000,49,0,0,0)
[ 4087838] ASYNC(0000,49,0,0,0)
[ 4088349] ASYNC(0000,49,0,0,0)
[ 4089884] ASYNC(0000,49,0,0,0)
[ 4090908] ASYNC(0000,49,0,0,0)
[ 4091113] ASYNC(0000,49,0,0,0)
[ 4092239] ASYNC(0000,49,0,0,0)
[ 4092753] ASYNC(0000,49,0,0,0)
[ 4092854] ASYNC(0000,49,0,0,0)
[ 4092855] ASYNC(0000,49,0,0,0)
[ 4093367] ASYNC(0000,49,0,0,0)
[ 4094902] ASYNC(0000,49,0,0,0)
[ 4095824] ASYNC(0000,49,0,0,0)
[ 4097771] ASYNC(0000,49,0,0,0)
[ 4098384] ASYNC(0000,49,0,0,0)
[ 4098997] ASYNC(0000,49,0,0,0)
[ 4099919] ASYNC(0000,49,0,0,0)
[ 4100841] ASYNC(0000,49,0,0,0)
[ 4101568] ASYNC(0000,49,0,0,0)
[ 4102888] ASYNC(0000,49,0,0,0)
[ 4103402] ASYNC(0000,49,0,0,0)
[ 4104118] ASYNC(0000,49,0,0,0)
[ 4104835] ASYNC(0000,49,0,0,0)
[ 4105859] ASYNC(0000,49,0,0,0)
[ 4106268] ASYNC(0000,49,0,0,0)
[ 4106269] ASYNC(0000,49,0,0,0)
[ 4107806] ASYNC(0000,49,0,0,0)
[ 4108421] ASYNC(0000,49,0,0,0)
[ 4109237] ASYNC(0000,49,0,0,0)
[ 4109238] ASYNC(0000,49,0,0,0)
[ 4109853] ASYNC(0000,49,0,0,0)
[ 4110261] ASYNC(0000,49,0,0,0)
[ 4112823] ASYNC(0000,49,0,0,0)
[ 4114869] ASYNC(0000,49,0,0,0)
[ 4114872] ASYNC(0000,49,0,0,0)
[ 4115894] ASYNC(0000,49,0,0,0)
[ 4117841] ASYNC(0000,49,0,0,0)
[ 4118352] ASYNC(0000,49,0,0,0)
[ 4119989] ASYNC(0000,49,0,0,0)
[ 4120809] ASYNC(0000,49,0,0,0)
[ 4122858] ASYNC(0000,49,0,0,0)
[ 4123370] ASYNC(0000,49,0,0,0)
[ 4124905] ASYNC(0000,49,0,0,0)
[ 4125828] ASYNC(0000,49,0,0,0)
[ 4127773] ASYNC(0000,49,0,0,0)
[ 4129205] ASYNC(0000,49,0,0,0)
[ 4129308] ASYNC(0000,49,0,0,0)
[ 4129410] ASYNC(0000,49,0,0,0)
[ 4129923] ASYNC(0000,49,0,0,0)
[ 4130127] ASYNC(0000,49,0,0,0)
[ 4130844] ASYNC(0000,49,0,0,0)
[ 4132072] ASYNC(0000,49,0,0,0)
[ 4132792] ASYNC(0000,49,0,0,0)
[ 4133406] ASYNC(0000,49,0,0,0)
[ 4134838] ASYNC(0000,49,0,0,0)
[ 4136887] ASYNC(0000,49,0,0,0)
[ 4137809] ASYNC(0000,49,0,0,0)
[ 4138423] ASYNC(0000,49,0,0,0)
test.bash: Running wget
[ 4139856] ASYNC(0000,49,0,0,0)
[ 4142827] ASYNC(0000,49,0,0,0)
[ 4142927] ASYNC(0000,49,0,0,0)
[ 4143440] ASYNC(0000,49,0,0,0)
[ 4144873] ASYNC(0000,49,0,0,0)
[ 4145897] ASYNC(0000,49,0,0,0)
[ 4145999] ASYNC(0000,49,0,0,0)
[ 4146408] ASYNC(0000,49,0,0,0)
[ 4147023] ASYNC(0000,49,0,0,0)
[ 4147331] ASYNC(0000,49,0,0,0)
[ 4147842] ASYNC(0000,49,0,0,0)
[ 4148354] ASYNC(0000,49,0,0,0)
[ 4148458] ASYNC(0000,49,0,0,0)
[ 4149480] ASYNC(0000,49,0,0,0)
[ 4149891] ASYNC(0000,49,0,0,0)
[ 4150300] ASYNC(0000,49,0,0,0)
[ 4150812] ASYNC(0000,49,0,0,0)
[ 4150813] ASYNC(0000,49,0,0,0)
[ 4151119] ASYNC(0000,49,0,0,0)
[ 4151838] ASYNC(0000,49,0,0,0)
[ 4152142] ASYNC(0000,49,0,0,0)
[ 4152146] ASYNC(0000,49,0,0,0)
[ 4152149] ASYNC(0000,49,0,0,0)
[ 4152862] ASYNC(0000,49,0,0,0)
[ 4152863] ASYNC(0000,49,0,0,0)
[ 4152962] ASYNC(0000,49,0,0,0)
[ 4153372] ASYNC(0000,49,0,0,0)
test.bash: Failed at 2048 seconds
