test.bash: INIT=1 MAX=3600
test.bash: Waiting for reset
test.bash: Waiting for the server to start
Random selected PM: None
Starting server. OS: (sysname='rp2', nodename='rp2', release='1.24.1', version='v1.24.1 on 2024-11-29 (GNU 13.2.0 MinSizeRel)', machine='Raspberry Pi Pico W with RP2040') PM: None
Trying to connect...
Waiting for connection (0/5)...
[   14999] ASYNC(0000,ASSOC_REQ_IE,0,0,0)
[   15000] ASYNC(0000,AUTH,0,0,0)
[   15007] ASYNC(0000,ASSOC_RESP_IE,0,0,0)
[   15007] ASYNC(0000,ASSOC,0,0,0)
[   15008] ASYNC(0001,LINK,0,0,0)
[   15026] ASYNC(0000,PSK_SUP,6,0,0)
[   15066] ASYNC(0000,JOIN,0,0,0)
[   15066] ASYNC(0000,SET_SSID,0,0,0)
Connected: ('192.168.1.4', '255.255.255.0', '192.168.1.1', '192.168.1.1')
Actual PM: 0xa11142
test.bash: Sleeping for 1 seconds
Current time: Mon Dec 30 01:39:25 AM EST 2024
Sleeping until Mon Dec 30 01:39:26 AM EST 2024
test.bash: Running wget
1609459222	: GET /temp
Console: Getting Temp...
test.bash: Response: {"unit": "C", "temp": 34.0666}
test.bash: Sleeping for 2 seconds
Current time: Mon Dec 30 01:39:26 AM EST 2024
Sleeping until Mon Dec 30 01:39:28 AM EST 2024
test.bash: Running wget
1609459224	: GET /temp
Console: Getting Temp...
test.bash: Response: {"unit": "C", "temp": 34.0666}
test.bash: Sleeping for 4 seconds
Current time: Mon Dec 30 01:39:29 AM EST 2024
Sleeping until Mon Dec 30 01:39:33 AM EST 2024
test.bash: Running wget
1609459228	: GET /ttest.bash: Response: {"unit": "C", "temp": 34.0666}
emptest.bash: Sleeping for 8 seconds

Console: Getting Temp...
Current time: Mon Dec 30 01:39:33 AM EST 2024
Sleeping until Mon Dec 30 01:39:41 AM EST 2024
test.bash: Running wget
1609459236	: GET /temp
Console: Getting Temp...
test.bash: Response: {"unit": "C", "temp": 34.0666}
test.bash: Sleeping for 16 seconds
Current time: Mon Dec 30 01:39:41 AM EST 2024
Sleeping until Mon Dec 30 01:39:57 AM EST 2024
test.bash: Running wget
test.bash: Response: {"unit": "C", "temp": 34.0666}
test.bash: Sleeping for 32 seconds
1609459252	: GET /temp
Console: Getting Temp...
Current time: Mon Dec 30 01:39:57 AM EST 2024
Sleeping until Mon Dec 30 01:40:29 AM EST 2024
test.bash: Running wget
test.bash: Response: {"unit": "C", "temp": 34.0666}
test.bash: Sleeping for 64 seconds
1609459285	: GET /temp
Console: GeCurrent time: Mon Dec 30 01:40:29 AM EST 2024
tting Temp...
Sleeping until Mon Dec 30 01:41:33 AM EST 2024
test.bash: Running wget
1609459349	: GET /temp
Console: Getting Temp...
test.bash: Response: {"unit": "C", "temp": 33.59842}
test.bash: Sleeping for 128 seconds
Current time: Mon Dec 30 01:41:34 AM EST 2024
Sleeping until Mon Dec 30 01:43:42 AM EST 2024
Still checking Wi-Fi connection...
Debug: connected: True status: 3
Actual PM: 0xa11142
test.bash: Running wget
1609459478	: GET /temp
Console: Getting Temp...
test.bash: Response: {"unit": "C", "temp": 33.59842}
test.bash: Sleeping for 256 seconds
Current time: Mon Dec 30 01:43:42 AM EST 2024
Sleeping until Mon Dec 30 01:47:58 AM EST 2024
Still checking Wi-Fi connection...
Debug: connected: True status: 3
Actual PM: 0xa11142
Still checking Wi-Fi connection...
Debug: connected: True status: 3
Actual PM: 0xa11142
test.bash: Running wget
1609459734	: GET /temp
Console: Getting Temp...
test.bash: Response: {"unit": "C", "temp": 33.59842}
test.bash: Sleeping for 512 seconds
Current time: Mon Dec 30 01:47:59 AM EST 2024
Sleeping until Mon Dec 30 01:56:31 AM EST 2024
Still checking Wi-Fi connection...
Debug: connected: True status: 3
Actual PM: 0xa11142
Still checking Wi-Fi connection...
Debug: connected: True status: 3
Actual PM: 0xa11142
Still checking Wi-Fi connection...
Debug: connected: True status: 3
Actual PM: 0xa11142
Still checking Wi-Fi connection...
Debug: connected: True status: 3
Actual PM: 0xa11142
test.bash: Running wget
1609460257	: GET /temp
Console: Getting Temp...
test.bash: Response: {"unit": "C", "temp": 31.72584}
test.bash: Sleeping for 1024 seconds
Current time: Mon Dec 30 01:56:42 AM EST 2024
Sleeping until Mon Dec 30 02:13:46 AM EST 2024
Still checking Wi-Fi connection...
Debug: connected: True status: 3
Actual PM: 0xa11142
Still checking Wi-Fi connection...
Debug: connected: True status: 3
Actual PM: 0xa11142
Still checking Wi-Fi connection...
Debug: connected: True status: 3
Actual PM: 0xa11142
Still checking Wi-Fi connection...
Debug: connected: True status: 3
Actual PM: 0xa11142
Still checking Wi-Fi connection...
Debug: connected: True status: 3
Actual PM: 0xa11142
Still checking Wi-Fi connection...
Debug: connected: True status: 3
Actual PM: 0xa11142
Still checking Wi-Fi connection...
Debug: connected: True status: 3
Actual PM: 0xa11142
test.bash: Running wget
1609461292	: GET /temp
Console: Getting Temp...
test.bash: Response: {"unit": "C", "temp": 30.78955}
test.bash: Sleeping for 2048 seconds
Current time: Mon Dec 30 02:13:57 AM EST 2024
Sleeping until Mon Dec 30 02:48:05 AM EST 2024
Still checking Wi-Fi connection...
Debug: connected: True status: 3
Actual PM: 0xa11142
Still checking Wi-Fi connection...
Debug: connected: True status: 3
Actual PM: 0xa11142
Still checking Wi-Fi connection...
Debug: connected: True status: 3
Actual PM: 0xa11142
[ 2392588] ASYNC(0000,PSK_SUP,6,0,0)
[ 2393324] ASYNC(0000,49,0,0,0)
Still checking Wi-Fi connection...
Debug: connected: True status: 3
Actual PM: 0xa11142
Still checking Wi-Fi connection...
Debug: connected: True status: 3
Actual PM: 0xa11142
Still checking Wi-Fi connection...
Debug: connected: True status: 3
Actual PM: 0xa11142
Still checking Wi-Fi connection...
Debug: connected: True status: 3
Actual PM: 0xa11142
Still checking Wi-Fi connection...
Debug: connected: True status: 3
Actual PM: 0xa11142
Still checking Wi-Fi connection...
Debug: connected: True status: 3
Actual PM: 0xa11142
Still checking Wi-Fi connection...
Debug: connected: True status: 3
Actual PM: 0xa11142
Still checking Wi-Fi connection...
Debug: connected: True status: 3
Actual PM: 0xa11142
Still checking Wi-Fi connection...
Debug: connected: True status: 3
Actual PM: 0xa11142
Still checking Wi-Fi connection...
Debug: connected: True status: 3
Actual PM: 0xa11142
Still checking Wi-Fi connection...
Debug: connected: True status: 3
Actual PM: 0xa11142
Still checking Wi-Fi connection...
Debug: connected: True status: 3
Actual PM: 0xa11142
test.bash: Running wget
1609463352	: GET /temp
Console: Getting Temp...
test.bash: Response: {"unit": "C", "temp": 30.78955}
test.bash: Test succeeded
