test.bash: INIT=1 MAX=3600
test.bash: Waiting for reset
test.bash: Waiting for the server to start
Random selected PM: None
Starting server. OS: (sysname='rp2', nodename='rp2', release='1.24.1', version='v1.24.1 on 2024-11-29 (GNU 13.2.0 MinSizeRel)', machine='Raspberry Pi Pico W with RP2040') PM: None
Trying to connect...
Waiting for connection (0/5)...
[   15008] ASYNC(0000,ASSOC_REQ_IE,0,0,0)
[   15008] ASYNC(0000,AUTH,0,0,0)
[   15013] ASYNC(0000,ASSOC_RESP_IE,0,0,0)
[   15013] ASYNC(0000,ASSOC,0,0,0)
[   15013] ASYNC(0001,LINK,0,0,0)
[   15026] ASYNC(0000,JOIN,0,0,0)
[   15027] ASYNC(0000,SET_SSID,0,0,0)
[   15035] ASYNC(0000,PSK_SUP,6,0,0)
Connected: ('192.168.1.4', '255.255.255.0', '192.168.1.1', '192.168.1.1')
Actual PM: 0xa11142
test.bash: Sleeping for 1 seconds
Current time: Mon Dec 30 02:48:37 AM EST 2024
Sleeping until Mon Dec 30 02:48:38 AM EST 2024
test.bash: Running wget
1609459222	: GET /temp
Console: Getting Temp...
test.bash: Response: {"unit": "C", "temp": 32.66213}
test.bash: Sleeping for 2 seconds
Current time: Mon Dec 30 02:48:38 AM EST 2024
Sleeping until Mon Dec 30 02:48:40 AM EST 2024
test.bash: Running wget
1609459224	: GET /temp
Console: Getting Temp...
test.bash: Response: {"unit": "C", "temp": 32.66213}
test.bash: Sleeping for 4 seconds
Current time: Mon Dec 30 02:48:41 AM EST 2024
Sleeping until Mon Dec 30 02:48:45 AM EST 2024
test.bash: Running wget
1609459228	: GET /temp
Console: Getting Temp...
test.bash: Response: {"unit": "C", "temp": 32.66213}
test.bash: Sleeping for 8 seconds
Current time: Mon Dec 30 02:48:45 AM EST 2024
Sleeping until Mon Dec 30 02:48:53 AM EST 2024
test.bash: Running wget
test.bash: Response: {"unit": "C", "temp": 32.66213}
test.bash: Sleeping for 16 seconds
1609459236	: GET /temp
Console: Getting Temp...
Current time: Mon Dec 30 02:48:53 AM EST 2024
Sleeping until Mon Dec 30 02:49:09 AM EST 2024
test.bash: Running wget
test.bash: Response: {"unit": "C", "temp": 33.13027}
test.bash: Sleeping for 32 seconds
Current time: Mon Dec 30 02:49:09 AM EST 2024
1609459252	: GET /temp
Console: Getting Temp...
Sleeping until Mon Dec 30 02:49:41 AM EST 2024
test.bash: Running wget
1609459285	: GET /temp
Console: Getting Temp...
test.bash: Response: {"unit": "C", "temp": 33.13027}
test.bash: Sleeping for 64 seconds
Current time: Mon Dec 30 02:49:41 AM EST 2024
Sleeping until Mon Dec 30 02:50:45 AM EST 2024
test.bash: Running wget
1609459349	: GET /temp
Console: Getting Temp...
test.bash: Response: {"unit": "C", "temp": 33.59842}
test.bash: Sleeping for 128 seconds
Current time: Mon Dec 30 02:50:46 AM EST 2024
Sleeping until Mon Dec 30 02:52:54 AM EST 2024
Still checking Wi-Fi connection...
Debug: connected: True status: 3
Actual PM: 0xa11142
test.bash: Running wget
1609459478	: GET /temp
Console: Getting Temp...
test.bash: Response: {"unit": "C", "temp": 33.59842}
test.bash: Sleeping for 256 seconds
Current time: Mon Dec 30 02:52:55 AM EST 2024
Sleeping until Mon Dec 30 02:57:11 AM EST 2024
Still checking Wi-Fi connection...
Debug: connected: True status: 3
Actual PM: 0xa11142
Still checking Wi-Fi connection...
Debug: connected: True status: 3
Actual PM: 0xa11142
test.bash: Running wget
1609459735	: GET /temp
Console: Getting Temp...
test.bash: Response: {"unit": "C", "temp": 33.59842}
test.bash: Sleeping for 512 seconds
Current time: Mon Dec 30 02:57:11 AM EST 2024
Sleeping until Mon Dec 30 03:05:43 AM EST 2024
Still checking Wi-Fi connection...
Debug: connected: True status: 3
Actual PM: 0xa11142
Still checking Wi-Fi connection...
Debug: connected: True status: 3
Actual PM: 0xa11142
Still checking Wi-Fi connection...
Debug: connected: True status: 3
Actual PM: 0xa11142
Still checking Wi-Fi connection...
Debug: connected: True status: 3
Actual PM: 0xa11142
test.bash: Running wget
1609460259	: GET /temp
Console: Getting Temp...
test.bash: Response: {"unit": "C", "temp": 31.72584}
test.bash: Sleeping for 1024 seconds
Current time: Mon Dec 30 03:05:56 AM EST 2024
Sleeping until Mon Dec 30 03:23:00 AM EST 2024
Still checking Wi-Fi connection...
Debug: connected: True status: 3
Actual PM: 0xa11142
Still checking Wi-Fi connection...
Debug: connected: True status: 3
Actual PM: 0xa11142
Still checking Wi-Fi connection...
Debug: connected: True status: 3
Actual PM: 0xa11142
Still checking Wi-Fi connection...
Debug: connected: True status: 3
Actual PM: 0xa11142
Still checking Wi-Fi connection...
Debug: connected: True status: 3
Actual PM: 0xa11142
Still checking Wi-Fi connection...
Debug: connected: True status: 3
Actual PM: 0xa11142
[ 1852816] ASYNC(0000,49,0,0,0)
[ 1853330] ASYNC(0000,49,0,0,0)
[ 1853534] ASYNC(0000,49,0,0,0)
[ 1855070] ASYNC(0000,49,0,0,0)
[ 1856605] ASYNC(0000,49,0,0,0)
[ 1858347] ASYNC(0000,49,0,0,0)
[ 1858755] ASYNC(0000,49,0,0,0)
[ 1859165] ASYNC(0000,49,0,0,0)
[ 1861623] ASYNC(0000,49,0,0,0)
[ 1862749] ASYNC(0000,49,0,0,0)
[ 1863365] ASYNC(0000,49,0,0,0)
[ 1864285] ASYNC(0000,49,0,0,0)
[ 1865105] ASYNC(0000,49,0,0,0)
[ 1865411] ASYNC(0000,49,0,0,0)
[ 1865412] ASYNC(0000,49,0,0,0)
[ 1866231] ASYNC(0000,49,0,0,0)
[ 1866435] ASYNC(0000,49,0,0,0)
[ 1866640] ASYNC(0000,49,0,0,0)
[ 1867767] ASYNC(0000,49,0,0,0)
[ 1868382] ASYNC(0000,49,0,0,0)
[ 1869405] ASYNC(0000,49,0,0,0)
[ 1869917] ASYNC(0000,49,0,0,0)
[ 1870021] ASYNC(0000,49,0,0,0)
[ 1870121] ASYNC(0000,49,0,0,0)
[ 1870934] ASYNC(0000,49,0,0,0)
[ 1871350] ASYNC(0000,49,0,0,0)
[ 1872778] ASYNC(0000,49,0,0,0)
[ 1872886] ASYNC(0000,49,0,0,0)
[ 1873400] ASYNC(0000,49,0,0,0)
[ 1875039] ASYNC(0000,49,0,0,0)
[ 1876573] ASYNC(0000,49,0,0,0)
[ 1876883] ASYNC(0000,49,0,0,0)
[ 1876886] ASYNC(0000,49,0,0,0)
[ 1877799] ASYNC(0000,49,0,0,0)
[ 1878102] ASYNC(0000,49,0,0,0)
[ 1878418] ASYNC(0000,49,0,0,0)
[ 1878723] ASYNC(0000,49,0,0,0)
[ 1879747] ASYNC(0000,49,0,0,0)
[ 1880056] ASYNC(0000,49,0,0,0)
[ 1881591] ASYNC(0000,49,0,0,0)
[ 1883229] ASYNC(0000,49,0,0,0)
[ 1885074] ASYNC(0000,49,0,0,0)
[ 1886608] ASYNC(0000,49,0,0,0)
[ 1887837] ASYNC(0000,49,0,0,0)
[ 1888344] ASYNC(0000,49,0,0,0)
[ 1889987] ASYNC(0000,49,0,0,0)
[ 1890091] ASYNC(0000,49,0,0,0)
[ 1891626] ASYNC(0000,49,0,0,0)
[ 1892753] ASYNC(0000,49,0,0,0)
[ 1892854] ASYNC(0000,49,0,0,0)
[ 1893368] ASYNC(0000,49,0,0,0)
[ 1895109] ASYNC(0000,49,0,0,0)
[ 1895517] ASYNC(0000,49,0,0,0)
[ 1895518] ASYNC(0000,49,0,0,0)
[ 1896643] ASYNC(0000,49,0,0,0)
[ 1897770] ASYNC(0000,49,0,0,0)
[ 1898386] ASYNC(0000,49,0,0,0)
[ 1900126] ASYNC(0000,49,0,0,0)
[ 1901559] ASYNC(0000,49,0,0,0)
[ 1902787] ASYNC(0000,49,0,0,0)
[ 1903403] ASYNC(0000,49,0,0,0)
[ 1905036] ASYNC(0000,49,0,0,0)
[ 1906576] ASYNC(0000,49,0,0,0)
[ 1906988] ASYNC(0000,49,0,0,0)
[ 1906992] ASYNC(0000,49,0,0,0)
[ 1908421] ASYNC(0000,49,0,0,0)
[ 1908726] ASYNC(0000,49,0,0,0)
[ 1909955] ASYNC(0000,49,0,0,0)
[ 1909956] ASYNC(0000,49,0,0,0)
[ 1910059] ASYNC(0000,49,0,0,0)
[ 1911594] ASYNC(0000,49,0,0,0)
[ 1912919] ASYNC(0000,49,0,0,0)
[ 1913438] ASYNC(0000,49,0,0,0)
[ 1913540] ASYNC(0000,49,0,0,0)
[ 1913949] ASYNC(0000,49,0,0,0)
[ 1915076] ASYNC(0000,49,0,0,0)
[ 1917840] ASYNC(0000,49,0,0,0)
[ 1918450] ASYNC(0000,49,0,0,0)
[ 1918761] ASYNC(0000,49,0,0,0)
[ 1918762] ASYNC(0000,49,0,0,0)
[ 1919172] ASYNC(0000,49,0,0,0)
[ 1921629] ASYNC(0000,49,0,0,0)
[ 1922783] ASYNC(0000,49,0,0,0)
[ 1923474] ASYNC(0000,49,0,0,0)
[ 1924291] ASYNC(0000,49,0,0,0)
[ 1925008] ASYNC(0000,49,0,0,0)
[ 1925112] ASYNC(0000,49,0,0,0)
[ 1926237] ASYNC(0000,49,0,0,0)
[ 1926544] ASYNC(0000,49,0,0,0)
[ 1926545] ASYNC(0000,49,0,0,0)
[ 1926647] ASYNC(0000,49,0,0,0)
[ 1927773] ASYNC(0000,49,0,0,0)
[ 1928389] ASYNC(0000,49,0,0,0)
[ 1929513] ASYNC(0000,49,0,0,0)
[ 1930129] ASYNC(0000,49,0,0,0)
[ 1930130] ASYNC(0000,49,0,0,0)
[ 1931357] ASYNC(0000,49,0,0,0)
[ 1931556] ASYNC(0000,49,0,0,0)
[ 1932791] ASYNC(0000,49,0,0,0)
[ 1932893] ASYNC(0000,49,0,0,0)
[ 1933406] ASYNC(0000,49,0,0,0)
[ 1933917] ASYNC(0000,49,0,0,0)
[ 1935147] ASYNC(0000,49,0,0,0)
[ 1936579] ASYNC(0000,49,0,0,0)
[ 1937089] ASYNC(0000,49,0,0,0)
[ 1937808] ASYNC(0000,49,0,0,0)
[ 1938115] ASYNC(0000,49,0,0,0)
[ 1938218] ASYNC(0000,49,0,0,0)
[ 1938424] ASYNC(0000,49,0,0,0)
[ 1940062] ASYNC(0000,49,0,0,0)
[ 1941597] ASYNC(0000,49,0,0,0)
[ 1942826] ASYNC(0000,49,0,0,0)
[ 1943442] ASYNC(0000,49,0,0,0)
[ 1945080] ASYNC(0000,49,0,0,0)
[ 1946512] ASYNC(0000,49,0,0,0)
[ 1946615] ASYNC(0000,49,0,0,0)
[ 1947536] ASYNC(0000,49,0,0,0)
[ 1947843] ASYNC(0000,49,0,0,0)
[ 1948459] ASYNC(0000,49,0,0,0)
[ 1949993] ASYNC(0000,49,0,0,0)
[ 1950097] ASYNC(0000,49,0,0,0)
[ 1951632] ASYNC(0000,49,0,0,0)
[ 1952759] ASYNC(0000,49,0,0,0)
[ 1952963] ASYNC(0000,49,0,0,0)
[ 1953477] ASYNC(0000,49,0,0,0)
[ 1955115] ASYNC(0000,49,0,0,0)
[ 1955626] ASYNC(0000,49,0,0,0)
[ 1955628] ASYNC(0000,49,0,0,0)
[ 1956548] ASYNC(0000,49,0,0,0)
[ 1957776] ASYNC(0000,49,0,0,0)
[ 1958495] ASYNC(0000,49,0,0,0)
[ 1958800] ASYNC(0000,49,0,0,0)
[ 1958800] ASYNC(0000,49,0,0,0)
[ 1960128] ASYNC(0000,49,0,0,0)
[ 1961565] ASYNC(0000,49,0,0,0)
[ 1962794] ASYNC(0000,49,0,0,0)
[ 1963410] ASYNC(0000,49,0,0,0)
[ 1965150] ASYNC(0000,49,0,0,0)
[ 1966378] ASYNC(0000,49,0,0,0)
[ 1966582] ASYNC(0000,49,0,0,0)
[ 1966584] ASYNC(0000,49,0,0,0)
[ 1967212] ASYNC(0000,49,0,0,0)
[ 1967216] ASYNC(0000,49,0,0,0)
[ 1967606] ASYNC(0000,49,0,0,0)
[ 1967812] ASYNC(0000,49,0,0,0)
[ 1968427] ASYNC(0000,49,0,0,0)
[ 1968733] ASYNC(0000,49,0,0,0)
[ 1969961] ASYNC(0000,49,0,0,0)
[ 1970065] ASYNC(0000,49,0,0,0)
Still checking Wi-Fi connection...
Debug: connected: True status: 3
Actual PM: 0xa11142
[ 1971600] ASYNC(0000,49,0,0,0)
[ 1972829] ASYNC(0000,49,0,0,0)
[ 1973033] ASYNC(0000,49,0,0,0)
[ 1973547] ASYNC(0000,49,0,0,0)
[ 1975083] ASYNC(0000,49,0,0,0)
[ 1976618] ASYNC(0000,49,0,0,0)
[ 1977844] ASYNC(0000,49,0,0,0)
[ 1979178] ASYNC(0000,49,0,0,0)
[ 1980100] ASYNC(0000,49,0,0,0)
[ 1980201] ASYNC(0000,49,0,0,0)
[ 1981225] ASYNC(0000,49,0,0,0)
[ 1981636] ASYNC(0000,49,0,0,0)
[ 1982245] ASYNC(0000,49,0,0,0)
[ 1982762] ASYNC(0000,49,0,0,0)
[ 1983481] ASYNC(0000,49,0,0,0)
[ 1984298] ASYNC(0000,49,0,0,0)
[ 1985015] ASYNC(0000,49,0,0,0)
[ 1985016] ASYNC(0000,49,0,0,0)
[ 1985118] ASYNC(0000,49,0,0,0)
[ 1986038] ASYNC(0000,49,0,0,0)
[ 1986551] ASYNC(0000,49,0,0,0)
[ 1987062] ASYNC(0000,49,0,0,0)
[ 1987580] ASYNC(0000,49,0,0,0)
[ 1987583] ASYNC(0000,49,0,0,0)
[ 1987586] ASYNC(0000,49,0,0,0)
[ 1987780] ASYNC(0000,49,0,0,0)
[ 1987984] ASYNC(0000,49,0,0,0)
[ 1988498] ASYNC(0000,49,0,0,0)
[ 1988499] ASYNC(0000,49,0,0,0)
[ 1989008] ASYNC(0000,49,0,0,0)
[ 1989009] ASYNC(0000,49,0,0,0)
[ 1989930] ASYNC(0000,49,0,0,0)
[ 1990032] ASYNC(0000,49,0,0,0)
[ 1990149] ASYNC(0000,49,0,0,0)
[ 1990232] ASYNC(0000,49,0,0,0)
[ 1990953] ASYNC(0000,49,0,0,0)
[ 1990954] ASYNC(0000,49,0,0,0)
[ 1991357] ASYNC(0000,49,0,0,0)
[ 1991568] ASYNC(0000,49,0,0,0)
[ 1991977] ASYNC(0000,49,0,0,0)
[ 1992797] ASYNC(0000,49,0,0,0)
[ 1992995] ASYNC(0000,49,0,0,0)
[ 1992996] ASYNC(0000,49,0,0,0)
[ 1993511] ASYNC(0000,49,0,0,0)
[ 1994025] ASYNC(0000,49,0,0,0)
[ 1994026] ASYNC(0000,49,0,0,0)
[ 1995153] ASYNC(0000,49,0,0,0)
[ 1996586] ASYNC(0000,49,0,0,0)
[ 1997338] ASYNC(0000,49,0,0,0)
[ 1997714] ASYNC(0000,49,0,0,0)
[ 1997815] ASYNC(0000,49,0,0,0)
[ 1998122] ASYNC(0000,49,0,0,0)
[ 1998123] ASYNC(0000,49,0,0,0)
[ 1998534] ASYNC(0000,49,0,0,0)
[ 2000171] ASYNC(0000,49,0,0,0)
[ 2001598] ASYNC(0000,49,0,0,0)
[ 2002833] ASYNC(0000,49,0,0,0)
[ 2003242] ASYNC(0000,49,0,0,0)
[ 2003448] ASYNC(0000,49,0,0,0)
[ 2005086] ASYNC(0000,49,0,0,0)
[ 2006518] ASYNC(0000,49,0,0,0)
[ 2006519] ASYNC(0000,49,0,0,0)
[ 2006621] ASYNC(0000,49,0,0,0)
[ 2007543] ASYNC(0000,49,0,0,0)
[ 2007850] ASYNC(0000,49,0,0,0)
[ 2008461] ASYNC(0000,49,0,0,0)
[ 2010097] ASYNC(0000,49,0,0,0)
[ 2011639] ASYNC(0000,49,0,0,0)
[ 2012765] ASYNC(0000,49,0,0,0)
[ 2013072] ASYNC(0000,49,0,0,0)
[ 2013483] ASYNC(0000,49,0,0,0)
[ 2015121] ASYNC(0000,49,0,0,0)
[ 2016554] ASYNC(0000,49,0,0,0)
[ 2017783] ASYNC(0000,49,0,0,0)
[ 2018501] ASYNC(0000,49,0,0,0)
[ 2020139] ASYNC(0000,49,0,0,0)
[ 2021572] ASYNC(0000,49,0,0,0)
[ 2022800] ASYNC(0000,49,0,0,0)
[ 2023512] ASYNC(0000,49,0,0,0)
[ 2025157] ASYNC(0000,49,0,0,0)
[ 2026589] ASYNC(0000,49,0,0,0)
[ 2026590] ASYNC(0000,49,0,0,0)
[ 2027818] ASYNC(0000,49,0,0,0)
[ 2028536] ASYNC(0000,49,0,0,0)
[ 2028739] ASYNC(0000,49,0,0,0)
[ 2029968] ASYNC(0000,49,0,0,0)
[ 2030174] ASYNC(0000,49,0,0,0)
[ 2031602] ASYNC(0000,49,0,0,0)
[ 2032836] ASYNC(0000,49,0,0,0)
[ 2033034] ASYNC(0000,49,0,0,0)
[ 2033453] ASYNC(0000,49,0,0,0)
[ 2033657] ASYNC(0000,49,0,0,0)
[ 2034681] ASYNC(0000,49,0,0,0)
[ 2034980] ASYNC(0000,49,0,0,0)
[ 2035192] ASYNC(0000,49,0,0,0)
[ 2036009] ASYNC(0000,49,0,0,0)
[ 2036313] ASYNC(0000,49,0,0,0)
[ 2036624] ASYNC(0000,49,0,0,0)
[ 2036625] ASYNC(0000,49,0,0,0)
[ 2037747] ASYNC(0000,49,0,0,0)
[ 2038469] ASYNC(0000,49,0,0,0)
[ 2038877] ASYNC(0000,49,0,0,0)
[ 2038877] ASYNC(0000,49,0,0,0)
[ 2039184] ASYNC(0000,49,0,0,0)
[ 2040107] ASYNC(0000,49,0,0,0)
[ 2041636] ASYNC(0000,49,0,0,0)
[ 2043487] ASYNC(0000,49,0,0,0)
[ 2044304] ASYNC(0000,49,0,0,0)
[ 2045021] ASYNC(0000,49,0,0,0)
[ 2046250] ASYNC(0000,49,0,0,0)
[ 2046557] ASYNC(0000,49,0,0,0)
[ 2046558] ASYNC(0000,49,0,0,0)
[ 2047786] ASYNC(0000,49,0,0,0)
[ 2048504] ASYNC(0000,49,0,0,0)
[ 2050038] ASYNC(0000,49,0,0,0)
[ 2050141] ASYNC(0000,49,0,0,0)
[ 2050143] ASYNC(0000,49,0,0,0)
[ 2051370] ASYNC(0000,49,0,0,0)
[ 2051572] ASYNC(0000,49,0,0,0)
[ 2052804] ASYNC(0000,49,0,0,0)
[ 2053522] ASYNC(0000,49,0,0,0)
[ 2055160] ASYNC(0000,49,0,0,0)
[ 2056592] ASYNC(0000,49,0,0,0)
[ 2057619] ASYNC(0000,49,0,0,0)
[ 2057622] ASYNC(0000,49,0,0,0)
[ 2057816] ASYNC(0000,49,0,0,0)
[ 2058128] ASYNC(0000,49,0,0,0)
[ 2058129] ASYNC(0000,49,0,0,0)
[ 2058539] ASYNC(0000,49,0,0,0)
[ 2058947] ASYNC(0000,49,0,0,0)
[ 2058948] ASYNC(0000,49,0,0,0)
[ 2060177] ASYNC(0000,49,0,0,0)
[ 2061610] ASYNC(0000,49,0,0,0)
[ 2062839] ASYNC(0000,49,0,0,0)
[ 2063248] ASYNC(0000,49,0,0,0)
[ 2063557] ASYNC(0000,49,0,0,0)
[ 2066628] ASYNC(0000,49,0,0,0)
[ 2067749] ASYNC(0000,49,0,0,0)
[ 2070109] ASYNC(0000,49,0,0,0)
[ 2070111] ASYNC(0000,49,0,0,0)
[ 2070615] ASYNC(0000,49,0,0,0)
[ 2071645] ASYNC(0000,49,0,0,0)
[ 2071646] ASYNC(0000,49,0,0,0)
[ 2072772] ASYNC(0000,49,0,0,0)
[ 2073587] ASYNC(0000,49,0,0,0)
[ 2075128] ASYNC(0000,49,0,0,0)
[ 2076560] ASYNC(0000,49,0,0,0)
[ 2076561] ASYNC(0000,49,0,0,0)
[ 2076562] ASYNC(0000,49,0,0,0)
[ 2076563] ASYNC(0000,49,0,0,0)
[ 2077789] ASYNC(0000,49,0,0,0)
[ 2078507] ASYNC(0000,49,0,0,0)
[ 2080146] ASYNC(0000,49,0,0,0)
[ 2081575] ASYNC(0000,49,0,0,0)
test.bash: Running wget
[ 2082807] ASYNC(0000,49,0,0,0)
[ 2083525] ASYNC(0000,49,0,0,0)
[ 2083625] ASYNC(0000,49,0,0,0)
[ 2085158] ASYNC(0000,49,0,0,0)
[ 2086596] ASYNC(0000,49,0,0,0)
[ 2087724] ASYNC(0000,49,0,0,0)
[ 2087728] ASYNC(0000,49,0,0,0)
[ 2087819] ASYNC(0000,49,0,0,0)
[ 2088543] ASYNC(0000,49,0,0,0)
[ 2090181] ASYNC(0000,49,0,0,0)
[ 2091607] ASYNC(0000,49,0,0,0)
[ 2092842] ASYNC(0000,49,0,0,0)
[ 2093560] ASYNC(0000,49,0,0,0)
[ 2093562] ASYNC(0000,49,0,0,0)
[ 2093968] ASYNC(0000,49,0,0,0)
[ 2095198] ASYNC(0000,49,0,0,0)
[ 2096016] ASYNC(0000,49,0,0,0)
[ 2096631] ASYNC(0000,49,0,0,0)
test.bash: Failed at 1024 seconds
