test.bash: INIT=1 MAX=3600
test.bash: Waiting for reset
test.bash: Waiting for the server to start
Random selected PM: network.WLAN.PM_POWERSAVE
Starting server. OS: (sysname='rp2', nodename='rp2', release='1.24.1', version='v1.24.1 on 2024-11-29 (GNU 13.2.0 MinSizeRel)', machine='Raspberry Pi Pico W with RP2040') PM: 17
Trying to connect...
Waiting for connection (0/5)...
[   15001] ASYNC(0000,ASSOC_REQ_IE,0,0,0)
[   15001] ASYNC(0000,AUTH,0,0,0)
[   15006] ASYNC(0000,ASSOC_RESP_IE,0,0,0)
[   15007] ASYNC(0000,ASSOC,0,0,0)
[   15007] ASYNC(0001,LINK,0,0,0)
[   15024] ASYNC(0000,PSK_SUP,6,0,0)
[   15078] ASYNC(0000,JOIN,0,0,0)
[   15079] ASYNC(0000,SET_SSID,0,0,0)
Connected: ('192.168.1.4', '255.255.255.0', '192.168.1.1', '192.168.1.1')
Actual PM: 0x11
test.bash: Sleeping for 1 seconds
Current time: Mon Dec 30 03:23:34 AM EST 2024
Sleeping until Mon Dec 30 03:23:35 AM EST 2024
test.bash: Running wget
1609459222	: GET /temp
Console: Getting Temp...
test.bash: Response: {"unit": "C", "temp": 29.85327}
test.bash: Sleeping for 2 seconds
Current time: Mon Dec 30 03:23:36 AM EST 2024
Sleeping until Mon Dec 30 03:23:38 AM EST 2024
test.bash: Running wget
1609459224	: GET /temp
Console: Getting Temp...
test.bash: Response: {"unit": "C", "temp": 32.66213}
test.bash: Sleeping for 4 seconds
Current time: Mon Dec 30 03:23:38 AM EST 2024
Sleeping until Mon Dec 30 03:23:42 AM EST 2024
test.bash: Running wget
1609459229	: GET /temp
Console: Getting Temp...
test.bash: Response: {"unit": "C", "temp": 32.66213}
test.bash: Sleeping for 8 seconds
Current time: Mon Dec 30 03:23:43 AM EST 2024
Sleeping until Mon Dec 30 03:23:51 AM EST 2024
test.bash: Running wget
1609459237	: test.bash: Response: {"unit": "C", "temp": 32.66213}
GET /temtest.bash: Sleeping for 16 seconds
p
Console: Getting Temp...
Current time: Mon Dec 30 03:23:51 AM EST 2024
Sleeping until Mon Dec 30 03:24:07 AM EST 2024
test.bash: Running wget
1609459253	: GET /temp
Console: Getting Temp...
test.bash: Response: {"unit": "C", "temp": 33.13027}
test.bash: Sleeping for 32 seconds
Current time: Mon Dec 30 03:24:07 AM EST 2024
Sleeping until Mon Dec 30 03:24:39 AM EST 2024
test.bash: Running wget
test.bash: Response: {"unit": "C", "temp": 32.66213}
test.bash: Sleeping for 64 seconds
1609459286	: GET /temp
Console: Getting Temp...
Current time: Mon Dec 30 03:24:40 AM EST 2024
Sleeping until Mon Dec 30 03:25:44 AM EST 2024
test.bash: Running wget
1609459350	: GET /temp
Console: Getting Temp...
test.bash: Response: {"unit": "C", "temp": 33.13027}
test.bash: Sleeping for 128 seconds
Current time: Mon Dec 30 03:25:44 AM EST 2024
Sleeping until Mon Dec 30 03:27:52 AM EST 2024
Still checking Wi-Fi connection...
Debug: connected: True status: 3
Actual PM: 0x11
test.bash: Running wget
1609459478	: GET /temp
Console: Getting Temp...
test.bash: Response: {"unit": "C", "temp": 33.59842}
test.bash: Sleeping for 256 seconds
Current time: Mon Dec 30 03:27:52 AM EST 2024
Sleeping until Mon Dec 30 03:32:08 AM EST 2024
Still checking Wi-Fi connection...
Debug: connected: True status: 3
Actual PM: 0x11
Still checking Wi-Fi connection...
Debug: connected: True status: 3
Actual PM: 0x11
test.bash: Running wget
test.bash: Response: {"unit": "C", "temp": 33.59842}
test.bash: Sleeping for 512 seconds
1609459735	: GET /temp
Console: Getting Temp...
Current time: Mon Dec 30 03:32:09 AM EST 2024
Sleeping until Mon Dec 30 03:40:41 AM EST 2024
Still checking Wi-Fi connection...
Debug: connected: True status: 3
Actual PM: 0x11
Still checking Wi-Fi connection...
Debug: connected: True status: 3
Actual PM: 0x11
Still checking Wi-Fi connection...
Debug: connected: True status: 3
Actual PM: 0x11
Still checking Wi-Fi connection...
Debug: connected: True status: 3
Actual PM: 0x11
test.bash: Running wget
1609460259	: GET /temp
Console: Getting Temp...
test.bash: Response: {"unit": "C", "temp": 31.72584}
test.bash: Sleeping for 1024 seconds
Current time: Mon Dec 30 03:40:53 AM EST 2024
Sleeping until Mon Dec 30 03:57:57 AM EST 2024
Still checking Wi-Fi connection...
Debug: connected: True status: 3
Actual PM: 0x11
Still checking Wi-Fi connection...
Debug: connected: True status: 3
Actual PM: 0x11
Still checking Wi-Fi connection...
Debug: connected: True status: 3
Actual PM: 0x11
Still checking Wi-Fi connection...
Debug: connected: True status: 3
Actual PM: 0x11
Still checking Wi-Fi connection...
Debug: connected: True status: 3
Actual PM: 0x11
Still checking Wi-Fi connection...
Debug: connected: True status: 3
Actual PM: 0x11
Still checking Wi-Fi connection...
Debug: connected: True status: 3
Actual PM: 0x11
test.bash: Running wget
1609461302	: GET /temp
Console: Getting Temp...
test.bash: Response: {"unit": "C", "temp": 30.32144}
test.bash: Sleeping for 2048 seconds
Current time: Mon Dec 30 03:58:16 AM EST 2024
Sleeping until Mon Dec 30 04:32:24 AM EST 2024
Still checking Wi-Fi connection...
Debug: connected: True status: 3
Actual PM: 0x11
Still checking Wi-Fi connection...
Debug: connected: True status: 3
Actual PM: 0x11
Still checking Wi-Fi connection...
Debug: connected: True status: 3
Actual PM: 0x11
Still checking Wi-Fi connection...
Debug: connected: True status: 3
Actual PM: 0x11
Still checking Wi-Fi connection...
Debug: connected: True status: 3
Actual PM: 0x11
Still checking Wi-Fi connection...
Debug: connected: True status: 3
Actual PM: 0x11
Still checking Wi-Fi connection...
Debug: connected: True status: 3
Actual PM: 0x11
Still checking Wi-Fi connection...
Debug: connected: True status: 3
Actual PM: 0x11
Still checking Wi-Fi connection...
Debug: connected: True status: 3
Actual PM: 0x11
[ 3366433] ASYNC(0000,49,0,0,0)
[ 3366945] ASYNC(0000,49,0,0,0)
[ 3366946] ASYNC(0000,49,0,0,0)
[ 3368276] ASYNC(0000,49,0,0,0)
[ 3368277] ASYNC(0000,49,0,0,0)
[ 3369302] ASYNC(0000,49,0,0,0)
[ 3369609] ASYNC(0000,49,0,0,0)
[ 3370119] ASYNC(0000,49,0,0,0)
[ 3370632] ASYNC(0000,49,0,0,0)
[ 3371451] ASYNC(0000,49,0,0,0)
Still checking Wi-Fi connection...
Debug: connected: True status: 3
Actual PM: 0x11
[ 3373498] ASYNC(0000,49,0,0,0)
[ 3374323] ASYNC(0000,49,0,0,0)
[ 3374627] ASYNC(0000,49,0,0,0)
[ 3374727] ASYNC(0000,49,0,0,0)
[ 3375649] ASYNC(0000,49,0,0,0)
[ 3376366] ASYNC(0000,49,0,0,0)
[ 3376673] ASYNC(0000,49,0,0,0)
[ 3377287] ASYNC(0000,49,0,0,0)
[ 3377288] ASYNC(0000,49,0,0,0)
[ 3379337] ASYNC(0000,49,0,0,0)
[ 3379647] ASYNC(0000,49,0,0,0)
[ 3379846] ASYNC(0000,49,0,0,0)
[ 3380666] ASYNC(0000,49,0,0,0)
[ 3380973] ASYNC(0000,49,0,0,0)
[ 3381387] ASYNC(0000,49,0,0,0)
[ 3384253] ASYNC(0000,49,0,0,0)
[ 3384564] ASYNC(0000,49,0,0,0)
[ 3385309] ASYNC(0000,49,0,0,0)
[ 3385310] ASYNC(0000,49,0,0,0)
[ 3385478] ASYNC(0000,49,0,0,0)
[ 3385718] ASYNC(0000,49,0,0,0)
[ 3385790] ASYNC(0000,49,0,0,0)
[ 3385790] ASYNC(0000,49,0,0,0)
[ 3386401] ASYNC(0000,49,0,0,0)
[ 3387731] ASYNC(0000,49,0,0,0)
[ 3388346] ASYNC(0000,49,0,0,0)
[ 3389270] ASYNC(0000,49,0,0,0)
[ 3389577] ASYNC(0000,49,0,0,0)
[ 3390632] ASYNC(0000,49,0,0,0)
[ 3391419] ASYNC(0000,49,0,0,0)
[ 3392852] ASYNC(0000,49,0,0,0)
[ 3393264] ASYNC(0000,49,0,0,0)
[ 3393267] ASYNC(0000,49,0,0,0)
[ 3394287] ASYNC(0000,49,0,0,0)
[ 3394594] ASYNC(0000,49,0,0,0)
[ 3395617] ASYNC(0000,49,0,0,0)
[ 3396437] ASYNC(0000,49,0,0,0)
[ 3396644] ASYNC(0000,49,0,0,0)
[ 3399305] ASYNC(0000,49,0,0,0)
[ 3399612] ASYNC(0000,49,0,0,0)
[ 3400634] ASYNC(0000,49,0,0,0)
[ 3401458] ASYNC(0000,49,0,0,0)
[ 3404322] ASYNC(0000,49,0,0,0)
[ 3404630] ASYNC(0000,49,0,0,0)
[ 3404935] ASYNC(0000,49,0,0,0)
[ 3405652] ASYNC(0000,49,0,0,0)
[ 3407294] ASYNC(0000,49,0,0,0)
[ 3408318] ASYNC(0000,49,0,0,0)
[ 3409344] ASYNC(0000,49,0,0,0)
[ 3409647] ASYNC(0000,49,0,0,0)
[ 3410694] ASYNC(0000,49,0,0,0)
[ 3411386] ASYNC(0000,49,0,0,0)
[ 3414359] ASYNC(0000,49,0,0,0)
[ 3414668] ASYNC(0000,49,0,0,0)
[ 3416437] ASYNC(0000,49,0,0,0)
[ 3419375] ASYNC(0000,49,0,0,0)
[ 3419580] ASYNC(0000,49,0,0,0)
[ 3420603] ASYNC(0000,49,0,0,0)
[ 3421426] ASYNC(0000,49,0,0,0)
[ 3424598] ASYNC(0000,49,0,0,0)
[ 3425017] ASYNC(0000,49,0,0,0)
[ 3425018] ASYNC(0000,49,0,0,0)
[ 3425653] ASYNC(0000,49,0,0,0)
[ 3426472] ASYNC(0000,49,0,0,0)
[ 3428282] ASYNC(0000,49,0,0,0)
[ 3428384] ASYNC(0000,49,0,0,0)
[ 3429341] ASYNC(0000,49,0,0,0)
[ 3429616] ASYNC(0000,49,0,0,0)
[ 3430164] ASYNC(0000,49,0,0,0)
[ 3430773] ASYNC(0000,49,0,0,0)
[ 3431457] ASYNC(0000,49,0,0,0)
[ 3434325] ASYNC(0000,49,0,0,0)
[ 3434665] ASYNC(0000,49,0,0,0)
[ 3434737] ASYNC(0000,49,0,0,0)
[ 3436376] ASYNC(0000,49,0,0,0)
[ 3436712] ASYNC(0000,49,0,0,0)
[ 3436713] ASYNC(0000,49,0,0,0)
[ 3439368] ASYNC(0000,49,0,0,0)
[ 3439654] ASYNC(0000,49,0,0,0)
[ 3439980] ASYNC(0000,49,0,0,0)
[ 3440677] ASYNC(0000,49,0,0,0)
[ 3441392] ASYNC(0000,49,0,0,0)
[ 3444278] ASYNC(0000,49,0,0,0)
[ 3444701] ASYNC(0000,49,0,0,0)
[ 3446408] ASYNC(0000,49,0,0,0)
[ 3447027] ASYNC(0000,49,0,0,0)
[ 3447028] ASYNC(0000,49,0,0,0)
[ 3447763] ASYNC(0000,49,0,0,0)
[ 3448046] ASYNC(0000,49,0,0,0)
[ 3448973] ASYNC(0000,49,0,0,0)
[ 3449380] ASYNC(0000,49,0,0,0)
[ 3449690] ASYNC(0000,49,0,0,0)
[ 3450503] ASYNC(0000,49,0,0,0)
[ 3450630] ASYNC(0000,49,0,0,0)
[ 3451449] ASYNC(0000,49,0,0,0)
[ 3451450] ASYNC(0000,49,0,0,0)
[ 3452858] ASYNC(0000,49,0,0,0)
[ 3453379] ASYNC(0000,49,0,0,0)
[ 3454398] ASYNC(0000,49,0,0,0)
[ 3455627] ASYNC(0000,49,0,0,0)
[ 3456447] ASYNC(0000,49,0,0,0)
[ 3456750] ASYNC(0000,49,0,0,0)
[ 3459438] ASYNC(0000,49,0,0,0)
[ 3459618] ASYNC(0000,49,0,0,0)
[ 3460642] ASYNC(0000,49,0,0,0)
[ 3461460] ASYNC(0000,49,0,0,0)
[ 3464640] ASYNC(0000,49,0,0,0)
[ 3465044] ASYNC(0000,49,0,0,0)
[ 3465044] ASYNC(0000,49,0,0,0)
[ 3465045] ASYNC(0000,49,0,0,0)
[ 3465658] ASYNC(0000,49,0,0,0)
[ 3466376] ASYNC(0000,49,0,0,0)
[ 3467403] ASYNC(0000,49,0,0,0)
[ 3467404] ASYNC(0000,49,0,0,0)
[ 3468325] ASYNC(0000,49,0,0,0)
[ 3469350] ASYNC(0000,49,0,0,0)
[ 3469654] ASYNC(0000,49,0,0,0)
[ 3470701] ASYNC(0000,49,0,0,0)
[ 3471393] ASYNC(0000,49,0,0,0)
[ 3471496] ASYNC(0000,49,0,0,0)
[ 3474675] ASYNC(0000,49,0,0,0)
[ 3475698] ASYNC(0000,49,0,0,0)
[ 3476309] ASYNC(0000,49,0,0,0)
[ 3476413] ASYNC(0000,49,0,0,0)
[ 3476721] ASYNC(0000,49,0,0,0)
[ 3479382] ASYNC(0000,49,0,0,0)
[ 3479688] ASYNC(0000,49,0,0,0)
[ 3480610] ASYNC(0000,49,0,0,0)
[ 3481432] ASYNC(0000,49,0,0,0)
[ 3483169] ASYNC(0000,49,0,0,0)
[ 3483581] ASYNC(0000,49,0,0,0)
[ 3483584] ASYNC(0000,49,0,0,0)
[ 3484400] ASYNC(0000,49,0,0,0)
[ 3484707] ASYNC(0000,49,0,0,0)
[ 3485013] ASYNC(0000,49,0,0,0)
[ 3486470] ASYNC(0000,49,0,0,0)
[ 3488290] ASYNC(0000,49,0,0,0)
[ 3488391] ASYNC(0000,49,0,0,0)
[ 3489422] ASYNC(0000,49,0,0,0)
[ 3489621] ASYNC(0000,49,0,0,0)
[ 3490133] ASYNC(0000,49,0,0,0)
[ 3490645] ASYNC(0000,49,0,0,0)
[ 3491463] ASYNC(0000,49,0,0,0)
[ 3493512] ASYNC(0000,49,0,0,0)
[ 3494440] ASYNC(0000,49,0,0,0)
[ 3494843] ASYNC(0000,49,0,0,0)
[ 3495687] ASYNC(0000,49,0,0,0)
[ 3496384] ASYNC(0000,49,0,0,0)
[ 3499452] ASYNC(0000,49,0,0,0)
[ 3499661] ASYNC(0000,49,0,0,0)
[ 3499987] ASYNC(0000,49,0,0,0)
[ 3500681] ASYNC(0000,49,0,0,0)
[ 3500888] ASYNC(0000,49,0,0,0)
[ 3501396] ASYNC(0000,49,0,0,0)
[ 3504496] ASYNC(0000,49,0,0,0)
[ 3505084] ASYNC(0000,49,0,0,0)
[ 3505085] ASYNC(0000,49,0,0,0)
[ 3505730] ASYNC(0000,49,0,0,0)
[ 3506418] ASYNC(0000,49,0,0,0)
[ 3507755] ASYNC(0000,49,0,0,0)
[ 3509385] ASYNC(0000,49,0,0,0)
[ 3509696] ASYNC(0000,49,0,0,0)
[ 3510613] ASYNC(0000,49,0,0,0)
[ 3511456] ASYNC(0000,49,0,0,0)
Still checking Wi-Fi connection...
Debug: connected: True status: 3
Actual PM: 0x11
[ 3513687] ASYNC(0000,49,0,0,0)
[ 3513690] ASYNC(0000,49,0,0,0)
[ 3515748] ASYNC(0000,49,0,0,0)
[ 3516453] ASYNC(0000,49,0,0,0)
[ 3519453] ASYNC(0000,49,0,0,0)
[ 3519526] ASYNC(0000,49,0,0,0)
[ 3519649] ASYNC(0000,49,0,0,0)
[ 3521492] ASYNC(0000,49,0,0,0)
[ 3524439] ASYNC(0000,49,0,0,0)
[ 3525255] ASYNC(0000,49,0,0,0)
[ 3525256] ASYNC(0000,49,0,0,0)
[ 3525257] ASYNC(0000,49,0,0,0)
[ 3525666] ASYNC(0000,49,0,0,0)
[ 3526384] ASYNC(0000,49,0,0,0)
[ 3527103] ASYNC(0000,49,0,0,0)
[ 3528463] ASYNC(0000,49,0,0,0)
[ 3529480] ASYNC(0000,49,0,0,0)
[ 3529662] ASYNC(0000,49,0,0,0)
[ 3530684] ASYNC(0000,49,0,0,0)
[ 3531401] ASYNC(0000,49,0,0,0)
[ 3534474] ASYNC(0000,49,0,0,0)
[ 3534682] ASYNC(0000,49,0,0,0)
[ 3536318] ASYNC(0000,49,0,0,0)
[ 3536443] ASYNC(0000,49,0,0,0)
[ 3536730] ASYNC(0000,49,0,0,0)
[ 3539525] ASYNC(0000,49,0,0,0)
[ 3539595] ASYNC(0000,49,0,0,0)
[ 3539720] ASYNC(0000,49,0,0,0)
[ 3540627] ASYNC(0000,49,0,0,0)
[ 3541439] ASYNC(0000,49,0,0,0)
[ 3543183] ASYNC(0000,49,0,0,0)
[ 3543793] ASYNC(0000,49,0,0,0)
[ 3543797] ASYNC(0000,49,0,0,0)
[ 3544713] ASYNC(0000,49,0,0,0)
[ 3545052] ASYNC(0000,49,0,0,0)
[ 3545667] ASYNC(0000,49,0,0,0)
[ 3546453] ASYNC(0000,49,0,0,0)
[ 3547067] ASYNC(0000,49,0,0,0)
[ 3547580] ASYNC(0000,49,0,0,0)
[ 3548320] ASYNC(0000,49,0,0,0)
[ 3548402] ASYNC(0000,49,0,0,0)
[ 3549424] ASYNC(0000,49,0,0,0)
[ 3549764] ASYNC(0000,49,0,0,0)
[ 3550172] ASYNC(0000,49,0,0,0)
[ 3553522] ASYNC(0000,49,0,0,0)
[ 3554443] ASYNC(0000,49,0,0,0)
[ 3554646] ASYNC(0000,49,0,0,0)
[ 3555669] ASYNC(0000,49,0,0,0)
[ 3556386] ASYNC(0000,49,0,0,0)
[ 3557615] ASYNC(0000,49,0,0,0)
[ 3558467] ASYNC(0000,49,0,0,0)
[ 3559358] ASYNC(0000,49,0,0,0)
[ 3559463] ASYNC(0000,49,0,0,0)
[ 3559667] ASYNC(0000,49,0,0,0)
[ 3560380] ASYNC(0000,49,0,0,0)
[ 3560687] ASYNC(0000,49,0,0,0)
[ 3560892] ASYNC(0000,49,0,0,0)
[ 3561404] ASYNC(0000,49,0,0,0)
[ 3562735] ASYNC(0000,49,0,0,0)
[ 3564478] ASYNC(0000,49,0,0,0)
[ 3564682] ASYNC(0000,49,0,0,0)
[ 3565090] ASYNC(0000,49,0,0,0)
[ 3565608] ASYNC(0000,49,0,0,0)
[ 3566422] ASYNC(0000,49,0,0,0)
[ 3567752] ASYNC(0000,49,0,0,0)
[ 3568474] ASYNC(0000,49,0,0,0)
[ 3569495] ASYNC(0000,49,0,0,0)
[ 3569703] ASYNC(0000,49,0,0,0)
[ 3570619] ASYNC(0000,49,0,0,0)
[ 3571440] ASYNC(0000,49,0,0,0)
[ 3572978] ASYNC(0000,49,0,0,0)
[ 3573899] ASYNC(0000,49,0,0,0)
[ 3573903] ASYNC(0000,49,0,0,0)
[ 3574513] ASYNC(0000,49,0,0,0)
[ 3574717] ASYNC(0000,49,0,0,0)
[ 3575642] ASYNC(0000,49,0,0,0)
[ 3576490] ASYNC(0000,49,0,0,0)
[ 3576869] ASYNC(0000,49,0,0,0)
[ 3576870] ASYNC(0000,49,0,0,0)
[ 3579738] ASYNC(0000,49,0,0,0)
[ 3580688] ASYNC(0000,49,0,0,0)
[ 3581372] ASYNC(0000,49,0,0,0)
[ 3584449] ASYNC(0000,49,0,0,0)
[ 3584755] ASYNC(0000,49,0,0,0)
[ 3585161] ASYNC(0000,49,0,0,0)
[ 3585672] ASYNC(0000,49,0,0,0)
[ 3586390] ASYNC(0000,49,0,0,0)
[ 3587107] ASYNC(0000,49,0,0,0)
[ 3588436] ASYNC(0000,49,0,0,0)
[ 3589462] ASYNC(0000,49,0,0,0)
[ 3589701] ASYNC(0000,49,0,0,0)
[ 3590691] ASYNC(0000,49,0,0,0)
[ 3591407] ASYNC(0000,49,0,0,0)
[ 3594481] ASYNC(0000,49,0,0,0)
[ 3594685] ASYNC(0000,49,0,0,0)
[ 3595606] ASYNC(0000,49,0,0,0)
[ 3596326] ASYNC(0000,49,0,0,0)
[ 3596458] ASYNC(0000,49,0,0,0)
[ 3599498] ASYNC(0000,49,0,0,0)
[ 3599727] ASYNC(0000,49,0,0,0)
[ 3601442] ASYNC(0000,49,0,0,0)
[ 3603211] ASYNC(0000,49,0,0,0)
[ 3604005] ASYNC(0000,49,0,0,0)
[ 3604008] ASYNC(0000,49,0,0,0)
[ 3604516] ASYNC(0000,49,0,0,0)
[ 3604724] ASYNC(0000,49,0,0,0)
[ 3605027] ASYNC(0000,49,0,0,0)
[ 3605132] ASYNC(0000,49,0,0,0)
[ 3605132] ASYNC(0000,49,0,0,0)
[ 3605231] ASYNC(0000,49,0,0,0)
[ 3605641] ASYNC(0000,49,0,0,0)
[ 3607073] ASYNC(0000,49,0,0,0)
[ 3608303] ASYNC(0000,49,0,0,0)
[ 3608508] ASYNC(0000,49,0,0,0)
[ 3609533] ASYNC(0000,49,0,0,0)
[ 3609738] ASYNC(0000,49,0,0,0)
[ 3610147] ASYNC(0000,49,0,0,0)
[ 3610662] ASYNC(0000,49,0,0,0)
[ 3611408] ASYNC(0000,49,0,0,0)
[ 3613526] ASYNC(0000,49,0,0,0)
[ 3614551] ASYNC(0000,49,0,0,0)
[ 3614755] ASYNC(0000,49,0,0,0)
[ 3614856] ASYNC(0000,49,0,0,0)
[ 3615676] ASYNC(0000,49,0,0,0)
[ 3616393] ASYNC(0000,49,0,0,0)
[ 3619499] ASYNC(0000,49,0,0,0)
[ 3619773] ASYNC(0000,49,0,0,0)
[ 3619977] ASYNC(0000,49,0,0,0)
[ 3620694] ASYNC(0000,49,0,0,0)
[ 3620898] ASYNC(0000,49,0,0,0)
[ 3621411] ASYNC(0000,49,0,0,0)
[ 3624484] ASYNC(0000,49,0,0,0)
[ 3624722] ASYNC(0000,49,0,0,0)
[ 3625097] ASYNC(0000,49,0,0,0)
[ 3625608] ASYNC(0000,49,0,0,0)
[ 3626428] ASYNC(0000,49,0,0,0)
[ 3627168] ASYNC(0000,49,0,0,0)
[ 3627169] ASYNC(0000,49,0,0,0)
[ 3627759] ASYNC(0000,49,0,0,0)
[ 3628578] ASYNC(0000,49,0,0,0)
[ 3629505] ASYNC(0000,49,0,0,0)
[ 3629709] ASYNC(0000,49,0,0,0)
[ 3630626] ASYNC(0000,49,0,0,0)
[ 3632981] ASYNC(0000,49,0,0,0)
[ 3634110] ASYNC(0000,49,0,0,0)
[ 3634530] ASYNC(0000,49,0,0,0)
[ 3635650] ASYNC(0000,49,0,0,0)
[ 3636463] ASYNC(0000,49,0,0,0)
[ 3637900] ASYNC(0000,49,0,0,0)
[ 3639540] ASYNC(0000,49,0,0,0)
[ 3639745] ASYNC(0000,49,0,0,0)
[ 3644588] ASYNC(0000,49,0,0,0)
[ 3645683] ASYNC(0000,49,0,0,0)
[ 3649473] ASYNC(0000,49,0,0,0)
[ 3649606] ASYNC(0000,49,0,0,0)
[ 3650731] ASYNC(0000,49,0,0,0)
[ 3651413] ASYNC(0000,49,0,0,0)
[ 3651414] ASYNC(0000,49,0,0,0)
Still checking Wi-Fi connection...
Debug: connected: True status: 3
Actual PM: 0x11
[ 3654614] ASYNC(0000,49,0,0,0)
[ 3655612] ASYNC(0000,49,0,0,0)
[ 3656331] ASYNC(0000,49,0,0,0)
[ 3656465] ASYNC(0000,49,0,0,0)
[ 3656946] ASYNC(0000,49,0,0,0)
[ 3656947] ASYNC(0000,49,0,0,0)
[ 3659538] ASYNC(0000,49,0,0,0)
[ 3659733] ASYNC(0000,49,0,0,0)
[ 3660630] ASYNC(0000,49,0,0,0)
[ 3661453] ASYNC(0000,49,0,0,0)
[ 3663203] ASYNC(0000,49,0,0,0)
[ 3664250] ASYNC(0000,49,0,0,0)
[ 3664253] ASYNC(0000,49,0,0,0)
[ 3664522] ASYNC(0000,49,0,0,0)
[ 3664731] ASYNC(0000,49,0,0,0)
[ 3665032] ASYNC(0000,49,0,0,0)
[ 3665681] ASYNC(0000,49,0,0,0)
[ 3666491] ASYNC(0000,49,0,0,0)
[ 3667187] ASYNC(0000,49,0,0,0)
[ 3668513] ASYNC(0000,49,0,0,0)
[ 3669778] ASYNC(0000,49,0,0,0)
[ 3670187] ASYNC(0000,49,0,0,0)
[ 3670669] ASYNC(0000,49,0,0,0)
[ 3671416] ASYNC(0000,49,0,0,0)
[ 3673431] ASYNC(0000,49,0,0,0)
[ 3674557] ASYNC(0000,49,0,0,0)
[ 3674897] ASYNC(0000,49,0,0,0)
[ 3675716] ASYNC(0000,49,0,0,0)
[ 3676404] ASYNC(0000,49,0,0,0)
[ 3677834] ASYNC(0000,49,0,0,0)
[ 3677838] ASYNC(0000,49,0,0,0)
[ 3679609] ASYNC(0000,49,0,0,0)
[ 3679814] ASYNC(0000,49,0,0,0)
[ 3680016] ASYNC(0000,49,0,0,0)
[ 3680705] ASYNC(0000,49,0,0,0)
[ 3680905] ASYNC(0000,49,0,0,0)
[ 3681418] ASYNC(0000,49,0,0,0)
[ 3684596] ASYNC(0000,49,0,0,0)
[ 3684796] ASYNC(0000,49,0,0,0)
[ 3685127] ASYNC(0000,49,0,0,0)
[ 3685205] ASYNC(0000,49,0,0,0)
[ 3685307] ASYNC(0000,49,0,0,0)
[ 3685619] ASYNC(0000,49,0,0,0)
[ 3685741] ASYNC(0000,49,0,0,0)
[ 3686233] ASYNC(0000,49,0,0,0)
[ 3686751] ASYNC(0000,49,0,0,0)
[ 3687257] ASYNC(0000,49,0,0,0)
[ 3688585] ASYNC(0000,49,0,0,0)
[ 3689512] ASYNC(0000,49,0,0,0)
[ 3689716] ASYNC(0000,49,0,0,0)
[ 3690666] ASYNC(0000,49,0,0,0)
[ 3691486] ASYNC(0000,49,0,0,0)
[ 3692919] ASYNC(0000,49,0,0,0)
[ 3694343] ASYNC(0000,49,0,0,0)
[ 3694349] ASYNC(0000,49,0,0,0)
[ 3694730] ASYNC(0000,49,0,0,0)
[ 3695651] ASYNC(0000,49,0,0,0)
[ 3699782] ASYNC(0000,49,0,0,0)
[ 3701389] ASYNC(0000,49,0,0,0)
[ 3704594] ASYNC(0000,49,0,0,0)
[ 3705690] ASYNC(0000,49,0,0,0)
[ 3706412] ASYNC(0000,49,0,0,0)
[ 3707221] ASYNC(0000,49,0,0,0)
[ 3707938] ASYNC(0000,49,0,0,0)
[ 3709582] ASYNC(0000,49,0,0,0)
[ 3709783] ASYNC(0000,49,0,0,0)
[ 3710605] ASYNC(0000,49,0,0,0)
[ 3711428] ASYNC(0000,49,0,0,0)
[ 3711429] ASYNC(0000,49,0,0,0)
[ 3714620] ASYNC(0000,49,0,0,0)
[ 3714834] ASYNC(0000,49,0,0,0)
[ 3715626] ASYNC(0000,49,0,0,0)
[ 3716439] ASYNC(0000,49,0,0,0)
[ 3716950] ASYNC(0000,49,0,0,0)
[ 3719617] ASYNC(0000,49,0,0,0)
[ 3719822] ASYNC(0000,49,0,0,0)
[ 3720640] ASYNC(0000,49,0,0,0)
[ 3721460] ASYNC(0000,49,0,0,0)
[ 3723204] ASYNC(0000,49,0,0,0)
[ 3724430] ASYNC(0000,49,0,0,0)
[ 3724434] ASYNC(0000,49,0,0,0)
[ 3724666] ASYNC(0000,49,0,0,0)
[ 3724738] ASYNC(0000,49,0,0,0)
[ 3725074] ASYNC(0000,49,0,0,0)
[ 3725278] ASYNC(0000,49,0,0,0)
[ 3725654] ASYNC(0000,49,0,0,0)
[ 3728321] ASYNC(0000,49,0,0,0)
[ 3729750] ASYNC(0000,49,0,0,0)
[ 3730160] ASYNC(0000,49,0,0,0)
[ 3730706] ASYNC(0000,49,0,0,0)
[ 3731391] ASYNC(0000,49,0,0,0)
[ 3733543] ASYNC(0000,49,0,0,0)
[ 3734670] ASYNC(0000,49,0,0,0)
[ 3734769] ASYNC(0000,49,0,0,0)
[ 3734904] ASYNC(0000,49,0,0,0)
[ 3735689] ASYNC(0000,49,0,0,0)
[ 3736410] ASYNC(0000,49,0,0,0)
[ 3737024] ASYNC(0000,49,0,0,0)
[ 3737025] ASYNC(0000,49,0,0,0)
[ 3739616] ASYNC(0000,49,0,0,0)
[ 3739821] ASYNC(0000,49,0,0,0)
[ 3740638] ASYNC(0000,49,0,0,0)
[ 3740910] ASYNC(0000,49,0,0,0)
[ 3741423] ASYNC(0000,49,0,0,0)
[ 3744603] ASYNC(0000,49,0,0,0)
[ 3744808] ASYNC(0000,49,0,0,0)
[ 3745134] ASYNC(0000,49,0,0,0)
[ 3745626] ASYNC(0000,49,0,0,0)
[ 3746446] ASYNC(0000,49,0,0,0)
[ 3747264] ASYNC(0000,49,0,0,0)
[ 3747789] ASYNC(0000,49,0,0,0)
[ 3749617] ASYNC(0000,49,0,0,0)
[ 3749821] ASYNC(0000,49,0,0,0)
[ 3751493] ASYNC(0000,49,0,0,0)
[ 3752998] ASYNC(0000,49,0,0,0)
[ 3754639] ASYNC(0000,49,0,0,0)
[ 3754643] ASYNC(0000,49,0,0,0)
[ 3754646] ASYNC(0000,49,0,0,0)
[ 3754839] ASYNC(0000,49,0,0,0)
[ 3756379] ASYNC(0000,49,0,0,0)
[ 3757094] ASYNC(0000,49,0,0,0)
[ 3760709] ASYNC(0000,49,0,0,0)
[ 3761396] ASYNC(0000,49,0,0,0)
[ 3764669] ASYNC(0000,49,0,0,0)
[ 3764807] ASYNC(0000,49,0,0,0)
[ 3765286] ASYNC(0000,49,0,0,0)
[ 3765287] ASYNC(0000,49,0,0,0)
[ 3765697] ASYNC(0000,49,0,0,0)
[ 3765819] ASYNC(0000,49,0,0,0)
[ 3768082] ASYNC(0000,49,0,0,0)
[ 3768083] ASYNC(0000,49,0,0,0)
[ 3769583] ASYNC(0000,49,0,0,0)
[ 3769824] ASYNC(0000,49,0,0,0)
[ 3770334] ASYNC(0000,49,0,0,0)
[ 3770612] ASYNC(0000,49,0,0,0)
[ 3771431] ASYNC(0000,49,0,0,0)
[ 3771432] ASYNC(0000,49,0,0,0)
[ 3774602] ASYNC(0000,49,0,0,0)
[ 3774832] ASYNC(0000,49,0,0,0)
[ 3775650] ASYNC(0000,49,0,0,0)
[ 3776347] ASYNC(0000,49,0,0,0)
[ 3776481] ASYNC(0000,49,0,0,0)
[ 3779624] ASYNC(0000,49,0,0,0)
[ 3779825] ASYNC(0000,49,0,0,0)
[ 3781466] ASYNC(0000,49,0,0,0)
[ 3783309] ASYNC(0000,49,0,0,0)
[ 3784750] ASYNC(0000,49,0,0,0)
[ 3784842] ASYNC(0000,49,0,0,0)
[ 3785685] ASYNC(0000,49,0,0,0)
[ 3786412] ASYNC(0000,49,0,0,0)
[ 3788431] ASYNC(0000,49,0,0,0)
[ 3788667] ASYNC(0000,49,0,0,0)
[ 3788668] ASYNC(0000,49,0,0,0)
[ 3789655] ASYNC(0000,49,0,0,0)
[ 3789864] ASYNC(0000,49,0,0,0)
[ 3790682] ASYNC(0000,49,0,0,0)
[ 3791395] ASYNC(0000,49,0,0,0)
Still checking Wi-Fi connection...
Debug: connected: True status: 3
Actual PM: 0x11
[ 3793544] ASYNC(0000,49,0,0,0)
[ 3794673] ASYNC(0000,49,0,0,0)
[ 3794780] ASYNC(0000,49,0,0,0)
[ 3794876] ASYNC(0000,49,0,0,0)
[ 3795696] ASYNC(0000,49,0,0,0)
[ 3796417] ASYNC(0000,49,0,0,0)
[ 3797030] ASYNC(0000,49,0,0,0)
[ 3799690] ASYNC(0000,49,0,0,0)
[ 3799827] ASYNC(0000,49,0,0,0)
[ 3799996] ASYNC(0000,49,0,0,0)
[ 3800923] ASYNC(0000,49,0,0,0)
[ 3801430] ASYNC(0000,49,0,0,0)
[ 3804734] ASYNC(0000,49,0,0,0)
[ 3804814] ASYNC(0000,49,0,0,0)
[ 3805132] ASYNC(0000,49,0,0,0)
[ 3805320] ASYNC(0000,49,0,0,0)
[ 3805633] ASYNC(0000,49,0,0,0)
[ 3807789] ASYNC(0000,49,0,0,0)
[ 3809852] ASYNC(0000,49,0,0,0)
[ 3810671] ASYNC(0000,49,0,0,0)
[ 3811466] ASYNC(0000,49,0,0,0)
[ 3813005] ASYNC(0000,49,0,0,0)
[ 3814846] ASYNC(0000,49,0,0,0)
[ 3814852] ASYNC(0000,49,0,0,0)
[ 3815668] ASYNC(0000,49,0,0,0)
[ 3816382] ASYNC(0000,49,0,0,0)
[ 3817101] ASYNC(0000,49,0,0,0)
[ 3817102] ASYNC(0000,49,0,0,0)
[ 3819693] ASYNC(0000,49,0,0,0)
[ 3819898] ASYNC(0000,49,0,0,0)
[ 3820716] ASYNC(0000,49,0,0,0)
[ 3821398] ASYNC(0000,49,0,0,0)
[ 3824676] ASYNC(0000,49,0,0,0)
[ 3825703] ASYNC(0000,49,0,0,0)
[ 3826416] ASYNC(0000,49,0,0,0)
[ 3826727] ASYNC(0000,49,0,0,0)
[ 3829729] ASYNC(0000,49,0,0,0)
[ 3829800] ASYNC(0000,49,0,0,0)
[ 3831438] ASYNC(0000,49,0,0,0)
[ 3831438] ASYNC(0000,49,0,0,0)
[ 3834718] ASYNC(0000,49,0,0,0)
[ 3834814] ASYNC(0000,49,0,0,0)
[ 3835667] ASYNC(0000,49,0,0,0)
[ 3836355] ASYNC(0000,49,0,0,0)
[ 3837099] ASYNC(0000,49,0,0,0)
[ 3839729] ASYNC(0000,49,0,0,0)
[ 3839835] ASYNC(0000,49,0,0,0)
[ 3840655] ASYNC(0000,49,0,0,0)
[ 3843213] ASYNC(0000,49,0,0,0)
[ 3844952] ASYNC(0000,49,0,0,0)
[ 3844958] ASYNC(0000,49,0,0,0)
[ 3845087] ASYNC(0000,49,0,0,0)
[ 3845692] ASYNC(0000,49,0,0,0)
[ 3846419] ASYNC(0000,49,0,0,0)
[ 3848329] ASYNC(0000,49,0,0,0)
[ 3848436] ASYNC(0000,49,0,0,0)
[ 3849871] ASYNC(0000,49,0,0,0)
[ 3850275] ASYNC(0000,49,0,0,0)
[ 3850689] ASYNC(0000,49,0,0,0)
[ 3851436] ASYNC(0000,49,0,0,0)
[ 3853556] ASYNC(0000,49,0,0,0)
[ 3854680] ASYNC(0000,49,0,0,0)
[ 3854919] ASYNC(0000,49,0,0,0)
[ 3854920] ASYNC(0000,49,0,0,0)
[ 3855727] ASYNC(0000,49,0,0,0)
[ 3859701] ASYNC(0000,49,0,0,0)
[ 3859816] ASYNC(0000,49,0,0,0)
[ 3861438] ASYNC(0000,49,0,0,0)
[ 3864821] ASYNC(0000,49,0,0,0)
[ 3865147] ASYNC(0000,49,0,0,0)
[ 3865640] ASYNC(0000,49,0,0,0)
[ 3866459] ASYNC(0000,49,0,0,0)
[ 3867411] ASYNC(0000,49,0,0,0)
[ 3867821] ASYNC(0000,49,0,0,0)
[ 3868629] ASYNC(0000,49,0,0,0)
[ 3868630] ASYNC(0000,49,0,0,0)
[ 3869733] ASYNC(0000,49,0,0,0)
[ 3869834] ASYNC(0000,49,0,0,0)
[ 3870652] ASYNC(0000,49,0,0,0)
[ 3871369] ASYNC(0000,49,0,0,0)
[ 3872934] ASYNC(0000,49,0,0,0)
[ 3874750] ASYNC(0000,49,0,0,0)
[ 3874856] ASYNC(0000,49,0,0,0)
[ 3875675] ASYNC(0000,49,0,0,0)
[ 3876422] ASYNC(0000,49,0,0,0)
[ 3879772] ASYNC(0000,49,0,0,0)
[ 3879881] ASYNC(0000,49,0,0,0)
[ 3880688] ASYNC(0000,49,0,0,0)
[ 3881409] ASYNC(0000,49,0,0,0)
[ 3885710] ASYNC(0000,49,0,0,0)
[ 3885711] ASYNC(0000,49,0,0,0)
[ 3887348] ASYNC(0000,49,0,0,0)
[ 3889803] ASYNC(0000,49,0,0,0)
[ 3889930] ASYNC(0000,49,0,0,0)
[ 3890627] ASYNC(0000,49,0,0,0)
[ 3891441] ASYNC(0000,49,0,0,0)
[ 3891444] ASYNC(0000,49,0,0,0)
[ 3894718] ASYNC(0000,49,0,0,0)
[ 3894855] ASYNC(0000,49,0,0,0)
[ 3896361] ASYNC(0000,49,0,0,0)
[ 3896482] ASYNC(0000,49,0,0,0)
[ 3897178] ASYNC(0000,49,0,0,0)
[ 3897179] ASYNC(0000,49,0,0,0)
[ 3899735] ASYNC(0000,49,0,0,0)
[ 3899838] ASYNC(0000,49,0,0,0)
[ 3900661] ASYNC(0000,49,0,0,0)
[ 3901373] ASYNC(0000,49,0,0,0)
[ 3903322] ASYNC(0000,49,0,0,0)
[ 3904758] ASYNC(0000,49,0,0,0)
[ 3904893] ASYNC(0000,49,0,0,0)
[ 3905080] ASYNC(0000,49,0,0,0)
[ 3905172] ASYNC(0000,49,0,0,0)
[ 3905176] ASYNC(0000,49,0,0,0)
[ 3905370] ASYNC(0000,49,0,0,0)
[ 3905371] ASYNC(0000,49,0,0,0)
[ 3905698] ASYNC(0000,49,0,0,0)
[ 3905985] ASYNC(0000,49,0,0,0)
[ 3906394] ASYNC(0000,49,0,0,0)
[ 3906396] ASYNC(0000,49,0,0,0)
[ 3908438] ASYNC(0000,49,0,0,0)
[ 3908647] ASYNC(0000,49,0,0,0)
[ 3909796] ASYNC(0000,49,0,0,0)
[ 3909877] ASYNC(0000,49,0,0,0)
[ 3910281] ASYNC(0000,49,0,0,0)
[ 3910696] ASYNC(0000,49,0,0,0)
[ 3913660] ASYNC(0000,49,0,0,0)
[ 3914799] ASYNC(0000,49,0,0,0)
[ 3914892] ASYNC(0000,49,0,0,0)
[ 3914893] ASYNC(0000,49,0,0,0)
[ 3915611] ASYNC(0000,49,0,0,0)
[ 3916430] ASYNC(0000,49,0,0,0)
[ 3917249] ASYNC(0000,49,0,0,0)
[ 3919806] ASYNC(0000,49,0,0,0)
[ 3919913] ASYNC(0000,49,0,0,0)
[ 3920111] ASYNC(0000,49,0,0,0)
[ 3920662] ASYNC(0000,49,0,0,0)
[ 3920935] ASYNC(0000,49,0,0,0)
[ 3921481] ASYNC(0000,49,0,0,0)
[ 3924738] ASYNC(0000,49,0,0,0)
[ 3925167] ASYNC(0000,49,0,0,0)
[ 3925646] ASYNC(0000,49,0,0,0)
[ 3926460] ASYNC(0000,49,0,0,0)
[ 3927382] ASYNC(0000,49,0,0,0)
[ 3927383] ASYNC(0000,49,0,0,0)
[ 3927791] ASYNC(0000,49,0,0,0)
[ 3930695] ASYNC(0000,49,0,0,0)
[ 3931380] ASYNC(0000,49,0,0,0)
Still checking Wi-Fi connection...
Debug: connected: True status: 3
Actual PM: 0x11
[ 3933018] ASYNC(0000,49,0,0,0)
[ 3934863] ASYNC(0000,49,0,0,0)
[ 3935276] ASYNC(0000,49,0,0,0)
[ 3935279] ASYNC(0000,49,0,0,0)
[ 3935681] ASYNC(0000,49,0,0,0)
[ 3936406] ASYNC(0000,49,0,0,0)
[ 3937248] ASYNC(0000,49,0,0,0)
[ 3938550] ASYNC(0000,49,0,0,0)
[ 3938552] ASYNC(0000,49,0,0,0)
[ 3939779] ASYNC(0000,49,0,0,0)
[ 3939912] ASYNC(0000,49,0,0,0)
[ 3941416] ASYNC(0000,49,0,0,0)
[ 3944898] ASYNC(0000,49,0,0,0)
[ 3945635] ASYNC(0000,49,0,0,0)
[ 3948788] ASYNC(0000,49,0,0,0)
[ 3948789] ASYNC(0000,49,0,0,0)
[ 3949814] ASYNC(0000,49,0,0,0)
[ 3949921] ASYNC(0000,49,0,0,0)
[ 3950629] ASYNC(0000,49,0,0,0)
[ 3951448] ASYNC(0000,49,0,0,0)
[ 3951451] ASYNC(0000,49,0,0,0)
[ 3954934] ASYNC(0000,49,0,0,0)
[ 3955681] ASYNC(0000,49,0,0,0)
[ 3956367] ASYNC(0000,49,0,0,0)
[ 3956489] ASYNC(0000,49,0,0,0)
[ 3959849] ASYNC(0000,49,0,0,0)
[ 3959852] ASYNC(0000,49,0,0,0)
[ 3960667] ASYNC(0000,49,0,0,0)
[ 3965091] ASYNC(0000,49,0,0,0)
[ 3965380] ASYNC(0000,49,0,0,0)
[ 3965383] ASYNC(0000,49,0,0,0)
[ 3965716] ASYNC(0000,49,0,0,0)
[ 3966401] ASYNC(0000,49,0,0,0)
[ 3967422] ASYNC(0000,49,0,0,0)
[ 3968449] ASYNC(0000,49,0,0,0)
[ 3968650] ASYNC(0000,49,0,0,0)
[ 3969784] ASYNC(0000,49,0,0,0)
[ 3969884] ASYNC(0000,49,0,0,0)
[ 3970186] ASYNC(0000,49,0,0,0)
[ 3971450] ASYNC(0000,49,0,0,0)
[ 3973569] ASYNC(0000,49,0,0,0)
[ 3974800] ASYNC(0000,49,0,0,0)
[ 3974916] ASYNC(0000,49,0,0,0)
[ 3974918] ASYNC(0000,49,0,0,0)
[ 3975618] ASYNC(0000,49,0,0,0)
[ 3976437] ASYNC(0000,49,0,0,0)
[ 3977255] ASYNC(0000,49,0,0,0)
[ 3977256] ASYNC(0000,49,0,0,0)
[ 3978485] ASYNC(0000,49,0,0,0)
[ 3978485] ASYNC(0000,49,0,0,0)
[ 3979916] ASYNC(0000,49,0,0,0)
[ 3980123] ASYNC(0000,49,0,0,0)
[ 3980656] ASYNC(0000,49,0,0,0)
[ 3981485] ASYNC(0000,49,0,0,0)
[ 3984835] ASYNC(0000,49,0,0,0)
[ 3984968] ASYNC(0000,49,0,0,0)
[ 3985161] ASYNC(0000,49,0,0,0)
[ 3985443] ASYNC(0000,49,0,0,0)
[ 3985581] ASYNC(0000,49,0,0,0)
[ 3985653] ASYNC(0000,49,0,0,0)
[ 3986472] ASYNC(0000,49,0,0,0)
[ 3986473] ASYNC(0000,49,0,0,0)
[ 3987495] ASYNC(0000,49,0,0,0)
[ 3988755] ASYNC(0000,49,0,0,0)
[ 3989850] ASYNC(0000,49,0,0,0)
[ 3989986] ASYNC(0000,49,0,0,0)
[ 3990678] ASYNC(0000,49,0,0,0)
[ 3993025] ASYNC(0000,49,0,0,0)
[ 3994870] ASYNC(0000,49,0,0,0)
[ 3994873] ASYNC(0000,49,0,0,0)
[ 3995485] ASYNC(0000,49,0,0,0)
[ 3995489] ASYNC(0000,49,0,0,0)
[ 3995688] ASYNC(0000,49,0,0,0)
[ 3996404] ASYNC(0000,49,0,0,0)
[ 3997244] ASYNC(0000,49,0,0,0)
[ 3999919] ASYNC(0000,49,0,0,0)
[ 3999922] ASYNC(0000,49,0,0,0)
[ 4000737] ASYNC(0000,49,0,0,0)
[ 4001423] ASYNC(0000,49,0,0,0)
[ 4005652] ASYNC(0000,49,0,0,0)
[ 4007361] ASYNC(0000,49,0,0,0)
[ 4008509] ASYNC(0000,49,0,0,0)
[ 4009817] ASYNC(0000,49,0,0,0)
[ 4010639] ASYNC(0000,49,0,0,0)
[ 4011458] ASYNC(0000,49,0,0,0)
[ 4014940] ASYNC(0000,49,0,0,0)
[ 4015677] ASYNC(0000,49,0,0,0)
[ 4016271] ASYNC(0000,49,0,0,0)
[ 4016492] ASYNC(0000,49,0,0,0)
[ 4017325] ASYNC(0000,49,0,0,0)
[ 4019854] ASYNC(0000,49,0,0,0)
[ 4019989] ASYNC(0000,49,0,0,0)
[ 4020674] ASYNC(0000,49,0,0,0)
[ 4021422] ASYNC(0000,49,0,0,0)
[ 4024872] ASYNC(0000,49,0,0,0)
[ 4024976] ASYNC(0000,49,0,0,0)
[ 4025289] ASYNC(0000,49,0,0,0)
[ 4025384] ASYNC(0000,49,0,0,0)
[ 4025723] ASYNC(0000,49,0,0,0)
[ 4026439] ASYNC(0000,49,0,0,0)
[ 4026440] ASYNC(0000,49,0,0,0)
[ 4026721] ASYNC(0000,49,0,0,0)
[ 4027434] ASYNC(0000,49,0,0,0)
[ 4028456] ASYNC(0000,49,0,0,0)
[ 4029891] ASYNC(0000,49,0,0,0)
[ 4029894] ASYNC(0000,49,0,0,0)
[ 4030709] ASYNC(0000,49,0,0,0)
[ 4031457] ASYNC(0000,49,0,0,0)
[ 4031733] ASYNC(0000,49,0,0,0)
[ 4033709] ASYNC(0000,49,0,0,0)
[ 4034904] ASYNC(0000,49,0,0,0)
[ 4034905] ASYNC(0000,49,0,0,0)
[ 4034908] ASYNC(0000,49,0,0,0)
[ 4035624] ASYNC(0000,49,0,0,0)
[ 4036443] ASYNC(0000,49,0,0,0)
[ 4039926] ASYNC(0000,49,0,0,0)
[ 4039929] ASYNC(0000,49,0,0,0)
[ 4040023] ASYNC(0000,49,0,0,0)
[ 4040948] ASYNC(0000,49,0,0,0)
[ 4044944] ASYNC(0000,49,0,0,0)
[ 4044946] ASYNC(0000,49,0,0,0)
[ 4045660] ASYNC(0000,49,0,0,0)
[ 4046373] ASYNC(0000,49,0,0,0)
[ 4047502] ASYNC(0000,49,0,0,0)
[ 4047912] ASYNC(0000,49,0,0,0)
[ 4048731] ASYNC(0000,49,0,0,0)
[ 4049750] ASYNC(0000,49,0,0,0)
[ 4049873] ASYNC(0000,49,0,0,0)
[ 4049961] ASYNC(0000,49,0,0,0)
[ 4050672] ASYNC(0000,49,0,0,0)
[ 4051394] ASYNC(0000,49,0,0,0)
[ 4053032] ASYNC(0000,49,0,0,0)
[ 4054874] ASYNC(0000,49,0,0,0)
[ 4055011] ASYNC(0000,49,0,0,0)
[ 4055698] ASYNC(0000,49,0,0,0)
[ 4057333] ASYNC(0000,49,0,0,0)
[ 4057334] ASYNC(0000,49,0,0,0)
[ 4060744] ASYNC(0000,49,0,0,0)
[ 4061429] ASYNC(0000,49,0,0,0)
[ 4064912] ASYNC(0000,49,0,0,0)
[ 4064915] ASYNC(0000,49,0,0,0)
[ 4066479] ASYNC(0000,49,0,0,0)
[ 4066753] ASYNC(0000,49,0,0,0)
[ 4066754] ASYNC(0000,49,0,0,0)
[ 4067261] ASYNC(0000,49,0,0,0)
[ 4067491] ASYNC(0000,49,0,0,0)
[ 4068729] ASYNC(0000,49,0,0,0)
[ 4068730] ASYNC(0000,49,0,0,0)
[ 4068731] ASYNC(0000,49,0,0,0)
[ 4069952] ASYNC(0000,49,0,0,0)
[ 4069954] ASYNC(0000,49,0,0,0)
[ 4070646] ASYNC(0000,49,0,0,0)
[ 4071464] ASYNC(0000,49,0,0,0)
[ 4071465] ASYNC(0000,49,0,0,0)
Still checking Wi-Fi connection...
Debug: connected: True status: 3
Actual PM: 0x11
[ 4074947] ASYNC(0000,49,0,0,0)
[ 4074950] ASYNC(0000,49,0,0,0)
[ 4075660] ASYNC(0000,49,0,0,0)
[ 4076309] ASYNC(0000,49,0,0,0)
[ 4076380] ASYNC(0000,49,0,0,0)
[ 4079996] ASYNC(0000,49,0,0,0)
[ 4079999] ASYNC(0000,49,0,0,0)
[ 4080681] ASYNC(0000,49,0,0,0)
[ 4081429] ASYNC(0000,49,0,0,0)
[ 4083343] ASYNC(0000,49,0,0,0)
[ 4084982] ASYNC(0000,49,0,0,0)
[ 4085094] ASYNC(0000,49,0,0,0)
[ 4085719] ASYNC(0000,49,0,0,0)
[ 4085803] ASYNC(0000,49,0,0,0)
[ 4085806] ASYNC(0000,49,0,0,0)
[ 4086415] ASYNC(0000,49,0,0,0)
[ 4088774] ASYNC(0000,49,0,0,0)
[ 4088775] ASYNC(0000,49,0,0,0)
[ 4089901] ASYNC(0000,49,0,0,0)
[ 4090301] ASYNC(0000,49,0,0,0)
[ 4090440] ASYNC(0000,49,0,0,0)
[ 4093717] ASYNC(0000,49,0,0,0)
[ 4094912] ASYNC(0000,49,0,0,0)
[ 4094913] ASYNC(0000,49,0,0,0)
[ 4095018] ASYNC(0000,49,0,0,0)
[ 4095631] ASYNC(0000,49,0,0,0)
[ 4096450] ASYNC(0000,49,0,0,0)
[ 4097403] ASYNC(0000,49,0,0,0)
[ 4097812] ASYNC(0000,49,0,0,0)
[ 4099933] ASYNC(0000,49,0,0,0)
[ 4099936] ASYNC(0000,49,0,0,0)
[ 4100065] ASYNC(0000,49,0,0,0)
[ 4100669] ASYNC(0000,49,0,0,0)
[ 4100955] ASYNC(0000,49,0,0,0)
[ 4101500] ASYNC(0000,49,0,0,0)
[ 4104982] ASYNC(0000,49,0,0,0)
[ 4105052] ASYNC(0000,49,0,0,0)
[ 4105595] ASYNC(0000,49,0,0,0)
[ 4105666] ASYNC(0000,49,0,0,0)
[ 4107509] ASYNC(0000,49,0,0,0)
[ 4107919] ASYNC(0000,49,0,0,0)
[ 4109968] ASYNC(0000,49,0,0,0)
[ 4109971] ASYNC(0000,49,0,0,0)
[ 4110715] ASYNC(0000,49,0,0,0)
[ 4111401] ASYNC(0000,49,0,0,0)
[ 4113039] ASYNC(0000,49,0,0,0)
[ 4115008] ASYNC(0000,49,0,0,0)
[ 4115010] ASYNC(0000,49,0,0,0)
[ 4115702] ASYNC(0000,49,0,0,0)
[ 4116445] ASYNC(0000,49,0,0,0)
[ 4120004] ASYNC(0000,49,0,0,0)
[ 4120006] ASYNC(0000,49,0,0,0)
[ 4120617] ASYNC(0000,49,0,0,0)
[ 4121436] ASYNC(0000,49,0,0,0)
[ 4125018] ASYNC(0000,49,0,0,0)
[ 4125021] ASYNC(0000,49,0,0,0)
[ 4125655] ASYNC(0000,49,0,0,0)
[ 4126474] ASYNC(0000,49,0,0,0)
[ 4127509] ASYNC(0000,49,0,0,0)
[ 4128811] ASYNC(0000,49,0,0,0)
[ 4129957] ASYNC(0000,49,0,0,0)
[ 4129960] ASYNC(0000,49,0,0,0)
[ 4130652] ASYNC(0000,49,0,0,0)
[ 4131471] ASYNC(0000,49,0,0,0)
[ 4131472] ASYNC(0000,49,0,0,0)
[ 4134954] ASYNC(0000,49,0,0,0)
[ 4134957] ASYNC(0000,49,0,0,0)
[ 4135701] ASYNC(0000,49,0,0,0)
[ 4136305] ASYNC(0000,49,0,0,0)
[ 4136388] ASYNC(0000,49,0,0,0)
[ 4137533] ASYNC(0000,49,0,0,0)
[ 4140687] ASYNC(0000,49,0,0,0)
[ 4141425] ASYNC(0000,49,0,0,0)
[ 4143349] ASYNC(0000,49,0,0,0)
[ 4145023] ASYNC(0000,49,0,0,0)
[ 4145025] ASYNC(0000,49,0,0,0)
[ 4145111] ASYNC(0000,49,0,0,0)
[ 4145725] ASYNC(0000,49,0,0,0)
[ 4146015] ASYNC(0000,49,0,0,0)
[ 4146019] ASYNC(0000,49,0,0,0)
[ 4146217] ASYNC(0000,49,0,0,0)
[ 4146218] ASYNC(0000,49,0,0,0)
[ 4146422] ASYNC(0000,49,0,0,0)
[ 4146749] ASYNC(0000,49,0,0,0)
[ 4147556] ASYNC(0000,49,0,0,0)
[ 4148469] ASYNC(0000,49,0,0,0)
[ 4148471] ASYNC(0000,49,0,0,0)
[ 4148879] ASYNC(0000,49,0,0,0)
[ 4149525] ASYNC(0000,49,0,0,0)
[ 4150003] ASYNC(0000,49,0,0,0)
[ 4150005] ASYNC(0000,49,0,0,0)
test.bash: Running wget
[ 4150313] ASYNC(0000,49,0,0,0)
[ 4151460] ASYNC(0000,49,0,0,0)
[ 4153589] ASYNC(0000,49,0,0,0)
[ 4155025] ASYNC(0000,49,0,0,0)
[ 4155026] ASYNC(0000,49,0,0,0)
[ 4155028] ASYNC(0000,49,0,0,0)
[ 4155638] ASYNC(0000,49,0,0,0)
[ 4156457] ASYNC(0000,49,0,0,0)
[ 4160064] ASYNC(0000,49,0,0,0)
[ 4160138] ASYNC(0000,49,0,0,0)
[ 4160676] ASYNC(0000,49,0,0,0)
[ 4160962] ASYNC(0000,49,0,0,0)
[ 4161269] ASYNC(0000,49,0,0,0)
[ 4162289] ASYNC(0000,49,0,0,0)
[ 4162293] ASYNC(0000,49,0,0,0)
[ 4162399] ASYNC(0000,49,0,0,0)
[ 4163350] ASYNC(0000,49,0,0,0)
[ 4163420] ASYNC(0000,49,0,0,0)
test.bash: Failed at 2048 seconds
