test.bash: INIT=1 MAX=3600
test.bash: Waiting for reset
test.bash: Waiting for the server to start
Random selected PM: None
Starting server. OS: (sysname='rp2', nodename='rp2', release='1.24.1', version='v1.24.1 on 2024-11-29 (GNU 13.2.0 MinSizeRel)', machine='Raspberry Pi Pico W with RP2040') PM: None
Trying to connect...
Waiting for connection (0/5)...
[   14998] ASYNC(0000,ASSOC_REQ_IE,0,0,0)
[   14998] ASYNC(0000,AUTH,0,0,0)
[   15005] ASYNC(0000,ASSOC_RESP_IE,0,0,0)
[   15005] ASYNC(0000,ASSOC,0,0,0)
[   15005] ASYNC(0001,LINK,0,0,0)
[   15018] ASYNC(0000,PSK_SUP,6,0,0)
[   15031] ASYNC(0000,JOIN,0,0,0)
[   15031] ASYNC(0000,SET_SSID,0,0,0)
Connected: ('192.168.1.4', '255.255.255.0', '192.168.1.1', '192.168.1.1')
Actual PM: 0xa11142
test.bash: Sleeping for 1 seconds
Current time: Mon Dec 30 04:32:59 AM EST 2024
Sleeping until Mon Dec 30 04:33:00 AM EST 2024
test.bash: Running wget
1609459222	: GET /temp
Console: Getting Temp...
test.bash: Response: {"unit": "C", "temp": 29.85327}
test.bash: Sleeping for 2 seconds
Current time: Mon Dec 30 04:33:00 AM EST 2024
Sleeping until Mon Dec 30 04:33:02 AM EST 2024
test.bash: Running wget
1609459224	: GET /temp
Console: Getting Temp...
test.bash: Response: {"unit": "C", "temp": 32.19402}
test.bash: Sleeping for 4 seconds
Current time: Mon Dec 30 04:33:02 AM EST 2024
Sleeping until Mon Dec 30 04:33:06 AM EST 2024
test.bash: Running wget
1609459228	: GET /temp
Console: Getting Temp...
test.bash: Response: {"unit": "C", "temp": 32.19402}
test.bash: Sleeping for 8 seconds
Current time: Mon Dec 30 04:33:07 AM EST 2024
Sleeping until Mon Dec 30 04:33:15 AM EST 2024
test.bash: Running wget
1609459236	: GET /temp
Console: Getting Temp...
test.bash: Response: {"unit": "C", "temp": 32.66213}
test.bash: Sleeping for 16 seconds
Current time: Mon Dec 30 04:33:15 AM EST 2024
Sleeping until Mon Dec 30 04:33:31 AM EST 2024
test.bash: Running wget
1609459253	: GET /temp
Console: Getting Temp...
test.bash: Response: {"unit": "C", "temp": 32.66213}
test.bash: Sleeping for 32 seconds
Current time: Mon Dec 30 04:33:31 AM EST 2024
Sleeping until Mon Dec 30 04:34:03 AM EST 2024
test.bash: Running wget
1609459285	: GET /temp
Console: Getting Temp...
test.bash: Response: {"unit": "C", "temp": 32.66213}
test.bash: Sleeping for 64 seconds
Current time: Mon Dec 30 04:34:03 AM EST 2024
Sleeping until Mon Dec 30 04:35:07 AM EST 2024
test.bash: Running wget
1609459349	: GET /temp
Console: Getting Temp...
test.bash: Response: {"unit": "C", "temp": 33.13027}
test.bash: Sleeping for 128 seconds
Current time: Mon Dec 30 04:35:08 AM EST 2024
Sleeping until Mon Dec 30 04:37:16 AM EST 2024
Still checking Wi-Fi connection...
Debug: connected: True status: 3
Actual PM: 0xa11142
test.bash: Running wget
1609459477	: GET /temp
Console: Getting Temp...
test.bash: Response: {"unit": "C", "temp": 33.13027}
test.bash: Sleeping for 256 seconds
Current time: Mon Dec 30 04:37:16 AM EST 2024
Sleeping until Mon Dec 30 04:41:32 AM EST 2024
Still checking Wi-Fi connection...
Debug: connected: True status: 3
Actual PM: 0xa11142
Still checking Wi-Fi connection...
Debug: connected: True status: 3
Actual PM: 0xa11142
test.bash: Running wget
1609459733	: GET /temp
Console: Getting Temp...
test.bash: Response: {"unit": "C", "temp": 32.66213}
test.bash: Sleeping for 512 seconds
Current time: Mon Dec 30 04:41:32 AM EST 2024
Sleeping until Mon Dec 30 04:50:04 AM EST 2024
Still checking Wi-Fi connection...
Debug: connected: True status: 3
Actual PM: 0xa11142
Still checking Wi-Fi connection...
Debug: connected: True status: 3
Actual PM: 0xa11142
Still checking Wi-Fi connection...
Debug: connected: True status: 3
Actual PM: 0xa11142
Still checking Wi-Fi connection...
Debug: connected: True status: 3
Actual PM: 0xa11142
test.bash: Running wget
1609460257	: GET /temp
Console: Getting Temp...
test.bash: Response: {"unit": "C", "temp": 31.2577}
test.bash: Sleeping for 1024 seconds
Current time: Mon Dec 30 04:50:15 AM EST 2024
Sleeping until Mon Dec 30 05:07:19 AM EST 2024
Still checking Wi-Fi connection...
Debug: connected: True status: 3
Actual PM: 0xa11142
Still checking Wi-Fi connection...
Debug: connected: True status: 3
Actual PM: 0xa11142
Still checking Wi-Fi connection...
Debug: connected: True status: 3
Actual PM: 0xa11142
Still checking Wi-Fi connection...
Debug: connected: True status: 3
Actual PM: 0xa11142
Still checking Wi-Fi connection...
Debug: connected: True status: 3
Actual PM: 0xa11142
Still checking Wi-Fi connection...
Debug: connected: True status: 3
Actual PM: 0xa11142
Still checking Wi-Fi connection...
Debug: connected: True status: 3
Actual PM: 0xa11142
test.bash: Running wget
test.bash: Response: {"unit": "C", "temp": 30.32144}
test.bash: Sleeping for 2048 seconds
1609461301	: GET /temp
Console: Getting Temp...
Current time: Mon Dec 30 05:07:39 AM EST 2024
Sleeping until Mon Dec 30 05:41:47 AM EST 2024
Still checking Wi-Fi connection...
Debug: connected: True status: 3
Actual PM: 0xa11142
Still checking Wi-Fi connection...
Debug: connected: True status: 3
Actual PM: 0xa11142
Still checking Wi-Fi connection...
Debug: connected: True status: 3
Actual PM: 0xa11142
Still checking Wi-Fi connection...
Debug: connected: True status: 3
Actual PM: 0xa11142
Still checking Wi-Fi connection...
Debug: connected: True status: 3
Actual PM: 0xa11142
[ 2811514] ASYNC(0000,49,0,0,0)
Still checking Wi-Fi connection...
Debug: connected: True status: 3
Actual PM: 0xa11142
[ 2811803] ASYNC(0000,49,0,0,0)
[ 2812036] ASYNC(0000,49,0,0,0)
[ 2812040] ASYNC(0000,49,0,0,0)
[ 2812950] ASYNC(0000,49,0,0,0)
[ 2815892] ASYNC(0000,49,0,0,0)
[ 2816436] ASYNC(0000,49,0,0,0)
[ 2816634] ASYNC(0000,49,0,0,0)
[ 2816824] ASYNC(0000,49,0,0,0)
[ 2816921] ASYNC(0000,49,0,0,0)
[ 2817947] ASYNC(0000,49,0,0,0)
[ 2820526] ASYNC(0000,49,0,0,0)
[ 2821140] ASYNC(0000,49,0,0,0)
[ 2822992] ASYNC(0000,49,0,0,0)
[ 2824007] ASYNC(0000,49,0,0,0)
[ 2825113] ASYNC(0000,49,0,0,0)
[ 2826138] ASYNC(0000,49,0,0,0)
[ 2826465] ASYNC(0000,49,0,0,0)
[ 2826466] ASYNC(0000,49,0,0,0)
[ 2826876] ASYNC(0000,49,0,0,0)
[ 2826877] ASYNC(0000,49,0,0,0)
[ 2827489] ASYNC(0000,49,0,0,0)
[ 2827900] ASYNC(0000,49,0,0,0)
[ 2829209] ASYNC(0000,49,0,0,0)
[ 2831149] ASYNC(0000,49,0,0,0)
[ 2831901] ASYNC(0000,49,0,0,0)
[ 2831903] ASYNC(0000,49,0,0,0)
[ 2835886] ASYNC(0000,49,0,0,0)
[ 2835887] ASYNC(0000,49,0,0,0)
[ 2836173] ASYNC(0000,49,0,0,0)
[ 2836911] ASYNC(0000,49,0,0,0)
[ 2836912] ASYNC(0000,49,0,0,0)
[ 2836914] ASYNC(0000,49,0,0,0)
[ 2837935] ASYNC(0000,49,0,0,0)
[ 2841211] ASYNC(0000,49,0,0,0)
[ 2842114] ASYNC(0000,49,0,0,0)
[ 2842118] ASYNC(0000,49,0,0,0)
[ 2842933] ASYNC(0000,49,0,0,0)
[ 2843750] ASYNC(0000,49,0,0,0)
[ 2845102] ASYNC(0000,49,0,0,0)
[ 2846208] ASYNC(0000,49,0,0,0)
[ 2846509] ASYNC(0000,49,0,0,0)
[ 2846945] ASYNC(0000,49,0,0,0)
[ 2846946] ASYNC(0000,49,0,0,0)
[ 2847971] ASYNC(0000,49,0,0,0)
[ 2851119] ASYNC(0000,49,0,0,0)
[ 2851738] ASYNC(0000,49,0,0,0)
[ 2851839] ASYNC(0000,49,0,0,0)
[ 2851841] ASYNC(0000,49,0,0,0)
[ 2852962] ASYNC(0000,49,0,0,0)
[ 2855956] ASYNC(0000,49,0,0,0)
[ 2856148] ASYNC(0000,49,0,0,0)
[ 2856859] ASYNC(0000,49,0,0,0)
[ 2856860] ASYNC(0000,49,0,0,0)
[ 2859725] ASYNC(0000,49,0,0,0)
[ 2861152] ASYNC(0000,49,0,0,0)
[ 2861281] ASYNC(0000,49,0,0,0)
[ 2861897] ASYNC(0000,49,0,0,0)
[ 2861898] ASYNC(0000,49,0,0,0)
[ 2863820] ASYNC(0000,49,0,0,0)
[ 2863821] ASYNC(0000,49,0,0,0)
[ 2864844] ASYNC(0000,49,0,0,0)
[ 2865049] ASYNC(0000,49,0,0,0)
[ 2865050] ASYNC(0000,49,0,0,0)
[ 2866401] ASYNC(0000,49,0,0,0)
[ 2866894] ASYNC(0000,49,0,0,0)
[ 2866895] ASYNC(0000,49,0,0,0)
[ 2867919] ASYNC(0000,49,0,0,0)
[ 2869992] ASYNC(0000,49,0,0,0)
[ 2871195] ASYNC(0000,49,0,0,0)
[ 2871394] ASYNC(0000,49,0,0,0)
[ 2871804] ASYNC(0000,49,0,0,0)
[ 2871928] ASYNC(0000,49,0,0,0)
[ 2872220] ASYNC(0000,49,0,0,0)
[ 2872223] ASYNC(0000,49,0,0,0)
[ 2876232] ASYNC(0000,49,0,0,0)
[ 2876341] ASYNC(0000,49,0,0,0)
[ 2876641] ASYNC(0000,49,0,0,0)
[ 2876928] ASYNC(0000,49,0,0,0)
[ 2876931] ASYNC(0000,49,0,0,0)
[ 2877957] ASYNC(0000,49,0,0,0)
[ 2880532] ASYNC(0000,49,0,0,0)
[ 2881147] ASYNC(0000,49,0,0,0)
[ 2881844] ASYNC(0000,49,0,0,0)
[ 2881846] ASYNC(0000,49,0,0,0)
[ 2882995] ASYNC(0000,49,0,0,0)
[ 2886145] ASYNC(0000,49,0,0,0)
[ 2886882] ASYNC(0000,49,0,0,0)
[ 2886884] ASYNC(0000,49,0,0,0)
[ 2887992] ASYNC(0000,49,0,0,0)
[ 2889219] ASYNC(0000,49,0,0,0)
[ 2891182] ASYNC(0000,49,0,0,0)
[ 2891880] ASYNC(0000,49,0,0,0)
[ 2891881] ASYNC(0000,49,0,0,0)
[ 2895974] ASYNC(0000,49,0,0,0)
[ 2896174] ASYNC(0000,49,0,0,0)
[ 2896918] ASYNC(0000,49,0,0,0)
[ 2896919] ASYNC(0000,49,0,0,0)
[ 2898027] ASYNC(0000,49,0,0,0)
[ 2901915] ASYNC(0000,49,0,0,0)
[ 2901916] ASYNC(0000,49,0,0,0)
[ 2902326] ASYNC(0000,49,0,0,0)
[ 2902329] ASYNC(0000,49,0,0,0)
[ 2903062] ASYNC(0000,49,0,0,0)
[ 2903879] ASYNC(0000,49,0,0,0)
[ 2904781] ASYNC(0000,49,0,0,0)
[ 2905190] ASYNC(0000,49,0,0,0)
[ 2906215] ASYNC(0000,49,0,0,0)
[ 2906542] ASYNC(0000,49,0,0,0)
[ 2906543] ASYNC(0000,49,0,0,0)
[ 2906824] ASYNC(0000,49,0,0,0)
[ 2907566] ASYNC(0000,49,0,0,0)
[ 2907978] ASYNC(0000,49,0,0,0)
[ 2908590] ASYNC(0000,49,0,0,0)
[ 2911131] ASYNC(0000,49,0,0,0)
[ 2911132] ASYNC(0000,49,0,0,0)
[ 2911133] ASYNC(0000,49,0,0,0)
[ 2911745] ASYNC(0000,49,0,0,0)
[ 2911952] ASYNC(0000,49,0,0,0)
[ 2912975] ASYNC(0000,49,0,0,0)
[ 2915937] ASYNC(0000,49,0,0,0)
[ 2916168] ASYNC(0000,49,0,0,0)
[ 2916865] ASYNC(0000,49,0,0,0)
[ 2916867] ASYNC(0000,49,0,0,0)
[ 2918013] ASYNC(0000,49,0,0,0)
[ 2919731] ASYNC(0000,49,0,0,0)
[ 2921168] ASYNC(0000,49,0,0,0)
[ 2921288] ASYNC(0000,49,0,0,0)
[ 2921903] ASYNC(0000,49,0,0,0)
[ 2921905] ASYNC(0000,49,0,0,0)
[ 2923010] ASYNC(0000,49,0,0,0)
[ 2924449] ASYNC(0000,49,0,0,0)
[ 2924853] ASYNC(0000,49,0,0,0)
[ 2925179] ASYNC(0000,49,0,0,0)
[ 2926203] ASYNC(0000,49,0,0,0)
[ 2926408] ASYNC(0000,49,0,0,0)
[ 2926612] ASYNC(0000,49,0,0,0)
[ 2926613] ASYNC(0000,49,0,0,0)
[ 2926900] ASYNC(0000,49,0,0,0)
[ 2926902] ASYNC(0000,49,0,0,0)
[ 2928048] ASYNC(0000,49,0,0,0)
[ 2929152] ASYNC(0000,49,0,0,0)
[ 2930069] ASYNC(0000,49,0,0,0)
[ 2931201] ASYNC(0000,49,0,0,0)
[ 2931506] ASYNC(0000,49,0,0,0)
[ 2931938] ASYNC(0000,49,0,0,0)
[ 2931940] ASYNC(0000,49,0,0,0)
[ 2932435] ASYNC(0000,49,0,0,0)
[ 2932439] ASYNC(0000,49,0,0,0)
[ 2933045] ASYNC(0000,49,0,0,0)
[ 2936117] ASYNC(0000,49,0,0,0)
[ 2936320] ASYNC(0000,49,0,0,0)
[ 2936622] ASYNC(0000,49,0,0,0)
[ 2936935] ASYNC(0000,49,0,0,0)
[ 2937992] ASYNC(0000,49,0,0,0)
[ 2940539] ASYNC(0000,49,0,0,0)
[ 2941128] ASYNC(0000,49,0,0,0)
[ 2941852] ASYNC(0000,49,0,0,0)
[ 2941854] ASYNC(0000,49,0,0,0)
[ 2943075] ASYNC(0000,49,0,0,0)
[ 2943894] ASYNC(0000,49,0,0,0)
[ 2944926] ASYNC(0000,49,0,0,0)
[ 2945129] ASYNC(0000,49,0,0,0)
[ 2945130] ASYNC(0000,49,0,0,0)
[ 2946151] ASYNC(0000,49,0,0,0)
[ 2946888] ASYNC(0000,49,0,0,0)
[ 2946891] ASYNC(0000,49,0,0,0)
[ 2947996] ASYNC(0000,49,0,0,0)
[ 2950139] ASYNC(0000,49,0,0,0)
[ 2951189] ASYNC(0000,49,0,0,0)
Still checking Wi-Fi connection...
Debug: connected: True status: 3
Actual PM: 0xa11142
[ 2951905] ASYNC(0000,49,0,0,0)
[ 2951907] ASYNC(0000,49,0,0,0)
[ 2953037] ASYNC(0000,49,0,0,0)
[ 2956203] ASYNC(0000,49,0,0,0)
[ 2956923] ASYNC(0000,49,0,0,0)
[ 2956926] ASYNC(0000,49,0,0,0)
[ 2958032] ASYNC(0000,49,0,0,0)
[ 2961224] ASYNC(0000,49,0,0,0)
[ 2962537] ASYNC(0000,49,0,0,0)
[ 2962541] ASYNC(0000,49,0,0,0)
[ 2963060] ASYNC(0000,49,0,0,0)
[ 2966113] ASYNC(0000,49,0,0,0)
[ 2966836] ASYNC(0000,49,0,0,0)
[ 2966958] ASYNC(0000,49,0,0,0)
[ 2966961] ASYNC(0000,49,0,0,0)
[ 2968066] ASYNC(0000,49,0,0,0)
[ 2971137] ASYNC(0000,49,0,0,0)
[ 2971749] ASYNC(0000,49,0,0,0)
[ 2971850] ASYNC(0000,49,0,0,0)
[ 2971959] ASYNC(0000,49,0,0,0)
[ 2973104] ASYNC(0000,49,0,0,0)
[ 2973309] ASYNC(0000,49,0,0,0)
[ 2976054] ASYNC(0000,49,0,0,0)
[ 2976148] ASYNC(0000,49,0,0,0)
[ 2976871] ASYNC(0000,49,0,0,0)
[ 2976874] ASYNC(0000,49,0,0,0)
[ 2978101] ASYNC(0000,49,0,0,0)
[ 2979738] ASYNC(0000,49,0,0,0)
[ 2981302] ASYNC(0000,49,0,0,0)
[ 2981882] ASYNC(0000,49,0,0,0)
[ 2981885] ASYNC(0000,49,0,0,0)
[ 2983017] ASYNC(0000,49,0,0,0)
[ 2983939] ASYNC(0000,49,0,0,0)
[ 2984967] ASYNC(0000,49,0,0,0)
[ 2986619] ASYNC(0000,49,0,0,0)
[ 2986620] ASYNC(0000,49,0,0,0)
[ 2986906] ASYNC(0000,49,0,0,0)
[ 2986909] ASYNC(0000,49,0,0,0)
[ 2987520] ASYNC(0000,49,0,0,0)
[ 2987643] ASYNC(0000,49,0,0,0)
[ 2988055] ASYNC(0000,49,0,0,0)
[ 2988538] ASYNC(0000,49,0,0,0)
[ 2991207] ASYNC(0000,49,0,0,0)
[ 2991535] ASYNC(0000,49,0,0,0)
[ 2991917] ASYNC(0000,49,0,0,0)
[ 2991920] ASYNC(0000,49,0,0,0)
[ 2992643] ASYNC(0000,49,0,0,0)
[ 2992647] ASYNC(0000,49,0,0,0)
[ 2993052] ASYNC(0000,49,0,0,0)
[ 2996124] ASYNC(0000,49,0,0,0)
[ 2996125] ASYNC(0000,49,0,0,0)
[ 2996329] ASYNC(0000,49,0,0,0)
[ 2996638] ASYNC(0000,49,0,0,0)
[ 2996739] ASYNC(0000,49,0,0,0)
[ 2996851] ASYNC(0000,49,0,0,0)
[ 2996943] ASYNC(0000,49,0,0,0)
[ 2997038] ASYNC(0000,49,0,0,0)
[ 2998090] ASYNC(0000,49,0,0,0)
[ 3000546] ASYNC(0000,49,0,0,0)
[ 3001160] ASYNC(0000,49,0,0,0)
[ 3001852] ASYNC(0000,49,0,0,0)
[ 3001965] ASYNC(0000,49,0,0,0)
[ 3003087] ASYNC(0000,49,0,0,0)
[ 3003904] ASYNC(0000,49,0,0,0)
[ 3006152] ASYNC(0000,49,0,0,0)
[ 3006774] ASYNC(0000,49,0,0,0)
[ 3006868] ASYNC(0000,49,0,0,0)
[ 3006980] ASYNC(0000,49,0,0,0)
[ 3007714] ASYNC(0000,49,0,0,0)
[ 3008125] ASYNC(0000,49,0,0,0)
[ 3009232] ASYNC(0000,49,0,0,0)
[ 3009845] ASYNC(0000,49,0,0,0)
[ 3009848] ASYNC(0000,49,0,0,0)
[ 3010868] ASYNC(0000,49,0,0,0)
[ 3011169] ASYNC(0000,49,0,0,0)
[ 3011892] ASYNC(0000,49,0,0,0)
[ 3011895] ASYNC(0000,49,0,0,0)
[ 3013122] ASYNC(0000,49,0,0,0)
[ 3016090] ASYNC(0000,49,0,0,0)
[ 3016187] ASYNC(0000,49,0,0,0)
[ 3016937] ASYNC(0000,49,0,0,0)
[ 3018160] ASYNC(0000,49,0,0,0)
[ 3021231] ASYNC(0000,49,0,0,0)
[ 3021927] ASYNC(0000,49,0,0,0)
[ 3021930] ASYNC(0000,49,0,0,0)
[ 3022749] ASYNC(0000,49,0,0,0)
[ 3022752] ASYNC(0000,49,0,0,0)
[ 3023076] ASYNC(0000,49,0,0,0)
[ 3023893] ASYNC(0000,49,0,0,0)
[ 3024890] ASYNC(0000,49,0,0,0)
[ 3025204] ASYNC(0000,49,0,0,0)
[ 3025205] ASYNC(0000,49,0,0,0)
[ 3026140] ASYNC(0000,49,0,0,0)
[ 3026967] ASYNC(0000,49,0,0,0)
[ 3026969] ASYNC(0000,49,0,0,0)
[ 3028073] ASYNC(0000,49,0,0,0)
[ 3031145] ASYNC(0000,49,0,0,0)
[ 3031758] ASYNC(0000,49,0,0,0)
[ 3031855] ASYNC(0000,49,0,0,0)
[ 3031966] ASYNC(0000,49,0,0,0)
[ 3033111] ASYNC(0000,49,0,0,0)
[ 3036155] ASYNC(0000,49,0,0,0)
[ 3037002] ASYNC(0000,49,0,0,0)
[ 3038108] ASYNC(0000,49,0,0,0)
[ 3041182] ASYNC(0000,49,0,0,0)
[ 3041301] ASYNC(0000,49,0,0,0)
[ 3041916] ASYNC(0000,49,0,0,0)
[ 3041918] ASYNC(0000,49,0,0,0)
[ 3044866] ASYNC(0000,49,0,0,0)
[ 3045192] ASYNC(0000,49,0,0,0)
[ 3046191] ASYNC(0000,49,0,0,0)
[ 3046913] ASYNC(0000,49,0,0,0)
[ 3046916] ASYNC(0000,49,0,0,0)
[ 3048146] ASYNC(0000,49,0,0,0)
[ 3050108] ASYNC(0000,49,0,0,0)
[ 3051208] ASYNC(0000,49,0,0,0)
[ 3051541] ASYNC(0000,49,0,0,0)
[ 3051951] ASYNC(0000,49,0,0,0)
[ 3051954] ASYNC(0000,49,0,0,0)
[ 3052855] ASYNC(0000,49,0,0,0)
[ 3052858] ASYNC(0000,49,0,0,0)
[ 3053181] ASYNC(0000,49,0,0,0)
[ 3056123] ASYNC(0000,49,0,0,0)
[ 3056333] ASYNC(0000,49,0,0,0)
[ 3056661] ASYNC(0000,49,0,0,0)
[ 3056866] ASYNC(0000,49,0,0,0)
[ 3056951] ASYNC(0000,49,0,0,0)
[ 3058097] ASYNC(0000,49,0,0,0)
[ 3060552] ASYNC(0000,49,0,0,0)
[ 3061169] ASYNC(0000,49,0,0,0)
[ 3061864] ASYNC(0000,49,0,0,0)
[ 3063094] ASYNC(0000,49,0,0,0)
[ 3063911] ASYNC(0000,49,0,0,0)
[ 3066158] ASYNC(0000,49,0,0,0)
[ 3066884] ASYNC(0000,49,0,0,0)
[ 3066985] ASYNC(0000,49,0,0,0)
[ 3068132] ASYNC(0000,49,0,0,0)
[ 3069154] ASYNC(0000,49,0,0,0)
[ 3071895] ASYNC(0000,49,0,0,0)
[ 3072023] ASYNC(0000,49,0,0,0)
[ 3073129] ASYNC(0000,49,0,0,0)
[ 3076096] ASYNC(0000,49,0,0,0)
[ 3076097] ASYNC(0000,49,0,0,0)
[ 3076937] ASYNC(0000,49,0,0,0)
[ 3076939] ASYNC(0000,49,0,0,0)
[ 3078167] ASYNC(0000,49,0,0,0)
[ 3081929] ASYNC(0000,49,0,0,0)
[ 3081931] ASYNC(0000,49,0,0,0)
[ 3082960] ASYNC(0000,49,0,0,0)
[ 3082964] ASYNC(0000,49,0,0,0)
[ 3083164] ASYNC(0000,49,0,0,0)
[ 3084009] ASYNC(0000,49,0,0,0)
[ 3085333] ASYNC(0000,49,0,0,0)
[ 3086646] ASYNC(0000,49,0,0,0)
[ 3086843] ASYNC(0000,49,0,0,0)
[ 3086843] ASYNC(0000,49,0,0,0)
[ 3086947] ASYNC(0000,49,0,0,0)
[ 3087258] ASYNC(0000,49,0,0,0)
[ 3088176] ASYNC(0000,49,0,0,0)
[ 3091150] ASYNC(0000,49,0,0,0)
Still checking Wi-Fi connection...
Debug: connected: True status: 3
Actual PM: 0xa11142
[ 3091765] ASYNC(0000,49,0,0,0)
[ 3091972] ASYNC(0000,49,0,0,0)
[ 3093193] ASYNC(0000,49,0,0,0)
[ 3096061] ASYNC(0000,49,0,0,0)
[ 3096189] ASYNC(0000,49,0,0,0)
[ 3096898] ASYNC(0000,49,0,0,0)
[ 3097008] ASYNC(0000,49,0,0,0)
[ 3098115] ASYNC(0000,49,0,0,0)
[ 3099751] ASYNC(0000,49,0,0,0)
[ 3101179] ASYNC(0000,49,0,0,0)
[ 3101282] ASYNC(0000,49,0,0,0)
[ 3101898] ASYNC(0000,49,0,0,0)
[ 3103153] ASYNC(0000,49,0,0,0)
[ 3104054] ASYNC(0000,49,0,0,0)
[ 3104994] ASYNC(0000,49,0,0,0)
[ 3106224] ASYNC(0000,49,0,0,0)
[ 3106512] ASYNC(0000,49,0,0,0)
[ 3106916] ASYNC(0000,49,0,0,0)
[ 3107044] ASYNC(0000,49,0,0,0)
[ 3108150] ASYNC(0000,49,0,0,0)
[ 3110094] ASYNC(0000,49,0,0,0)
[ 3111221] ASYNC(0000,49,0,0,0)
[ 3111958] ASYNC(0000,49,0,0,0)
[ 3111960] ASYNC(0000,49,0,0,0)
[ 3113064] ASYNC(0000,49,0,0,0)
[ 3113190] ASYNC(0000,49,0,0,0)
[ 3116135] ASYNC(0000,49,0,0,0)
[ 3116137] ASYNC(0000,49,0,0,0)
[ 3116340] ASYNC(0000,49,0,0,0)
[ 3116752] ASYNC(0000,49,0,0,0)
[ 3116873] ASYNC(0000,49,0,0,0)
[ 3118185] ASYNC(0000,49,0,0,0)
[ 3120559] ASYNC(0000,49,0,0,0)
[ 3121148] ASYNC(0000,49,0,0,0)
[ 3121665] ASYNC(0000,49,0,0,0)
[ 3121873] ASYNC(0000,49,0,0,0)
[ 3121994] ASYNC(0000,49,0,0,0)
[ 3123223] ASYNC(0000,49,0,0,0)
[ 3124043] ASYNC(0000,49,0,0,0)
[ 3124044] ASYNC(0000,49,0,0,0)
[ 3125271] ASYNC(0000,49,0,0,0)
[ 3126165] ASYNC(0000,49,0,0,0)
[ 3126703] ASYNC(0000,49,0,0,0)
[ 3126704] ASYNC(0000,49,0,0,0)
[ 3126908] ASYNC(0000,49,0,0,0)
[ 3127020] ASYNC(0000,49,0,0,0)
[ 3128221] ASYNC(0000,49,0,0,0)
[ 3129244] ASYNC(0000,49,0,0,0)
[ 3131183] ASYNC(0000,49,0,0,0)
[ 3131906] ASYNC(0000,49,0,0,0)
[ 3132029] ASYNC(0000,49,0,0,0)
[ 3133136] ASYNC(0000,49,0,0,0)
[ 3136208] ASYNC(0000,49,0,0,0)
[ 3136920] ASYNC(0000,49,0,0,0)
[ 3137027] ASYNC(0000,49,0,0,0)
[ 3138174] ASYNC(0000,49,0,0,0)
[ 3141115] ASYNC(0000,49,0,0,0)
[ 3141847] ASYNC(0000,49,0,0,0)
[ 3143165] ASYNC(0000,49,0,0,0)
[ 3143168] ASYNC(0000,49,0,0,0)
[ 3143174] ASYNC(0000,49,0,0,0)
[ 3144111] ASYNC(0000,49,0,0,0)
[ 3145013] ASYNC(0000,49,0,0,0)
[ 3146133] ASYNC(0000,49,0,0,0)
[ 3146856] ASYNC(0000,49,0,0,0)
[ 3146857] ASYNC(0000,49,0,0,0)
[ 3146980] ASYNC(0000,49,0,0,0)
[ 3148189] ASYNC(0000,49,0,0,0)
[ 3151766] ASYNC(0000,49,0,0,0)
[ 3151768] ASYNC(0000,49,0,0,0)
[ 3151894] ASYNC(0000,49,0,0,0)
[ 3153206] ASYNC(0000,49,0,0,0)
[ 3156167] ASYNC(0000,49,0,0,0)
[ 3156169] ASYNC(0000,49,0,0,0)
[ 3156170] ASYNC(0000,49,0,0,0)
[ 3156891] ASYNC(0000,49,0,0,0)
[ 3157015] ASYNC(0000,49,0,0,0)
[ 3158248] ASYNC(0000,49,0,0,0)
[ 3159753] ASYNC(0000,49,0,0,0)
[ 3161315] ASYNC(0000,49,0,0,0)
[ 3161929] ASYNC(0000,49,0,0,0)
[ 3162014] ASYNC(0000,49,0,0,0)
[ 3163245] ASYNC(0000,49,0,0,0)
[ 3164468] ASYNC(0000,49,0,0,0)
[ 3164989] ASYNC(0000,49,0,0,0)
[ 3166312] ASYNC(0000,49,0,0,0)
[ 3166517] ASYNC(0000,49,0,0,0)
[ 3166722] ASYNC(0000,49,0,0,0)
[ 3166723] ASYNC(0000,49,0,0,0)
[ 3166921] ASYNC(0000,49,0,0,0)
[ 3168280] ASYNC(0000,49,0,0,0)
[ 3171119] ASYNC(0000,49,0,0,0)
[ 3171555] ASYNC(0000,49,0,0,0)
[ 3171845] ASYNC(0000,49,0,0,0)
[ 3172049] ASYNC(0000,49,0,0,0)
[ 3173195] ASYNC(0000,49,0,0,0)
[ 3173279] ASYNC(0000,49,0,0,0)
[ 3173283] ASYNC(0000,49,0,0,0)
[ 3176340] ASYNC(0000,49,0,0,0)
[ 3176758] ASYNC(0000,49,0,0,0)
[ 3176880] ASYNC(0000,49,0,0,0)
[ 3176963] ASYNC(0000,49,0,0,0)
[ 3178195] ASYNC(0000,49,0,0,0)
[ 3180566] ASYNC(0000,49,0,0,0)
[ 3181181] ASYNC(0000,49,0,0,0)
[ 3181878] ASYNC(0000,49,0,0,0)
[ 3182001] ASYNC(0000,49,0,0,0)
[ 3183230] ASYNC(0000,49,0,0,0)
[ 3184033] ASYNC(0000,49,0,0,0)
[ 3186172] ASYNC(0000,49,0,0,0)
[ 3186905] ASYNC(0000,49,0,0,0)
[ 3188227] ASYNC(0000,49,0,0,0)
[ 3189250] ASYNC(0000,49,0,0,0)
[ 3191216] ASYNC(0000,49,0,0,0)
[ 3191913] ASYNC(0000,49,0,0,0)
[ 3192036] ASYNC(0000,49,0,0,0)
[ 3193265] ASYNC(0000,49,0,0,0)
[ 3196214] ASYNC(0000,49,0,0,0)
[ 3196925] ASYNC(0000,49,0,0,0)
[ 3197033] ASYNC(0000,49,0,0,0)
[ 3198263] ASYNC(0000,49,0,0,0)
[ 3201122] ASYNC(0000,49,0,0,0)
[ 3201868] ASYNC(0000,49,0,0,0)
[ 3202071] ASYNC(0000,49,0,0,0)
[ 3203302] ASYNC(0000,49,0,0,0)
[ 3203383] ASYNC(0000,49,0,0,0)
[ 3203387] ASYNC(0000,49,0,0,0)
[ 3205347] ASYNC(0000,49,0,0,0)
[ 3206167] ASYNC(0000,49,0,0,0)
[ 3206780] ASYNC(0000,49,0,0,0)
[ 3206864] ASYNC(0000,49,0,0,0)
[ 3206864] ASYNC(0000,49,0,0,0)
[ 3207070] ASYNC(0000,49,0,0,0)
[ 3208298] ASYNC(0000,49,0,0,0)
[ 3211164] ASYNC(0000,49,0,0,0)
[ 3211901] ASYNC(0000,49,0,0,0)
[ 3211902] ASYNC(0000,49,0,0,0)
[ 3211903] ASYNC(0000,49,0,0,0)
[ 3211979] ASYNC(0000,49,0,0,0)
[ 3213213] ASYNC(0000,49,0,0,0)
[ 3216175] ASYNC(0000,49,0,0,0)
[ 3216898] ASYNC(0000,49,0,0,0)
[ 3217008] ASYNC(0000,49,0,0,0)
[ 3218228] ASYNC(0000,49,0,0,0)
[ 3219888] ASYNC(0000,49,0,0,0)
[ 3221231] ASYNC(0000,49,0,0,0)
[ 3221322] ASYNC(0000,49,0,0,0)
[ 3221928] ASYNC(0000,49,0,0,0)
[ 3223248] ASYNC(0000,49,0,0,0)
[ 3224188] ASYNC(0000,49,0,0,0)
[ 3225008] ASYNC(0000,49,0,0,0)
[ 3225294] ASYNC(0000,49,0,0,0)
[ 3226221] ASYNC(0000,49,0,0,0)
[ 3226316] ASYNC(0000,49,0,0,0)
[ 3226524] ASYNC(0000,49,0,0,0)
[ 3226933] ASYNC(0000,49,0,0,0)
[ 3227336] ASYNC(0000,49,0,0,0)
[ 3228286] ASYNC(0000,49,0,0,0)
[ 3231125] ASYNC(0000,49,0,0,0)
[ 3231644] ASYNC(0000,49,0,0,0)
Still checking Wi-Fi connection...
Debug: connected: True status: 3
Actual PM: 0xa11142
[ 3231853] ASYNC(0000,49,0,0,0)
[ 3232055] ASYNC(0000,49,0,0,0)
[ 3233284] ASYNC(0000,49,0,0,0)
[ 3233489] ASYNC(0000,49,0,0,0)
[ 3236153] ASYNC(0000,49,0,0,0)
[ 3236354] ASYNC(0000,49,0,0,0)
[ 3236768] ASYNC(0000,49,0,0,0)
[ 3236887] ASYNC(0000,49,0,0,0)
[ 3237092] ASYNC(0000,49,0,0,0)
[ 3238322] ASYNC(0000,49,0,0,0)
[ 3240569] ASYNC(0000,49,0,0,0)
[ 3241187] ASYNC(0000,49,0,0,0)
[ 3241884] ASYNC(0000,49,0,0,0)
[ 3242090] ASYNC(0000,49,0,0,0)
[ 3243319] ASYNC(0000,49,0,0,0)
[ 3244028] ASYNC(0000,49,0,0,0)
[ 3245059] ASYNC(0000,49,0,0,0)
[ 3245060] ASYNC(0000,49,0,0,0)
[ 3245366] ASYNC(0000,49,0,0,0)
[ 3245366] ASYNC(0000,49,0,0,0)
[ 3245973] ASYNC(0000,49,0,0,0)
[ 3246178] ASYNC(0000,49,0,0,0)
[ 3246922] ASYNC(0000,49,0,0,0)
[ 3247004] ASYNC(0000,49,0,0,0)
[ 3247006] ASYNC(0000,49,0,0,0)
[ 3248330] ASYNC(0000,49,0,0,0)
[ 3249256] ASYNC(0000,49,0,0,0)
[ 3251199] ASYNC(0000,49,0,0,0)
[ 3251950] ASYNC(0000,49,0,0,0)
[ 3252021] ASYNC(0000,49,0,0,0)
[ 3253273] ASYNC(0000,49,0,0,0)
[ 3256220] ASYNC(0000,49,0,0,0)
[ 3256223] ASYNC(0000,49,0,0,0)
[ 3256957] ASYNC(0000,49,0,0,0)
[ 3257040] ASYNC(0000,49,0,0,0)
[ 3258275] ASYNC(0000,49,0,0,0)
[ 3261128] ASYNC(0000,49,0,0,0)
[ 3261872] ASYNC(0000,49,0,0,0)
[ 3263307] ASYNC(0000,49,0,0,0)
[ 3263591] ASYNC(0000,49,0,0,0)
[ 3266146] ASYNC(0000,49,0,0,0)
[ 3266869] ASYNC(0000,49,0,0,0)
[ 3266870] ASYNC(0000,49,0,0,0)
[ 3267076] ASYNC(0000,49,0,0,0)
[ 3268309] ASYNC(0000,49,0,0,0)
[ 3271170] ASYNC(0000,49,0,0,0)
[ 3271785] ASYNC(0000,49,0,0,0)
[ 3271908] ASYNC(0000,49,0,0,0)
[ 3272113] ASYNC(0000,49,0,0,0)
[ 3273343] ASYNC(0000,49,0,0,0)
[ 3276200] ASYNC(0000,49,0,0,0)
[ 3276284] ASYNC(0000,49,0,0,0)
[ 3276905] ASYNC(0000,49,0,0,0)
[ 3277029] ASYNC(0000,49,0,0,0)
[ 3278340] ASYNC(0000,49,0,0,0)
[ 3279772] ASYNC(0000,49,0,0,0)
[ 3281206] ASYNC(0000,49,0,0,0)
[ 3282026] ASYNC(0000,49,0,0,0)
[ 3283378] ASYNC(0000,49,0,0,0)
[ 3284170] ASYNC(0000,49,0,0,0)
[ 3285424] ASYNC(0000,49,0,0,0)
[ 3286244] ASYNC(0000,49,0,0,0)
[ 3286449] ASYNC(0000,49,0,0,0)
[ 3286858] ASYNC(0000,49,0,0,0)
[ 3286859] ASYNC(0000,49,0,0,0)
[ 3286860] ASYNC(0000,49,0,0,0)
[ 3288375] ASYNC(0000,49,0,0,0)
[ 3290134] ASYNC(0000,49,0,0,0)
[ 3291135] ASYNC(0000,49,0,0,0)
[ 3291651] ASYNC(0000,49,0,0,0)
[ 3291855] ASYNC(0000,49,0,0,0)
[ 3293290] ASYNC(0000,49,0,0,0)
[ 3296156] ASYNC(0000,49,0,0,0)
[ 3296279] ASYNC(0000,49,0,0,0)
[ 3296279] ASYNC(0000,49,0,0,0)
[ 3296360] ASYNC(0000,49,0,0,0)
[ 3296770] ASYNC(0000,49,0,0,0)
[ 3296893] ASYNC(0000,49,0,0,0)
[ 3297099] ASYNC(0000,49,0,0,0)
[ 3298302] ASYNC(0000,49,0,0,0)
[ 3300579] ASYNC(0000,49,0,0,0)
[ 3301194] ASYNC(0000,49,0,0,0)
[ 3301886] ASYNC(0000,49,0,0,0)
[ 3302096] ASYNC(0000,49,0,0,0)
[ 3303326] ASYNC(0000,49,0,0,0)
[ 3304061] ASYNC(0000,49,0,0,0)
[ 3304266] ASYNC(0000,49,0,0,0)
[ 3305372] ASYNC(0000,49,0,0,0)
[ 3306185] ASYNC(0000,49,0,0,0)
[ 3306805] ASYNC(0000,49,0,0,0)
[ 3306902] ASYNC(0000,49,0,0,0)
[ 3306904] ASYNC(0000,49,0,0,0)
[ 3307134] ASYNC(0000,49,0,0,0)
[ 3309256] ASYNC(0000,49,0,0,0)
[ 3311229] ASYNC(0000,49,0,0,0)
[ 3316145] ASYNC(0000,49,0,0,0)
[ 3316841] ASYNC(0000,49,0,0,0)
[ 3317047] ASYNC(0000,49,0,0,0)
[ 3318399] ASYNC(0000,49,0,0,0)
[ 3321142] ASYNC(0000,49,0,0,0)
[ 3321879] ASYNC(0000,49,0,0,0)
[ 3323396] ASYNC(0000,49,0,0,0)
[ 3324213] ASYNC(0000,49,0,0,0)
[ 3324214] ASYNC(0000,49,0,0,0)
[ 3326181] ASYNC(0000,49,0,0,0)
[ 3326872] ASYNC(0000,49,0,0,0)
[ 3327085] ASYNC(0000,49,0,0,0)
[ 3327285] ASYNC(0000,49,0,0,0)
[ 3327286] ASYNC(0000,49,0,0,0)
[ 3328311] ASYNC(0000,49,0,0,0)
[ 3331177] ASYNC(0000,49,0,0,0)
[ 3331792] ASYNC(0000,49,0,0,0)
[ 3331914] ASYNC(0000,49,0,0,0)
[ 3332120] ASYNC(0000,49,0,0,0)
[ 3336188] ASYNC(0000,49,0,0,0)
[ 3336420] ASYNC(0000,49,0,0,0)
[ 3336911] ASYNC(0000,49,0,0,0)
[ 3337117] ASYNC(0000,49,0,0,0)
[ 3338347] ASYNC(0000,49,0,0,0)
[ 3339897] ASYNC(0000,49,0,0,0)
[ 3341212] ASYNC(0000,49,0,0,0)
[ 3341335] ASYNC(0000,49,0,0,0)
[ 3341950] ASYNC(0000,49,0,0,0)
[ 3342155] ASYNC(0000,49,0,0,0)
[ 3345008] ASYNC(0000,49,0,0,0)
[ 3346125] ASYNC(0000,49,0,0,0)
[ 3346865] ASYNC(0000,49,0,0,0)
[ 3347054] ASYNC(0000,49,0,0,0)
[ 3348383] ASYNC(0000,49,0,0,0)
[ 3350141] ASYNC(0000,49,0,0,0)
[ 3351142] ASYNC(0000,49,0,0,0)
[ 3351651] ASYNC(0000,49,0,0,0)
[ 3351862] ASYNC(0000,49,0,0,0)
[ 3352068] ASYNC(0000,49,0,0,0)
[ 3353420] ASYNC(0000,49,0,0,0)
[ 3353920] ASYNC(0000,49,0,0,0)
[ 3353924] ASYNC(0000,49,0,0,0)
[ 3356194] ASYNC(0000,49,0,0,0)
[ 3356777] ASYNC(0000,49,0,0,0)
[ 3357113] ASYNC(0000,49,0,0,0)
[ 3358417] ASYNC(0000,49,0,0,0)
[ 3360586] ASYNC(0000,49,0,0,0)
[ 3361201] ASYNC(0000,49,0,0,0)
[ 3361898] ASYNC(0000,49,0,0,0)
[ 3363455] ASYNC(0000,49,0,0,0)
[ 3364150] ASYNC(0000,49,0,0,0)
[ 3366192] ASYNC(0000,49,0,0,0)
[ 3366935] ASYNC(0000,49,0,0,0)
[ 3367141] ASYNC(0000,49,0,0,0)
[ 3368370] ASYNC(0000,49,0,0,0)
[ 3369270] ASYNC(0000,49,0,0,0)
[ 3371236] ASYNC(0000,49,0,0,0)
Still checking Wi-Fi connection...
Debug: connected: True status: 3
Actual PM: 0xa11142
[ 3372138] ASYNC(0000,49,0,0,0)
[ 3373368] ASYNC(0000,49,0,0,0)
[ 3376357] ASYNC(0000,49,0,0,0)
[ 3376852] ASYNC(0000,49,0,0,0)
[ 3377176] ASYNC(0000,49,0,0,0)
[ 3378386] ASYNC(0000,49,0,0,0)
[ 3381149] ASYNC(0000,49,0,0,0)
[ 3381886] ASYNC(0000,49,0,0,0)
[ 3382092] ASYNC(0000,49,0,0,0)
[ 3382379] ASYNC(0000,49,0,0,0)
[ 3382381] ASYNC(0000,49,0,0,0)
[ 3383403] ASYNC(0000,49,0,0,0)
[ 3384012] ASYNC(0000,49,0,0,0)
[ 3384343] ASYNC(0000,49,0,0,0)
[ 3385358] ASYNC(0000,49,0,0,0)
[ 3385449] ASYNC(0000,49,0,0,0)
[ 3386190] ASYNC(0000,49,0,0,0)
[ 3386878] ASYNC(0000,49,0,0,0)
[ 3386879] ASYNC(0000,49,0,0,0)
[ 3386880] ASYNC(0000,49,0,0,0)
[ 3386883] ASYNC(0000,49,0,0,0)
[ 3387089] ASYNC(0000,49,0,0,0)
[ 3387909] ASYNC(0000,49,0,0,0)
[ 3388417] ASYNC(0000,49,0,0,0)
[ 3391186] ASYNC(0000,49,0,0,0)
[ 3391921] ASYNC(0000,49,0,0,0)
[ 3396233] ASYNC(0000,49,0,0,0)
[ 3396912] ASYNC(0000,49,0,0,0)
[ 3397156] ASYNC(0000,49,0,0,0)
[ 3398476] ASYNC(0000,49,0,0,0)
[ 3399785] ASYNC(0000,49,0,0,0)
[ 3401219] ASYNC(0000,49,0,0,0)
[ 3401342] ASYNC(0000,49,0,0,0)
[ 3402146] ASYNC(0000,49,0,0,0)
[ 3404413] ASYNC(0000,49,0,0,0)
[ 3404414] ASYNC(0000,49,0,0,0)
[ 3405035] ASYNC(0000,49,0,0,0)
[ 3405519] ASYNC(0000,49,0,0,0)
[ 3405520] ASYNC(0000,49,0,0,0)
[ 3406135] ASYNC(0000,49,0,0,0)
[ 3406544] ASYNC(0000,49,0,0,0)
[ 3406858] ASYNC(0000,49,0,0,0)
[ 3407159] ASYNC(0000,49,0,0,0)
[ 3408416] ASYNC(0000,49,0,0,0)
[ 3410223] ASYNC(0000,49,0,0,0)
[ 3411148] ASYNC(0000,49,0,0,0)
[ 3411664] ASYNC(0000,49,0,0,0)
[ 3411869] ASYNC(0000,49,0,0,0)
[ 3412197] ASYNC(0000,49,0,0,0)
[ 3413427] ASYNC(0000,49,0,0,0)
[ 3414121] ASYNC(0000,49,0,0,0)
[ 3416170] ASYNC(0000,49,0,0,0)
[ 3416374] ASYNC(0000,49,0,0,0)
[ 3416884] ASYNC(0000,49,0,0,0)
[ 3417113] ASYNC(0000,49,0,0,0)
[ 3418424] ASYNC(0000,49,0,0,0)
[ 3420593] ASYNC(0000,49,0,0,0)
[ 3421208] ASYNC(0000,49,0,0,0)
[ 3421904] ASYNC(0000,49,0,0,0)
[ 3422110] ASYNC(0000,49,0,0,0)
[ 3422313] ASYNC(0000,49,0,0,0)
[ 3423462] ASYNC(0000,49,0,0,0)
[ 3425385] ASYNC(0000,49,0,0,0)
[ 3425508] ASYNC(0000,49,0,0,0)
[ 3426198] ASYNC(0000,49,0,0,0)
[ 3426942] ASYNC(0000,49,0,0,0)
[ 3431243] ASYNC(0000,49,0,0,0)
[ 3431939] ASYNC(0000,49,0,0,0)
[ 3433497] ASYNC(0000,49,0,0,0)
[ 3436159] ASYNC(0000,49,0,0,0)
[ 3436370] ASYNC(0000,49,0,0,0)
[ 3436854] ASYNC(0000,49,0,0,0)
[ 3437189] ASYNC(0000,49,0,0,0)
[ 3441155] ASYNC(0000,49,0,0,0)
[ 3441893] ASYNC(0000,49,0,0,0)
[ 3442181] ASYNC(0000,49,0,0,0)
[ 3444234] ASYNC(0000,49,0,0,0)
[ 3446890] ASYNC(0000,49,0,0,0)
[ 3446891] ASYNC(0000,49,0,0,0)
[ 3448448] ASYNC(0000,49,0,0,0)
[ 3451191] ASYNC(0000,49,0,0,0)
[ 3451806] ASYNC(0000,49,0,0,0)
[ 3452134] ASYNC(0000,49,0,0,0)
[ 3452419] ASYNC(0000,49,0,0,0)
[ 3453445] ASYNC(0000,49,0,0,0)
[ 3456224] ASYNC(0000,49,0,0,0)
[ 3456433] ASYNC(0000,49,0,0,0)
[ 3456434] ASYNC(0000,49,0,0,0)
[ 3456925] ASYNC(0000,49,0,0,0)
[ 3457131] ASYNC(0000,49,0,0,0)
[ 3458495] ASYNC(0000,49,0,0,0)
[ 3459911] ASYNC(0000,49,0,0,0)
[ 3461226] ASYNC(0000,49,0,0,0)
[ 3461323] ASYNC(0000,49,0,0,0)
[ 3461835] ASYNC(0000,49,0,0,0)
[ 3463508] ASYNC(0000,49,0,0,0)
[ 3464420] ASYNC(0000,49,0,0,0)
[ 3465035] ASYNC(0000,49,0,0,0)
[ 3465526] ASYNC(0000,49,0,0,0)
[ 3466137] ASYNC(0000,49,0,0,0)
[ 3466550] ASYNC(0000,49,0,0,0)
[ 3466874] ASYNC(0000,49,0,0,0)
[ 3466960] ASYNC(0000,49,0,0,0)
[ 3466961] ASYNC(0000,49,0,0,0)
[ 3467992] ASYNC(0000,49,0,0,0)
[ 3468518] ASYNC(0000,49,0,0,0)
[ 3470242] ASYNC(0000,49,0,0,0)
[ 3471154] ASYNC(0000,49,0,0,0)
[ 3471670] ASYNC(0000,49,0,0,0)
[ 3471871] ASYNC(0000,49,0,0,0)
[ 3472211] ASYNC(0000,49,0,0,0)
[ 3473515] ASYNC(0000,49,0,0,0)
[ 3474329] ASYNC(0000,49,0,0,0)
[ 3474333] ASYNC(0000,49,0,0,0)
[ 3476176] ASYNC(0000,49,0,0,0)
[ 3476381] ASYNC(0000,49,0,0,0)
[ 3476504] ASYNC(0000,49,0,0,0)
[ 3476914] ASYNC(0000,49,0,0,0)
[ 3478540] ASYNC(0000,49,0,0,0)
[ 3480599] ASYNC(0000,49,0,0,0)
[ 3481214] ASYNC(0000,49,0,0,0)
[ 3481911] ASYNC(0000,49,0,0,0)
[ 3482114] ASYNC(0000,49,0,0,0)
[ 3483469] ASYNC(0000,49,0,0,0)
[ 3484163] ASYNC(0000,49,0,0,0)
[ 3484493] ASYNC(0000,49,0,0,0)
[ 3485393] ASYNC(0000,49,0,0,0)
[ 3485515] ASYNC(0000,49,0,0,0)
[ 3485516] ASYNC(0000,49,0,0,0)
[ 3486205] ASYNC(0000,49,0,0,0)
[ 3486539] ASYNC(0000,49,0,0,0)
[ 3486949] ASYNC(0000,49,0,0,0)
[ 3487155] ASYNC(0000,49,0,0,0)
[ 3488466] ASYNC(0000,49,0,0,0)
[ 3489283] ASYNC(0000,49,0,0,0)
[ 3491127] ASYNC(0000,49,0,0,0)
[ 3492152] ASYNC(0000,49,0,0,0)
[ 3493504] ASYNC(0000,49,0,0,0)
[ 3496166] ASYNC(0000,49,0,0,0)
[ 3496861] ASYNC(0000,49,0,0,0)
[ 3497190] ASYNC(0000,49,0,0,0)
[ 3498501] ASYNC(0000,49,0,0,0)
[ 3501162] ASYNC(0000,49,0,0,0)
[ 3501883] ASYNC(0000,49,0,0,0)
[ 3502187] ASYNC(0000,49,0,0,0)
[ 3503539] ASYNC(0000,49,0,0,0)
[ 3504571] ASYNC(0000,49,0,0,0)
[ 3504575] ASYNC(0000,49,0,0,0)
[ 3505586] ASYNC(0000,49,0,0,0)
[ 3505586] ASYNC(0000,49,0,0,0)
[ 3506200] ASYNC(0000,49,0,0,0)
[ 3506609] ASYNC(0000,49,0,0,0)
[ 3506897] ASYNC(0000,49,0,0,0)
[ 3507020] ASYNC(0000,49,0,0,0)
[ 3507225] ASYNC(0000,49,0,0,0)
[ 3508043] ASYNC(0000,49,0,0,0)
[ 3508537] ASYNC(0000,49,0,0,0)
[ 3511197] ASYNC(0000,49,0,0,0)
[ 3511812] ASYNC(0000,49,0,0,0)
Still checking Wi-Fi connection...
Debug: connected: True status: 3
Actual PM: 0xa11142
[ 3511935] ASYNC(0000,49,0,0,0)
[ 3512250] ASYNC(0000,49,0,0,0)
[ 3512556] ASYNC(0000,49,0,0,0)
[ 3512556] ASYNC(0000,49,0,0,0)
[ 3516208] ASYNC(0000,49,0,0,0)
[ 3516522] ASYNC(0000,49,0,0,0)
[ 3516932] ASYNC(0000,49,0,0,0)
[ 3517138] ASYNC(0000,49,0,0,0)
[ 3518572] ASYNC(0000,49,0,0,0)
[ 3521151] ASYNC(0000,49,0,0,0)
[ 3521437] ASYNC(0000,49,0,0,0)
[ 3521847] ASYNC(0000,49,0,0,0)
[ 3522176] ASYNC(0000,49,0,0,0)
[ 3523487] ASYNC(0000,49,0,0,0)
[ 3525041] ASYNC(0000,49,0,0,0)
[ 3526148] ASYNC(0000,49,0,0,0)
[ 3526557] ASYNC(0000,49,0,0,0)
[ 3526885] ASYNC(0000,49,0,0,0)
[ 3527173] ASYNC(0000,49,0,0,0)
[ 3528532] ASYNC(0000,49,0,0,0)
[ 3530162] ASYNC(0000,49,0,0,0)
[ 3531160] ASYNC(0000,49,0,0,0)
[ 3531706] ASYNC(0000,49,0,0,0)
[ 3531877] ASYNC(0000,49,0,0,0)
[ 3532211] ASYNC(0000,49,0,0,0)
[ 3533525] ASYNC(0000,49,0,0,0)
[ 3536179] ASYNC(0000,49,0,0,0)
[ 3536387] ASYNC(0000,49,0,0,0)
[ 3536487] ASYNC(0000,49,0,0,0)
[ 3536593] ASYNC(0000,49,0,0,0)
[ 3536920] ASYNC(0000,49,0,0,0)
[ 3536921] ASYNC(0000,49,0,0,0)
[ 3537208] ASYNC(0000,49,0,0,0)
[ 3538560] ASYNC(0000,49,0,0,0)
[ 3540599] ASYNC(0000,49,0,0,0)
[ 3541228] ASYNC(0000,49,0,0,0)
[ 3541911] ASYNC(0000,49,0,0,0)
[ 3542246] ASYNC(0000,49,0,0,0)
[ 3543560] ASYNC(0000,49,0,0,0)
[ 3544163] ASYNC(0000,49,0,0,0)
[ 3544990] ASYNC(0000,49,0,0,0)
[ 3546219] ASYNC(0000,49,0,0,0)
[ 3546956] ASYNC(0000,49,0,0,0)
[ 3547243] ASYNC(0000,49,0,0,0)
[ 3548595] ASYNC(0000,49,0,0,0)
[ 3551135] ASYNC(0000,49,0,0,0)
[ 3551871] ASYNC(0000,49,0,0,0)
[ 3552159] ASYNC(0000,49,0,0,0)
[ 3553593] ASYNC(0000,49,0,0,0)
[ 3556172] ASYNC(0000,49,0,0,0)
[ 3556581] ASYNC(0000,49,0,0,0)
[ 3556868] ASYNC(0000,49,0,0,0)
[ 3557179] ASYNC(0000,49,0,0,0)
[ 3558508] ASYNC(0000,49,0,0,0)
[ 3561169] ASYNC(0000,49,0,0,0)
[ 3561906] ASYNC(0000,49,0,0,0)
[ 3562194] ASYNC(0000,49,0,0,0)
[ 3563546] ASYNC(0000,49,0,0,0)
[ 3564776] ASYNC(0000,49,0,0,0)
[ 3564779] ASYNC(0000,49,0,0,0)
[ 3565592] ASYNC(0000,49,0,0,0)
[ 3565593] ASYNC(0000,49,0,0,0)
[ 3566207] ASYNC(0000,49,0,0,0)
[ 3566900] ASYNC(0000,49,0,0,0)
[ 3566903] ASYNC(0000,49,0,0,0)
[ 3568543] ASYNC(0000,49,0,0,0)
[ 3571822] ASYNC(0000,49,0,0,0)
[ 3572229] ASYNC(0000,49,0,0,0)
[ 3572231] ASYNC(0000,49,0,0,0)
[ 3573581] ASYNC(0000,49,0,0,0)
[ 3576242] ASYNC(0000,49,0,0,0)
[ 3576938] ASYNC(0000,49,0,0,0)
[ 3579930] ASYNC(0000,49,0,0,0)
[ 3581142] ASYNC(0000,49,0,0,0)
[ 3581854] ASYNC(0000,49,0,0,0)
[ 3582264] ASYNC(0000,49,0,0,0)
[ 3583488] ASYNC(0000,49,0,0,0)
[ 3584515] ASYNC(0000,49,0,0,0)
[ 3585049] ASYNC(0000,49,0,0,0)
[ 3585663] ASYNC(0000,49,0,0,0)
[ 3586155] ASYNC(0000,49,0,0,0)
[ 3586892] ASYNC(0000,49,0,0,0)
[ 3587180] ASYNC(0000,49,0,0,0)
[ 3588202] ASYNC(0000,49,0,0,0)
[ 3588203] ASYNC(0000,49,0,0,0)
[ 3588614] ASYNC(0000,49,0,0,0)
[ 3588615] ASYNC(0000,49,0,0,0)
[ 3590250] ASYNC(0000,49,0,0,0)
[ 3591167] ASYNC(0000,49,0,0,0)
[ 3591684] ASYNC(0000,49,0,0,0)
[ 3591889] ASYNC(0000,49,0,0,0)
[ 3592213] ASYNC(0000,49,0,0,0)
[ 3593652] ASYNC(0000,49,0,0,0)
[ 3594854] ASYNC(0000,49,0,0,0)
[ 3596194] ASYNC(0000,49,0,0,0)
[ 3597215] ASYNC(0000,49,0,0,0)
[ 3598568] ASYNC(0000,49,0,0,0)
[ 3600490] ASYNC(0000,49,0,0,0)
[ 3601228] ASYNC(0000,49,0,0,0)
[ 3603564] ASYNC(0000,49,0,0,0)
[ 3604178] ASYNC(0000,49,0,0,0)
[ 3604791] ASYNC(0000,49,0,0,0)
[ 3605610] ASYNC(0000,49,0,0,0)
[ 3606225] ASYNC(0000,49,0,0,0)
[ 3606962] ASYNC(0000,49,0,0,0)
[ 3607044] ASYNC(0000,49,0,0,0)
[ 3607250] ASYNC(0000,49,0,0,0)
[ 3608602] ASYNC(0000,49,0,0,0)
[ 3609420] ASYNC(0000,49,0,0,0)
[ 3611140] ASYNC(0000,49,0,0,0)
[ 3611878] ASYNC(0000,49,0,0,0)
[ 3612288] ASYNC(0000,49,0,0,0)
[ 3613599] ASYNC(0000,49,0,0,0)
[ 3616168] ASYNC(0000,49,0,0,0)
[ 3616669] ASYNC(0000,49,0,0,0)
[ 3616670] ASYNC(0000,49,0,0,0)
[ 3616875] ASYNC(0000,49,0,0,0)
[ 3617292] ASYNC(0000,49,0,0,0)
[ 3618641] ASYNC(0000,49,0,0,0)
[ 3621177] ASYNC(0000,49,0,0,0)
[ 3621917] ASYNC(0000,49,0,0,0)
[ 3622201] ASYNC(0000,49,0,0,0)
[ 3623635] ASYNC(0000,49,0,0,0)
[ 3624581] ASYNC(0000,49,0,0,0)
[ 3624987] ASYNC(0000,49,0,0,0)
[ 3626220] ASYNC(0000,49,0,0,0)
[ 3626910] ASYNC(0000,49,0,0,0)
[ 3626911] ASYNC(0000,49,0,0,0)
[ 3627108] ASYNC(0000,49,0,0,0)
[ 3627239] ASYNC(0000,49,0,0,0)
[ 3631229] ASYNC(0000,49,0,0,0)
[ 3631822] ASYNC(0000,49,0,0,0)
[ 3631948] ASYNC(0000,49,0,0,0)
[ 3632236] ASYNC(0000,49,0,0,0)
[ 3633588] ASYNC(0000,49,0,0,0)
[ 3636665] ASYNC(0000,49,0,0,0)
[ 3636864] ASYNC(0000,49,0,0,0)
[ 3638585] ASYNC(0000,49,0,0,0)
[ 3639942] ASYNC(0000,49,0,0,0)
[ 3641164] ASYNC(0000,49,0,0,0)
[ 3641476] ASYNC(0000,49,0,0,0)
[ 3645028] ASYNC(0000,49,0,0,0)
[ 3646161] ASYNC(0000,49,0,0,0)
[ 3646873] ASYNC(0000,49,0,0,0)
[ 3648332] ASYNC(0000,49,0,0,0)
[ 3648649] ASYNC(0000,49,0,0,0)
[ 3650284] ASYNC(0000,49,0,0,0)
[ 3651174] ASYNC(0000,49,0,0,0)
[ 3651684] ASYNC(0000,49,0,0,0)
Still checking Wi-Fi connection...
Debug: connected: True status: 3
Actual PM: 0xa11142
[ 3652198] ASYNC(0000,49,0,0,0)
[ 3653631] ASYNC(0000,49,0,0,0)
[ 3656191] ASYNC(0000,49,0,0,0)
[ 3656401] ASYNC(0000,49,0,0,0)
[ 3656934] ASYNC(0000,49,0,0,0)
[ 3657222] ASYNC(0000,49,0,0,0)
[ 3658656] ASYNC(0000,49,0,0,0)
[ 3660497] ASYNC(0000,49,0,0,0)
[ 3661925] ASYNC(0000,49,0,0,0)
[ 3662242] ASYNC(0000,49,0,0,0)
[ 3663700] ASYNC(0000,49,0,0,0)
[ 3664183] ASYNC(0000,49,0,0,0)
[ 3666140] ASYNC(0000,49,0,0,0)
[ 3666142] ASYNC(0000,49,0,0,0)
[ 3666874] ASYNC(0000,49,0,0,0)
[ 3667257] ASYNC(0000,49,0,0,0)
[ 3668691] ASYNC(0000,49,0,0,0)
[ 3669437] ASYNC(0000,49,0,0,0)
[ 3671145] ASYNC(0000,49,0,0,0)
[ 3671859] ASYNC(0000,49,0,0,0)
[ 3672295] ASYNC(0000,49,0,0,0)
[ 3673606] ASYNC(0000,49,0,0,0)
[ 3676193] ASYNC(0000,49,0,0,0)
[ 3676882] ASYNC(0000,49,0,0,0)
[ 3677292] ASYNC(0000,49,0,0,0)
[ 3682337] ASYNC(0000,49,0,0,0)
[ 3684665] ASYNC(0000,49,0,0,0)
[ 3685173] ASYNC(0000,49,0,0,0)
[ 3685177] ASYNC(0000,49,0,0,0)
[ 3685687] ASYNC(0000,49,0,0,0)
[ 3686203] ASYNC(0000,49,0,0,0)
[ 3686917] ASYNC(0000,49,0,0,0)
[ 3686918] ASYNC(0000,49,0,0,0)
[ 3687121] ASYNC(0000,49,0,0,0)
[ 3687245] ASYNC(0000,49,0,0,0)
[ 3691211] ASYNC(0000,49,0,0,0)
[ 3691724] ASYNC(0000,49,0,0,0)
[ 3692254] ASYNC(0000,49,0,0,0)
[ 3693704] ASYNC(0000,49,0,0,0)
[ 3695233] ASYNC(0000,49,0,0,0)
[ 3696640] ASYNC(0000,49,0,0,0)
[ 3696641] ASYNC(0000,49,0,0,0)
[ 3697277] ASYNC(0000,49,0,0,0)
[ 3698715] ASYNC(0000,49,0,0,0)
[ 3699917] ASYNC(0000,49,0,0,0)
[ 3701178] ASYNC(0000,49,0,0,0)
[ 3701459] ASYNC(0000,49,0,0,0)
[ 3702279] ASYNC(0000,49,0,0,0)
[ 3703630] ASYNC(0000,49,0,0,0)
[ 3704662] ASYNC(0000,49,0,0,0)
[ 3705062] ASYNC(0000,49,0,0,0)
[ 3706168] ASYNC(0000,49,0,0,0)
[ 3706577] ASYNC(0000,49,0,0,0)
[ 3706879] ASYNC(0000,49,0,0,0)
[ 3707082] ASYNC(0000,49,0,0,0)
[ 3707290] ASYNC(0000,49,0,0,0)
[ 3708654] ASYNC(0000,49,0,0,0)
[ 3711182] ASYNC(0000,49,0,0,0)
[ 3711898] ASYNC(0000,49,0,0,0)
[ 3712308] ASYNC(0000,49,0,0,0)
[ 3715304] ASYNC(0000,49,0,0,0)
[ 3715308] ASYNC(0000,49,0,0,0)
[ 3716735] ASYNC(0000,49,0,0,0)
[ 3716947] ASYNC(0000,49,0,0,0)
[ 3716949] ASYNC(0000,49,0,0,0)
[ 3718768] ASYNC(0000,49,0,0,0)
[ 3718771] ASYNC(0000,49,0,0,0)
[ 3720913] ASYNC(0000,49,0,0,0)
[ 3721248] ASYNC(0000,49,0,0,0)
[ 3721965] ASYNC(0000,49,0,0,0)
[ 3722989] ASYNC(0000,49,0,0,0)
[ 3724207] ASYNC(0000,49,0,0,0)
[ 3724700] ASYNC(0000,49,0,0,0)
[ 3725719] ASYNC(0000,49,0,0,0)
[ 3725720] ASYNC(0000,49,0,0,0)
[ 3726137] ASYNC(0000,49,0,0,0)
[ 3726848] ASYNC(0000,49,0,0,0)
[ 3727264] ASYNC(0000,49,0,0,0)
[ 3729440] ASYNC(0000,49,0,0,0)
[ 3731154] ASYNC(0000,49,0,0,0)
[ 3731891] ASYNC(0000,49,0,0,0)
[ 3732308] ASYNC(0000,49,0,0,0)
[ 3733716] ASYNC(0000,49,0,0,0)
[ 3736184] ASYNC(0000,49,0,0,0)
[ 3736806] ASYNC(0000,49,0,0,0)
[ 3736915] ASYNC(0000,49,0,0,0)
[ 3738733] ASYNC(0000,49,0,0,0)
[ 3741926] ASYNC(0000,49,0,0,0)
[ 3742344] ASYNC(0000,49,0,0,0)
[ 3744694] ASYNC(0000,49,0,0,0)
[ 3746229] ASYNC(0000,49,0,0,0)
[ 3746951] ASYNC(0000,49,0,0,0)
[ 3746951] ASYNC(0000,49,0,0,0)
[ 3751224] ASYNC(0000,49,0,0,0)
[ 3751762] ASYNC(0000,49,0,0,0)
[ 3752243] ASYNC(0000,49,0,0,0)
[ 3752992] ASYNC(0000,49,0,0,0)
[ 3753683] ASYNC(0000,49,0,0,0)
[ 3756161] ASYNC(0000,49,0,0,0)
[ 3756877] ASYNC(0000,49,0,0,0)
[ 3758696] ASYNC(0000,49,0,0,0)
[ 3761178] ASYNC(0000,49,0,0,0)
[ 3761464] ASYNC(0000,49,0,0,0)
[ 3762278] ASYNC(0000,49,0,0,0)
[ 3763719] ASYNC(0000,49,0,0,0)
[ 3764741] ASYNC(0000,49,0,0,0)
[ 3765150] ASYNC(0000,49,0,0,0)
[ 3765765] ASYNC(0000,49,0,0,0)
[ 3766175] ASYNC(0000,49,0,0,0)
[ 3766584] ASYNC(0000,49,0,0,0)
[ 3766707] ASYNC(0000,49,0,0,0)
[ 3766890] ASYNC(0000,49,0,0,0)
[ 3767323] ASYNC(0000,49,0,0,0)
[ 3768749] ASYNC(0000,49,0,0,0)
[ 3770271] ASYNC(0000,49,0,0,0)
[ 3771192] ASYNC(0000,49,0,0,0)
[ 3771909] ASYNC(0000,49,0,0,0)
[ 3772320] ASYNC(0000,49,0,0,0)
[ 3773754] ASYNC(0000,49,0,0,0)
[ 3775523] ASYNC(0000,49,0,0,0)
[ 3775526] ASYNC(0000,49,0,0,0)
[ 3776211] ASYNC(0000,49,0,0,0)
[ 3776932] ASYNC(0000,49,0,0,0)
[ 3777056] ASYNC(0000,49,0,0,0)
[ 3778764] ASYNC(0000,49,0,0,0)
[ 3780511] ASYNC(0000,49,0,0,0)
[ 3781967] ASYNC(0000,49,0,0,0)
[ 3782382] ASYNC(0000,49,0,0,0)
[ 3783714] ASYNC(0000,49,0,0,0)
[ 3784225] ASYNC(0000,49,0,0,0)
[ 3786167] ASYNC(0000,49,0,0,0)
[ 3787194] ASYNC(0000,49,0,0,0)
[ 3788698] ASYNC(0000,49,0,0,0)
[ 3791161] ASYNC(0000,49,0,0,0)
[ 3791898] ASYNC(0000,49,0,0,0)
Still checking Wi-Fi connection...
Debug: connected: True status: 3
Actual PM: 0xa11142
[ 3792295] ASYNC(0000,49,0,0,0)
[ 3796194] ASYNC(0000,49,0,0,0)
[ 3796895] ASYNC(0000,49,0,0,0)
[ 3796896] ASYNC(0000,49,0,0,0)
[ 3797306] ASYNC(0000,49,0,0,0)
[ 3801192] ASYNC(0000,49,0,0,0)
[ 3802324] ASYNC(0000,49,0,0,0)
[ 3804682] ASYNC(0000,49,0,0,0)
[ 3805624] ASYNC(0000,49,0,0,0)
[ 3805702] ASYNC(0000,49,0,0,0)
[ 3805703] ASYNC(0000,49,0,0,0)
[ 3806234] ASYNC(0000,49,0,0,0)
[ 3806235] ASYNC(0000,49,0,0,0)
[ 3806725] ASYNC(0000,49,0,0,0)
[ 3806931] ASYNC(0000,49,0,0,0)
[ 3807247] ASYNC(0000,49,0,0,0)
[ 3807341] ASYNC(0000,49,0,0,0)
[ 3811231] ASYNC(0000,49,0,0,0)
[ 3812379] ASYNC(0000,49,0,0,0)
[ 3813197] ASYNC(0000,49,0,0,0)
[ 3813813] ASYNC(0000,49,0,0,0)
[ 3816157] ASYNC(0000,49,0,0,0)
[ 3816883] ASYNC(0000,49,0,0,0)
[ 3816884] ASYNC(0000,49,0,0,0)
[ 3817369] ASYNC(0000,49,0,0,0)
[ 3818810] ASYNC(0000,49,0,0,0)
[ 3821187] ASYNC(0000,49,0,0,0)
[ 3821464] ASYNC(0000,49,0,0,0)
[ 3822296] ASYNC(0000,49,0,0,0)
[ 3823752] ASYNC(0000,49,0,0,0)
[ 3826209] ASYNC(0000,49,0,0,0)
[ 3826600] ASYNC(0000,49,0,0,0)
[ 3827232] ASYNC(0000,49,0,0,0)
[ 3827336] ASYNC(0000,49,0,0,0)
[ 3828770] ASYNC(0000,49,0,0,0)
[ 3831195] ASYNC(0000,49,0,0,0)
[ 3831943] ASYNC(0000,49,0,0,0)
[ 3833754] ASYNC(0000,49,0,0,0)
[ 3836954] ASYNC(0000,49,0,0,0)
[ 3836955] ASYNC(0000,49,0,0,0)
[ 3836956] ASYNC(0000,49,0,0,0)
[ 3838805] ASYNC(0000,49,0,0,0)
[ 3840517] ASYNC(0000,49,0,0,0)
[ 3841255] ASYNC(0000,49,0,0,0)
[ 3843823] ASYNC(0000,49,0,0,0)
[ 3844436] ASYNC(0000,49,0,0,0)
[ 3844743] ASYNC(0000,49,0,0,0)
[ 3844743] ASYNC(0000,49,0,0,0)
[ 3846170] ASYNC(0000,49,0,0,0)
[ 3846894] ASYNC(0000,49,0,0,0)
[ 3847268] ASYNC(0000,49,0,0,0)
[ 3848828] ASYNC(0000,49,0,0,0)
[ 3849528] ASYNC(0000,49,0,0,0)
[ 3851196] ASYNC(0000,49,0,0,0)
[ 3851905] ASYNC(0000,49,0,0,0)
[ 3852400] ASYNC(0000,49,0,0,0)
[ 3853858] ASYNC(0000,49,0,0,0)
[ 3856193] ASYNC(0000,49,0,0,0)
[ 3856929] ASYNC(0000,49,0,0,0)
[ 3861196] ASYNC(0000,49,0,0,0)
[ 3863791] ASYNC(0000,49,0,0,0)
[ 3866241] ASYNC(0000,49,0,0,0)
[ 3866936] ASYNC(0000,49,0,0,0)
[ 3866938] ASYNC(0000,49,0,0,0)
[ 3867271] ASYNC(0000,49,0,0,0)
[ 3867375] ASYNC(0000,49,0,0,0)
[ 3868783] ASYNC(0000,49,0,0,0)
[ 3871750] ASYNC(0000,49,0,0,0)
[ 3872392] ASYNC(0000,49,0,0,0)
[ 3873826] ASYNC(0000,49,0,0,0)
[ 3876157] ASYNC(0000,49,0,0,0)
[ 3879936] ASYNC(0000,49,0,0,0)
[ 3881191] ASYNC(0000,49,0,0,0)
[ 3881505] ASYNC(0000,49,0,0,0)
[ 3881901] ASYNC(0000,49,0,0,0)
[ 3883848] ASYNC(0000,49,0,0,0)
[ 3885164] ASYNC(0000,49,0,0,0)
[ 3885805] ASYNC(0000,49,0,0,0)
[ 3885806] ASYNC(0000,49,0,0,0)
[ 3885807] ASYNC(0000,49,0,0,0)
[ 3886625] ASYNC(0000,49,0,0,0)
[ 3886926] ASYNC(0000,49,0,0,0)
[ 3887239] ASYNC(0000,49,0,0,0)
[ 3887324] ASYNC(0000,49,0,0,0)
[ 3888845] ASYNC(0000,49,0,0,0)
[ 3890407] ASYNC(0000,49,0,0,0)
[ 3891202] ASYNC(0000,49,0,0,0)
[ 3891821] ASYNC(0000,49,0,0,0)
[ 3891923] ASYNC(0000,49,0,0,0)
[ 3892326] ASYNC(0000,49,0,0,0)
[ 3895939] ASYNC(0000,49,0,0,0)
[ 3895943] ASYNC(0000,49,0,0,0)
[ 3896323] ASYNC(0000,49,0,0,0)
[ 3896936] ASYNC(0000,49,0,0,0)
[ 3897043] ASYNC(0000,49,0,0,0)
[ 3897374] ASYNC(0000,49,0,0,0)
[ 3898881] ASYNC(0000,49,0,0,0)
[ 3900551] ASYNC(0000,49,0,0,0)
[ 3901139] ASYNC(0000,49,0,0,0)
[ 3901879] ASYNC(0000,49,0,0,0)
[ 3902380] ASYNC(0000,49,0,0,0)
[ 3903798] ASYNC(0000,49,0,0,0)
[ 3904340] ASYNC(0000,49,0,0,0)
[ 3905767] ASYNC(0000,49,0,0,0)
[ 3906177] ASYNC(0000,49,0,0,0)
[ 3906873] ASYNC(0000,49,0,0,0)
[ 3908841] ASYNC(0000,49,0,0,0)
[ 3911174] ASYNC(0000,49,0,0,0)
[ 3911918] ASYNC(0000,49,0,0,0)
[ 3912404] ASYNC(0000,49,0,0,0)
[ 3913838] ASYNC(0000,49,0,0,0)
[ 3916939] ASYNC(0000,49,0,0,0)
[ 3917959] ASYNC(0000,49,0,0,0)
[ 3918876] ASYNC(0000,49,0,0,0)
[ 3921222] ASYNC(0000,49,0,0,0)
[ 3923873] ASYNC(0000,49,0,0,0)
[ 3924820] ASYNC(0000,49,0,0,0)
[ 3924821] ASYNC(0000,49,0,0,0)
[ 3926031] ASYNC(0000,49,0,0,0)
[ 3926035] ASYNC(0000,49,0,0,0)
[ 3926254] ASYNC(0000,49,0,0,0)
[ 3927354] ASYNC(0000,49,0,0,0)
[ 3928918] ASYNC(0000,49,0,0,0)
[ 3931171] ASYNC(0000,49,0,0,0)
[ 3931887] ASYNC(0000,49,0,0,0)
Still checking Wi-Fi connection...
Debug: connected: True status: 3
Actual PM: 0xa11142
[ 3932399] ASYNC(0000,49,0,0,0)
[ 3933908] ASYNC(0000,49,0,0,0)
[ 3936154] ASYNC(0000,49,0,0,0)
[ 3936897] ASYNC(0000,49,0,0,0)
[ 3937417] ASYNC(0000,49,0,0,0)
[ 3940078] ASYNC(0000,49,0,0,0)
[ 3941198] ASYNC(0000,49,0,0,0)
[ 3941511] ASYNC(0000,49,0,0,0)
[ 3941921] ASYNC(0000,49,0,0,0)
[ 3942428] ASYNC(0000,49,0,0,0)
[ 3946727] ASYNC(0000,49,0,0,0)
[ 3947450] ASYNC(0000,49,0,0,0)
[ 3947453] ASYNC(0000,49,0,0,0)
[ 3948886] ASYNC(0000,49,0,0,0)
[ 3951210] ASYNC(0000,49,0,0,0)
[ 3951823] ASYNC(0000,49,0,0,0)
[ 3953903] ASYNC(0000,49,0,0,0)
[ 3956258] ASYNC(0000,49,0,0,0)
[ 3956342] ASYNC(0000,49,0,0,0)
[ 3956845] ASYNC(0000,49,0,0,0)
[ 3957076] ASYNC(0000,49,0,0,0)
[ 3958921] ASYNC(0000,49,0,0,0)
[ 3960557] ASYNC(0000,49,0,0,0)
[ 3961173] ASYNC(0000,49,0,0,0)
[ 3961883] ASYNC(0000,49,0,0,0)
[ 3962402] ASYNC(0000,49,0,0,0)
[ 3963906] ASYNC(0000,49,0,0,0)
[ 3964340] ASYNC(0000,49,0,0,0)
[ 3966184] ASYNC(0000,49,0,0,0)
[ 3966907] ASYNC(0000,49,0,0,0)
[ 3967420] ASYNC(0000,49,0,0,0)
[ 3968956] ASYNC(0000,49,0,0,0)
[ 3971181] ASYNC(0000,49,0,0,0)
[ 3971919] ASYNC(0000,49,0,0,0)
[ 3972411] ASYNC(0000,49,0,0,0)
[ 3973967] ASYNC(0000,49,0,0,0)
[ 3976942] ASYNC(0000,49,0,0,0)
[ 3977455] ASYNC(0000,49,0,0,0)
[ 3978883] ASYNC(0000,49,0,0,0)
[ 3981209] ASYNC(0000,49,0,0,0)
[ 3981933] ASYNC(0000,49,0,0,0)
[ 3982473] ASYNC(0000,49,0,0,0)
[ 3983907] ASYNC(0000,49,0,0,0)
[ 3984826] ASYNC(0000,49,0,0,0)
[ 3985930] ASYNC(0000,49,0,0,0)
[ 3986254] ASYNC(0000,49,0,0,0)
[ 3986258] ASYNC(0000,49,0,0,0)
[ 3986261] ASYNC(0000,49,0,0,0)
[ 3986868] ASYNC(0000,49,0,0,0)
[ 3986870] ASYNC(0000,49,0,0,0)
[ 3988924] ASYNC(0000,49,0,0,0)
[ 3991165] ASYNC(0000,49,0,0,0)
[ 3991893] ASYNC(0000,49,0,0,0)
[ 3992376] ASYNC(0000,49,0,0,0)
[ 3993942] ASYNC(0000,49,0,0,0)
[ 3996166] ASYNC(0000,49,0,0,0)
[ 3996879] ASYNC(0000,49,0,0,0)
[ 3997109] ASYNC(0000,49,0,0,0)
[ 3998960] ASYNC(0000,49,0,0,0)
[ 4000084] ASYNC(0000,49,0,0,0)
[ 4001484] ASYNC(0000,49,0,0,0)
[ 4001896] ASYNC(0000,49,0,0,0)
[ 4002441] ASYNC(0000,49,0,0,0)
[ 4003950] ASYNC(0000,49,0,0,0)
[ 4004863] ASYNC(0000,49,0,0,0)
[ 4005171] ASYNC(0000,49,0,0,0)
[ 4006605] ASYNC(0000,49,0,0,0)
[ 4006939] ASYNC(0000,49,0,0,0)
[ 4007457] ASYNC(0000,49,0,0,0)
[ 4007460] ASYNC(0000,49,0,0,0)
[ 4008995] ASYNC(0000,49,0,0,0)
[ 4010324] ASYNC(0000,49,0,0,0)
[ 4011213] ASYNC(0000,49,0,0,0)
[ 4011828] ASYNC(0000,49,0,0,0)
[ 4011963] ASYNC(0000,49,0,0,0)
[ 4012471] ASYNC(0000,49,0,0,0)
[ 4014013] ASYNC(0000,49,0,0,0)
[ 4016232] ASYNC(0000,49,0,0,0)
[ 4016334] ASYNC(0000,49,0,0,0)
[ 4016338] ASYNC(0000,49,0,0,0)
[ 4016852] ASYNC(0000,49,0,0,0)
[ 4016964] ASYNC(0000,49,0,0,0)
[ 4017467] ASYNC(0000,49,0,0,0)
[ 4018928] ASYNC(0000,49,0,0,0)
[ 4020538] ASYNC(0000,49,0,0,0)
[ 4021145] ASYNC(0000,49,0,0,0)
[ 4021863] ASYNC(0000,49,0,0,0)
[ 4022409] ASYNC(0000,49,0,0,0)
[ 4023610] ASYNC(0000,49,0,0,0)
[ 4023941] ASYNC(0000,49,0,0,0)
[ 4024321] ASYNC(0000,49,0,0,0)
[ 4024935] ASYNC(0000,49,0,0,0)
[ 4025881] ASYNC(0000,49,0,0,0)
[ 4025882] ASYNC(0000,49,0,0,0)
[ 4025883] ASYNC(0000,49,0,0,0)
[ 4026190] ASYNC(0000,49,0,0,0)
[ 4026401] ASYNC(0000,49,0,0,0)
[ 4027419] ASYNC(0000,49,0,0,0)
[ 4027421] ASYNC(0000,49,0,0,0)
[ 4028443] ASYNC(0000,49,0,0,0)
[ 4028963] ASYNC(0000,49,0,0,0)
[ 4029473] ASYNC(0000,49,0,0,0)
[ 4031212] ASYNC(0000,49,0,0,0)
[ 4031931] ASYNC(0000,49,0,0,0)
[ 4036232] ASYNC(0000,49,0,0,0)
[ 4036949] ASYNC(0000,49,0,0,0)
[ 4037129] ASYNC(0000,49,0,0,0)
[ 4037433] ASYNC(0000,49,0,0,0)
[ 4038998] ASYNC(0000,49,0,0,0)
[ 4041225] ASYNC(0000,49,0,0,0)
[ 4041967] ASYNC(0000,49,0,0,0)
[ 4044016] ASYNC(0000,49,0,0,0)
[ 4046444] ASYNC(0000,49,0,0,0)
[ 4046448] ASYNC(0000,49,0,0,0)
[ 4046858] ASYNC(0000,49,0,0,0)
[ 4046859] ASYNC(0000,49,0,0,0)
[ 4047492] ASYNC(0000,49,0,0,0)
[ 4049021] ASYNC(0000,49,0,0,0)
[ 4051779] ASYNC(0000,49,0,0,0)
[ 4051872] ASYNC(0000,49,0,0,0)
[ 4053635] ASYNC(0000,49,0,0,0)
[ 4054051] ASYNC(0000,49,0,0,0)
[ 4056173] ASYNC(0000,49,0,0,0)
[ 4056911] ASYNC(0000,49,0,0,0)
[ 4057403] ASYNC(0000,49,0,0,0)
[ 4059042] ASYNC(0000,49,0,0,0)
[ 4060064] ASYNC(0000,49,0,0,0)
[ 4061218] ASYNC(0000,49,0,0,0)
[ 4061525] ASYNC(0000,49,0,0,0)
[ 4061908] ASYNC(0000,49,0,0,0)
[ 4064979] ASYNC(0000,49,0,0,0)
[ 4065180] ASYNC(0000,49,0,0,0)
[ 4066030] ASYNC(0000,49,0,0,0)
[ 4066236] ASYNC(0000,49,0,0,0)
[ 4066747] ASYNC(0000,49,0,0,0)
[ 4066929] ASYNC(0000,49,0,0,0)
[ 4068995] ASYNC(0000,49,0,0,0)
[ 4070413] ASYNC(0000,49,0,0,0)
[ 4071221] ASYNC(0000,49,0,0,0)
[ 4071834] ASYNC(0000,49,0,0,0)
Still checking Wi-Fi connection...
Debug: connected: True status: 3
Actual PM: 0xa11142
[ 4072451] ASYNC(0000,49,0,0,0)
[ 4076254] ASYNC(0000,49,0,0,0)
[ 4076341] ASYNC(0000,49,0,0,0)
[ 4076554] ASYNC(0000,49,0,0,0)
[ 4076557] ASYNC(0000,49,0,0,0)
[ 4076864] ASYNC(0000,49,0,0,0)
[ 4077090] ASYNC(0000,49,0,0,0)
[ 4077474] ASYNC(0000,49,0,0,0)
[ 4079030] ASYNC(0000,49,0,0,0)
[ 4080544] ASYNC(0000,49,0,0,0)
[ 4081274] ASYNC(0000,49,0,0,0)
[ 4082518] ASYNC(0000,49,0,0,0)
[ 4084055] ASYNC(0000,49,0,0,0)
[ 4084354] ASYNC(0000,49,0,0,0)
[ 4084974] ASYNC(0000,49,0,0,0)
[ 4086197] ASYNC(0000,49,0,0,0)
[ 4087509] ASYNC(0000,49,0,0,0)
[ 4087510] ASYNC(0000,49,0,0,0)
[ 4089073] ASYNC(0000,49,0,0,0)
[ 4089474] ASYNC(0000,49,0,0,0)
[ 4091938] ASYNC(0000,49,0,0,0)
[ 4092424] ASYNC(0000,49,0,0,0)
[ 4096239] ASYNC(0000,49,0,0,0)
[ 4096929] ASYNC(0000,49,0,0,0)
[ 4097162] ASYNC(0000,49,0,0,0)
[ 4097462] ASYNC(0000,49,0,0,0)
[ 4098978] ASYNC(0000,49,0,0,0)
[ 4101257] ASYNC(0000,49,0,0,0)
[ 4103893] ASYNC(0000,49,0,0,0)
[ 4103896] ASYNC(0000,49,0,0,0)
[ 4105013] ASYNC(0000,49,0,0,0)
[ 4105960] ASYNC(0000,49,0,0,0)
[ 4105961] ASYNC(0000,49,0,0,0)
[ 4106172] ASYNC(0000,49,0,0,0)
[ 4106652] ASYNC(0000,49,0,0,0)
[ 4106656] ASYNC(0000,49,0,0,0)
[ 4107496] ASYNC(0000,49,0,0,0)
[ 4111776] ASYNC(0000,49,0,0,0)
[ 4111880] ASYNC(0000,49,0,0,0)
[ 4112289] ASYNC(0000,49,0,0,0)
[ 4112495] ASYNC(0000,49,0,0,0)
[ 4114025] ASYNC(0000,49,0,0,0)
[ 4116917] ASYNC(0000,49,0,0,0)
[ 4117122] ASYNC(0000,49,0,0,0)
[ 4117533] ASYNC(0000,49,0,0,0)
[ 4119079] ASYNC(0000,49,0,0,0)
[ 4121917] ASYNC(0000,49,0,0,0)
[ 4122324] ASYNC(0000,49,0,0,0)
[ 4123995] ASYNC(0000,49,0,0,0)
[ 4125218] ASYNC(0000,49,0,0,0)
[ 4126211] ASYNC(0000,49,0,0,0)
[ 4126747] ASYNC(0000,49,0,0,0)
[ 4126953] ASYNC(0000,49,0,0,0)
[ 4127471] ASYNC(0000,49,0,0,0)
[ 4127473] ASYNC(0000,49,0,0,0)
[ 4130434] ASYNC(0000,49,0,0,0)
[ 4131226] ASYNC(0000,49,0,0,0)
[ 4131867] ASYNC(0000,49,0,0,0)
[ 4134026] ASYNC(0000,49,0,0,0)
[ 4136170] ASYNC(0000,49,0,0,0)
[ 4136374] ASYNC(0000,49,0,0,0)
[ 4136768] ASYNC(0000,49,0,0,0)
[ 4136772] ASYNC(0000,49,0,0,0)
[ 4136865] ASYNC(0000,49,0,0,0)
[ 4136966] ASYNC(0000,49,0,0,0)
[ 4137192] ASYNC(0000,49,0,0,0)
[ 4137195] ASYNC(0000,49,0,0,0)
[ 4138216] ASYNC(0000,49,0,0,0)
[ 4138217] ASYNC(0000,49,0,0,0)
[ 4140572] ASYNC(0000,49,0,0,0)
[ 4141193] ASYNC(0000,49,0,0,0)
[ 4141909] ASYNC(0000,49,0,0,0)
[ 4142525] ASYNC(0000,49,0,0,0)
[ 4146210] ASYNC(0000,49,0,0,0)
[ 4146924] ASYNC(0000,49,0,0,0)
[ 4147541] ASYNC(0000,49,0,0,0)
[ 4147543] ASYNC(0000,49,0,0,0)
test.bash: Running wget
[ 4149079] ASYNC(0000,49,0,0,0)
[ 4149481] ASYNC(0000,49,0,0,0)
[ 4151202] ASYNC(0000,49,0,0,0)
[ 4151945] ASYNC(0000,49,0,0,0)
[ 4152560] ASYNC(0000,49,0,0,0)
[ 4154097] ASYNC(0000,49,0,0,0)
[ 4156952] ASYNC(0000,49,0,0,0)
[ 4159108] ASYNC(0000,49,0,0,0)
[ 4159795] ASYNC(0000,49,0,0,0)
[ 4160826] ASYNC(0000,49,0,0,0)
[ 4161236] ASYNC(0000,49,0,0,0)
[ 4161877] ASYNC(0000,49,0,0,0)
[ 4161879] ASYNC(0000,49,0,0,0)
[ 4162462] ASYNC(0000,49,0,0,0)
test.bash: Failed at 2048 seconds
