Random selected PM: network.WLAN.PM_NONE
Starting server. OS: (sysname='rp2', nodename='rp2', release='1.24.1', version='v1.24.1 on 2024-11-29 (GNU 13.2.0 MinSizeRel)', machine='Raspberry Pi Pico W with RP2040') PM: 16
Waiting for connection...
Waiting for connection...
Waiting for connection...
[   14979] ASYNC(0000,ASSOC_REQ_IE,0,0,0)
[   14980] ASYNC(0000,AUTH,0,0,0)
[   14983] ASYNC(0000,ASSOC_RESP_IE,0,0,0)
[   14984] ASYNC(0000,ASSOC,0,0,0)
[   14984] ASYNC(0001,LINK,0,0,0)
[   15000] ASYNC(0000,PSK_SUP,6,0,0)
[   15008] ASYNC(0000,JOIN,0,0,0)
[   15008] ASYNC(0000,SET_SSID,0,0,0)
Connected: ('192.168.1.4', '255.255.255.0', '192.168.1.1', '192.168.1.1')
Actual PM: 0x10
1609459222	: GET /temp
Console: Getting Temp...
1609459224	: GET /temp
Console: Getting Temp...
1609459229	: GET /temp
Console: Getting Temp...
1609459238	: GET /temp
Console: Getting Temp...
1609459254	: GET /temp
Console: Getting Temp...
1609459286	: GET /temp
Console: Getting Temp...
Still checking Wi-Fi connection...
Debug: connected: True status: 3
Actual PM: 0x10
1609459350	: GET /temp
Console: Getting Temp...
1609459479	: GET /temp
Console: Getting Temp...
Still checking Wi-Fi connection...
Debug: connected: True status: 3
Actual PM: 0x10
[  399639] ASYNC(0000,PSK_SUP,6,0,0)
[  400472] ASYNC(0000,49,0,0,0)
Still checking Wi-Fi connection...
Debug: connected: True status: 3
Actual PM: 0x10
1609459735	: GET /temp
Console: Getting Temp...
Still checking Wi-Fi connection...
Debug: connected: True status: 3
Actual PM: 0x10
Still checking Wi-Fi connection...
Debug: connected: True status: 3
Actual PM: 0x10
Still checking Wi-Fi connection...
Debug: connected: True status: 3
Actual PM: 0x10
Still checking Wi-Fi connection...
Debug: connected: True status: 3
Actual PM: 0x10
1609460250	: GET /temp
Console: Getting Temp...
Still checking Wi-Fi connection...
Debug: connected: True status: 3
Actual PM: 0x10
Still checking Wi-Fi connection...
Debug: connected: True status: 3
Actual PM: 0x10
Still checking Wi-Fi connection...
Debug: connected: True status: 3
Actual PM: 0x10
Still checking Wi-Fi connection...
Debug: connected: True status: 3
Actual PM: 0x10
Still checking Wi-Fi connection...
Debug: connected: True status: 3
Actual PM: 0x10
Still checking Wi-Fi connection...
Debug: connected: True status: 3
Actual PM: 0x10
Still checking Wi-Fi connection...
Debug: connected: True status: 3
Actual PM: 0x10
1609461274	: GET /temp
Console: Getting Temp...
Still checking Wi-Fi connection...
Debug: connected: True status: 3
Actual PM: 0x10
Still checking Wi-Fi connection...
Debug: connected: True status: 3
Actual PM: 0x10
Still checking Wi-Fi connection...
Debug: connected: True status: 3
Actual PM: 0x10
Still checking Wi-Fi connection...
Debug: connected: True status: 3
Actual PM: 0x10
Still checking Wi-Fi connection...
Debug: connected: True status: 3
Actual PM: 0x10
Still checking Wi-Fi connection...
Debug: connected: True status: 3
Actual PM: 0x10
Still checking Wi-Fi connection...
Debug: connected: True status: 3
Actual PM: 0x10
Still checking Wi-Fi connection...
Debug: connected: True status: 3
Actual PM: 0x10
Still checking Wi-Fi connection...
Debug: connected: True status: 3
Actual PM: 0x10
Still checking Wi-Fi connection...
Debug: connected: True status: 3
Actual PM: 0x10
Still checking Wi-Fi connection...
Debug: connected: True status: 3
Actual PM: 0x10
Still checking Wi-Fi connection...
Debug: connected: True status: 3
Actual PM: 0x10
Still checking Wi-Fi connection...
Debug: connected: True status: 3
Actual PM: 0x10
Still checking Wi-Fi connection...
Debug: connected: True status: 3
Actual PM: 0x10
[ 4001006] ASYNC(0000,PSK_SUP,6,0,0)
[ 4001277] ASYNC(0000,49,0,0,0)
[ 4001381] ASYNC(0000,49,0,0,0)
Still checking Wi-Fi connection...
Debug: connected: True status: 3
Actual PM: 0x10
1609463322	: GET /temp
Console: Getting Temp...
