test.bash: Waiting for reset
test.bash: Waiting for the server to start
Random selected PM: network.WLAN.PM_POWERSAVE
Starting server. OS: (sysname='rp2', nodename='rp2', release='1.24.1', version='v1.24.1 on 2024-11-29 (GNU 13.2.0 MinSizeRel)', machine='Raspberry Pi Pico W with RP2040') PM: 17
Waiting for connection...
Waiting for connection...
Waiting for connection...
[   15005] ASYNC(0000,ASSOC_REQ_IE,0,0,0)
[   15006] ASYNC(0000,AUTH,0,0,0)
[   15015] ASYNC(0000,ASSOC_RESP_IE,0,0,0)
[   15015] ASYNC(0000,ASSOC,0,0,0)
[   15016] ASYNC(0001,LINK,0,0,0)
[   15032] ASYNC(0000,PSK_SUP,6,0,0)
[   15040] ASYNC(0000,JOIN,0,0,0)
[   15041] ASYNC(0000,SET_SSID,0,0,0)
Connected: ('192.168.1.4', '255.255.255.0', '192.168.1.1', '192.168.1.1')
Actual PM: 0x11
test.bash: Sleeping for 1 seconds
Wed Dec 25 12:21:30 AM EST 2024
test.bash: Running wget
test.bash: Response: {"unit": "C", "temp": 29.85327}
test.bash: Sleeping for 2 seconds
1609459222	: GET /temp
Console: Getting Temp...
Wed Dec 25 12:21:32 AM EST 2024
test.bash: Running wget
test.bash: Response: {"unit": "C", "temp": 29.85327}
test.bash: Sleeping for 4 seconds
1609459224	: GET /temp
Console: Getting Temp...
Wed Dec 25 12:21:37 AM EST 2024
test.bash: Running wget
1609459228	: GET /temp
Console: Getting Temp...
test.bash: Response: {"unit": "C", "temp": 29.85327}
test.bash: Sleeping for 8 seconds
Wed Dec 25 12:21:45 AM EST 2024
test.bash: Running wget
1609459238	: GET /temp
Console: Getting Temp...
test.bash: Response: {"unit": "C", "temp": 29.85327}
test.bash: Sleeping for 16 seconds
Wed Dec 25 12:22:02 AM EST 2024
test.bash: Running wget
test.bash: Response: {"unit": "C", "temp": 30.32144}
test.bash: Sleeping for 32 seconds
1609459254	: GET /temp
Console: Getting Temp...
Wed Dec 25 12:22:35 AM EST 2024
test.bash: Running wget
1609459286	: GET /temp
Console: Getting Temp...
test.bash: Response: {"unit": "C", "temp": 30.32144}
test.bash: Sleeping for 64 seconds
Wed Dec 25 12:23:39 AM EST 2024
test.bash: Running wget
1609459351	: GET /temp
Console: Getting Temp...
test.bash: Response: {"unit": "C", "temp": 30.32144}
test.bash: Sleeping for 128 seconds
Wed Dec 25 12:25:47 AM EST 2024
test.bash: Running wget
1609459479	: GET /temp
Console: Getting Temp...
test.bash: Response: {"unit": "C", "temp": 30.32144}
test.bash: Sleeping for 256 seconds
Wed Dec 25 12:30:04 AM EST 2024
test.bash: Running wget
test.bash: Response: {"unit": "C", "temp": 30.32144}
test.bash: Sleeping for 512 seconds
1609459735	: GET /temp
Console: Getting Temp...
Still checking Wi-Fi connection...
Debug: connected: True status: 3
Actual PM: 0x11
Wed Dec 25 12:38:36 AM EST 2024
test.bash: Running wget
1609460267	: GET /temp
Console: Getting Temp...
test.bash: Response: {"unit": "C", "temp": 28.91698}
test.bash: Sleeping for 1024 seconds
Still checking Wi-Fi connection...
Debug: connected: True status: 3
Actual PM: 0x11
[ 1671890] ASYNC(0000,49,0,0,0)
[ 1672605] ASYNC(0000,49,0,0,0)
[ 1672913] ASYNC(0000,49,0,0,0)
[ 1672914] ASYNC(0000,49,0,0,0)
[ 1673528] ASYNC(0000,49,0,0,0)
[ 1673732] ASYNC(0000,49,0,0,0)
[ 1673832] ASYNC(0000,49,0,0,0)
[ 1674652] ASYNC(0000,49,0,0,0)
[ 1675679] ASYNC(0000,49,0,0,0)
[ 1675782] ASYNC(0000,49,0,0,0)
[ 1676905] ASYNC(0000,49,0,0,0)
[ 1677625] ASYNC(0000,49,0,0,0)
[ 1677929] ASYNC(0000,49,0,0,0)
[ 1680797] ASYNC(0000,49,0,0,0)
[ 1681720] ASYNC(0000,49,0,0,0)
[ 1681925] ASYNC(0000,49,0,0,0)
[ 1682640] ASYNC(0000,49,0,0,0)
[ 1682948] ASYNC(0000,49,0,0,0)
[ 1685817] ASYNC(0000,49,0,0,0)
[ 1686840] ASYNC(0000,49,0,0,0)
[ 1686940] ASYNC(0000,49,0,0,0)
[ 1687660] ASYNC(0000,49,0,0,0)
[ 1687964] ASYNC(0000,49,0,0,0)
[ 1690733] ASYNC(0000,49,0,0,0)
[ 1691960] ASYNC(0000,49,0,0,0)
[ 1692264] ASYNC(0000,49,0,0,0)
[ 1692669] ASYNC(0000,49,0,0,0)
[ 1692984] ASYNC(0000,49,0,0,0)
[ 1693288] ASYNC(0000,49,0,0,0)
[ 1694008] ASYNC(0000,49,0,0,0)
[ 1694622] ASYNC(0000,49,0,0,0)
[ 1695647] ASYNC(0000,49,0,0,0)
[ 1695748] ASYNC(0000,49,0,0,0)
[ 1696867] ASYNC(0000,49,0,0,0)
[ 1697695] ASYNC(0000,49,0,0,0)
[ 1697999] ASYNC(0000,49,0,0,0)
[ 1700768] ASYNC(0000,49,0,0,0)
[ 1701890] ASYNC(0000,49,0,0,0)
[ 1702611] ASYNC(0000,49,0,0,0)
[ 1702914] ASYNC(0000,49,0,0,0)
[ 1704862] ASYNC(0000,49,0,0,0)
[ 1705780] ASYNC(0000,49,0,0,0)
[ 1706296] ASYNC(0000,49,0,0,0)
[ 1706910] ASYNC(0000,49,0,0,0)
[ 1707626] ASYNC(0000,49,0,0,0)
[ 1707934] ASYNC(0000,49,0,0,0)
[ 1708649] ASYNC(0000,49,0,0,0)
[ 1710804] ASYNC(0000,49,0,0,0)
[ 1711516] ASYNC(0000,49,0,0,0)
[ 1711926] ASYNC(0000,49,0,0,0)
[ 1712331] ASYNC(0000,49,0,0,0)
[ 1712646] ASYNC(0000,49,0,0,0)
[ 1712950] ASYNC(0000,49,0,0,0)
[ 1713250] ASYNC(0000,49,0,0,0)
[ 1713668] ASYNC(0000,49,0,0,0)
[ 1713768] ASYNC(0000,49,0,0,0)
[ 1714692] ASYNC(0000,49,0,0,0)
[ 1714793] ASYNC(0000,49,0,0,0)
[ 1715818] ASYNC(0000,49,0,0,0)
[ 1716946] ASYNC(0000,49,0,0,0)
[ 1717451] ASYNC(0000,49,0,0,0)
[ 1717661] ASYNC(0000,49,0,0,0)
[ 1717969] ASYNC(0000,49,0,0,0)
[ 1718788] ASYNC(0000,49,0,0,0)
[ 1720839] ASYNC(0000,49,0,0,0)
[ 1721961] ASYNC(0000,49,0,0,0)
[ 1722674] ASYNC(0000,49,0,0,0)
[ 1722985] ASYNC(0000,49,0,0,0)
[ 1723908] ASYNC(0000,49,0,0,0)
[ 1724524] ASYNC(0000,49,0,0,0)
[ 1725648] ASYNC(0000,49,0,0,0)
[ 1725854] ASYNC(0000,49,0,0,0)
[ 1726981] ASYNC(0000,49,0,0,0)
[ 1727696] ASYNC(0000,49,0,0,0)
[ 1727901] ASYNC(0000,49,0,0,0)
[ 1728414] ASYNC(0000,49,0,0,0)
[ 1730462] ASYNC(0000,49,0,0,0)
[ 1730769] ASYNC(0000,49,0,0,0)
[ 1731897] ASYNC(0000,49,0,0,0)
[ 1732305] ASYNC(0000,49,0,0,0)
[ 1732306] ASYNC(0000,49,0,0,0)
[ 1732307] ASYNC(0000,49,0,0,0)
[ 1732716] ASYNC(0000,49,0,0,0)
[ 1732919] ASYNC(0000,49,0,0,0)
[ 1732921] ASYNC(0000,49,0,0,0)
[ 1733839] ASYNC(0000,49,0,0,0)
[ 1734658] ASYNC(0000,49,0,0,0)
[ 1735789] ASYNC(0000,49,0,0,0)
[ 1736296] ASYNC(0000,49,0,0,0)
[ 1736706] ASYNC(0000,49,0,0,0)
[ 1736707] ASYNC(0000,49,0,0,0)
[ 1736912] ASYNC(0000,49,0,0,0)
[ 1737624] ASYNC(0000,49,0,0,0)
[ 1737936] ASYNC(0000,49,0,0,0)
[ 1740804] ASYNC(0000,49,0,0,0)
[ 1741726] ASYNC(0000,49,0,0,0)
[ 1741932] ASYNC(0000,49,0,0,0)
[ 1742647] ASYNC(0000,49,0,0,0)
[ 1742950] ASYNC(0000,49,0,0,0)
[ 1743874] ASYNC(0000,49,0,0,0)
[ 1743875] ASYNC(0000,49,0,0,0)
[ 1746946] ASYNC(0000,49,0,0,0)
[ 1746948] ASYNC(0000,49,0,0,0)
[ 1747667] ASYNC(0000,49,0,0,0)
[ 1747971] ASYNC(0000,49,0,0,0)
[ 1750839] ASYNC(0000,49,0,0,0)
[ 1751967] ASYNC(0000,49,0,0,0)
[ 1752682] ASYNC(0000,49,0,0,0)
[ 1752991] ASYNC(0000,49,0,0,0)
[ 1754728] ASYNC(0000,49,0,0,0)
[ 1755654] ASYNC(0000,49,0,0,0)
[ 1755859] ASYNC(0000,49,0,0,0)
[ 1756881] ASYNC(0000,49,0,0,0)
[ 1757702] ASYNC(0000,49,0,0,0)
[ 1757906] ASYNC(0000,49,0,0,0)
[ 1760874] ASYNC(0000,49,0,0,0)
[ 1761182] ASYNC(0000,49,0,0,0)
[ 1761183] ASYNC(0000,49,0,0,0)
[ 1761897] ASYNC(0000,49,0,0,0)
[ 1762717] ASYNC(0000,49,0,0,0)
[ 1762921] ASYNC(0000,49,0,0,0)
[ 1764868] ASYNC(0000,49,0,0,0)
[ 1765894] ASYNC(0000,49,0,0,0)
[ 1766294] ASYNC(0000,49,0,0,0)
[ 1766911] ASYNC(0000,49,0,0,0)
[ 1767737] ASYNC(0000,49,0,0,0)
[ 1767941] ASYNC(0000,49,0,0,0)
[ 1770809] ASYNC(0000,49,0,0,0)
[ 1771422] ASYNC(0000,49,0,0,0)
[ 1771932] ASYNC(0000,49,0,0,0)
[ 1772341] ASYNC(0000,49,0,0,0)
[ 1772652] ASYNC(0000,49,0,0,0)
[ 1772956] ASYNC(0000,49,0,0,0)
[ 1773266] ASYNC(0000,49,0,0,0)
[ 1773675] ASYNC(0000,49,0,0,0)
[ 1773880] ASYNC(0000,49,0,0,0)
[ 1774799] ASYNC(0000,49,0,0,0)
[ 1775825] ASYNC(0000,49,0,0,0)
[ 1776337] ASYNC(0000,49,0,0,0)
[ 1776338] ASYNC(0000,49,0,0,0)
[ 1776339] ASYNC(0000,49,0,0,0)
[ 1776952] ASYNC(0000,49,0,0,0)
[ 1777457] ASYNC(0000,49,0,0,0)
[ 1777668] ASYNC(0000,49,0,0,0)
[ 1777976] ASYNC(0000,49,0,0,0)
[ 1778788] ASYNC(0000,49,0,0,0)
[ 1779409] ASYNC(0000,49,0,0,0)
[ 1780844] ASYNC(0000,49,0,0,0)
[ 1781967] ASYNC(0000,49,0,0,0)
[ 1782687] ASYNC(0000,49,0,0,0)
[ 1782991] ASYNC(0000,49,0,0,0)
[ 1783915] ASYNC(0000,49,0,0,0)
[ 1784529] ASYNC(0000,49,0,0,0)
[ 1785655] ASYNC(0000,49,0,0,0)
[ 1785860] ASYNC(0000,49,0,0,0)
[ 1786883] ASYNC(0000,49,0,0,0)
[ 1787703] ASYNC(0000,49,0,0,0)
[ 1787907] ASYNC(0000,49,0,0,0)
[ 1788418] ASYNC(0000,49,0,0,0)
[ 1788830] ASYNC(0000,49,0,0,0)
[ 1790775] ASYNC(0000,49,0,0,0)
[ 1790880] ASYNC(0000,49,0,0,0)
[ 1791902] ASYNC(0000,49,0,0,0)
[ 1792311] ASYNC(0000,49,0,0,0)
[ 1792723] ASYNC(0000,49,0,0,0)
[ 1792926] ASYNC(0000,49,0,0,0)
[ 1792927] ASYNC(0000,49,0,0,0)
[ 1793540] ASYNC(0000,49,0,0,0)
[ 1793845] ASYNC(0000,49,0,0,0)
[ 1794769] ASYNC(0000,49,0,0,0)
[ 1794869] ASYNC(0000,49,0,0,0)
[ 1795892] ASYNC(0000,49,0,0,0)
[ 1796918] ASYNC(0000,49,0,0,0)
[ 1797738] ASYNC(0000,49,0,0,0)
[ 1797942] ASYNC(0000,49,0,0,0)
[ 1800915] ASYNC(0000,49,0,0,0)
[ 1801733] ASYNC(0000,49,0,0,0)
[ 1801938] ASYNC(0000,49,0,0,0)
[ 1802758] ASYNC(0000,49,0,0,0)
[ 1802962] ASYNC(0000,49,0,0,0)
[ 1805931] ASYNC(0000,49,0,0,0)
[ 1806953] ASYNC(0000,49,0,0,0)
[ 1806954] ASYNC(0000,49,0,0,0)
[ 1807673] ASYNC(0000,49,0,0,0)
[ 1807977] ASYNC(0000,49,0,0,0)
[ 1810846] ASYNC(0000,49,0,0,0)
[ 1811973] ASYNC(0000,49,0,0,0)
[ 1812277] ASYNC(0000,49,0,0,0)
[ 1812278] ASYNC(0000,49,0,0,0)
[ 1812689] ASYNC(0000,49,0,0,0)
[ 1812997] ASYNC(0000,49,0,0,0)
[ 1813302] ASYNC(0000,49,0,0,0)
[ 1813916] ASYNC(0000,49,0,0,0)
[ 1814735] ASYNC(0000,49,0,0,0)
[ 1815653] ASYNC(0000,49,0,0,0)
[ 1815865] ASYNC(0000,49,0,0,0)
[ 1816373] ASYNC(0000,49,0,0,0)
[ 1816888] ASYNC(0000,49,0,0,0)
[ 1817708] ASYNC(0000,49,0,0,0)
[ 1817912] ASYNC(0000,49,0,0,0)
[ 1820881] ASYNC(0000,49,0,0,0)
[ 1821188] ASYNC(0000,49,0,0,0)
[ 1821904] ASYNC(0000,49,0,0,0)
[ 1822724] ASYNC(0000,49,0,0,0)
[ 1822923] ASYNC(0000,49,0,0,0)
[ 1824875] ASYNC(0000,49,0,0,0)
[ 1825901] ASYNC(0000,49,0,0,0)
[ 1826309] ASYNC(0000,49,0,0,0)
[ 1826923] ASYNC(0000,49,0,0,0)
[ 1827743] ASYNC(0000,49,0,0,0)
[ 1827947] ASYNC(0000,49,0,0,0)
[ 1828972] ASYNC(0000,49,0,0,0)
[ 1830916] ASYNC(0000,49,0,0,0)
[ 1831422] ASYNC(0000,49,0,0,0)
[ 1831939] ASYNC(0000,49,0,0,0)
[ 1832759] ASYNC(0000,49,0,0,0)
[ 1832958] ASYNC(0000,49,0,0,0)
[ 1833367] ASYNC(0000,49,0,0,0)
[ 1834806] ASYNC(0000,49,0,0,0)
[ 1835936] ASYNC(0000,49,0,0,0)
[ 1836958] ASYNC(0000,49,0,0,0)
[ 1837469] ASYNC(0000,49,0,0,0)
[ 1837674] ASYNC(0000,49,0,0,0)
[ 1837982] ASYNC(0000,49,0,0,0)
[ 1838801] ASYNC(0000,49,0,0,0)
[ 1839416] ASYNC(0000,49,0,0,0)
[ 1840951] ASYNC(0000,49,0,0,0)
[ 1841259] ASYNC(0000,49,0,0,0)
[ 1841260] ASYNC(0000,49,0,0,0)
[ 1841974] ASYNC(0000,49,0,0,0)
[ 1842283] ASYNC(0000,49,0,0,0)
[ 1842694] ASYNC(0000,49,0,0,0)
[ 1842998] ASYNC(0000,49,0,0,0)
[ 1843921] ASYNC(0000,49,0,0,0)
[ 1844536] ASYNC(0000,49,0,0,0)
[ 1845661] ASYNC(0000,49,0,0,0)
[ 1845971] ASYNC(0000,49,0,0,0)
[ 1846889] ASYNC(0000,49,0,0,0)
[ 1847709] ASYNC(0000,49,0,0,0)
[ 1847913] ASYNC(0000,49,0,0,0)
[ 1848427] ASYNC(0000,49,0,0,0)
[ 1849247] ASYNC(0000,49,0,0,0)
[ 1850886] ASYNC(0000,49,0,0,0)
[ 1852318] ASYNC(0000,49,0,0,0)
[ 1852729] ASYNC(0000,49,0,0,0)
[ 1853541] ASYNC(0000,49,0,0,0)
[ 1854153] ASYNC(0000,49,0,0,0)
[ 1854154] ASYNC(0000,49,0,0,0)
[ 1854776] ASYNC(0000,49,0,0,0)
[ 1855902] ASYNC(0000,49,0,0,0)
[ 1856414] ASYNC(0000,49,0,0,0)
[ 1856415] ASYNC(0000,49,0,0,0)
[ 1856924] ASYNC(0000,49,0,0,0)
[ 1856925] ASYNC(0000,49,0,0,0)
[ 1857745] ASYNC(0000,49,0,0,0)
[ 1857943] ASYNC(0000,49,0,0,0)
[ 1860922] ASYNC(0000,49,0,0,0)
[ 1861839] ASYNC(0000,49,0,0,0)
[ 1861937] ASYNC(0000,49,0,0,0)
[ 1862764] ASYNC(0000,49,0,0,0)
[ 1862968] ASYNC(0000,49,0,0,0)
[ 1865937] ASYNC(0000,49,0,0,0)
[ 1866960] ASYNC(0000,49,0,0,0)
[ 1866961] ASYNC(0000,49,0,0,0)
[ 1867780] ASYNC(0000,49,0,0,0)
[ 1867984] ASYNC(0000,49,0,0,0)
[ 1870957] ASYNC(0000,49,0,0,0)
[ 1871979] ASYNC(0000,49,0,0,0)
[ 1872390] ASYNC(0000,49,0,0,0)
[ 1872691] ASYNC(0000,49,0,0,0)
[ 1872899] ASYNC(0000,49,0,0,0)
[ 1873412] ASYNC(0000,49,0,0,0)
[ 1874232] ASYNC(0000,49,0,0,0)
[ 1874332] ASYNC(0000,49,0,0,0)
[ 1874846] ASYNC(0000,49,0,0,0)
[ 1875667] ASYNC(0000,49,0,0,0)
[ 1875967] ASYNC(0000,49,0,0,0)
[ 1876895] ASYNC(0000,49,0,0,0)
[ 1877715] ASYNC(0000,49,0,0,0)
[ 1877919] ASYNC(0000,49,0,0,0)
[ 1880992] ASYNC(0000,49,0,0,0)
[ 1881296] ASYNC(0000,49,0,0,0)
[ 1881910] ASYNC(0000,49,0,0,0)
[ 1882730] ASYNC(0000,49,0,0,0)
[ 1882934] ASYNC(0000,49,0,0,0)
[ 1884873] ASYNC(0000,49,0,0,0)
[ 1885907] ASYNC(0000,49,0,0,0)
[ 1886315] ASYNC(0000,49,0,0,0)
[ 1886924] ASYNC(0000,49,0,0,0)
[ 1887776] ASYNC(0000,49,0,0,0)
[ 1887954] ASYNC(0000,49,0,0,0)
[ 1890923] ASYNC(0000,49,0,0,0)
[ 1891435] ASYNC(0000,49,0,0,0)
[ 1891941] ASYNC(0000,49,0,0,0)
[ 1892766] ASYNC(0000,49,0,0,0)
[ 1892969] ASYNC(0000,49,0,0,0)
[ 1893688] ASYNC(0000,49,0,0,0)
[ 1893892] ASYNC(0000,49,0,0,0)
[ 1894812] ASYNC(0000,49,0,0,0)
[ 1895326] ASYNC(0000,49,0,0,0)
[ 1895327] ASYNC(0000,49,0,0,0)
[ 1895942] ASYNC(0000,49,0,0,0)
[ 1896965] ASYNC(0000,49,0,0,0)
[ 1897476] ASYNC(0000,49,0,0,0)
[ 1897785] ASYNC(0000,49,0,0,0)
[ 1897989] ASYNC(0000,49,0,0,0)
[ 1898806] ASYNC(0000,49,0,0,0)
[ 1899422] ASYNC(0000,49,0,0,0)
[ 1900958] ASYNC(0000,49,0,0,0)
[ 1901265] ASYNC(0000,49,0,0,0)
[ 1901880] ASYNC(0000,49,0,0,0)
[ 1902290] ASYNC(0000,49,0,0,0)
[ 1902801] ASYNC(0000,49,0,0,0)
[ 1902904] ASYNC(0000,49,0,0,0)
[ 1903926] ASYNC(0000,49,0,0,0)
[ 1904551] ASYNC(0000,49,0,0,0)
[ 1905668] ASYNC(0000,49,0,0,0)
[ 1905978] ASYNC(0000,49,0,0,0)
[ 1906896] ASYNC(0000,49,0,0,0)
[ 1907716] ASYNC(0000,49,0,0,0)
[ 1907819] ASYNC(0000,49,0,0,0)
[ 1907920] ASYNC(0000,49,0,0,0)
[ 1908434] ASYNC(0000,49,0,0,0)
[ 1910993] ASYNC(0000,49,0,0,0)
[ 1911915] ASYNC(0000,49,0,0,0)
[ 1912736] ASYNC(0000,49,0,0,0)
[ 1912939] ASYNC(0000,49,0,0,0)
[ 1912940] ASYNC(0000,49,0,0,0)
[ 1913654] ASYNC(0000,49,0,0,0)
[ 1914883] ASYNC(0000,49,0,0,0)
[ 1916013] ASYNC(0000,49,0,0,0)
[ 1916931] ASYNC(0000,49,0,0,0)
[ 1917751] ASYNC(0000,49,0,0,0)
[ 1917955] ASYNC(0000,49,0,0,0)
[ 1921028] ASYNC(0000,49,0,0,0)
[ 1921336] ASYNC(0000,49,0,0,0)
[ 1921337] ASYNC(0000,49,0,0,0)
[ 1921746] ASYNC(0000,49,0,0,0)
[ 1921944] ASYNC(0000,49,0,0,0)
[ 1922975] ASYNC(0000,49,0,0,0)
[ 1925944] ASYNC(0000,49,0,0,0)
[ 1926966] ASYNC(0000,49,0,0,0)
[ 1926967] ASYNC(0000,49,0,0,0)
[ 1927786] ASYNC(0000,49,0,0,0)
[ 1927990] ASYNC(0000,49,0,0,0)
[ 1930963] ASYNC(0000,49,0,0,0)
[ 1931882] ASYNC(0000,49,0,0,0)
[ 1932395] ASYNC(0000,49,0,0,0)
[ 1932807] ASYNC(0000,49,0,0,0)
[ 1932906] ASYNC(0000,49,0,0,0)
[ 1933419] ASYNC(0000,49,0,0,0)
[ 1933420] ASYNC(0000,49,0,0,0)
[ 1934129] ASYNC(0000,49,0,0,0)
[ 1934238] ASYNC(0000,49,0,0,0)
[ 1934853] ASYNC(0000,49,0,0,0)
[ 1935774] ASYNC(0000,49,0,0,0)
[ 1935979] ASYNC(0000,49,0,0,0)
[ 1936491] ASYNC(0000,49,0,0,0)
[ 1936901] ASYNC(0000,49,0,0,0)
[ 1937001] ASYNC(0000,49,0,0,0)
[ 1937822] ASYNC(0000,49,0,0,0)
[ 1937925] ASYNC(0000,49,0,0,0)
[ 1940991] ASYNC(0000,49,0,0,0)
[ 1941939] ASYNC(0000,49,0,0,0)
[ 1942737] ASYNC(0000,49,0,0,0)
[ 1942937] ASYNC(0000,49,0,0,0)
[ 1944888] ASYNC(0000,49,0,0,0)
[ 1946014] ASYNC(0000,49,0,0,0)
[ 1946322] ASYNC(0000,49,0,0,0)
[ 1946936] ASYNC(0000,49,0,0,0)
[ 1947757] ASYNC(0000,49,0,0,0)
[ 1947960] ASYNC(0000,49,0,0,0)
[ 1949189] ASYNC(0000,49,0,0,0)
[ 1951034] ASYNC(0000,49,0,0,0)
[ 1951442] ASYNC(0000,49,0,0,0)
[ 1951952] ASYNC(0000,49,0,0,0)
[ 1952463] ASYNC(0000,49,0,0,0)
[ 1952768] ASYNC(0000,49,0,0,0)
[ 1952976] ASYNC(0000,49,0,0,0)
[ 1953484] ASYNC(0000,49,0,0,0)
[ 1953694] ASYNC(0000,49,0,0,0)
[ 1953999] ASYNC(0000,49,0,0,0)
[ 1954923] ASYNC(0000,49,0,0,0)
[ 1956049] ASYNC(0000,49,0,0,0)
[ 1956457] ASYNC(0000,49,0,0,0)
[ 1956458] ASYNC(0000,49,0,0,0)
[ 1956972] ASYNC(0000,49,0,0,0)
[ 1957482] ASYNC(0000,49,0,0,0)
[ 1957792] ASYNC(0000,49,0,0,0)
[ 1957996] ASYNC(0000,49,0,0,0)
[ 1958815] ASYNC(0000,49,0,0,0)
[ 1959224] ASYNC(0000,49,0,0,0)
[ 1959225] ASYNC(0000,49,0,0,0)
[ 1961069] ASYNC(0000,49,0,0,0)
[ 1961372] ASYNC(0000,49,0,0,0)
[ 1961782] ASYNC(0000,49,0,0,0)
[ 1961887] ASYNC(0000,49,0,0,0)
[ 1962397] ASYNC(0000,49,0,0,0)
[ 1962807] ASYNC(0000,49,0,0,0)
[ 1962911] ASYNC(0000,49,0,0,0)
[ 1964035] ASYNC(0000,49,0,0,0)
[ 1965779] ASYNC(0000,49,0,0,0)
[ 1965984] ASYNC(0000,49,0,0,0)
[ 1966287] ASYNC(0000,49,0,0,0)
[ 1966902] ASYNC(0000,49,0,0,0)
[ 1966903] ASYNC(0000,49,0,0,0)
[ 1967827] ASYNC(0000,49,0,0,0)
[ 1967927] ASYNC(0000,49,0,0,0)
[ 1968440] ASYNC(0000,49,0,0,0)
[ 1971000] ASYNC(0000,49,0,0,0)
[ 1971922] ASYNC(0000,49,0,0,0)
[ 1972432] ASYNC(0000,49,0,0,0)
[ 1972432] ASYNC(0000,49,0,0,0)
[ 1972742] ASYNC(0000,49,0,0,0)
[ 1972945] ASYNC(0000,49,0,0,0)
[ 1972947] ASYNC(0000,49,0,0,0)
[ 1973560] ASYNC(0000,49,0,0,0)
[ 1973970] ASYNC(0000,49,0,0,0)
[ 1974890] ASYNC(0000,49,0,0,0)
[ 1976020] ASYNC(0000,49,0,0,0)
[ 1976938] ASYNC(0000,49,0,0,0)
[ 1977758] ASYNC(0000,49,0,0,0)
[ 1977962] ASYNC(0000,49,0,0,0)
[ 1979296] ASYNC(0000,49,0,0,0)
[ 1981035] ASYNC(0000,49,0,0,0)
[ 1981440] ASYNC(0000,49,0,0,0)
[ 1981853] ASYNC(0000,49,0,0,0)
[ 1981958] ASYNC(0000,49,0,0,0)
[ 1982777] ASYNC(0000,49,0,0,0)
[ 1982982] ASYNC(0000,49,0,0,0)
[ 1986055] ASYNC(0000,49,0,0,0)
[ 1986973] ASYNC(0000,49,0,0,0)
[ 1986974] ASYNC(0000,49,0,0,0)
[ 1987793] ASYNC(0000,49,0,0,0)
[ 1987998] ASYNC(0000,49,0,0,0)
[ 1991070] ASYNC(0000,49,0,0,0)
[ 1991888] ASYNC(0000,49,0,0,0)
[ 1992813] ASYNC(0000,49,0,0,0)
[ 1992912] ASYNC(0000,49,0,0,0)
[ 1994851] ASYNC(0000,49,0,0,0)
[ 1995780] ASYNC(0000,49,0,0,0)
[ 1996090] ASYNC(0000,49,0,0,0)
[ 1996908] ASYNC(0000,49,0,0,0)
[ 1997822] ASYNC(0000,49,0,0,0)
[ 1997932] ASYNC(0000,49,0,0,0)
[ 2001105] ASYNC(0000,49,0,0,0)
[ 2001718] ASYNC(0000,49,0,0,0)
[ 2001719] ASYNC(0000,49,0,0,0)
[ 2001923] ASYNC(0000,49,0,0,0)
[ 2002737] ASYNC(0000,49,0,0,0)
[ 2002848] ASYNC(0000,49,0,0,0)
[ 2002970] ASYNC(0000,49,0,0,0)
[ 2003766] ASYNC(0000,49,0,0,0)
[ 2004894] ASYNC(0000,49,0,0,0)
[ 2006021] ASYNC(0000,49,0,0,0)
[ 2006328] ASYNC(0000,49,0,0,0)
[ 2006943] ASYNC(0000,49,0,0,0)
[ 2007757] ASYNC(0000,49,0,0,0)
[ 2007967] ASYNC(0000,49,0,0,0)
[ 2009296] ASYNC(0000,49,0,0,0)
[ 2011548] ASYNC(0000,49,0,0,0)
[ 2011959] ASYNC(0000,49,0,0,0)
[ 2012472] ASYNC(0000,49,0,0,0)
[ 2012779] ASYNC(0000,49,0,0,0)
[ 2012983] ASYNC(0000,49,0,0,0)
[ 2014924] ASYNC(0000,49,0,0,0)
[ 2016058] ASYNC(0000,49,0,0,0)
[ 2017484] ASYNC(0000,49,0,0,0)
[ 2017796] ASYNC(0000,49,0,0,0)
[ 2018819] ASYNC(0000,49,0,0,0)
[ 2019536] ASYNC(0000,49,0,0,0)
[ 2021074] ASYNC(0000,49,0,0,0)
[ 2021891] ASYNC(0000,49,0,0,0)
[ 2022814] ASYNC(0000,49,0,0,0)
[ 2022915] ASYNC(0000,49,0,0,0)
[ 2024656] ASYNC(0000,49,0,0,0)
[ 2024758] ASYNC(0000,49,0,0,0)
[ 2025784] ASYNC(0000,49,0,0,0)
[ 2026091] ASYNC(0000,49,0,0,0)
[ 2026909] ASYNC(0000,49,0,0,0)
[ 2027832] ASYNC(0000,49,0,0,0)
[ 2027933] ASYNC(0000,49,0,0,0)
[ 2028447] ASYNC(0000,49,0,0,0)
[ 2031109] ASYNC(0000,49,0,0,0)
[ 2031929] ASYNC(0000,49,0,0,0)
[ 2032844] ASYNC(0000,49,0,0,0)
[ 2032950] ASYNC(0000,49,0,0,0)
[ 2032953] ASYNC(0000,49,0,0,0)
[ 2033667] ASYNC(0000,49,0,0,0)
[ 2034076] ASYNC(0000,49,0,0,0)
[ 2034994] ASYNC(0000,49,0,0,0)
[ 2036126] ASYNC(0000,49,0,0,0)
[ 2036534] ASYNC(0000,49,0,0,0)
[ 2036535] ASYNC(0000,49,0,0,0)
[ 2036944] ASYNC(0000,49,0,0,0)
[ 2037760] ASYNC(0000,49,0,0,0)
[ 2037763] ASYNC(0000,49,0,0,0)
[ 2037867] ASYNC(0000,49,0,0,0)
[ 2037968] ASYNC(0000,49,0,0,0)
[ 2041146] ASYNC(0000,49,0,0,0)
[ 2041347] ASYNC(0000,49,0,0,0)
[ 2041859] ASYNC(0000,49,0,0,0)
[ 2041962] ASYNC(0000,49,0,0,0)
[ 2042782] ASYNC(0000,49,0,0,0)
[ 2042986] ASYNC(0000,49,0,0,0)
[ 2046059] ASYNC(0000,49,0,0,0)
[ 2046980] ASYNC(0000,49,0,0,0)
[ 2046981] ASYNC(0000,49,0,0,0)
[ 2047800] ASYNC(0000,49,0,0,0)
[ 2047901] ASYNC(0000,49,0,0,0)
[ 2051077] ASYNC(0000,49,0,0,0)
[ 2051889] ASYNC(0000,49,0,0,0)
[ 2052509] ASYNC(0000,49,0,0,0)
[ 2052510] ASYNC(0000,49,0,0,0)
[ 2052817] ASYNC(0000,49,0,0,0)
[ 2052919] ASYNC(0000,49,0,0,0)
[ 2054864] ASYNC(0000,49,0,0,0)
[ 2055787] ASYNC(0000,49,0,0,0)
[ 2056094] ASYNC(0000,49,0,0,0)
[ 2056912] ASYNC(0000,49,0,0,0)
[ 2057835] ASYNC(0000,49,0,0,0)
[ 2057936] ASYNC(0000,49,0,0,0)
[ 2061112] ASYNC(0000,49,0,0,0)
[ 2061417] ASYNC(0000,49,0,0,0)
[ 2061930] ASYNC(0000,49,0,0,0)
[ 2062852] ASYNC(0000,49,0,0,0)
[ 2062954] ASYNC(0000,49,0,0,0)
[ 2064893] ASYNC(0000,49,0,0,0)
[ 2066130] ASYNC(0000,49,0,0,0)
[ 2066333] ASYNC(0000,49,0,0,0)
[ 2066947] ASYNC(0000,49,0,0,0)
[ 2067866] ASYNC(0000,49,0,0,0)
[ 2067971] ASYNC(0000,49,0,0,0)
[ 2071147] ASYNC(0000,49,0,0,0)
[ 2071453] ASYNC(0000,49,0,0,0)
[ 2071965] ASYNC(0000,49,0,0,0)
[ 2072883] ASYNC(0000,49,0,0,0)
[ 2072989] ASYNC(0000,49,0,0,0)
[ 2073708] ASYNC(0000,49,0,0,0)
[ 2074115] ASYNC(0000,49,0,0,0)
[ 2074118] ASYNC(0000,49,0,0,0)
[ 2075962] ASYNC(0000,49,0,0,0)
[ 2076165] ASYNC(0000,49,0,0,0)
[ 2076471] ASYNC(0000,49,0,0,0)
[ 2076573] ASYNC(0000,49,0,0,0)
[ 2076983] ASYNC(0000,49,0,0,0)
[ 2077393] ASYNC(0000,49,0,0,0)
[ 2077803] ASYNC(0000,49,0,0,0)
[ 2077904] ASYNC(0000,49,0,0,0)
[ 2078928] ASYNC(0000,49,0,0,0)
[ 2079440] ASYNC(0000,49,0,0,0)
[ 2081182] ASYNC(0000,49,0,0,0)
[ 2081488] ASYNC(0000,49,0,0,0)
[ 2081898] ASYNC(0000,49,0,0,0)
[ 2082000] ASYNC(0000,49,0,0,0)
[ 2082821] ASYNC(0000,49,0,0,0)
[ 2082922] ASYNC(0000,49,0,0,0)
[ 2083229] ASYNC(0000,49,0,0,0)
[ 2084048] ASYNC(0000,49,0,0,0)
[ 2084562] ASYNC(0000,49,0,0,0)
[ 2085785] ASYNC(0000,49,0,0,0)
[ 2086098] ASYNC(0000,49,0,0,0)
[ 2086916] ASYNC(0000,49,0,0,0)
[ 2087838] ASYNC(0000,49,0,0,0)
[ 2087968] ASYNC(0000,49,0,0,0)
[ 2088452] ASYNC(0000,49,0,0,0)
[ 2089475] ASYNC(0000,49,0,0,0)
Wed Dec 25 12:56:00 AM EST 2024
test.bash: Running wget
[ 2091115] ASYNC(0000,49,0,0,0)
[ 2091933] ASYNC(0000,49,0,0,0)
[ 2092547] ASYNC(0000,49,0,0,0)
[ 2092856] ASYNC(0000,49,0,0,0)
[ 2092956] ASYNC(0000,49,0,0,0)
[ 2092960] ASYNC(0000,49,0,0,0)
[ 2093574] ASYNC(0000,49,0,0,0)
[ 2094288] ASYNC(0000,49,0,0,0)
[ 2095312] ASYNC(0000,49,0,0,0)
[ 2096133] ASYNC(0000,49,0,0,0)
[ 2096336] ASYNC(0000,49,0,0,0)
[ 2096951] ASYNC(0000,49,0,0,0)
[ 2097873] ASYNC(0000,49,0,0,0)
[ 2097975] ASYNC(0000,49,0,0,0)
[ 2101151] ASYNC(0000,49,0,0,0)
[ 2101763] ASYNC(0000,49,0,0,0)
[ 2101766] ASYNC(0000,49,0,0,0)
[ 2101968] ASYNC(0000,49,0,0,0)
[ 2102787] ASYNC(0000,49,0,0,0)
[ 2102891] ASYNC(0000,49,0,0,0)
[ 2102992] ASYNC(0000,49,0,0,0)
[ 2103811] ASYNC(0000,49,0,0,0)
test.bash: Failed at 1024 seconds
