test.bash: Waiting for reset
test.bash: Waiting for the server to start
Random selected PM: network.WLAN.PM_NONE
Starting server. OS: (sysname='rp2', nodename='rp2', release='1.24.1', version='v1.24.1 on 2024-11-29 (GNU 13.2.0 MinSizeRel)', machine='Raspberry Pi Pico W with RP2040') PM: 16
Waiting for connection...
Waiting for connection...
Waiting for connection...
[   14983] ASYNC(0000,ASSOC_REQ_IE,0,0,0)
[   14983] ASYNC(0000,AUTH,0,0,0)
[   14988] ASYNC(0000,ASSOC_RESP_IE,0,0,0)
[   14988] ASYNC(0000,ASSOC,0,0,0)
[   14988] ASYNC(0001,LINK,0,0,0)
[   14996] ASYNC(0000,JOIN,0,0,0)
[   14997] ASYNC(0000,SET_SSID,0,0,0)
[   15005] ASYNC(0000,PSK_SUP,6,0,0)
Connected: ('192.168.1.4', '255.255.255.0', '192.168.1.1', '192.168.1.1')
Actual PM: 0x10
test.bash: Sleeping for 1 seconds
Tue Dec 24 02:33:39 PM EST 2024
test.bash: Running wget
1609459222	: GET /temp
Console: Getting Temp...
test.bash: Response: {"unit": "C", "temp": 28.44887}
test.bash: Sleeping for 2 seconds
Tue Dec 24 02:33:41 PM EST 2024
test.bash: Running wget
test.bash: Response: {"unit": "C", "temp": 28.44887}
test.bash: Sleeping for 4 seconds
1609459224	: GET /temp
Console: Getting Temp...
Tue Dec 24 02:33:45 PM EST 2024
test.bash: Running wget
1609459228	: GET /temp
Console: Getting Temp...
test.bash: Response: {"unit": "C", "temp": 28.44887}
test.bash: Sleeping for 8 seconds
Tue Dec 24 02:33:53 PM EST 2024
test.bash: Running wget
test.bash: Response: {"unit": "C", "temp": 28.91698}
test.bash: Sleeping for 16 seconds
1609459236	: GET /temp
Console: Getting Temp...
Tue Dec 24 02:34:10 PM EST 2024
test.bash: Running wget
1609459252	: GET /temp
Console: Getting Temp...
test.bash: Response: {"unit": "C", "temp": 29.85327}
test.bash: Sleeping for 32 seconds
Tue Dec 24 02:34:42 PM EST 2024
test.bash: Running wget
1609459284	: GET /temp
Console: Getting Temp...
test.bash: Response: {"unit": "C", "temp": 30.32144}
test.bash: Sleeping for 64 seconds
Tue Dec 24 02:35:46 PM EST 2024
test.bash: Running wget
1609459349	: GET /temp
Console: Getting Temp...
test.bash: Response: {"unit": "C", "temp": 31.2577}
test.bash: Sleeping for 128 seconds
Tue Dec 24 02:37:54 PM EST 2024
test.bash: Running wget
1609459477	: GET /temp
Console: Getting Temp...
test.bash: Response: {"unit": "C", "temp": 31.72584}
test.bash: Sleeping for 256 seconds
Tue Dec 24 02:42:11 PM EST 2024
test.bash: Running wget
1609459733	: GET /temp
Console: Getting Temp...
test.bash: Response: {"unit": "C", "temp": 32.66213}
test.bash: Sleeping for 512 seconds
Still checking Wi-Fi connection...
Debug: connected: True status: 3
Actual PM: 0x10
[  896111] ASYNC(0000,PSK_SUP,6,0,0)
[  896461] ASYNC(0000,49,0,0,0)
Tue Dec 24 02:50:43 PM EST 2024
test.bash: Running wget
1609460246	: GET /temp
Console: Getting Temp...
test.bash: Response: {"unit": "C", "temp": 31.72584}
test.bash: Sleeping for 1024 seconds
Still checking Wi-Fi connection...
Debug: connected: True status: 3
Actual PM: 0x10
Tue Dec 24 03:07:47 PM EST 2024
test.bash: Running wget
1609461270	: GET /temp
Console: Getting Temp...
test.bash: Response: {"unit": "C", "temp": 30.32144}
test.bash: Sleeping for 2048 seconds
Still checking Wi-Fi connection...
Debug: connected: True status: 3
Actual PM: 0x10
Still checking Wi-Fi connection...
Debug: connected: True status: 3
Actual PM: 0x10
Still checking Wi-Fi connection...
Debug: connected: True status: 3
Actual PM: 0x10
Tue Dec 24 03:41:56 PM EST 2024
test.bash: Running wget
1609463319	: GET /temp
Console: Getting Temp...
test.bash: Response: {"unit": "C", "temp": 30.32144}
test.bash: Test succeeded
