test.bash: Waiting for reset
test.bash: Waiting for the server to start
Random selected PM: network.WLAN.PM_NONE
Starting server. OS: (sysname='rp2', nodename='rp2', release='1.24.1', version='v1.24.1 on 2024-11-29 (GNU 13.2.0 MinSizeRel)', machine='Raspberry Pi Pico W with RP2040') PM: 16
Waiting for connection...
Waiting for connection...
Waiting for connection...
[   14999] ASYNC(0000,ASSOC_REQ_IE,0,0,0)
[   14999] ASYNC(0000,AUTH,0,0,0)
[   15009] ASYNC(0000,ASSOC_RESP_IE,0,0,0)
[   15009] ASYNC(0000,ASSOC,0,0,0)
[   15010] ASYNC(0001,LINK,0,0,0)
[   15020] ASYNC(0000,PSK_SUP,6,0,0)
[   15099] ASYNC(0000,JOIN,0,0,0)
[   15100] ASYNC(0000,SET_SSID,0,0,0)
Connected: ('192.168.1.4', '255.255.255.0', '192.168.1.1', '192.168.1.1')
Actual PM: 0x10
test.bash: Sleeping for 1 seconds
Wed Dec 25 07:17:21 AM EST 2024
test.bash: Running wget
1609459223	: GET /temp
Console: Getting Temp...
test.bash: Response: {"unit": "C", "temp": 26.10811}
test.bash: Sleeping for 2 seconds
Wed Dec 25 07:17:24 AM EST 2024
test.bash: Running wget
1609459225	: GET /temp
Console: Getting Temp...
test.bash: Response: {"unit": "C", "temp": 28.91698}
test.bash: Sleeping for 4 seconds
Wed Dec 25 07:17:28 AM EST 2024
test.bash: Running wget
test.bash: Response: {"unit": "C", "temp": 28.91698}
test.bash: Sleeping for 8 seconds
1609459229	: GET /temp
Console: Getting Temp...
Wed Dec 25 07:17:36 AM EST 2024
test.bash: Running wget
test.bash: Response: {"unit": "C", "temp": 28.91698}
test.bash: Sleeping for 16 seconds
1609459237	: GET /temp
Console: Getting Temp...
Wed Dec 25 07:17:53 AM EST 2024
test.bash: Running wget
1609459253	: GET /temp
Console: Getting Temp...
test.bash: Response: {"unit": "C", "temp": 29.38512}
test.bash: Sleeping for 32 seconds
Wed Dec 25 07:18:25 AM EST 2024
test.bash: Running wget
1609459286	: GET /temp
Console: Getting Temp...
test.bash: Response: {"unit": "C", "temp": 29.85327}
test.bash: Sleeping for 64 seconds
Wed Dec 25 07:19:29 AM EST 2024
test.bash: Running wget
1609459350	: GET /temp
Console: Getting Temp...
test.bash: Response: {"unit": "C", "temp": 30.32144}
test.bash: Sleeping for 128 seconds
Wed Dec 25 07:21:37 AM EST 2024
test.bash: Running wget
test.bash: Response: {"unit": "C", "temp": 30.32144}
test.bash: Sleeping for 256 seconds
1609459478	: GET /temp
Console: Getting Temp...
Wed Dec 25 07:25:54 AM EST 2024
test.bash: Running wget
1609459734	: GET /temp
Console: Getting Temptest.bash: Response: {"unit": "C", "temp": 30.32144}
...
test.bash: Sleeping for 512 seconds
Still checking Wi-Fi connection...
Debug: connected: True status: 3
Actual PM: 0x10
Wed Dec 25 07:34:26 AM EST 2024
test.bash: Running wget
1609460247	: GET /temp
Console: Getting Temp...
test.bash: Response: {"unit": "C", "temp": 29.85327}
test.bash: Sleeping for 1024 seconds
Still checking Wi-Fi connection...
Debug: connected: True status: 3
Actual PM: 0x10
[ 1953741] ASYNC(0000,PSK_SUP,6,0,0)
[ 1954269] ASYNC(0000,49,0,0,0)
[ 1954271] ASYNC(0000,49,0,0,0)
[ 1954875] ASYNC(0000,49,0,0,0)
Wed Dec 25 07:51:30 AM EST 2024
test.bash: Running wget
1609461271	: GET /temp
Console: Getting Temp...
test.bash: Response: {"unit": "C", "temp": 27.51254}
test.bash: Sleeping for 2048 seconds
Still checking Wi-Fi connection...
Debug: connected: True status: 3
Actual PM: 0x10
Still checking Wi-Fi connection...
Debug: connected: True status: 3
Actual PM: 0x10
Still checking Wi-Fi connection...
Debug: connected: True status: 3
Actual PM: 0x10
Wed Dec 25 08:25:38 AM EST 2024
test.bash: Running wget
test.bash: Response: {"unit": "C", "temp": 27.51254}
test.bash: Test succeeded
