test.bash: Waiting for reset
test.bash: Waiting for the server to start
Random selected PM: network.WLAN.PM_POWERSAVE
Starting server. OS: (sysname='rp2', nodename='rp2', release='1.24.1', version='v1.24.1 on 2024-11-29 (GNU 13.2.0 MinSizeRel)', machine='Raspberry Pi Pico W with RP2040') PM: 17
Waiting for connection...
Waiting for connection...
Waiting for connection...
[   15008] ASYNC(0000,ASSOC_REQ_IE,0,0,0)
[   15009] ASYNC(0000,AUTH,0,0,0)
[   15016] ASYNC(0000,ASSOC_RESP_IE,0,0,0)
[   15016] ASYNC(0000,ASSOC,0,0,0)
[   15017] ASYNC(0001,LINK,0,0,0)
[   15030] ASYNC(0000,PSK_SUP,6,0,0)
[   15093] ASYNC(0000,JOIN,0,0,0)
[   15094] ASYNC(0000,SET_SSID,0,0,0)
Connected: ('192.168.1.4', '255.255.255.0', '192.168.1.1', '192.168.1.1')
Actual PM: 0x11
test.bash: Sleeping for 1 seconds
Wed Dec 25 02:06:09 AM EST 2024
test.bash: Running wget
1609459222	: GET /temp
Console: Getting Temp...
test.bash: Response: {"unit": "C", "temp": 26.10811}
test.bash: Sleeping for 2 seconds
Wed Dec 25 02:06:12 AM EST 2024
test.bash: Running wget
1609459224	: GET /temp
Console: Getting Temp...
test.bash: Response: {"unit": "C", "temp": 28.44887}
test.bash: Sleeping for 4 seconds
Wed Dec 25 02:06:16 AM EST 2024
test.bash: Running wget
1609459228	: GET /temp
Console: Getting Temp...
test.bash: Response: {"unit": "C", "temp": 28.91698}
test.bash: Sleeping for 8 seconds
Wed Dec 25 02:06:24 AM EST 2024
test.bash: Running wget
1609459237	: GET /temp
Console: Getting Temp...
test.bash: Response: {"unit": "C", "temp": 28.91698}
test.bash: Sleeping for 16 seconds
Wed Dec 25 02:06:41 AM EST 2024
test.bash: Running wget
test.bash: Response: {"unit": "C", "temp": 28.91698}
test.bash: Sleeping for 32 seconds
1609459253	: GET /temp
Console: Getting Temp...
Wed Dec 25 02:07:13 AM EST 2024
test.bash: Running wget
test.bash: Response: {"unit": "C", "temp": 29.85327}
test.bash: Sleeping for 64 seconds
1609459285	: GET /temp
Console: Getting Temp...
Wed Dec 25 02:08:17 AM EST 2024
test.bash: Running wget
1609459350	: GET /temp
Console: Getting Temp...
test.bash: Response: {"unit": "C", "temp": 29.38512}
test.bash: Sleeping for 128 seconds
Wed Dec 25 02:10:25 AM EST 2024
test.bash: Running wget
1609459478	: GET /temp
Console: Getting Temp...
test.bash: Response: {"unit": "C", "temp": 29.85327}
test.bash: Sleeping for 256 seconds
Wed Dec 25 02:14:42 AM EST 2024
test.bash: Running wget
1609459734	: GET /temp
Console: Getting Temp...
test.bash: Response: {"unit": "C", "temp": 29.38512}
test.bash: Sleeping for 512 seconds
Still checking Wi-Fi connection...
Debug: connected: True status: 3
Actual PM: 0x11
Wed Dec 25 02:23:14 AM EST 2024
test.bash: Running wget
1609460260	: GET /temp
Console: Getting Temp...
test.bash: Response: {"unit": "C", "temp": 28.44887}
test.bash: Sleeping for 1024 seconds
Still checking Wi-Fi connection...
Debug: connected: True status: 3
Actual PM: 0x11
Wed Dec 25 02:40:32 AM EST 2024
test.bash: Running wget
1609461304	: GET /temp
Console: Getting Temp...
test.bash: Response: {"unit": "C", "temp": 26.10811}
test.bash: Sleeping for 2048 seconds
Still checking Wi-Fi connection...
Debug: connected: True status: 3
Actual PM: 0x11
[ 2607041] ASYNC(0000,49,0,0,0)
[ 2608066] ASYNC(0000,49,0,0,0)
[ 2608069] ASYNC(0000,49,0,0,0)
[ 2609497] ASYNC(0000,49,0,0,0)
[ 2612079] ASYNC(0000,49,0,0,0)
[ 2612979] ASYNC(0000,49,0,0,0)
[ 2613103] ASYNC(0000,49,0,0,0)
[ 2613921] ASYNC(0000,49,0,0,0)
[ 2615538] ASYNC(0000,49,0,0,0)
[ 2615539] ASYNC(0000,49,0,0,0)
[ 2615642] ASYNC(0000,49,0,0,0)
[ 2616583] ASYNC(0000,49,0,0,0)
[ 2616584] ASYNC(0000,49,0,0,0)
[ 2617076] ASYNC(0000,49,0,0,0)
[ 2617998] ASYNC(0000,49,0,0,0)
[ 2618101] ASYNC(0000,49,0,0,0)
[ 2618715] ASYNC(0000,49,0,0,0)
[ 2618919] ASYNC(0000,49,0,0,0)
[ 2620557] ASYNC(0000,49,0,0,0)
[ 2622100] ASYNC(0000,49,0,0,0)
[ 2622318] ASYNC(0000,49,0,0,0)
[ 2623018] ASYNC(0000,49,0,0,0)
[ 2623139] ASYNC(0000,49,0,0,0)
[ 2623956] ASYNC(0000,49,0,0,0)
[ 2624550] ASYNC(0000,49,0,0,0)
[ 2625799] ASYNC(0000,49,0,0,0)
[ 2627112] ASYNC(0000,49,0,0,0)
[ 2628033] ASYNC(0000,49,0,0,0)
[ 2628136] ASYNC(0000,49,0,0,0)
[ 2628955] ASYNC(0000,49,0,0,0)
[ 2629773] ASYNC(0000,49,0,0,0)
[ 2632142] ASYNC(0000,49,0,0,0)
[ 2633053] ASYNC(0000,49,0,0,0)
[ 2633174] ASYNC(0000,49,0,0,0)
[ 2633992] ASYNC(0000,49,0,0,0)
[ 2636428] ASYNC(0000,49,0,0,0)
[ 2637065] ASYNC(0000,49,0,0,0)
[ 2637966] ASYNC(0000,49,0,0,0)
[ 2638171] ASYNC(0000,49,0,0,0)
[ 2638375] ASYNC(0000,49,0,0,0)
[ 2638990] ASYNC(0000,49,0,0,0)
[ 2640627] ASYNC(0000,49,0,0,0)
[ 2641550] ASYNC(0000,49,0,0,0)
[ 2642064] ASYNC(0000,49,0,0,0)
[ 2642065] ASYNC(0000,49,0,0,0)
[ 2642388] ASYNC(0000,49,0,0,0)
[ 2643003] ASYNC(0000,49,0,0,0)
[ 2643086] ASYNC(0000,49,0,0,0)
[ 2643412] ASYNC(0000,49,0,0,0)
[ 2643804] ASYNC(0000,49,0,0,0)
[ 2643904] ASYNC(0000,49,0,0,0)
[ 2644436] ASYNC(0000,49,0,0,0)
[ 2645338] ASYNC(0000,49,0,0,0)
[ 2646771] ASYNC(0000,49,0,0,0)
[ 2647100] ASYNC(0000,49,0,0,0)
[ 2647181] ASYNC(0000,49,0,0,0)
[ 2647386] ASYNC(0000,49,0,0,0)
[ 2648001] ASYNC(0000,49,0,0,0)
[ 2648124] ASYNC(0000,49,0,0,0)
[ 2648738] ASYNC(0000,49,0,0,0)
[ 2648942] ASYNC(0000,49,0,0,0)
[ 2652097] ASYNC(0000,49,0,0,0)
[ 2653021] ASYNC(0000,49,0,0,0)
[ 2653122] ASYNC(0000,49,0,0,0)
[ 2653857] ASYNC(0000,49,0,0,0)
[ 2653940] ASYNC(0000,49,0,0,0)
[ 2654963] ASYNC(0000,49,0,0,0)
[ 2655700] ASYNC(0000,49,0,0,0)
[ 2657135] ASYNC(0000,49,0,0,0)
[ 2658160] ASYNC(0000,49,0,0,0)
[ 2658977] ASYNC(0000,49,0,0,0)
[ 2659774] ASYNC(0000,49,0,0,0)
[ 2660083] ASYNC(0000,49,0,0,0)
[ 2662133] ASYNC(0000,49,0,0,0)
[ 2662336] ASYNC(0000,49,0,0,0)
[ 2662337] ASYNC(0000,49,0,0,0)
[ 2663055] ASYNC(0000,49,0,0,0)
[ 2663157] ASYNC(0000,49,0,0,0)
[ 2663975] ASYNC(0000,49,0,0,0)
[ 2664384] ASYNC(0000,49,0,0,0)
[ 2665409] ASYNC(0000,49,0,0,0)
[ 2667150] ASYNC(0000,49,0,0,0)
[ 2667989] ASYNC(0000,49,0,0,0)
[ 2668195] ASYNC(0000,49,0,0,0)
[ 2669013] ASYNC(0000,49,0,0,0)
[ 2669504] ASYNC(0000,49,0,0,0)
[ 2672086] ASYNC(0000,49,0,0,0)
[ 2672986] ASYNC(0000,49,0,0,0)
[ 2673193] ASYNC(0000,49,0,0,0)
[ 2673928] ASYNC(0000,49,0,0,0)
[ 2677084] ASYNC(0000,49,0,0,0)
[ 2678024] ASYNC(0000,49,0,0,0)
[ 2678230] ASYNC(0000,49,0,0,0)
[ 2678722] ASYNC(0000,49,0,0,0)
[ 2678925] ASYNC(0000,49,0,0,0)
[ 2679858] ASYNC(0000,49,0,0,0)
[ 2679858] ASYNC(0000,49,0,0,0)
[ 2680666] ASYNC(0000,49,0,0,0)
[ 2680667] ASYNC(0000,49,0,0,0)
[ 2681696] ASYNC(0000,49,0,0,0)
[ 2682121] ASYNC(0000,49,0,0,0)
[ 2683021] ASYNC(0000,49,0,0,0)
[ 2683145] ASYNC(0000,49,0,0,0)
[ 2683941] ASYNC(0000,49,0,0,0)
[ 2684577] ASYNC(0000,49,0,0,0)
[ 2685806] ASYNC(0000,49,0,0,0)
[ 2687119] ASYNC(0000,49,0,0,0)
[ 2688051] ASYNC(0000,49,0,0,0)
[ 2688144] ASYNC(0000,49,0,0,0)
[ 2688961] ASYNC(0000,49,0,0,0)
[ 2689697] ASYNC(0000,49,0,0,0)
[ 2693057] ASYNC(0000,49,0,0,0)
[ 2693181] ASYNC(0000,49,0,0,0)
[ 2693976] ASYNC(0000,49,0,0,0)
[ 2696129] ASYNC(0000,49,0,0,0)
[ 2696446] ASYNC(0000,49,0,0,0)
[ 2697155] ASYNC(0000,49,0,0,0)
[ 2697972] ASYNC(0000,49,0,0,0)
[ 2698178] ASYNC(0000,49,0,0,0)
[ 2698382] ASYNC(0000,49,0,0,0)
[ 2698914] ASYNC(0000,49,0,0,0)
[ 2699937] ASYNC(0000,49,0,0,0)
[ 2700634] ASYNC(0000,49,0,0,0)
[ 2701576] ASYNC(0000,49,0,0,0)
[ 2702069] ASYNC(0000,49,0,0,0)
[ 2702070] ASYNC(0000,49,0,0,0)
[ 2702272] ASYNC(0000,49,0,0,0)
[ 2703002] ASYNC(0000,49,0,0,0)
[ 2703194] ASYNC(0000,49,0,0,0)
[ 2703911] ASYNC(0000,49,0,0,0)
[ 2706778] ASYNC(0000,49,0,0,0)
[ 2707107] ASYNC(0000,49,0,0,0)
[ 2707310] ASYNC(0000,49,0,0,0)
[ 2708007] ASYNC(0000,49,0,0,0)
[ 2708214] ASYNC(0000,49,0,0,0)
[ 2708745] ASYNC(0000,49,0,0,0)
[ 2708941] ASYNC(0000,49,0,0,0)
[ 2712104] ASYNC(0000,49,0,0,0)
[ 2713045] ASYNC(0000,49,0,0,0)
[ 2713230] ASYNC(0000,49,0,0,0)
[ 2713857] ASYNC(0000,49,0,0,0)
[ 2713946] ASYNC(0000,49,0,0,0)
[ 2714888] ASYNC(0000,49,0,0,0)
[ 2717123] ASYNC(0000,49,0,0,0)
[ 2718042] ASYNC(0000,49,0,0,0)
[ 2718249] ASYNC(0000,49,0,0,0)
[ 2718984] ASYNC(0000,49,0,0,0)
[ 2720090] ASYNC(0000,49,0,0,0)
[ 2720704] ASYNC(0000,49,0,0,0)
[ 2722139] ASYNC(0000,49,0,0,0)
[ 2723080] ASYNC(0000,49,0,0,0)
[ 2723164] ASYNC(0000,49,0,0,0)
[ 2723982] ASYNC(0000,49,0,0,0)
[ 2724391] ASYNC(0000,49,0,0,0)
[ 2725415] ASYNC(0000,49,0,0,0)
[ 2727155] ASYNC(0000,49,0,0,0)
[ 2727586] ASYNC(0000,49,0,0,0)
[ 2727975] ASYNC(0000,49,0,0,0)
[ 2728202] ASYNC(0000,49,0,0,0)
[ 2728897] ASYNC(0000,49,0,0,0)
[ 2729511] ASYNC(0000,49,0,0,0)
[ 2732175] ASYNC(0000,49,0,0,0)
[ 2732993] ASYNC(0000,49,0,0,0)
[ 2733199] ASYNC(0000,49,0,0,0)
[ 2733935] ASYNC(0000,49,0,0,0)
[ 2737090] ASYNC(0000,49,0,0,0)
[ 2738031] ASYNC(0000,49,0,0,0)
[ 2738237] ASYNC(0000,49,0,0,0)
[ 2738728] ASYNC(0000,49,0,0,0)
[ 2738932] ASYNC(0000,49,0,0,0)
[ 2739874] ASYNC(0000,49,0,0,0)
[ 2742128] ASYNC(0000,49,0,0,0)
[ 2742413] ASYNC(0000,49,0,0,0)
[ 2742414] ASYNC(0000,49,0,0,0)
[ 2742946] ASYNC(0000,49,0,0,0)
[ 2743028] ASYNC(0000,49,0,0,0)
[ 2743235] ASYNC(0000,49,0,0,0)
[ 2743971] ASYNC(0000,49,0,0,0)
[ 2744586] ASYNC(0000,49,0,0,0)
[ 2745403] ASYNC(0000,49,0,0,0)
[ 2745795] ASYNC(0000,49,0,0,0)
[ 2747125] ASYNC(0000,49,0,0,0)
[ 2748062] ASYNC(0000,49,0,0,0)
[ 2748275] ASYNC(0000,49,0,0,0)
[ 2748967] ASYNC(0000,49,0,0,0)
[ 2752163] ASYNC(0000,49,0,0,0)
[ 2752653] ASYNC(0000,49,0,0,0)
[ 2753063] ASYNC(0000,49,0,0,0)
[ 2753269] ASYNC(0000,49,0,0,0)
[ 2754005] ASYNC(0000,49,0,0,0)
[ 2756463] ASYNC(0000,49,0,0,0)
[ 2757161] ASYNC(0000,49,0,0,0)
[ 2757979] ASYNC(0000,49,0,0,0)
[ 2758314] ASYNC(0000,49,0,0,0)
[ 2758389] ASYNC(0000,49,0,0,0)
[ 2758921] ASYNC(0000,49,0,0,0)
[ 2759922] ASYNC(0000,49,0,0,0)
[ 2759923] ASYNC(0000,49,0,0,0)
[ 2760763] ASYNC(0000,49,0,0,0)
[ 2761583] ASYNC(0000,49,0,0,0)
[ 2762075] ASYNC(0000,49,0,0,0)
[ 2762178] ASYNC(0000,49,0,0,0)
[ 2762402] ASYNC(0000,49,0,0,0)
[ 2763017] ASYNC(0000,49,0,0,0)
[ 2763305] ASYNC(0000,49,0,0,0)
[ 2763918] ASYNC(0000,49,0,0,0)
[ 2766785] ASYNC(0000,49,0,0,0)
[ 2767196] ASYNC(0000,49,0,0,0)
[ 2767317] ASYNC(0000,49,0,0,0)
[ 2767728] ASYNC(0000,49,0,0,0)
[ 2768014] ASYNC(0000,49,0,0,0)
[ 2768220] ASYNC(0000,49,0,0,0)
[ 2768752] ASYNC(0000,49,0,0,0)
[ 2768956] ASYNC(0000,49,0,0,0)
[ 2772111] ASYNC(0000,49,0,0,0)
[ 2773258] ASYNC(0000,49,0,0,0)
[ 2773870] ASYNC(0000,49,0,0,0)
[ 2773953] ASYNC(0000,49,0,0,0)
[ 2774895] ASYNC(0000,49,0,0,0)
[ 2775796] ASYNC(0000,49,0,0,0)
[ 2775797] ASYNC(0000,49,0,0,0)
[ 2776820] ASYNC(0000,49,0,0,0)
[ 2777149] ASYNC(0000,49,0,0,0)
[ 2778049] ASYNC(0000,49,0,0,0)
[ 2778255] ASYNC(0000,49,0,0,0)
[ 2778991] ASYNC(0000,49,0,0,0)
[ 2779892] ASYNC(0000,49,0,0,0)
[ 2780097] ASYNC(0000,49,0,0,0)
[ 2780711] ASYNC(0000,49,0,0,0)
[ 2782147] ASYNC(0000,49,0,0,0)
[ 2783087] ASYNC(0000,49,0,0,0)
[ 2783293] ASYNC(0000,49,0,0,0)
[ 2783988] ASYNC(0000,49,0,0,0)
[ 2784398] ASYNC(0000,49,0,0,0)
[ 2786036] ASYNC(0000,49,0,0,0)
[ 2787162] ASYNC(0000,49,0,0,0)
[ 2788002] ASYNC(0000,49,0,0,0)
[ 2788290] ASYNC(0000,49,0,0,0)
[ 2788903] ASYNC(0000,49,0,0,0)
[ 2789518] ASYNC(0000,49,0,0,0)
[ 2792181] ASYNC(0000,49,0,0,0)
[ 2793000] ASYNC(0000,49,0,0,0)
[ 2793329] ASYNC(0000,49,0,0,0)
[ 2793947] ASYNC(0000,49,0,0,0)
[ 2795784] ASYNC(0000,49,0,0,0)
[ 2798018] ASYNC(0000,49,0,0,0)
[ 2798326] ASYNC(0000,49,0,0,0)
[ 2798735] ASYNC(0000,49,0,0,0)
[ 2798939] ASYNC(0000,49,0,0,0)
[ 2800782] ASYNC(0000,49,0,0,0)
[ 2802135] ASYNC(0000,49,0,0,0)
[ 2803035] ASYNC(0000,49,0,0,0)
[ 2803241] ASYNC(0000,49,0,0,0)
[ 2803977] ASYNC(0000,49,0,0,0)
[ 2804569] ASYNC(0000,49,0,0,0)
[ 2805493] ASYNC(0000,49,0,0,0)
[ 2805798] ASYNC(0000,49,0,0,0)
[ 2807132] ASYNC(0000,49,0,0,0)
[ 2808073] ASYNC(0000,49,0,0,0)
[ 2808279] ASYNC(0000,49,0,0,0)
[ 2808974] ASYNC(0000,49,0,0,0)
Still checking Wi-Fi connection...
Debug: connected: True status: 3
Actual PM: 0x11
[ 2809711] ASYNC(0000,49,0,0,0)
[ 2812170] ASYNC(0000,49,0,0,0)
[ 2813070] ASYNC(0000,49,0,0,0)
[ 2813276] ASYNC(0000,49,0,0,0)
[ 2813991] ASYNC(0000,49,0,0,0)
[ 2816469] ASYNC(0000,49,0,0,0)
[ 2817167] ASYNC(0000,49,0,0,0)
[ 2817985] ASYNC(0000,49,0,0,0)
[ 2818314] ASYNC(0000,49,0,0,0)
[ 2818396] ASYNC(0000,49,0,0,0)
[ 2818919] ASYNC(0000,49,0,0,0)
[ 2819214] ASYNC(0000,49,0,0,0)
[ 2820748] ASYNC(0000,49,0,0,0)
[ 2820749] ASYNC(0000,49,0,0,0)
[ 2821589] ASYNC(0000,49,0,0,0)
[ 2821784] ASYNC(0000,49,0,0,0)
[ 2822204] ASYNC(0000,49,0,0,0)
[ 2822206] ASYNC(0000,49,0,0,0)
[ 2822409] ASYNC(0000,49,0,0,0)
[ 2823023] ASYNC(0000,49,0,0,0)
[ 2823312] ASYNC(0000,49,0,0,0)
[ 2823927] ASYNC(0000,49,0,0,0)
[ 2825460] ASYNC(0000,49,0,0,0)
[ 2826709] ASYNC(0000,49,0,0,0)
[ 2827202] ASYNC(0000,49,0,0,0)
[ 2827203] ASYNC(0000,49,0,0,0)
[ 2828021] ASYNC(0000,49,0,0,0)
[ 2828328] ASYNC(0000,49,0,0,0)
[ 2832240] ASYNC(0000,49,0,0,0)
[ 2833059] ASYNC(0000,49,0,0,0)
[ 2833347] ASYNC(0000,49,0,0,0)
[ 2833875] ASYNC(0000,49,0,0,0)
[ 2833960] ASYNC(0000,49,0,0,0)
[ 2834902] ASYNC(0000,49,0,0,0)
[ 2837134] ASYNC(0000,49,0,0,0)
[ 2838056] ASYNC(0000,49,0,0,0)
[ 2838363] ASYNC(0000,49,0,0,0)
[ 2838983] ASYNC(0000,49,0,0,0)
[ 2840023] ASYNC(0000,49,0,0,0)
[ 2840024] ASYNC(0000,49,0,0,0)
[ 2840104] ASYNC(0000,49,0,0,0)
[ 2842153] ASYNC(0000,49,0,0,0)
[ 2842479] ASYNC(0000,49,0,0,0)
[ 2842971] ASYNC(0000,49,0,0,0)
[ 2843282] ASYNC(0000,49,0,0,0)
[ 2843896] ASYNC(0000,49,0,0,0)
[ 2844404] ASYNC(0000,49,0,0,0)
[ 2845428] ASYNC(0000,49,0,0,0)
[ 2845429] ASYNC(0000,49,0,0,0)
[ 2847191] ASYNC(0000,49,0,0,0)
[ 2847988] ASYNC(0000,49,0,0,0)
[ 2848298] ASYNC(0000,49,0,0,0)
[ 2848910] ASYNC(0000,49,0,0,0)
[ 2849627] ASYNC(0000,49,0,0,0)
[ 2852188] ASYNC(0000,49,0,0,0)
[ 2853006] ASYNC(0000,49,0,0,0)
[ 2853335] ASYNC(0000,49,0,0,0)
[ 2855791] ASYNC(0000,49,0,0,0)
[ 2857226] ASYNC(0000,49,0,0,0)
[ 2858045] ASYNC(0000,49,0,0,0)
[ 2858333] ASYNC(0000,49,0,0,0)
[ 2858774] ASYNC(0000,49,0,0,0)
[ 2858946] ASYNC(0000,49,0,0,0)
[ 2859969] ASYNC(0000,49,0,0,0)
[ 2860788] ASYNC(0000,49,0,0,0)
[ 2862224] ASYNC(0000,49,0,0,0)
[ 2863042] ASYNC(0000,49,0,0,0)
[ 2863348] ASYNC(0000,49,0,0,0)
[ 2863984] ASYNC(0000,49,0,0,0)
[ 2864585] ASYNC(0000,49,0,0,0)
[ 2867239] ASYNC(0000,49,0,0,0)
[ 2868080] ASYNC(0000,49,0,0,0)
[ 2868368] ASYNC(0000,49,0,0,0)
[ 2868982] ASYNC(0000,49,0,0,0)
[ 2869718] ASYNC(0000,49,0,0,0)
[ 2872177] ASYNC(0000,49,0,0,0)
[ 2872995] ASYNC(0000,49,0,0,0)
[ 2873406] ASYNC(0000,49,0,0,0)
[ 2873896] ASYNC(0000,49,0,0,0)
[ 2875862] ASYNC(0000,49,0,0,0)
[ 2876476] ASYNC(0000,49,0,0,0)
[ 2877705] ASYNC(0000,49,0,0,0)
[ 2877992] ASYNC(0000,49,0,0,0)
[ 2878407] ASYNC(0000,49,0,0,0)
[ 2878934] ASYNC(0000,49,0,0,0)
[ 2879937] ASYNC(0000,49,0,0,0)
[ 2880859] ASYNC(0000,49,0,0,0)
[ 2881596] ASYNC(0000,49,0,0,0)
[ 2882189] ASYNC(0000,49,0,0,0)
[ 2882192] ASYNC(0000,49,0,0,0)
[ 2882412] ASYNC(0000,49,0,0,0)
[ 2882413] ASYNC(0000,49,0,0,0)
[ 2883030] ASYNC(0000,49,0,0,0)
[ 2883318] ASYNC(0000,49,0,0,0)
[ 2883931] ASYNC(0000,49,0,0,0)
[ 2886798] ASYNC(0000,49,0,0,0)
[ 2887210] ASYNC(0000,49,0,0,0)
[ 2887331] ASYNC(0000,49,0,0,0)
[ 2887945] ASYNC(0000,49,0,0,0)
[ 2888028] ASYNC(0000,49,0,0,0)
[ 2888356] ASYNC(0000,49,0,0,0)
[ 2888746] ASYNC(0000,49,0,0,0)
[ 2888969] ASYNC(0000,49,0,0,0)
[ 2892247] ASYNC(0000,49,0,0,0)
[ 2893065] ASYNC(0000,49,0,0,0)
[ 2893354] ASYNC(0000,49,0,0,0)
[ 2893875] ASYNC(0000,49,0,0,0)
[ 2893967] ASYNC(0000,49,0,0,0)
[ 2894988] ASYNC(0000,49,0,0,0)
[ 2895195] ASYNC(0000,49,0,0,0)
[ 2897245] ASYNC(0000,49,0,0,0)
[ 2898063] ASYNC(0000,49,0,0,0)
[ 2898392] ASYNC(0000,49,0,0,0)
[ 2899005] ASYNC(0000,49,0,0,0)
[ 2900110] ASYNC(0000,49,0,0,0)
[ 2900847] ASYNC(0000,49,0,0,0)
[ 2900848] ASYNC(0000,49,0,0,0)
[ 2901871] ASYNC(0000,49,0,0,0)
[ 2902260] ASYNC(0000,49,0,0,0)
[ 2902486] ASYNC(0000,49,0,0,0)
[ 2902978] ASYNC(0000,49,0,0,0)
[ 2903389] ASYNC(0000,49,0,0,0)
[ 2903920] ASYNC(0000,49,0,0,0)
[ 2904411] ASYNC(0000,49,0,0,0)
[ 2905558] ASYNC(0000,49,0,0,0)
[ 2907199] ASYNC(0000,49,0,0,0)
[ 2908016] ASYNC(0000,49,0,0,0)
[ 2908405] ASYNC(0000,49,0,0,0)
[ 2908918] ASYNC(0000,49,0,0,0)
[ 2909531] ASYNC(0000,49,0,0,0)
[ 2912195] ASYNC(0000,49,0,0,0)
[ 2913013] ASYNC(0000,49,0,0,0)
[ 2913424] ASYNC(0000,49,0,0,0)
[ 2913955] ASYNC(0000,49,0,0,0)
[ 2915798] ASYNC(0000,49,0,0,0)
[ 2915880] ASYNC(0000,49,0,0,0)
[ 2917217] ASYNC(0000,49,0,0,0)
[ 2918032] ASYNC(0000,49,0,0,0)
[ 2918440] ASYNC(0000,49,0,0,0)
[ 2918749] ASYNC(0000,49,0,0,0)
[ 2918953] ASYNC(0000,49,0,0,0)
[ 2919976] ASYNC(0000,49,0,0,0)
[ 2922230] ASYNC(0000,49,0,0,0)
[ 2922557] ASYNC(0000,49,0,0,0)
[ 2923047] ASYNC(0000,49,0,0,0)
[ 2923377] ASYNC(0000,49,0,0,0)
[ 2923985] ASYNC(0000,49,0,0,0)
[ 2924606] ASYNC(0000,49,0,0,0)
[ 2925507] ASYNC(0000,49,0,0,0)
[ 2925813] ASYNC(0000,49,0,0,0)
[ 2927247] ASYNC(0000,49,0,0,0)
[ 2928066] ASYNC(0000,49,0,0,0)
[ 2928068] ASYNC(0000,49,0,0,0)
[ 2928375] ASYNC(0000,49,0,0,0)
[ 2928988] ASYNC(0000,49,0,0,0)
[ 2929708] ASYNC(0000,49,0,0,0)
[ 2932265] ASYNC(0000,49,0,0,0)
[ 2932980] ASYNC(0000,49,0,0,0)
[ 2933903] ASYNC(0000,49,0,0,0)
[ 2935846] ASYNC(0000,49,0,0,0)
[ 2936158] ASYNC(0000,49,0,0,0)
[ 2936465] ASYNC(0000,49,0,0,0)
[ 2937182] ASYNC(0000,49,0,0,0)
[ 2938005] ASYNC(0000,49,0,0,0)
[ 2938410] ASYNC(0000,49,0,0,0)
[ 2938412] ASYNC(0000,49,0,0,0)
[ 2938920] ASYNC(0000,49,0,0,0)
[ 2941685] ASYNC(0000,49,0,0,0)
[ 2942205] ASYNC(0000,49,0,0,0)
[ 2943040] ASYNC(0000,49,0,0,0)
[ 2943448] ASYNC(0000,49,0,0,0)
[ 2943938] ASYNC(0000,49,0,0,0)
[ 2945577] ASYNC(0000,49,0,0,0)
[ 2946805] ASYNC(0000,49,0,0,0)
[ 2947216] ASYNC(0000,49,0,0,0)
[ 2947316] ASYNC(0000,49,0,0,0)
[ 2948034] ASYNC(0000,49,0,0,0)
[ 2948035] ASYNC(0000,49,0,0,0)
[ 2948445] ASYNC(0000,49,0,0,0)
[ 2948751] ASYNC(0000,49,0,0,0)
[ 2948976] ASYNC(0000,49,0,0,0)
[ 2952254] ASYNC(0000,49,0,0,0)
[ 2953072] ASYNC(0000,49,0,0,0)
[ 2953483] ASYNC(0000,49,0,0,0)
[ 2953876] ASYNC(0000,49,0,0,0)
[ 2953973] ASYNC(0000,49,0,0,0)
[ 2954997] ASYNC(0000,49,0,0,0)
[ 2955816] ASYNC(0000,49,0,0,0)
[ 2957251] ASYNC(0000,49,0,0,0)
[ 2958069] ASYNC(0000,49,0,0,0)
[ 2959012] ASYNC(0000,49,0,0,0)
[ 2959912] ASYNC(0000,49,0,0,0)
[ 2960013] ASYNC(0000,49,0,0,0)
[ 2960014] ASYNC(0000,49,0,0,0)
[ 2960117] ASYNC(0000,49,0,0,0)
[ 2960854] ASYNC(0000,49,0,0,0)
[ 2962289] ASYNC(0000,49,0,0,0)
[ 2962575] ASYNC(0000,49,0,0,0)
[ 2962576] ASYNC(0000,49,0,0,0)
[ 2962982] ASYNC(0000,49,0,0,0)
[ 2963396] ASYNC(0000,49,0,0,0)
[ 2963916] ASYNC(0000,49,0,0,0)
[ 2964418] ASYNC(0000,49,0,0,0)
[ 2967286] ASYNC(0000,49,0,0,0)
[ 2968023] ASYNC(0000,49,0,0,0)
[ 2968411] ASYNC(0000,49,0,0,0)
[ 2968924] ASYNC(0000,49,0,0,0)
[ 2969661] ASYNC(0000,49,0,0,0)
[ 2972202] ASYNC(0000,49,0,0,0)
[ 2973020] ASYNC(0000,49,0,0,0)
[ 2973431] ASYNC(0000,49,0,0,0)
[ 2973962] ASYNC(0000,49,0,0,0)
[ 2977240] ASYNC(0000,49,0,0,0)
[ 2978050] ASYNC(0000,49,0,0,0)
[ 2978469] ASYNC(0000,49,0,0,0)
[ 2978755] ASYNC(0000,49,0,0,0)
[ 2978959] ASYNC(0000,49,0,0,0)
[ 2980802] ASYNC(0000,49,0,0,0)
[ 2980803] ASYNC(0000,49,0,0,0)
[ 2982238] ASYNC(0000,49,0,0,0)
[ 2982563] ASYNC(0000,49,0,0,0)
[ 2983053] ASYNC(0000,49,0,0,0)
[ 2983466] ASYNC(0000,49,0,0,0)
[ 2983997] ASYNC(0000,49,0,0,0)
[ 2984611] ASYNC(0000,49,0,0,0)
[ 2985613] ASYNC(0000,49,0,0,0)
[ 2985819] ASYNC(0000,49,0,0,0)
[ 2987254] ASYNC(0000,49,0,0,0)
[ 2988086] ASYNC(0000,49,0,0,0)
[ 2988484] ASYNC(0000,49,0,0,0)
[ 2988994] ASYNC(0000,49,0,0,0)
[ 2989734] ASYNC(0000,49,0,0,0)
[ 2992272] ASYNC(0000,49,0,0,0)
[ 2993009] ASYNC(0000,49,0,0,0)
[ 2993502] ASYNC(0000,49,0,0,0)
[ 2993910] ASYNC(0000,49,0,0,0)
[ 2994524] ASYNC(0000,49,0,0,0)
[ 2995875] ASYNC(0000,49,0,0,0)
[ 2995876] ASYNC(0000,49,0,0,0)
[ 2996490] ASYNC(0000,49,0,0,0)
[ 2997310] ASYNC(0000,49,0,0,0)
[ 2998006] ASYNC(0000,49,0,0,0)
[ 2998416] ASYNC(0000,49,0,0,0)
[ 2998419] ASYNC(0000,49,0,0,0)
[ 2998948] ASYNC(0000,49,0,0,0)
[ 3000872] ASYNC(0000,49,0,0,0)
[ 3001610] ASYNC(0000,49,0,0,0)
[ 3002202] ASYNC(0000,49,0,0,0)
[ 3002308] ASYNC(0000,49,0,0,0)
[ 3002634] ASYNC(0000,49,0,0,0)
[ 3003044] ASYNC(0000,49,0,0,0)
[ 3003455] ASYNC(0000,49,0,0,0)
[ 3003945] ASYNC(0000,49,0,0,0)
[ 3005583] ASYNC(0000,49,0,0,0)
[ 3006812] ASYNC(0000,49,0,0,0)
[ 3007223] ASYNC(0000,49,0,0,0)
[ 3007322] ASYNC(0000,49,0,0,0)
[ 3008041] ASYNC(0000,49,0,0,0)
[ 3008452] ASYNC(0000,49,0,0,0)
[ 3008773] ASYNC(0000,49,0,0,0)
[ 3008967] ASYNC(0000,49,0,0,0)
[ 3012261] ASYNC(0000,49,0,0,0)
[ 3013079] ASYNC(0000,49,0,0,0)
[ 3013468] ASYNC(0000,49,0,0,0)
[ 3013877] ASYNC(0000,49,0,0,0)
[ 3013980] ASYNC(0000,49,0,0,0)
[ 3015004] ASYNC(0000,49,0,0,0)
[ 3015744] ASYNC(0000,49,0,0,0)
[ 3015747] ASYNC(0000,49,0,0,0)
[ 3015923] ASYNC(0000,49,0,0,0)
[ 3017259] ASYNC(0000,49,0,0,0)
[ 3017994] ASYNC(0000,49,0,0,0)
[ 3018487] ASYNC(0000,49,0,0,0)
[ 3018896] ASYNC(0000,49,0,0,0)
[ 3020124] ASYNC(0000,49,0,0,0)
[ 3022296] ASYNC(0000,49,0,0,0)
[ 3022992] ASYNC(0000,49,0,0,0)
[ 3023503] ASYNC(0000,49,0,0,0)
[ 3023934] ASYNC(0000,49,0,0,0)
[ 3024425] ASYNC(0000,49,0,0,0)
[ 3025572] ASYNC(0000,49,0,0,0)
[ 3027294] ASYNC(0000,49,0,0,0)
[ 3028030] ASYNC(0000,49,0,0,0)
[ 3028234] ASYNC(0000,49,0,0,0)
[ 3028523] ASYNC(0000,49,0,0,0)
[ 3028931] ASYNC(0000,49,0,0,0)
[ 3029645] ASYNC(0000,49,0,0,0)
[ 3032331] ASYNC(0000,49,0,0,0)
[ 3033047] ASYNC(0000,49,0,0,0)
[ 3033436] ASYNC(0000,49,0,0,0)
[ 3033969] ASYNC(0000,49,0,0,0)
[ 3036917] ASYNC(0000,49,0,0,0)
[ 3037329] ASYNC(0000,49,0,0,0)
[ 3038065] ASYNC(0000,49,0,0,0)
[ 3038476] ASYNC(0000,49,0,0,0)
[ 3038763] ASYNC(0000,49,0,0,0)
[ 3038966] ASYNC(0000,49,0,0,0)
[ 3039989] ASYNC(0000,49,0,0,0)
[ 3039990] ASYNC(0000,49,0,0,0)
[ 3039991] ASYNC(0000,49,0,0,0)
[ 3040933] ASYNC(0000,49,0,0,0)
[ 3042246] ASYNC(0000,49,0,0,0)
[ 3043475] ASYNC(0000,49,0,0,0)
[ 3044004] ASYNC(0000,49,0,0,0)
[ 3044618] ASYNC(0000,49,0,0,0)
[ 3045724] ASYNC(0000,49,0,0,0)
[ 3047282] ASYNC(0000,49,0,0,0)
[ 3047978] ASYNC(0000,49,0,0,0)
[ 3048489] ASYNC(0000,49,0,0,0)
[ 3049719] ASYNC(0000,49,0,0,0)
[ 3052279] ASYNC(0000,49,0,0,0)
[ 3053015] ASYNC(0000,49,0,0,0)
[ 3053016] ASYNC(0000,49,0,0,0)
[ 3053508] ASYNC(0000,49,0,0,0)
[ 3053926] ASYNC(0000,49,0,0,0)
[ 3056497] ASYNC(0000,49,0,0,0)
[ 3057294] ASYNC(0000,49,0,0,0)
[ 3058013] ASYNC(0000,49,0,0,0)
[ 3058423] ASYNC(0000,49,0,0,0)
[ 3058955] ASYNC(0000,49,0,0,0)
[ 3060883] ASYNC(0000,49,0,0,0)
[ 3061600] ASYNC(0000,49,0,0,0)
[ 3061903] ASYNC(0000,49,0,0,0)
[ 3062225] ASYNC(0000,49,0,0,0)
[ 3062314] ASYNC(0000,49,0,0,0)
[ 3063051] ASYNC(0000,49,0,0,0)
[ 3063544] ASYNC(0000,49,0,0,0)
[ 3063952] ASYNC(0000,49,0,0,0)
[ 3065099] ASYNC(0000,49,0,0,0)
[ 3065100] ASYNC(0000,49,0,0,0)
[ 3065590] ASYNC(0000,49,0,0,0)
[ 3066819] ASYNC(0000,49,0,0,0)
[ 3067330] ASYNC(0000,49,0,0,0)
[ 3067331] ASYNC(0000,49,0,0,0)
[ 3068048] ASYNC(0000,49,0,0,0)
[ 3068562] ASYNC(0000,49,0,0,0)
[ 3068764] ASYNC(0000,49,0,0,0)
[ 3068990] ASYNC(0000,49,0,0,0)
[ 3072350] ASYNC(0000,49,0,0,0)
[ 3073086] ASYNC(0000,49,0,0,0)
[ 3073497] ASYNC(0000,49,0,0,0)
[ 3073883] ASYNC(0000,49,0,0,0)
[ 3073987] ASYNC(0000,49,0,0,0)
[ 3075011] ASYNC(0000,49,0,0,0)
[ 3077265] ASYNC(0000,49,0,0,0)
[ 3078001] ASYNC(0000,49,0,0,0)
[ 3078495] ASYNC(0000,49,0,0,0)
[ 3078902] ASYNC(0000,49,0,0,0)
[ 3080027] ASYNC(0000,49,0,0,0)
[ 3080131] ASYNC(0000,49,0,0,0)
[ 3080950] ASYNC(0000,49,0,0,0)
[ 3080951] ASYNC(0000,49,0,0,0)
[ 3081050] ASYNC(0000,49,0,0,0)
[ 3082305] ASYNC(0000,49,0,0,0)
[ 3082711] ASYNC(0000,49,0,0,0)
[ 3082998] ASYNC(0000,49,0,0,0)
[ 3083532] ASYNC(0000,49,0,0,0)
[ 3083940] ASYNC(0000,49,0,0,0)
[ 3084432] ASYNC(0000,49,0,0,0)
[ 3085660] ASYNC(0000,49,0,0,0)
[ 3087094] ASYNC(0000,49,0,0,0)
[ 3087300] ASYNC(0000,49,0,0,0)
[ 3088036] ASYNC(0000,49,0,0,0)
[ 3088527] ASYNC(0000,49,0,0,0)
[ 3088942] ASYNC(0000,49,0,0,0)
[ 3092338] ASYNC(0000,49,0,0,0)
[ 3093034] ASYNC(0000,49,0,0,0)
[ 3093545] ASYNC(0000,49,0,0,0)
[ 3093976] ASYNC(0000,49,0,0,0)
[ 3097335] ASYNC(0000,49,0,0,0)
[ 3098072] ASYNC(0000,49,0,0,0)
[ 3098563] ASYNC(0000,49,0,0,0)
[ 3098769] ASYNC(0000,49,0,0,0)
[ 3098973] ASYNC(0000,49,0,0,0)
[ 3102374] ASYNC(0000,49,0,0,0)
[ 3103069] ASYNC(0000,49,0,0,0)
[ 3103588] ASYNC(0000,49,0,0,0)
[ 3104011] ASYNC(0000,49,0,0,0)
[ 3104625] ASYNC(0000,49,0,0,0)
[ 3105649] ASYNC(0000,49,0,0,0)
[ 3107371] ASYNC(0000,49,0,0,0)
[ 3107984] ASYNC(0000,49,0,0,0)
[ 3108600] ASYNC(0000,49,0,0,0)
[ 3108904] ASYNC(0000,49,0,0,0)
[ 3109827] ASYNC(0000,49,0,0,0)
[ 3111465] ASYNC(0000,49,0,0,0)
[ 3112286] ASYNC(0000,49,0,0,0)
[ 3113022] ASYNC(0000,49,0,0,0)
[ 3113515] ASYNC(0000,49,0,0,0)
[ 3113923] ASYNC(0000,49,0,0,0)
[ 3115971] ASYNC(0000,49,0,0,0)
[ 3116504] ASYNC(0000,49,0,0,0)
[ 3117324] ASYNC(0000,49,0,0,0)
[ 3118019] ASYNC(0000,49,0,0,0)
[ 3118430] ASYNC(0000,49,0,0,0)
[ 3118553] ASYNC(0000,49,0,0,0)
[ 3118962] ASYNC(0000,49,0,0,0)
[ 3121623] ASYNC(0000,49,0,0,0)
[ 3122216] ASYNC(0000,49,0,0,0)
[ 3122322] ASYNC(0000,49,0,0,0)
[ 3123057] ASYNC(0000,49,0,0,0)
[ 3123550] ASYNC(0000,49,0,0,0)
[ 3123959] ASYNC(0000,49,0,0,0)
[ 3125719] ASYNC(0000,49,0,0,0)
[ 3126621] ASYNC(0000,49,0,0,0)
[ 3126743] ASYNC(0000,49,0,0,0)
[ 3127337] ASYNC(0000,49,0,0,0)
[ 3127338] ASYNC(0000,49,0,0,0)
[ 3128055] ASYNC(0000,49,0,0,0)
[ 3128566] ASYNC(0000,49,0,0,0)
[ 3128793] ASYNC(0000,49,0,0,0)
[ 3128974] ASYNC(0000,49,0,0,0)
[ 3133093] ASYNC(0000,49,0,0,0)
[ 3133586] ASYNC(0000,49,0,0,0)
[ 3133791] ASYNC(0000,49,0,0,0)
[ 3133994] ASYNC(0000,49,0,0,0)
[ 3135018] ASYNC(0000,49,0,0,0)
[ 3137395] ASYNC(0000,49,0,0,0)
[ 3138008] ASYNC(0000,49,0,0,0)
[ 3138624] ASYNC(0000,49,0,0,0)
[ 3138909] ASYNC(0000,49,0,0,0)
[ 3140138] ASYNC(0000,49,0,0,0)
[ 3140957] ASYNC(0000,49,0,0,0)
[ 3142311] ASYNC(0000,49,0,0,0)
[ 3142718] ASYNC(0000,49,0,0,0)
[ 3142719] ASYNC(0000,49,0,0,0)
[ 3143007] ASYNC(0000,49,0,0,0)
[ 3143619] ASYNC(0000,49,0,0,0)
[ 3143947] ASYNC(0000,49,0,0,0)
[ 3144438] ASYNC(0000,49,0,0,0)
[ 3145667] ASYNC(0000,49,0,0,0)
[ 3147307] ASYNC(0000,49,0,0,0)
[ 3148020] ASYNC(0000,49,0,0,0)
[ 3148534] ASYNC(0000,49,0,0,0)
[ 3148944] ASYNC(0000,49,0,0,0)
[ 3149558] ASYNC(0000,49,0,0,0)
[ 3152323] ASYNC(0000,49,0,0,0)
[ 3153040] ASYNC(0000,49,0,0,0)
[ 3153574] ASYNC(0000,49,0,0,0)
[ 3153961] ASYNC(0000,49,0,0,0)
[ 3156031] ASYNC(0000,49,0,0,0)
[ 3158079] ASYNC(0000,49,0,0,0)
[ 3158570] ASYNC(0000,49,0,0,0)
[ 3158777] ASYNC(0000,49,0,0,0)
[ 3158980] ASYNC(0000,49,0,0,0)
[ 3160126] ASYNC(0000,49,0,0,0)
[ 3161027] ASYNC(0000,49,0,0,0)
[ 3161136] ASYNC(0000,49,0,0,0)
[ 3162051] ASYNC(0000,49,0,0,0)
[ 3162666] ASYNC(0000,49,0,0,0)
[ 3163076] ASYNC(0000,49,0,0,0)
[ 3163587] ASYNC(0000,49,0,0,0)
[ 3163895] ASYNC(0000,49,0,0,0)
[ 3164632] ASYNC(0000,49,0,0,0)
[ 3165738] ASYNC(0000,49,0,0,0)
[ 3167377] ASYNC(0000,49,0,0,0)
[ 3167991] ASYNC(0000,49,0,0,0)
[ 3168607] ASYNC(0000,49,0,0,0)
[ 3168912] ASYNC(0000,49,0,0,0)
[ 3169752] ASYNC(0000,49,0,0,0)
[ 3169949] ASYNC(0000,49,0,0,0)
[ 3172394] ASYNC(0000,49,0,0,0)
[ 3173023] ASYNC(0000,49,0,0,0)
[ 3173622] ASYNC(0000,49,0,0,0)
[ 3173930] ASYNC(0000,49,0,0,0)
[ 3176510] ASYNC(0000,49,0,0,0)
[ 3177331] ASYNC(0000,49,0,0,0)
[ 3178026] ASYNC(0000,49,0,0,0)
[ 3178355] ASYNC(0000,49,0,0,0)
[ 3178642] ASYNC(0000,49,0,0,0)
[ 3178968] ASYNC(0000,49,0,0,0)
[ 3180174] ASYNC(0000,49,0,0,0)
[ 3180175] ASYNC(0000,49,0,0,0)
[ 3180175] ASYNC(0000,49,0,0,0)
[ 3181016] ASYNC(0000,49,0,0,0)
[ 3181713] ASYNC(0000,49,0,0,0)
[ 3182246] ASYNC(0000,49,0,0,0)
[ 3182330] ASYNC(0000,49,0,0,0)
[ 3182733] ASYNC(0000,49,0,0,0)
[ 3183041] ASYNC(0000,49,0,0,0)
[ 3183680] ASYNC(0000,49,0,0,0)
[ 3183965] ASYNC(0000,49,0,0,0)
[ 3185726] ASYNC(0000,49,0,0,0)
[ 3186833] ASYNC(0000,49,0,0,0)
[ 3187346] ASYNC(0000,49,0,0,0)
[ 3187347] ASYNC(0000,49,0,0,0)
[ 3188061] ASYNC(0000,49,0,0,0)
[ 3188595] ASYNC(0000,49,0,0,0)
[ 3188776] ASYNC(0000,49,0,0,0)
[ 3188778] ASYNC(0000,49,0,0,0)
[ 3188781] ASYNC(0000,49,0,0,0)
[ 3188882] ASYNC(0000,49,0,0,0)
[ 3189004] ASYNC(0000,49,0,0,0)
[ 3192363] ASYNC(0000,49,0,0,0)
[ 3193095] ASYNC(0000,49,0,0,0)
[ 3193590] ASYNC(0000,49,0,0,0)
[ 3193795] ASYNC(0000,49,0,0,0)
[ 3194001] ASYNC(0000,49,0,0,0)
[ 3195024] ASYNC(0000,49,0,0,0)
[ 3195966] ASYNC(0000,49,0,0,0)
[ 3196253] ASYNC(0000,49,0,0,0)
[ 3196968] ASYNC(0000,49,0,0,0)
[ 3197401] ASYNC(0000,49,0,0,0)
[ 3198015] ASYNC(0000,49,0,0,0)
[ 3198631] ASYNC(0000,49,0,0,0)
[ 3198917] ASYNC(0000,49,0,0,0)
[ 3200267] ASYNC(0000,49,0,0,0)
[ 3202396] ASYNC(0000,49,0,0,0)
[ 3203012] ASYNC(0000,49,0,0,0)
[ 3203628] ASYNC(0000,49,0,0,0)
[ 3204568] ASYNC(0000,49,0,0,0)
[ 3205674] ASYNC(0000,49,0,0,0)
[ 3207414] ASYNC(0000,49,0,0,0)
[ 3208038] ASYNC(0000,49,0,0,0)
[ 3208952] ASYNC(0000,49,0,0,0)
[ 3209688] ASYNC(0000,49,0,0,0)
[ 3212329] ASYNC(0000,49,0,0,0)
[ 3213047] ASYNC(0000,49,0,0,0)
[ 3213663] ASYNC(0000,49,0,0,0)
[ 3213989] ASYNC(0000,49,0,0,0)
[ 3216014] ASYNC(0000,49,0,0,0)
[ 3216015] ASYNC(0000,49,0,0,0)
[ 3218085] ASYNC(0000,49,0,0,0)
[ 3218885] ASYNC(0000,49,0,0,0)
[ 3218986] ASYNC(0000,49,0,0,0)
[ 3221034] ASYNC(0000,49,0,0,0)
[ 3221035] ASYNC(0000,49,0,0,0)
[ 3222387] ASYNC(0000,49,0,0,0)
[ 3222978] ASYNC(0000,49,0,0,0)
[ 3223696] ASYNC(0000,49,0,0,0)
[ 3223800] ASYNC(0000,49,0,0,0)
[ 3223801] ASYNC(0000,49,0,0,0)
[ 3223902] ASYNC(0000,49,0,0,0)
[ 3224617] ASYNC(0000,49,0,0,0)
[ 3224843] ASYNC(0000,49,0,0,0)
[ 3225745] ASYNC(0000,49,0,0,0)
[ 3227385] ASYNC(0000,49,0,0,0)
[ 3227998] ASYNC(0000,49,0,0,0)
[ 3228407] ASYNC(0000,49,0,0,0)
[ 3228613] ASYNC(0000,49,0,0,0)
[ 3228816] ASYNC(0000,49,0,0,0)
[ 3228925] ASYNC(0000,49,0,0,0)
[ 3232406] ASYNC(0000,49,0,0,0)
[ 3233014] ASYNC(0000,49,0,0,0)
[ 3233629] ASYNC(0000,49,0,0,0)
[ 3233937] ASYNC(0000,49,0,0,0)
[ 3236107] ASYNC(0000,49,0,0,0)
[ 3236517] ASYNC(0000,49,0,0,0)
[ 3237420] ASYNC(0000,49,0,0,0)
[ 3238033] ASYNC(0000,49,0,0,0)
[ 3238340] ASYNC(0000,49,0,0,0)
[ 3238649] ASYNC(0000,49,0,0,0)
[ 3238952] ASYNC(0000,49,0,0,0)
[ 3241023] ASYNC(0000,49,0,0,0)
[ 3241719] ASYNC(0000,49,0,0,0)
[ 3242252] ASYNC(0000,49,0,0,0)
[ 3242335] ASYNC(0000,49,0,0,0)
[ 3242743] ASYNC(0000,49,0,0,0)
[ 3242744] ASYNC(0000,49,0,0,0)
[ 3243071] ASYNC(0000,49,0,0,0)
[ 3243664] ASYNC(0000,49,0,0,0)
[ 3243974] ASYNC(0000,49,0,0,0)
[ 3245733] ASYNC(0000,49,0,0,0)
[ 3245734] ASYNC(0000,49,0,0,0)
[ 3246737] ASYNC(0000,49,0,0,0)
[ 3246839] ASYNC(0000,49,0,0,0)
[ 3247349] ASYNC(0000,49,0,0,0)
[ 3247352] ASYNC(0000,49,0,0,0)
[ 3247759] ASYNC(0000,49,0,0,0)
[ 3248069] ASYNC(0000,49,0,0,0)
[ 3248681] ASYNC(0000,49,0,0,0)
[ 3248890] ASYNC(0000,49,0,0,0)
[ 3248989] ASYNC(0000,49,0,0,0)
[ 3252370] ASYNC(0000,49,0,0,0)
[ 3252980] ASYNC(0000,49,0,0,0)
[ 3253699] ASYNC(0000,49,0,0,0)
[ 3253802] ASYNC(0000,49,0,0,0)
[ 3253926] ASYNC(0000,49,0,0,0)
[ 3255031] ASYNC(0000,49,0,0,0)
[ 3257408] ASYNC(0000,49,0,0,0)
[ 3258007] ASYNC(0000,49,0,0,0)
[ 3258717] ASYNC(0000,49,0,0,0)
[ 3258923] ASYNC(0000,49,0,0,0)
[ 3260148] ASYNC(0000,49,0,0,0)
[ 3260151] ASYNC(0000,49,0,0,0)
[ 3260152] ASYNC(0000,49,0,0,0)
[ 3260765] ASYNC(0000,49,0,0,0)
[ 3261685] ASYNC(0000,49,0,0,0)
[ 3262403] ASYNC(0000,49,0,0,0)
[ 3262813] ASYNC(0000,49,0,0,0)
[ 3263019] ASYNC(0000,49,0,0,0)
[ 3263632] ASYNC(0000,49,0,0,0)
[ 3263955] ASYNC(0000,49,0,0,0)
[ 3264454] ASYNC(0000,49,0,0,0)
[ 3264575] ASYNC(0000,49,0,0,0)
[ 3266091] ASYNC(0000,49,0,0,0)
[ 3267443] ASYNC(0000,49,0,0,0)
[ 3268057] ASYNC(0000,49,0,0,0)
[ 3268650] ASYNC(0000,49,0,0,0)
[ 3268958] ASYNC(0000,49,0,0,0)
[ 3269695] ASYNC(0000,49,0,0,0)
[ 3272441] ASYNC(0000,49,0,0,0)
[ 3273054] ASYNC(0000,49,0,0,0)
[ 3273667] ASYNC(0000,49,0,0,0)
[ 3273996] ASYNC(0000,49,0,0,0)
[ 3277356] ASYNC(0000,49,0,0,0)
[ 3278077] ASYNC(0000,49,0,0,0)
[ 3278685] ASYNC(0000,49,0,0,0)
[ 3278892] ASYNC(0000,49,0,0,0)
[ 3278994] ASYNC(0000,49,0,0,0)
[ 3282394] ASYNC(0000,49,0,0,0)
[ 3282984] ASYNC(0000,49,0,0,0)
[ 3283702] ASYNC(0000,49,0,0,0)
[ 3283908] ASYNC(0000,49,0,0,0)
[ 3284727] ASYNC(0000,49,0,0,0)
[ 3285751] ASYNC(0000,49,0,0,0)
[ 3285752] ASYNC(0000,49,0,0,0)
[ 3286898] ASYNC(0000,49,0,0,0)
[ 3287391] ASYNC(0000,49,0,0,0)
[ 3288004] ASYNC(0000,49,0,0,0)
[ 3288720] ASYNC(0000,49,0,0,0)
[ 3288947] ASYNC(0000,49,0,0,0)
[ 3289848] ASYNC(0000,49,0,0,0)
[ 3292406] ASYNC(0000,49,0,0,0)
[ 3293043] ASYNC(0000,49,0,0,0)
[ 3293738] ASYNC(0000,49,0,0,0)
[ 3293944] ASYNC(0000,49,0,0,0)
[ 3296114] ASYNC(0000,49,0,0,0)
[ 3296115] ASYNC(0000,49,0,0,0)
[ 3296526] ASYNC(0000,49,0,0,0)
[ 3297423] ASYNC(0000,49,0,0,0)
[ 3298040] ASYNC(0000,49,0,0,0)
[ 3298368] ASYNC(0000,49,0,0,0)
[ 3298755] ASYNC(0000,49,0,0,0)
[ 3298982] ASYNC(0000,49,0,0,0)
[ 3300210] ASYNC(0000,49,0,0,0)
[ 3301111] ASYNC(0000,49,0,0,0)
[ 3301112] ASYNC(0000,49,0,0,0)
[ 3301726] ASYNC(0000,49,0,0,0)
[ 3302259] ASYNC(0000,49,0,0,0)
[ 3302450] ASYNC(0000,49,0,0,0)
[ 3303078] ASYNC(0000,49,0,0,0)
[ 3303694] ASYNC(0000,49,0,0,0)
[ 3303979] ASYNC(0000,49,0,0,0)
[ 3306846] ASYNC(0000,49,0,0,0)
[ 3307357] ASYNC(0000,49,0,0,0)
[ 3307462] ASYNC(0000,49,0,0,0)
[ 3308077] ASYNC(0000,49,0,0,0)
[ 3308688] ASYNC(0000,49,0,0,0)
[ 3308996] ASYNC(0000,49,0,0,0)
[ 3312377] ASYNC(0000,49,0,0,0)
[ 3312990] ASYNC(0000,49,0,0,0)
[ 3313706] ASYNC(0000,49,0,0,0)
[ 3313809] ASYNC(0000,49,0,0,0)
[ 3313932] ASYNC(0000,49,0,0,0)
[ 3315038] ASYNC(0000,49,0,0,0)
[ 3316062] ASYNC(0000,49,0,0,0)
[ 3317393] ASYNC(0000,49,0,0,0)
[ 3318028] ASYNC(0000,49,0,0,0)
[ 3318723] ASYNC(0000,49,0,0,0)
[ 3318931] ASYNC(0000,49,0,0,0)
[ 3320158] ASYNC(0000,49,0,0,0)
[ 3321100] ASYNC(0000,49,0,0,0)
[ 3322109] ASYNC(0000,49,0,0,0)
[ 3322413] ASYNC(0000,49,0,0,0)
[ 3322820] ASYNC(0000,49,0,0,0)
[ 3322821] ASYNC(0000,49,0,0,0)
[ 3323022] ASYNC(0000,49,0,0,0)
[ 3323741] ASYNC(0000,49,0,0,0)
[ 3323968] ASYNC(0000,49,0,0,0)
[ 3324582] ASYNC(0000,49,0,0,0)
[ 3325810] ASYNC(0000,49,0,0,0)
[ 3325811] ASYNC(0000,49,0,0,0)
[ 3327450] ASYNC(0000,49,0,0,0)
[ 3328064] ASYNC(0000,49,0,0,0)
[ 3328759] ASYNC(0000,49,0,0,0)
[ 3328965] ASYNC(0000,49,0,0,0)
[ 3329087] ASYNC(0000,49,0,0,0)
[ 3329702] ASYNC(0000,49,0,0,0)
[ 3332447] ASYNC(0000,49,0,0,0)
[ 3333061] ASYNC(0000,49,0,0,0)
[ 3333776] ASYNC(0000,49,0,0,0)
[ 3334003] ASYNC(0000,49,0,0,0)
[ 3336132] ASYNC(0000,49,0,0,0)
[ 3337485] ASYNC(0000,49,0,0,0)
[ 3338099] ASYNC(0000,49,0,0,0)
[ 3338794] ASYNC(0000,49,0,0,0)
[ 3338919] ASYNC(0000,49,0,0,0)
[ 3338921] ASYNC(0000,49,0,0,0)
[ 3340228] ASYNC(0000,49,0,0,0)
[ 3340229] ASYNC(0000,49,0,0,0)
[ 3340329] ASYNC(0000,49,0,0,0)
[ 3342480] ASYNC(0000,49,0,0,0)
[ 3342809] ASYNC(0000,49,0,0,0)
[ 3343014] ASYNC(0000,49,0,0,0)
[ 3343709] ASYNC(0000,49,0,0,0)
[ 3343915] ASYNC(0000,49,0,0,0)
[ 3344734] ASYNC(0000,49,0,0,0)
[ 3345345] ASYNC(0000,49,0,0,0)
[ 3345755] ASYNC(0000,49,0,0,0)
[ 3345758] ASYNC(0000,49,0,0,0)
[ 3346782] ASYNC(0000,49,0,0,0)
[ 3347399] ASYNC(0000,49,0,0,0)
[ 3348011] ASYNC(0000,49,0,0,0)
[ 3348750] ASYNC(0000,49,0,0,0)
[ 3348953] ASYNC(0000,49,0,0,0)
[ 3349854] ASYNC(0000,49,0,0,0)
[ 3352413] ASYNC(0000,49,0,0,0)
[ 3353049] ASYNC(0000,49,0,0,0)
[ 3353744] ASYNC(0000,49,0,0,0)
[ 3353951] ASYNC(0000,49,0,0,0)
[ 3356513] ASYNC(0000,49,0,0,0)
[ 3357437] ASYNC(0000,49,0,0,0)
[ 3358047] ASYNC(0000,49,0,0,0)
[ 3358375] ASYNC(0000,49,0,0,0)
[ 3358762] ASYNC(0000,49,0,0,0)
[ 3358989] ASYNC(0000,49,0,0,0)
[ 3361733] ASYNC(0000,49,0,0,0)
[ 3362265] ASYNC(0000,49,0,0,0)
[ 3362471] ASYNC(0000,49,0,0,0)
[ 3362858] ASYNC(0000,49,0,0,0)
[ 3363085] ASYNC(0000,49,0,0,0)
[ 3363780] ASYNC(0000,49,0,0,0)
[ 3363986] ASYNC(0000,49,0,0,0)
[ 3365736] ASYNC(0000,49,0,0,0)
[ 3366853] ASYNC(0000,49,0,0,0)
[ 3367364] ASYNC(0000,49,0,0,0)
[ 3367469] ASYNC(0000,49,0,0,0)
[ 3368082] ASYNC(0000,49,0,0,0)
[ 3368797] ASYNC(0000,49,0,0,0)
[ 3368902] ASYNC(0000,49,0,0,0)
[ 3368904] ASYNC(0000,49,0,0,0)
[ 3372507] ASYNC(0000,49,0,0,0)
[ 3372997] ASYNC(0000,49,0,0,0)
[ 3373815] ASYNC(0000,49,0,0,0)
[ 3373818] ASYNC(0000,49,0,0,0)
[ 3373939] ASYNC(0000,49,0,0,0)
[ 3375045] ASYNC(0000,49,0,0,0)
[ 3377504] ASYNC(0000,49,0,0,0)
[ 3378011] ASYNC(0000,49,0,0,0)
[ 3378013] ASYNC(0000,49,0,0,0)
[ 3378733] ASYNC(0000,49,0,0,0)
[ 3378734] ASYNC(0000,49,0,0,0)
[ 3378735] ASYNC(0000,49,0,0,0)
[ 3378936] ASYNC(0000,49,0,0,0)
[ 3379755] ASYNC(0000,49,0,0,0)
[ 3380165] ASYNC(0000,49,0,0,0)
[ 3380287] ASYNC(0000,49,0,0,0)
[ 3381311] ASYNC(0000,49,0,0,0)
[ 3382420] ASYNC(0000,49,0,0,0)
[ 3383032] ASYNC(0000,49,0,0,0)
[ 3383747] ASYNC(0000,49,0,0,0)
[ 3383974] ASYNC(0000,49,0,0,0)
[ 3384589] ASYNC(0000,49,0,0,0)
[ 3387434] ASYNC(0000,49,0,0,0)
[ 3388051] ASYNC(0000,49,0,0,0)
[ 3388152] ASYNC(0000,49,0,0,0)
[ 3388768] ASYNC(0000,49,0,0,0)
[ 3388972] ASYNC(0000,49,0,0,0)
[ 3389708] ASYNC(0000,49,0,0,0)
[ 3392454] ASYNC(0000,49,0,0,0)
[ 3393068] ASYNC(0000,49,0,0,0)
[ 3393783] ASYNC(0000,49,0,0,0)
[ 3394010] ASYNC(0000,49,0,0,0)
[ 3397492] ASYNC(0000,49,0,0,0)
[ 3397983] ASYNC(0000,49,0,0,0)
[ 3398800] ASYNC(0000,49,0,0,0)
[ 3398926] ASYNC(0000,49,0,0,0)
[ 3398927] ASYNC(0000,49,0,0,0)
[ 3401177] ASYNC(0000,49,0,0,0)
[ 3402490] ASYNC(0000,49,0,0,0)
[ 3402898] ASYNC(0000,49,0,0,0)
[ 3402899] ASYNC(0000,49,0,0,0)
[ 3403000] ASYNC(0000,49,0,0,0)
[ 3403821] ASYNC(0000,49,0,0,0)
[ 3403821] ASYNC(0000,49,0,0,0)
[ 3403822] ASYNC(0000,49,0,0,0)
[ 3403922] ASYNC(0000,49,0,0,0)
[ 3404741] ASYNC(0000,49,0,0,0)
[ 3404864] ASYNC(0000,49,0,0,0)
[ 3405765] ASYNC(0000,49,0,0,0)
[ 3405864] ASYNC(0000,49,0,0,0)
[ 3405865] ASYNC(0000,49,0,0,0)
[ 3407528] ASYNC(0000,49,0,0,0)
[ 3408018] ASYNC(0000,49,0,0,0)
[ 3408836] ASYNC(0000,49,0,0,0)
[ 3408960] ASYNC(0000,49,0,0,0)
[ 3409861] ASYNC(0000,49,0,0,0)
[ 3412443] ASYNC(0000,49,0,0,0)
[ 3413046] ASYNC(0000,49,0,0,0)
[ 3413853] ASYNC(0000,49,0,0,0)
[ 3413954] ASYNC(0000,49,0,0,0)
[ 3416128] ASYNC(0000,49,0,0,0)
[ 3416538] ASYNC(0000,49,0,0,0)
[ 3417440] ASYNC(0000,49,0,0,0)
[ 3418053] ASYNC(0000,49,0,0,0)
[ 3418382] ASYNC(0000,49,0,0,0)
[ 3418792] ASYNC(0000,49,0,0,0)
[ 3418995] ASYNC(0000,49,0,0,0)
[ 3421252] ASYNC(0000,49,0,0,0)
[ 3421658] ASYNC(0000,49,0,0,0)
[ 3422249] ASYNC(0000,49,0,0,0)
[ 3422480] ASYNC(0000,49,0,0,0)
[ 3422886] ASYNC(0000,49,0,0,0)
[ 3422965] ASYNC(0000,49,0,0,0)
[ 3423092] ASYNC(0000,49,0,0,0)
[ 3423786] ASYNC(0000,49,0,0,0)
[ 3423989] ASYNC(0000,49,0,0,0)
[ 3425835] ASYNC(0000,49,0,0,0)
[ 3426859] ASYNC(0000,49,0,0,0)
[ 3427474] ASYNC(0000,49,0,0,0)
[ 3427477] ASYNC(0000,49,0,0,0)
[ 3427986] ASYNC(0000,49,0,0,0)
[ 3428827] ASYNC(0000,49,0,0,0)
[ 3428906] ASYNC(0000,49,0,0,0)
[ 3428910] ASYNC(0000,49,0,0,0)
[ 3432513] ASYNC(0000,49,0,0,0)
[ 3433004] ASYNC(0000,49,0,0,0)
[ 3433822] ASYNC(0000,49,0,0,0)
[ 3433946] ASYNC(0000,49,0,0,0)
[ 3435052] ASYNC(0000,49,0,0,0)
[ 3437511] ASYNC(0000,49,0,0,0)
[ 3438020] ASYNC(0000,49,0,0,0)
[ 3438839] ASYNC(0000,49,0,0,0)
[ 3438943] ASYNC(0000,49,0,0,0)
[ 3441195] ASYNC(0000,49,0,0,0)
[ 3441196] ASYNC(0000,49,0,0,0)
[ 3442525] ASYNC(0000,49,0,0,0)
[ 3442730] ASYNC(0000,49,0,0,0)
[ 3442957] ASYNC(0000,49,0,0,0)
[ 3443039] ASYNC(0000,49,0,0,0)
[ 3443857] ASYNC(0000,49,0,0,0)
[ 3443981] ASYNC(0000,49,0,0,0)
[ 3444598] ASYNC(0000,49,0,0,0)
[ 3445824] ASYNC(0000,49,0,0,0)
[ 3448079] ASYNC(0000,49,0,0,0)
[ 3448874] ASYNC(0000,49,0,0,0)
[ 3448978] ASYNC(0000,49,0,0,0)
[ 3449715] ASYNC(0000,49,0,0,0)
[ 3452458] ASYNC(0000,49,0,0,0)
[ 3453074] ASYNC(0000,49,0,0,0)
[ 3453790] ASYNC(0000,49,0,0,0)
[ 3454016] ASYNC(0000,49,0,0,0)
[ 3456146] ASYNC(0000,49,0,0,0)
[ 3456147] ASYNC(0000,49,0,0,0)
[ 3457499] ASYNC(0000,49,0,0,0)
[ 3457987] ASYNC(0000,49,0,0,0)
[ 3458807] ASYNC(0000,49,0,0,0)
[ 3458910] ASYNC(0000,49,0,0,0)
[ 3458912] ASYNC(0000,49,0,0,0)
[ 3460242] ASYNC(0000,49,0,0,0)
[ 3462209] ASYNC(0000,49,0,0,0)
[ 3462497] ASYNC(0000,49,0,0,0)
[ 3463028] ASYNC(0000,49,0,0,0)
[ 3463848] ASYNC(0000,49,0,0,0)
[ 3463929] ASYNC(0000,49,0,0,0)
[ 3464748] ASYNC(0000,49,0,0,0)
[ 3465771] ASYNC(0000,49,0,0,0)
[ 3467511] ASYNC(0000,49,0,0,0)
[ 3468025] ASYNC(0000,49,0,0,0)
[ 3468846] ASYNC(0000,49,0,0,0)
[ 3469868] ASYNC(0000,49,0,0,0)
[ 3472528] ASYNC(0000,49,0,0,0)
[ 3473063] ASYNC(0000,49,0,0,0)
[ 3473861] ASYNC(0000,49,0,0,0)
[ 3473964] ASYNC(0000,49,0,0,0)
[ 3476544] ASYNC(0000,49,0,0,0)
[ 3477447] ASYNC(0000,49,0,0,0)
[ 3478060] ASYNC(0000,49,0,0,0)
[ 3478365] ASYNC(0000,49,0,0,0)
[ 3478881] ASYNC(0000,49,0,0,0)
[ 3479002] ASYNC(0000,49,0,0,0)
[ 3480312] ASYNC(0000,49,0,0,0)
[ 3480313] ASYNC(0000,49,0,0,0)
[ 3480314] ASYNC(0000,49,0,0,0)
[ 3481255] ASYNC(0000,49,0,0,0)
[ 3481746] ASYNC(0000,49,0,0,0)
[ 3482257] ASYNC(0000,49,0,0,0)
[ 3482259] ASYNC(0000,49,0,0,0)
[ 3482486] ASYNC(0000,49,0,0,0)
[ 3483098] ASYNC(0000,49,0,0,0)
[ 3483896] ASYNC(0000,49,0,0,0)
[ 3483999] ASYNC(0000,49,0,0,0)
[ 3486867] ASYNC(0000,49,0,0,0)
[ 3487399] ASYNC(0000,49,0,0,0)
[ 3487482] ASYNC(0000,49,0,0,0)
[ 3488014] ASYNC(0000,49,0,0,0)
[ 3488913] ASYNC(0000,49,0,0,0)
[ 3488922] ASYNC(0000,49,0,0,0)
[ 3489426] ASYNC(0000,49,0,0,0)
[ 3489427] ASYNC(0000,49,0,0,0)
[ 3492520] ASYNC(0000,49,0,0,0)
[ 3493011] ASYNC(0000,49,0,0,0)
[ 3493828] ASYNC(0000,49,0,0,0)
[ 3493831] ASYNC(0000,49,0,0,0)
[ 3493953] ASYNC(0000,49,0,0,0)
[ 3495058] ASYNC(0000,49,0,0,0)
[ 3495263] ASYNC(0000,49,0,0,0)
[ 3496205] ASYNC(0000,49,0,0,0)
[ 3497311] ASYNC(0000,49,0,0,0)
[ 3497514] ASYNC(0000,49,0,0,0)
[ 3498049] ASYNC(0000,49,0,0,0)
[ 3498869] ASYNC(0000,49,0,0,0)
[ 3498954] ASYNC(0000,49,0,0,0)
[ 3500301] ASYNC(0000,49,0,0,0)
[ 3501305] ASYNC(0000,49,0,0,0)
[ 3502555] ASYNC(0000,49,0,0,0)
[ 3502964] ASYNC(0000,49,0,0,0)
[ 3502965] ASYNC(0000,49,0,0,0)
[ 3503046] ASYNC(0000,49,0,0,0)
[ 3503863] ASYNC(0000,49,0,0,0)
[ 3503970] ASYNC(0000,49,0,0,0)
[ 3504602] ASYNC(0000,49,0,0,0)
[ 3505913] ASYNC(0000,49,0,0,0)
[ 3507553] ASYNC(0000,49,0,0,0)
[ 3508084] ASYNC(0000,49,0,0,0)
[ 3508887] ASYNC(0000,49,0,0,0)
[ 3508986] ASYNC(0000,49,0,0,0)
[ 3509804] ASYNC(0000,49,0,0,0)
Still checking Wi-Fi connection...
Debug: connected: True status: 3
Actual PM: 0x11
[ 3512468] ASYNC(0000,49,0,0,0)
[ 3513081] ASYNC(0000,49,0,0,0)
[ 3513902] ASYNC(0000,49,0,0,0)
[ 3513903] ASYNC(0000,49,0,0,0)
[ 3516276] ASYNC(0000,49,0,0,0)
[ 3517997] ASYNC(0000,49,0,0,0)
[ 3518940] ASYNC(0000,49,0,0,0)
[ 3518942] ASYNC(0000,49,0,0,0)
[ 3518944] ASYNC(0000,49,0,0,0)
[ 3520659] ASYNC(0000,49,0,0,0)
[ 3521273] ASYNC(0000,49,0,0,0)
[ 3521274] ASYNC(0000,49,0,0,0)
[ 3522503] ASYNC(0000,49,0,0,0)
[ 3523034] ASYNC(0000,49,0,0,0)
[ 3523036] ASYNC(0000,49,0,0,0)
[ 3523938] ASYNC(0000,49,0,0,0)
[ 3524755] ASYNC(0000,49,0,0,0)
[ 3525779] ASYNC(0000,49,0,0,0)
[ 3525901] ASYNC(0000,49,0,0,0)
[ 3527518] ASYNC(0000,49,0,0,0)
[ 3528032] ASYNC(0000,49,0,0,0)
[ 3528953] ASYNC(0000,49,0,0,0)
[ 3528955] ASYNC(0000,49,0,0,0)
[ 3529875] ASYNC(0000,49,0,0,0)
[ 3532538] ASYNC(0000,49,0,0,0)
[ 3533070] ASYNC(0000,49,0,0,0)
[ 3533867] ASYNC(0000,49,0,0,0)
[ 3533971] ASYNC(0000,49,0,0,0)
[ 3536223] ASYNC(0000,49,0,0,0)
[ 3536224] ASYNC(0000,49,0,0,0)
[ 3536549] ASYNC(0000,49,0,0,0)
[ 3537247] ASYNC(0000,49,0,0,0)
[ 3537577] ASYNC(0000,49,0,0,0)
[ 3538067] ASYNC(0000,49,0,0,0)
[ 3538395] ASYNC(0000,49,0,0,0)
[ 3538889] ASYNC(0000,49,0,0,0)
[ 3539009] ASYNC(0000,49,0,0,0)
[ 3541753] ASYNC(0000,49,0,0,0)
[ 3542364] ASYNC(0000,49,0,0,0)
[ 3542574] ASYNC(0000,49,0,0,0)
[ 3542982] ASYNC(0000,49,0,0,0)
[ 3543108] ASYNC(0000,49,0,0,0)
[ 3543902] ASYNC(0000,49,0,0,0)
[ 3543904] ASYNC(0000,49,0,0,0)
[ 3544003] ASYNC(0000,49,0,0,0)
[ 3546873] ASYNC(0000,49,0,0,0)
[ 3547487] ASYNC(0000,49,0,0,0)
[ 3547490] ASYNC(0000,49,0,0,0)
[ 3548020] ASYNC(0000,49,0,0,0)
[ 3548923] ASYNC(0000,49,0,0,0)
[ 3548925] ASYNC(0000,49,0,0,0)
[ 3548927] ASYNC(0000,49,0,0,0)
[ 3549536] ASYNC(0000,49,0,0,0)
[ 3552527] ASYNC(0000,49,0,0,0)
[ 3553020] ASYNC(0000,49,0,0,0)
[ 3553838] ASYNC(0000,49,0,0,0)
[ 3553961] ASYNC(0000,49,0,0,0)
[ 3553962] ASYNC(0000,49,0,0,0)
[ 3555065] ASYNC(0000,49,0,0,0)
[ 3557524] ASYNC(0000,49,0,0,0)
[ 3558056] ASYNC(0000,49,0,0,0)
[ 3558958] ASYNC(0000,49,0,0,0)
[ 3558960] ASYNC(0000,49,0,0,0)
[ 3560186] ASYNC(0000,49,0,0,0)
[ 3560390] ASYNC(0000,49,0,0,0)
[ 3560391] ASYNC(0000,49,0,0,0)
[ 3561332] ASYNC(0000,49,0,0,0)
[ 3562540] ASYNC(0000,49,0,0,0)
[ 3563053] ASYNC(0000,49,0,0,0)
[ 3563973] ASYNC(0000,49,0,0,0)
[ 3563976] ASYNC(0000,49,0,0,0)
[ 3564609] ASYNC(0000,49,0,0,0)
[ 3567559] ASYNC(0000,49,0,0,0)
[ 3568091] ASYNC(0000,49,0,0,0)
[ 3568990] ASYNC(0000,49,0,0,0)
[ 3568994] ASYNC(0000,49,0,0,0)
[ 3570016] ASYNC(0000,49,0,0,0)
[ 3572598] ASYNC(0000,49,0,0,0)
[ 3573088] ASYNC(0000,49,0,0,0)
[ 3573909] ASYNC(0000,49,0,0,0)
[ 3573911] ASYNC(0000,49,0,0,0)
[ 3576282] ASYNC(0000,49,0,0,0)
[ 3577284] ASYNC(0000,49,0,0,0)
[ 3577591] ASYNC(0000,49,0,0,0)
[ 3578003] ASYNC(0000,49,0,0,0)
[ 3578947] ASYNC(0000,49,0,0,0)
[ 3578949] ASYNC(0000,49,0,0,0)
[ 3578951] ASYNC(0000,49,0,0,0)
[ 3579135] ASYNC(0000,49,0,0,0)
[ 3580460] ASYNC(0000,49,0,0,0)
[ 3581280] ASYNC(0000,49,0,0,0)
[ 3581402] ASYNC(0000,49,0,0,0)
[ 3582514] ASYNC(0000,49,0,0,0)
[ 3583018] ASYNC(0000,49,0,0,0)
[ 3583019] ASYNC(0000,49,0,0,0)
[ 3583020] ASYNC(0000,49,0,0,0)
[ 3583941] ASYNC(0000,49,0,0,0)
[ 3583944] ASYNC(0000,49,0,0,0)
[ 3584963] ASYNC(0000,49,0,0,0)
[ 3585785] ASYNC(0000,49,0,0,0)
[ 3585990] ASYNC(0000,49,0,0,0)
[ 3587548] ASYNC(0000,49,0,0,0)
[ 3588035] ASYNC(0000,49,0,0,0)
[ 3588958] ASYNC(0000,49,0,0,0)
[ 3588959] ASYNC(0000,49,0,0,0)
[ 3590086] ASYNC(0000,49,0,0,0)
[ 3592545] ASYNC(0000,49,0,0,0)
[ 3593079] ASYNC(0000,49,0,0,0)
[ 3593976] ASYNC(0000,49,0,0,0)
[ 3593979] ASYNC(0000,49,0,0,0)
[ 3596353] ASYNC(0000,49,0,0,0)
[ 3596640] ASYNC(0000,49,0,0,0)
[ 3597583] ASYNC(0000,49,0,0,0)
[ 3598074] ASYNC(0000,49,0,0,0)
[ 3598389] ASYNC(0000,49,0,0,0)
[ 3598993] ASYNC(0000,49,0,0,0)
[ 3598995] ASYNC(0000,49,0,0,0)
[ 3600449] ASYNC(0000,49,0,0,0)
[ 3601350] ASYNC(0000,49,0,0,0)
[ 3601351] ASYNC(0000,49,0,0,0)
[ 3601760] ASYNC(0000,49,0,0,0)
[ 3602372] ASYNC(0000,49,0,0,0)
[ 3602578] ASYNC(0000,49,0,0,0)
[ 3602989] ASYNC(0000,49,0,0,0)
[ 3603112] ASYNC(0000,49,0,0,0)
[ 3603907] ASYNC(0000,49,0,0,0)
[ 3604015] ASYNC(0000,49,0,0,0)
[ 3605979] ASYNC(0000,49,0,0,0)
[ 3605980] ASYNC(0000,49,0,0,0)
[ 3605981] ASYNC(0000,49,0,0,0)
[ 3606877] ASYNC(0000,49,0,0,0)
[ 3607494] ASYNC(0000,49,0,0,0)
[ 3607619] ASYNC(0000,49,0,0,0)
[ 3608027] ASYNC(0000,49,0,0,0)
[ 3608927] ASYNC(0000,49,0,0,0)
[ 3608932] ASYNC(0000,49,0,0,0)
[ 3609053] ASYNC(0000,49,0,0,0)
[ 3612613] ASYNC(0000,49,0,0,0)
[ 3613024] ASYNC(0000,49,0,0,0)
[ 3613843] ASYNC(0000,49,0,0,0)
[ 3613969] ASYNC(0000,49,0,0,0)
[ 3615072] ASYNC(0000,49,0,0,0)
[ 3616301] ASYNC(0000,49,0,0,0)
[ 3616302] ASYNC(0000,49,0,0,0)
[ 3617528] ASYNC(0000,49,0,0,0)
[ 3618062] ASYNC(0000,49,0,0,0)
[ 3618965] ASYNC(0000,49,0,0,0)
[ 3618967] ASYNC(0000,49,0,0,0)
[ 3620291] ASYNC(0000,49,0,0,0)
[ 3622569] ASYNC(0000,49,0,0,0)
[ 3623057] ASYNC(0000,49,0,0,0)
[ 3623060] ASYNC(0000,49,0,0,0)
[ 3623981] ASYNC(0000,49,0,0,0)
[ 3623983] ASYNC(0000,49,0,0,0)
[ 3624617] ASYNC(0000,49,0,0,0)
[ 3627563] ASYNC(0000,49,0,0,0)
[ 3628074] ASYNC(0000,49,0,0,0)
[ 3629001] ASYNC(0000,49,0,0,0)
[ 3629003] ASYNC(0000,49,0,0,0)
[ 3629714] ASYNC(0000,49,0,0,0)
[ 3629818] ASYNC(0000,49,0,0,0)
[ 3632581] ASYNC(0000,49,0,0,0)
[ 3633911] ASYNC(0000,49,0,0,0)
[ 3634038] ASYNC(0000,49,0,0,0)
[ 3637599] ASYNC(0000,49,0,0,0)
[ 3638007] ASYNC(0000,49,0,0,0)
[ 3638932] ASYNC(0000,49,0,0,0)
[ 3638934] ASYNC(0000,49,0,0,0)
[ 3639036] ASYNC(0000,49,0,0,0)
[ 3641409] ASYNC(0000,49,0,0,0)
[ 3642636] ASYNC(0000,49,0,0,0)
[ 3643048] ASYNC(0000,49,0,0,0)
[ 3643946] ASYNC(0000,49,0,0,0)
[ 3644074] ASYNC(0000,49,0,0,0)
[ 3644768] ASYNC(0000,49,0,0,0)
[ 3645792] ASYNC(0000,49,0,0,0)
[ 3647552] ASYNC(0000,49,0,0,0)
[ 3648042] ASYNC(0000,49,0,0,0)
[ 3648965] ASYNC(0000,49,0,0,0)
[ 3648968] ASYNC(0000,49,0,0,0)
[ 3649888] ASYNC(0000,49,0,0,0)
[ 3651730] ASYNC(0000,49,0,0,0)
[ 3652549] ASYNC(0000,49,0,0,0)
[ 3653085] ASYNC(0000,49,0,0,0)
[ 3653985] ASYNC(0000,49,0,0,0)
[ 3653988] ASYNC(0000,49,0,0,0)
[ 3656360] ASYNC(0000,49,0,0,0)
[ 3656647] ASYNC(0000,49,0,0,0)
[ 3657567] ASYNC(0000,49,0,0,0)
[ 3658077] ASYNC(0000,49,0,0,0)
[ 3658385] ASYNC(0000,49,0,0,0)
[ 3659001] ASYNC(0000,49,0,0,0)
[ 3659004] ASYNC(0000,49,0,0,0)
[ 3660438] ASYNC(0000,49,0,0,0)
[ 3661357] ASYNC(0000,49,0,0,0)
[ 3661767] ASYNC(0000,49,0,0,0)
[ 3662281] ASYNC(0000,49,0,0,0)
[ 3662588] ASYNC(0000,49,0,0,0)
[ 3662996] ASYNC(0000,49,0,0,0)
[ 3663914] ASYNC(0000,49,0,0,0)
[ 3664021] ASYNC(0000,49,0,0,0)
[ 3665980] ASYNC(0000,49,0,0,0)
[ 3666887] ASYNC(0000,49,0,0,0)
[ 3667502] ASYNC(0000,49,0,0,0)
[ 3667625] ASYNC(0000,49,0,0,0)
[ 3668010] ASYNC(0000,49,0,0,0)
[ 3668936] ASYNC(0000,49,0,0,0)
[ 3668939] ASYNC(0000,49,0,0,0)
[ 3669059] ASYNC(0000,49,0,0,0)
[ 3672620] ASYNC(0000,49,0,0,0)
[ 3673031] ASYNC(0000,49,0,0,0)
[ 3673847] ASYNC(0000,49,0,0,0)
[ 3673952] ASYNC(0000,49,0,0,0)
[ 3674057] ASYNC(0000,49,0,0,0)
[ 3675079] ASYNC(0000,49,0,0,0)
[ 3676308] ASYNC(0000,49,0,0,0)
[ 3677637] ASYNC(0000,49,0,0,0)
[ 3678045] ASYNC(0000,49,0,0,0)
[ 3678967] ASYNC(0000,49,0,0,0)
[ 3679095] ASYNC(0000,49,0,0,0)
[ 3680526] ASYNC(0000,49,0,0,0)
[ 3681428] ASYNC(0000,49,0,0,0)
[ 3681946] ASYNC(0000,49,0,0,0)
[ 3682577] ASYNC(0000,49,0,0,0)
[ 3683066] ASYNC(0000,49,0,0,0)
[ 3683189] ASYNC(0000,49,0,0,0)
[ 3683985] ASYNC(0000,49,0,0,0)
[ 3684092] ASYNC(0000,49,0,0,0)
[ 3684623] ASYNC(0000,49,0,0,0)
[ 3685930] ASYNC(0000,49,0,0,0)
[ 3686033] ASYNC(0000,49,0,0,0)
[ 3686034] ASYNC(0000,49,0,0,0)
[ 3687570] ASYNC(0000,49,0,0,0)
[ 3688080] ASYNC(0000,49,0,0,0)
[ 3688900] ASYNC(0000,49,0,0,0)
[ 3689009] ASYNC(0000,49,0,0,0)
[ 3689620] ASYNC(0000,49,0,0,0)
[ 3689743] ASYNC(0000,49,0,0,0)
[ 3692588] ASYNC(0000,49,0,0,0)
[ 3692996] ASYNC(0000,49,0,0,0)
[ 3693917] ASYNC(0000,49,0,0,0)
[ 3694045] ASYNC(0000,49,0,0,0)
[ 3696091] ASYNC(0000,49,0,0,0)
[ 3697606] ASYNC(0000,49,0,0,0)
[ 3698013] ASYNC(0000,49,0,0,0)
[ 3698754] ASYNC(0000,49,0,0,0)
[ 3698938] ASYNC(0000,49,0,0,0)
[ 3698940] ASYNC(0000,49,0,0,0)
[ 3699042] ASYNC(0000,49,0,0,0)
[ 3699551] ASYNC(0000,49,0,0,0)
[ 3700573] ASYNC(0000,49,0,0,0)
[ 3703055] ASYNC(0000,49,0,0,0)
[ 3703140] ASYNC(0000,49,0,0,0)
[ 3703953] ASYNC(0000,49,0,0,0)
[ 3704080] ASYNC(0000,49,0,0,0)
[ 3704775] ASYNC(0000,49,0,0,0)
[ 3705799] ASYNC(0000,49,0,0,0)
[ 3707641] ASYNC(0000,49,0,0,0)
[ 3708052] ASYNC(0000,49,0,0,0)
[ 3708970] ASYNC(0000,49,0,0,0)
[ 3709078] ASYNC(0000,49,0,0,0)
[ 3712659] ASYNC(0000,49,0,0,0)
[ 3713068] ASYNC(0000,49,0,0,0)
[ 3713069] ASYNC(0000,49,0,0,0)
[ 3713988] ASYNC(0000,49,0,0,0)
[ 3714116] ASYNC(0000,49,0,0,0)
[ 3716164] ASYNC(0000,49,0,0,0)
[ 3716168] ASYNC(0000,49,0,0,0)
[ 3716654] ASYNC(0000,49,0,0,0)
[ 3717597] ASYNC(0000,49,0,0,0)
[ 3718084] ASYNC(0000,49,0,0,0)
[ 3718903] ASYNC(0000,49,0,0,0)
[ 3719113] ASYNC(0000,49,0,0,0)
[ 3721364] ASYNC(0000,49,0,0,0)
[ 3721771] ASYNC(0000,49,0,0,0)
[ 3722306] ASYNC(0000,49,0,0,0)
[ 3722595] ASYNC(0000,49,0,0,0)
[ 3723003] ASYNC(0000,49,0,0,0)
[ 3723115] ASYNC(0000,49,0,0,0)
[ 3723207] ASYNC(0000,49,0,0,0)
[ 3723921] ASYNC(0000,49,0,0,0)
[ 3724129] ASYNC(0000,49,0,0,0)
[ 3724130] ASYNC(0000,49,0,0,0)
[ 3726893] ASYNC(0000,49,0,0,0)
[ 3727426] ASYNC(0000,49,0,0,0)
[ 3727632] ASYNC(0000,49,0,0,0)
[ 3728041] ASYNC(0000,49,0,0,0)
[ 3728943] ASYNC(0000,49,0,0,0)
[ 3728945] ASYNC(0000,49,0,0,0)
[ 3729044] ASYNC(0000,49,0,0,0)
[ 3732626] ASYNC(0000,49,0,0,0)
[ 3733035] ASYNC(0000,49,0,0,0)
[ 3733857] ASYNC(0000,49,0,0,0)
[ 3733969] ASYNC(0000,49,0,0,0)
[ 3734061] ASYNC(0000,49,0,0,0)
[ 3735209] ASYNC(0000,49,0,0,0)
[ 3736437] ASYNC(0000,49,0,0,0)
[ 3737643] ASYNC(0000,49,0,0,0)
[ 3738052] ASYNC(0000,49,0,0,0)
[ 3738973] ASYNC(0000,49,0,0,0)
[ 3740329] ASYNC(0000,49,0,0,0)
[ 3740533] ASYNC(0000,49,0,0,0)
[ 3741432] ASYNC(0000,49,0,0,0)
[ 3742665] ASYNC(0000,49,0,0,0)
[ 3743070] ASYNC(0000,49,0,0,0)
[ 3743991] ASYNC(0000,49,0,0,0)
[ 3744099] ASYNC(0000,49,0,0,0)
[ 3744605] ASYNC(0000,49,0,0,0)
[ 3747679] ASYNC(0000,49,0,0,0)
[ 3748088] ASYNC(0000,49,0,0,0)
[ 3748906] ASYNC(0000,49,0,0,0)
[ 3749137] ASYNC(0000,49,0,0,0)
[ 3749749] ASYNC(0000,49,0,0,0)
[ 3752607] ASYNC(0000,49,0,0,0)
[ 3753021] ASYNC(0000,49,0,0,0)
[ 3753928] ASYNC(0000,49,0,0,0)
[ 3754131] ASYNC(0000,49,0,0,0)
[ 3754541] ASYNC(0000,49,0,0,0)
[ 3756385] ASYNC(0000,49,0,0,0)
[ 3757612] ASYNC(0000,49,0,0,0)
[ 3758020] ASYNC(0000,49,0,0,0)
[ 3758966] ASYNC(0000,49,0,0,0)
[ 3758968] ASYNC(0000,49,0,0,0)
[ 3759172] ASYNC(0000,49,0,0,0)
[ 3760686] ASYNC(0000,49,0,0,0)
[ 3761400] ASYNC(0000,49,0,0,0)
[ 3761401] ASYNC(0000,49,0,0,0)
[ 3762447] ASYNC(0000,49,0,0,0)
[ 3762629] ASYNC(0000,49,0,0,0)
[ 3763062] ASYNC(0000,49,0,0,0)
[ 3763143] ASYNC(0000,49,0,0,0)
[ 3763963] ASYNC(0000,49,0,0,0)
[ 3764166] ASYNC(0000,49,0,0,0)
[ 3764782] ASYNC(0000,49,0,0,0)
[ 3765801] ASYNC(0000,49,0,0,0)
[ 3766010] ASYNC(0000,49,0,0,0)
[ 3766011] ASYNC(0000,49,0,0,0)
[ 3766543] ASYNC(0000,49,0,0,0)
[ 3767647] ASYNC(0000,49,0,0,0)
[ 3768055] ASYNC(0000,49,0,0,0)
[ 3768992] ASYNC(0000,49,0,0,0)
[ 3769085] ASYNC(0000,49,0,0,0)
[ 3769902] ASYNC(0000,49,0,0,0)
[ 3772665] ASYNC(0000,49,0,0,0)
[ 3773073] ASYNC(0000,49,0,0,0)
[ 3773994] ASYNC(0000,49,0,0,0)
[ 3776455] ASYNC(0000,49,0,0,0)
[ 3776456] ASYNC(0000,49,0,0,0)
[ 3776657] ASYNC(0000,49,0,0,0)
[ 3777476] ASYNC(0000,49,0,0,0)
[ 3777477] ASYNC(0000,49,0,0,0)
[ 3777682] ASYNC(0000,49,0,0,0)
[ 3778914] ASYNC(0000,49,0,0,0)
[ 3779117] ASYNC(0000,49,0,0,0)
[ 3780469] ASYNC(0000,49,0,0,0)
[ 3780651] ASYNC(0000,49,0,0,0)
[ 3781780] ASYNC(0000,49,0,0,0)
[ 3782395] ASYNC(0000,49,0,0,0)
[ 3782724] ASYNC(0000,49,0,0,0)
[ 3783010] ASYNC(0000,49,0,0,0)
[ 3783214] ASYNC(0000,49,0,0,0)
[ 3783928] ASYNC(0000,49,0,0,0)
[ 3784134] ASYNC(0000,49,0,0,0)
[ 3786901] ASYNC(0000,49,0,0,0)
[ 3787515] ASYNC(0000,49,0,0,0)
[ 3787615] ASYNC(0000,49,0,0,0)
[ 3788048] ASYNC(0000,49,0,0,0)
[ 3788949] ASYNC(0000,49,0,0,0)
[ 3788951] ASYNC(0000,49,0,0,0)
[ 3789155] ASYNC(0000,49,0,0,0)
[ 3790071] ASYNC(0000,49,0,0,0)
[ 3792633] ASYNC(0000,49,0,0,0)
[ 3793045] ASYNC(0000,49,0,0,0)
[ 3793863] ASYNC(0000,49,0,0,0)
[ 3793965] ASYNC(0000,49,0,0,0)
[ 3794169] ASYNC(0000,49,0,0,0)
[ 3795089] ASYNC(0000,49,0,0,0)
[ 3796321] ASYNC(0000,49,0,0,0)
[ 3797650] ASYNC(0000,49,0,0,0)
[ 3798083] ASYNC(0000,49,0,0,0)
[ 3798287] ASYNC(0000,49,0,0,0)
[ 3798981] ASYNC(0000,49,0,0,0)
[ 3799190] ASYNC(0000,49,0,0,0)
[ 3800320] ASYNC(0000,49,0,0,0)
[ 3803080] ASYNC(0000,49,0,0,0)
[ 3804022] ASYNC(0000,49,0,0,0)
[ 3804106] ASYNC(0000,49,0,0,0)
[ 3804636] ASYNC(0000,49,0,0,0)
[ 3806973] ASYNC(0000,49,0,0,0)
[ 3807691] ASYNC(0000,49,0,0,0)
[ 3807991] ASYNC(0000,49,0,0,0)
[ 3807999] ASYNC(0000,49,0,0,0)
[ 3808921] ASYNC(0000,49,0,0,0)
[ 3809144] ASYNC(0000,49,0,0,0)
[ 3809736] ASYNC(0000,49,0,0,0)
[ 3812707] ASYNC(0000,49,0,0,0)
[ 3812916] ASYNC(0000,49,0,0,0)
[ 3813018] ASYNC(0000,49,0,0,0)
[ 3813932] ASYNC(0000,49,0,0,0)
[ 3814141] ASYNC(0000,49,0,0,0)
[ 3816392] ASYNC(0000,49,0,0,0)
[ 3817416] ASYNC(0000,49,0,0,0)
[ 3817622] ASYNC(0000,49,0,0,0)
[ 3818035] ASYNC(0000,49,0,0,0)
[ 3818956] ASYNC(0000,49,0,0,0)
[ 3818960] ASYNC(0000,49,0,0,0)
[ 3819155] ASYNC(0000,49,0,0,0)
[ 3820488] ASYNC(0000,49,0,0,0)
[ 3821430] ASYNC(0000,49,0,0,0)
[ 3822661] ASYNC(0000,49,0,0,0)
[ 3823056] ASYNC(0000,49,0,0,0)
[ 3823150] ASYNC(0000,49,0,0,0)
[ 3823966] ASYNC(0000,49,0,0,0)
[ 3824182] ASYNC(0000,49,0,0,0)
[ 3824787] ASYNC(0000,49,0,0,0)
[ 3825813] ASYNC(0000,49,0,0,0)
[ 3827655] ASYNC(0000,49,0,0,0)
[ 3828062] ASYNC(0000,49,0,0,0)
[ 3829008] ASYNC(0000,49,0,0,0)
[ 3829214] ASYNC(0000,49,0,0,0)
[ 3829909] ASYNC(0000,49,0,0,0)
[ 3832671] ASYNC(0000,49,0,0,0)
[ 3833084] ASYNC(0000,49,0,0,0)
[ 3834001] ASYNC(0000,49,0,0,0)
[ 3834208] ASYNC(0000,49,0,0,0)
[ 3836462] ASYNC(0000,49,0,0,0)
[ 3836667] ASYNC(0000,49,0,0,0)
[ 3837689] ASYNC(0000,49,0,0,0)
[ 3838019] ASYNC(0000,49,0,0,0)
[ 3838405] ASYNC(0000,49,0,0,0)
[ 3838920] ASYNC(0000,49,0,0,0)
[ 3839249] ASYNC(0000,49,0,0,0)
[ 3840886] ASYNC(0000,49,0,0,0)
[ 3841477] ASYNC(0000,49,0,0,0)
[ 3841478] ASYNC(0000,49,0,0,0)
[ 3841910] ASYNC(0000,49,0,0,0)
[ 3842402] ASYNC(0000,49,0,0,0)
[ 3842731] ASYNC(0000,49,0,0,0)
[ 3843013] ASYNC(0000,49,0,0,0)
[ 3843221] ASYNC(0000,49,0,0,0)
[ 3844141] ASYNC(0000,49,0,0,0)
[ 3846088] ASYNC(0000,49,0,0,0)
[ 3846089] ASYNC(0000,49,0,0,0)
[ 3846090] ASYNC(0000,49,0,0,0)
[ 3847006] ASYNC(0000,49,0,0,0)
[ 3847112] ASYNC(0000,49,0,0,0)
[ 3847522] ASYNC(0000,49,0,0,0)
[ 3847724] ASYNC(0000,49,0,0,0)
[ 3848054] ASYNC(0000,49,0,0,0)
[ 3848952] ASYNC(0000,49,0,0,0)
[ 3849055] ASYNC(0000,49,0,0,0)
[ 3849162] ASYNC(0000,49,0,0,0)
[ 3850307] ASYNC(0000,49,0,0,0)
[ 3852643] ASYNC(0000,49,0,0,0)
[ 3853052] ASYNC(0000,49,0,0,0)
[ 3853870] ASYNC(0000,49,0,0,0)
[ 3853994] ASYNC(0000,49,0,0,0)
[ 3854176] ASYNC(0000,49,0,0,0)
[ 3855198] ASYNC(0000,49,0,0,0)
[ 3856529] ASYNC(0000,49,0,0,0)
[ 3856530] ASYNC(0000,49,0,0,0)
[ 3857657] ASYNC(0000,49,0,0,0)
[ 3858991] ASYNC(0000,49,0,0,0)
[ 3859195] ASYNC(0000,49,0,0,0)
[ 3860342] ASYNC(0000,49,0,0,0)
[ 3860625] ASYNC(0000,49,0,0,0)
[ 3860626] ASYNC(0000,49,0,0,0)
[ 3862472] ASYNC(0000,49,0,0,0)
[ 3862679] ASYNC(0000,49,0,0,0)
[ 3863087] ASYNC(0000,49,0,0,0)
[ 3863291] ASYNC(0000,49,0,0,0)
[ 3863903] ASYNC(0000,49,0,0,0)
[ 3864228] ASYNC(0000,49,0,0,0)
[ 3864315] ASYNC(0000,49,0,0,0)
[ 3864645] ASYNC(0000,49,0,0,0)
[ 3867692] ASYNC(0000,49,0,0,0)
[ 3868002] ASYNC(0000,49,0,0,0)
[ 3868920] ASYNC(0000,49,0,0,0)
[ 3869231] ASYNC(0000,49,0,0,0)
[ 3869845] ASYNC(0000,49,0,0,0)
[ 3871378] ASYNC(0000,49,0,0,0)
[ 3872710] ASYNC(0000,49,0,0,0)
[ 3873040] ASYNC(0000,49,0,0,0)
[ 3873941] ASYNC(0000,49,0,0,0)
[ 3874247] ASYNC(0000,49,0,0,0)
[ 3877727] ASYNC(0000,49,0,0,0)
[ 3878037] ASYNC(0000,49,0,0,0)
[ 3878956] ASYNC(0000,49,0,0,0)
[ 3879058] ASYNC(0000,49,0,0,0)
[ 3879268] ASYNC(0000,49,0,0,0)
[ 3882749] ASYNC(0000,49,0,0,0)
[ 3883051] ASYNC(0000,49,0,0,0)
[ 3883977] ASYNC(0000,49,0,0,0)
[ 3884179] ASYNC(0000,49,0,0,0)
[ 3884796] ASYNC(0000,49,0,0,0)
[ 3885819] ASYNC(0000,49,0,0,0)
[ 3886024] ASYNC(0000,49,0,0,0)
[ 3887660] ASYNC(0000,49,0,0,0)
[ 3888073] ASYNC(0000,49,0,0,0)
[ 3888990] ASYNC(0000,49,0,0,0)
[ 3889197] ASYNC(0000,49,0,0,0)
[ 3889915] ASYNC(0000,49,0,0,0)
[ 3892678] ASYNC(0000,49,0,0,0)
[ 3893111] ASYNC(0000,49,0,0,0)
[ 3893930] ASYNC(0000,49,0,0,0)
[ 3894214] ASYNC(0000,49,0,0,0)
[ 3896469] ASYNC(0000,49,0,0,0)
[ 3896674] ASYNC(0000,49,0,0,0)
[ 3897695] ASYNC(0000,49,0,0,0)
[ 3898026] ASYNC(0000,49,0,0,0)
[ 3898412] ASYNC(0000,49,0,0,0)
[ 3898927] ASYNC(0000,49,0,0,0)
[ 3899233] ASYNC(0000,49,0,0,0)
[ 3900688] ASYNC(0000,49,0,0,0)
[ 3901589] ASYNC(0000,49,0,0,0)
[ 3901794] ASYNC(0000,49,0,0,0)
[ 3902408] ASYNC(0000,49,0,0,0)
[ 3902738] ASYNC(0000,49,0,0,0)
[ 3903019] ASYNC(0000,49,0,0,0)
[ 3903350] ASYNC(0000,49,0,0,0)
[ 3903351] ASYNC(0000,49,0,0,0)
[ 3903965] ASYNC(0000,49,0,0,0)
[ 3904250] ASYNC(0000,49,0,0,0)
[ 3904358] ASYNC(0000,49,0,0,0)
[ 3907037] ASYNC(0000,49,0,0,0)
[ 3907528] ASYNC(0000,49,0,0,0)
[ 3907731] ASYNC(0000,49,0,0,0)
[ 3908061] ASYNC(0000,49,0,0,0)
[ 3908964] ASYNC(0000,49,0,0,0)
[ 3909086] ASYNC(0000,49,0,0,0)
[ 3909267] ASYNC(0000,49,0,0,0)
[ 3912748] ASYNC(0000,49,0,0,0)
[ 3913054] ASYNC(0000,49,0,0,0)
[ 3913877] ASYNC(0000,49,0,0,0)
[ 3914000] ASYNC(0000,49,0,0,0)
[ 3914289] ASYNC(0000,49,0,0,0)
[ 3915204] ASYNC(0000,49,0,0,0)
[ 3916539] ASYNC(0000,49,0,0,0)
[ 3917766] ASYNC(0000,49,0,0,0)
[ 3918097] ASYNC(0000,49,0,0,0)
[ 3919001] ASYNC(0000,49,0,0,0)
[ 3919200] ASYNC(0000,49,0,0,0)
[ 3920325] ASYNC(0000,49,0,0,0)
[ 3920328] ASYNC(0000,49,0,0,0)
[ 3920330] ASYNC(0000,49,0,0,0)
[ 3920743] ASYNC(0000,49,0,0,0)
[ 3921553] ASYNC(0000,49,0,0,0)
[ 3921554] ASYNC(0000,49,0,0,0)
[ 3922686] ASYNC(0000,49,0,0,0)
[ 3923094] ASYNC(0000,49,0,0,0)
[ 3923298] ASYNC(0000,49,0,0,0)
[ 3923913] ASYNC(0000,49,0,0,0)
[ 3924218] ASYNC(0000,49,0,0,0)
[ 3924650] ASYNC(0000,49,0,0,0)
[ 3926083] ASYNC(0000,49,0,0,0)
[ 3927699] ASYNC(0000,49,0,0,0)
[ 3928005] ASYNC(0000,49,0,0,0)
[ 3928926] ASYNC(0000,49,0,0,0)
[ 3929235] ASYNC(0000,49,0,0,0)
[ 3930363] ASYNC(0000,49,0,0,0)
[ 3932716] ASYNC(0000,49,0,0,0)
[ 3933047] ASYNC(0000,49,0,0,0)
[ 3933948] ASYNC(0000,49,0,0,0)
[ 3934253] ASYNC(0000,49,0,0,0)
[ 3936610] ASYNC(0000,49,0,0,0)
[ 3936611] ASYNC(0000,49,0,0,0)
[ 3937555] ASYNC(0000,49,0,0,0)
[ 3937744] ASYNC(0000,49,0,0,0)
[ 3938048] ASYNC(0000,49,0,0,0)
[ 3938576] ASYNC(0000,49,0,0,0)
[ 3938970] ASYNC(0000,49,0,0,0)
[ 3939069] ASYNC(0000,49,0,0,0)
[ 3939282] ASYNC(0000,49,0,0,0)
[ 3940608] ASYNC(0000,49,0,0,0)
[ 3940708] ASYNC(0000,49,0,0,0)
[ 3941648] ASYNC(0000,49,0,0,0)
[ 3942765] ASYNC(0000,49,0,0,0)
[ 3943084] ASYNC(0000,49,0,0,0)
[ 3943369] ASYNC(0000,49,0,0,0)
[ 3943981] ASYNC(0000,49,0,0,0)
[ 3944312] ASYNC(0000,49,0,0,0)
[ 3944802] ASYNC(0000,49,0,0,0)
[ 3945826] ASYNC(0000,49,0,0,0)
[ 3947770] ASYNC(0000,49,0,0,0)
[ 3948079] ASYNC(0000,49,0,0,0)
[ 3949022] ASYNC(0000,49,0,0,0)
[ 3949926] ASYNC(0000,49,0,0,0)
[ 3950432] ASYNC(0000,49,0,0,0)
[ 3952709] ASYNC(0000,49,0,0,0)
[ 3952995] ASYNC(0000,49,0,0,0)
[ 3953937] ASYNC(0000,49,0,0,0)
[ 3954324] ASYNC(0000,49,0,0,0)
[ 3956677] ASYNC(0000,49,0,0,0)
[ 3957702] ASYNC(0000,49,0,0,0)
[ 3958419] ASYNC(0000,49,0,0,0)
[ 3958934] ASYNC(0000,49,0,0,0)
[ 3959239] ASYNC(0000,49,0,0,0)
[ 3961801] ASYNC(0000,49,0,0,0)
[ 3962415] ASYNC(0000,49,0,0,0)
[ 3962744] ASYNC(0000,49,0,0,0)
[ 3963972] ASYNC(0000,49,0,0,0)
[ 3964256] ASYNC(0000,49,0,0,0)
[ 3966921] ASYNC(0000,49,0,0,0)
[ 3967536] ASYNC(0000,49,0,0,0)
[ 3967737] ASYNC(0000,49,0,0,0)
[ 3968559] ASYNC(0000,49,0,0,0)
[ 3968969] ASYNC(0000,49,0,0,0)
[ 3969093] ASYNC(0000,49,0,0,0)
[ 3969274] ASYNC(0000,49,0,0,0)
[ 3972755] ASYNC(0000,49,0,0,0)
[ 3973994] ASYNC(0000,49,0,0,0)
[ 3974291] ASYNC(0000,49,0,0,0)
[ 3975236] ASYNC(0000,49,0,0,0)
[ 3976546] ASYNC(0000,49,0,0,0)
[ 3977773] ASYNC(0000,49,0,0,0)
[ 3978923] ASYNC(0000,49,0,0,0)
[ 3980356] ASYNC(0000,49,0,0,0)
[ 3980643] ASYNC(0000,49,0,0,0)
[ 3982815] ASYNC(0000,49,0,0,0)
[ 3983916] ASYNC(0000,49,0,0,0)
[ 3984331] ASYNC(0000,49,0,0,0)
[ 3984739] ASYNC(0000,49,0,0,0)
[ 3986090] ASYNC(0000,49,0,0,0)
[ 3986091] ASYNC(0000,49,0,0,0)
[ 3987730] ASYNC(0000,49,0,0,0)
[ 3988934] ASYNC(0000,49,0,0,0)
[ 3989657] ASYNC(0000,49,0,0,0)
[ 3989855] ASYNC(0000,49,0,0,0)
[ 3989861] ASYNC(0000,49,0,0,0)
[ 3990678] ASYNC(0000,49,0,0,0)
[ 3990882] ASYNC(0000,49,0,0,0)
[ 3992723] ASYNC(0000,49,0,0,0)
[ 3993955] ASYNC(0000,49,0,0,0)
[ 3994362] ASYNC(0000,49,0,0,0)
[ 3996003] ASYNC(0000,49,0,0,0)
[ 3996617] ASYNC(0000,49,0,0,0)
[ 3997741] ASYNC(0000,49,0,0,0)
[ 3998983] ASYNC(0000,49,0,0,0)
[ 3999076] ASYNC(0000,49,0,0,0)
[ 3999277] ASYNC(0000,49,0,0,0)
[ 4000913] ASYNC(0000,49,0,0,0)
[ 4001041] ASYNC(0000,49,0,0,0)
[ 4002655] ASYNC(0000,49,0,0,0)
[ 4002762] ASYNC(0000,49,0,0,0)
[ 4003372] ASYNC(0000,49,0,0,0)
[ 4003373] ASYNC(0000,49,0,0,0)
[ 4003990] ASYNC(0000,49,0,0,0)
[ 4004295] ASYNC(0000,49,0,0,0)
[ 4004809] ASYNC(0000,49,0,0,0)
[ 4005731] ASYNC(0000,49,0,0,0)
[ 4005957] ASYNC(0000,49,0,0,0)
[ 4007776] ASYNC(0000,49,0,0,0)
[ 4008906] ASYNC(0000,49,0,0,0)
[ 4009312] ASYNC(0000,49,0,0,0)
[ 4010028] ASYNC(0000,49,0,0,0)
[ 4010953] ASYNC(0000,49,0,0,0)
[ 4012103] ASYNC(0000,49,0,0,0)
[ 4012107] ASYNC(0000,49,0,0,0)
[ 4012108] ASYNC(0000,49,0,0,0)
[ 4012798] ASYNC(0000,49,0,0,0)
[ 4013945] ASYNC(0000,49,0,0,0)
[ 4014330] ASYNC(0000,49,0,0,0)
[ 4015992] ASYNC(0000,49,0,0,0)
[ 4016605] ASYNC(0000,49,0,0,0)
[ 4016687] ASYNC(0000,49,0,0,0)
[ 4016689] ASYNC(0000,49,0,0,0)
[ 4017811] ASYNC(0000,49,0,0,0)
[ 4018431] ASYNC(0000,49,0,0,0)
[ 4018941] ASYNC(0000,49,0,0,0)
[ 4019352] ASYNC(0000,49,0,0,0)
[ 4020067] ASYNC(0000,49,0,0,0)
[ 4020677] ASYNC(0000,49,0,0,0)
[ 4020677] ASYNC(0000,49,0,0,0)
[ 4020985] ASYNC(0000,49,0,0,0)
[ 4021603] ASYNC(0000,49,0,0,0)
[ 4021808] ASYNC(0000,49,0,0,0)
[ 4022419] ASYNC(0000,49,0,0,0)
[ 4022627] ASYNC(0000,49,0,0,0)
[ 4022751] ASYNC(0000,49,0,0,0)
[ 4023341] ASYNC(0000,49,0,0,0)
[ 4023979] ASYNC(0000,49,0,0,0)
[ 4024365] ASYNC(0000,49,0,0,0)
[ 4026027] ASYNC(0000,49,0,0,0)
[ 4026108] ASYNC(0000,49,0,0,0)
[ 4026928] ASYNC(0000,49,0,0,0)
[ 4027132] ASYNC(0000,49,0,0,0)
[ 4027542] ASYNC(0000,49,0,0,0)
[ 4027744] ASYNC(0000,49,0,0,0)
[ 4028976] ASYNC(0000,49,0,0,0)
[ 4029100] ASYNC(0000,49,0,0,0)
[ 4029383] ASYNC(0000,49,0,0,0)
[ 4031024] ASYNC(0000,49,0,0,0)
[ 4032762] ASYNC(0000,49,0,0,0)
[ 4033888] ASYNC(0000,49,0,0,0)
[ 4034014] ASYNC(0000,49,0,0,0)
[ 4034401] ASYNC(0000,49,0,0,0)
[ 4035243] ASYNC(0000,49,0,0,0)
[ 4035942] ASYNC(0000,49,0,0,0)
[ 4037780] ASYNC(0000,49,0,0,0)
[ 4038933] ASYNC(0000,49,0,0,0)
[ 4039316] ASYNC(0000,49,0,0,0)
[ 4040363] ASYNC(0000,49,0,0,0)
[ 4040978] ASYNC(0000,49,0,0,0)
[ 4041674] ASYNC(0000,49,0,0,0)
[ 4043435] ASYNC(0000,49,0,0,0)
[ 4043927] ASYNC(0000,49,0,0,0)
[ 4044337] ASYNC(0000,49,0,0,0)
[ 4044664] ASYNC(0000,49,0,0,0)
[ 4045975] ASYNC(0000,49,0,0,0)
[ 4046175] ASYNC(0000,49,0,0,0)
[ 4046793] ASYNC(0000,49,0,0,0)
[ 4047815] ASYNC(0000,49,0,0,0)
[ 4048965] ASYNC(0000,49,0,0,0)
[ 4049351] ASYNC(0000,49,0,0,0)
[ 4049866] ASYNC(0000,49,0,0,0)
[ 4051013] ASYNC(0000,49,0,0,0)
[ 4052832] ASYNC(0000,49,0,0,0)
[ 4053962] ASYNC(0000,49,0,0,0)
[ 4054369] ASYNC(0000,49,0,0,0)
[ 4056010] ASYNC(0000,49,0,0,0)
[ 4057748] ASYNC(0000,49,0,0,0)
[ 4059002] ASYNC(0000,49,0,0,0)
[ 4059083] ASYNC(0000,49,0,0,0)
[ 4059386] ASYNC(0000,49,0,0,0)
[ 4060842] ASYNC(0000,49,0,0,0)
[ 4061028] ASYNC(0000,49,0,0,0)
[ 4062770] ASYNC(0000,49,0,0,0)
[ 4063997] ASYNC(0000,49,0,0,0)
[ 4064404] ASYNC(0000,49,0,0,0)
[ 4064816] ASYNC(0000,49,0,0,0)
[ 4065738] ASYNC(0000,49,0,0,0)
[ 4065964] ASYNC(0000,49,0,0,0)
[ 4066143] ASYNC(0000,49,0,0,0)
[ 4066144] ASYNC(0000,49,0,0,0)
[ 4067782] ASYNC(0000,49,0,0,0)
[ 4068913] ASYNC(0000,49,0,0,0)
[ 4069422] ASYNC(0000,49,0,0,0)
[ 4069937] ASYNC(0000,49,0,0,0)
[ 4070961] ASYNC(0000,49,0,0,0)
[ 4072800] ASYNC(0000,49,0,0,0)
[ 4073951] ASYNC(0000,49,0,0,0)
[ 4074337] ASYNC(0000,49,0,0,0)
[ 4075987] ASYNC(0000,49,0,0,0)
[ 4076612] ASYNC(0000,49,0,0,0)
[ 4076690] ASYNC(0000,49,0,0,0)
[ 4077818] ASYNC(0000,49,0,0,0)
[ 4078460] ASYNC(0000,49,0,0,0)
[ 4078948] ASYNC(0000,49,0,0,0)
[ 4079354] ASYNC(0000,49,0,0,0)
[ 4080708] ASYNC(0000,49,0,0,0)
[ 4080996] ASYNC(0000,49,0,0,0)
[ 4081732] ASYNC(0000,49,0,0,0)
[ 4081733] ASYNC(0000,49,0,0,0)
[ 4081937] ASYNC(0000,49,0,0,0)
[ 4082429] ASYNC(0000,49,0,0,0)
[ 4082732] ASYNC(0000,49,0,0,0)
[ 4082840] ASYNC(0000,49,0,0,0)
[ 4083453] ASYNC(0000,49,0,0,0)
[ 4083454] ASYNC(0000,49,0,0,0)
[ 4083986] ASYNC(0000,49,0,0,0)
[ 4084372] ASYNC(0000,49,0,0,0)
[ 4086034] ASYNC(0000,49,0,0,0)
[ 4087057] ASYNC(0000,49,0,0,0)
[ 4087545] ASYNC(0000,49,0,0,0)
[ 4087750] ASYNC(0000,49,0,0,0)
[ 4088983] ASYNC(0000,49,0,0,0)
[ 4089107] ASYNC(0000,49,0,0,0)
[ 4089394] ASYNC(0000,49,0,0,0)
[ 4090830] ASYNC(0000,49,0,0,0)
[ 4091031] ASYNC(0000,49,0,0,0)
[ 4092768] ASYNC(0000,49,0,0,0)
[ 4093815] ASYNC(0000,49,0,0,0)
[ 4094021] ASYNC(0000,49,0,0,0)
[ 4094407] ASYNC(0000,49,0,0,0)
[ 4095249] ASYNC(0000,49,0,0,0)
[ 4095948] ASYNC(0000,49,0,0,0)
[ 4096658] ASYNC(0000,49,0,0,0)
[ 4096659] ASYNC(0000,49,0,0,0)
[ 4097785] ASYNC(0000,49,0,0,0)
[ 4098913] ASYNC(0000,49,0,0,0)
[ 4099325] ASYNC(0000,49,0,0,0)
[ 4099429] ASYNC(0000,49,0,0,0)
[ 4100369] ASYNC(0000,49,0,0,0)
[ 4100779] ASYNC(0000,49,0,0,0)
[ 4100780] ASYNC(0000,49,0,0,0)
[ 4100959] ASYNC(0000,49,0,0,0)
[ 4101681] ASYNC(0000,49,0,0,0)
[ 4102704] ASYNC(0000,49,0,0,0)
[ 4103441] ASYNC(0000,49,0,0,0)
[ 4103933] ASYNC(0000,49,0,0,0)
[ 4104467] ASYNC(0000,49,0,0,0)
[ 4104752] ASYNC(0000,49,0,0,0)
[ 4105982] ASYNC(0000,49,0,0,0)
[ 4106186] ASYNC(0000,49,0,0,0)
[ 4107821] ASYNC(0000,49,0,0,0)
[ 4108971] ASYNC(0000,49,0,0,0)
[ 4109464] ASYNC(0000,49,0,0,0)
[ 4109868] ASYNC(0000,49,0,0,0)
[ 4111019] ASYNC(0000,49,0,0,0)
[ 4112839] ASYNC(0000,49,0,0,0)
[ 4113969] ASYNC(0000,49,0,0,0)
[ 4114375] ASYNC(0000,49,0,0,0)
[ 4116013] ASYNC(0000,49,0,0,0)
[ 4116753] ASYNC(0000,49,0,0,0)
[ 4117856] ASYNC(0000,49,0,0,0)
[ 4118983] ASYNC(0000,49,0,0,0)
[ 4119090] ASYNC(0000,49,0,0,0)
[ 4119393] ASYNC(0000,49,0,0,0)
[ 4120932] ASYNC(0000,49,0,0,0)
[ 4121751] ASYNC(0000,49,0,0,0)
[ 4122773] ASYNC(0000,49,0,0,0)
[ 4123389] ASYNC(0000,49,0,0,0)
[ 4123999] ASYNC(0000,49,0,0,0)
[ 4124411] ASYNC(0000,49,0,0,0)
[ 4124823] ASYNC(0000,49,0,0,0)
[ 4125945] ASYNC(0000,49,0,0,0)
[ 4126256] ASYNC(0000,49,0,0,0)
[ 4127789] ASYNC(0000,49,0,0,0)
[ 4128919] ASYNC(0000,49,0,0,0)
[ 4129428] ASYNC(0000,49,0,0,0)
[ 4129943] ASYNC(0000,49,0,0,0)
[ 4130963] ASYNC(0000,49,0,0,0)
[ 4132806] ASYNC(0000,49,0,0,0)
[ 4133958] ASYNC(0000,49,0,0,0)
[ 4134446] ASYNC(0000,49,0,0,0)
[ 4135982] ASYNC(0000,49,0,0,0)
[ 4136701] ASYNC(0000,49,0,0,0)
[ 4137825] ASYNC(0000,49,0,0,0)
[ 4138439] ASYNC(0000,49,0,0,0)
[ 4138954] ASYNC(0000,49,0,0,0)
[ 4139463] ASYNC(0000,49,0,0,0)
[ 4141002] ASYNC(0000,49,0,0,0)
[ 4141207] ASYNC(0000,49,0,0,0)
[ 4141821] ASYNC(0000,49,0,0,0)
[ 4142436] ASYNC(0000,49,0,0,0)
[ 4142843] ASYNC(0000,49,0,0,0)
[ 4143992] ASYNC(0000,49,0,0,0)
[ 4144481] ASYNC(0000,49,0,0,0)
[ 4146029] ASYNC(0000,49,0,0,0)
[ 4146222] ASYNC(0000,49,0,0,0)
[ 4146223] ASYNC(0000,49,0,0,0)
[ 4147065] ASYNC(0000,49,0,0,0)
[ 4147556] ASYNC(0000,49,0,0,0)
[ 4147860] ASYNC(0000,49,0,0,0)
[ 4148990] ASYNC(0000,49,0,0,0)
[ 4149113] ASYNC(0000,49,0,0,0)
[ 4149498] ASYNC(0000,49,0,0,0)
[ 4150956] ASYNC(0000,49,0,0,0)
[ 4151037] ASYNC(0000,49,0,0,0)
Wed Dec 25 03:15:00 AM EST 2024
test.bash: Running wget
[ 4152882] ASYNC(0000,49,0,0,0)
[ 4153800] ASYNC(0000,49,0,0,0)
[ 4153905] ASYNC(0000,49,0,0,0)
[ 4154521] ASYNC(0000,49,0,0,0)
[ 4155240] ASYNC(0000,49,0,0,0)
[ 4155953] ASYNC(0000,49,0,0,0)
[ 4156690] ASYNC(0000,49,0,0,0)
[ 4157793] ASYNC(0000,49,0,0,0)
[ 4158919] ASYNC(0000,49,0,0,0)
[ 4159432] ASYNC(0000,49,0,0,0)
[ 4160455] ASYNC(0000,49,0,0,0)
[ 4160786] ASYNC(0000,49,0,0,0)
[ 4160991] ASYNC(0000,49,0,0,0)
[ 4161810] ASYNC(0000,49,0,0,0)
[ 4162506] ASYNC(0000,49,0,0,0)
[ 4163532] ASYNC(0000,49,0,0,0)
[ 4163940] ASYNC(0000,49,0,0,0)
[ 4164477] ASYNC(0000,49,0,0,0)
[ 4164555] ASYNC(0000,49,0,0,0)
[ 4164678] ASYNC(0000,49,0,0,0)
test.bash: Failed at 2048 seconds
