test.bash: Waiting for reset
test.bash: Waiting for the server to start
Random selected PM: None
Starting server. OS: (sysname='rp2', nodename='rp2', release='1.24.1', version='v1.24.1 on 2024-11-29 (GNU 13.2.0 MinSizeRel)', machine='Raspberry Pi Pico W with RP2040') PM: None
Waiting for connection...
Waiting for connection...
Waiting for connection...
[   14992] ASYNC(0000,ASSOC_REQ_IE,0,0,0)
[   14992] ASYNC(0000,AUTH,0,0,0)
[   14997] ASYNC(0000,ASSOC_RESP_IE,0,0,0)
[   14997] ASYNC(0000,ASSOC,0,0,0)
[   14997] ASYNC(0001,LINK,0,0,0)
[   15015] ASYNC(0000,PSK_SUP,6,0,0)
[   15101] ASYNC(0000,JOIN,0,0,0)
[   15101] ASYNC(0000,SET_SSID,0,0,0)
Connected: ('192.168.1.4', '255.255.255.0', '192.168.1.1', '192.168.1.1')
Actual PM: 0xa11142
test.bash: Sleeping for 1 seconds
Wed Dec 25 06:08:05 AM EST 2024
test.bash: Running wget
1609459222	: GET /temp
Console: Getting Temp...
test.bash: Response: {"unit": "C", "temp": 29.85327}
test.bash: Sleeping for 2 seconds
Wed Dec 25 06:08:08 AM EST 2024
test.bash: Running wget
1609459224	: GET /temp
Console: Getting Temp...
test.bash: Response: {"unit": "C", "temp": 29.85327}
test.bash: Sleeping for 4 seconds
Wed Dec 25 06:08:12 AM EST 2024
test.bash: Running wget
1609459228	: GET /temp
Console: Getting Temp...
test.bash: Response: {"unit": "C", "temp": 29.85327}
test.bash: Sleeping for 8 seconds
Wed Dec 25 06:08:20 AM EST 2024
test.bash: Running wget
1609459236	: GET /temp
Console: Getting Temp...
test.bash: Response: {"unit": "C", "temp": 29.85327}
test.bash: Sleeping for 16 seconds
Wed Dec 25 06:08:36 AM EST 2024
test.bash: Running wget
1609459253	: GET /temp
Console: Getting Temp...
test.bash: Response: {"unit": "C", "temp": 29.85327}
test.bash: Sleeping for 32 seconds
Wed Dec 25 06:09:09 AM EST 2024
test.bash: Running wget
1609459285	: GET /temp
Console: Getting Temp...
test.bash: Response: {"unit": "C", "temp": 29.85327}
test.bash: Sleeping for 64 seconds
Wed Dec 25 06:10:13 AM EST 2024
test.bash: Running wget
test.bash: Response: {"unit": "C", "temp": 29.85327}
test.bash: Sleeping for 128 seconds
1609459349	: GET /temp
Console: Getting Temp...
Wed Dec 25 06:12:21 AM EST 2024
test.bash: Running wget
1609459477	: GET /temp
Console: Getting Temp...
test.bash: Response: {"unit": "C", "temp": 29.85327}
test.bash: Sleeping for 256 seconds
Wed Dec 25 06:16:37 AM EST 2024
test.bash: Running wget
1609459733	: GET /temp
Console: Getting Temp...
test.bash: Response: {"unit": "C", "temp": 29.85327}
test.bash: Sleeping for 512 seconds
Still checking Wi-Fi connection...
Debug: connected: True status: 3
Actual PM: 0xa11142
Wed Dec 25 06:25:09 AM EST 2024
test.bash: Running wget
1609460257	: GET /temp
Console: Getting Temp...
test.bash: Response: {"unit": "C", "temp": 28.44887}
test.bash: Sleeping for 1024 seconds
Still checking Wi-Fi connection...
Debug: connected: True status: 3
Actual PM: 0xa11142
Wed Dec 25 06:42:25 AM EST 2024
test.bash: Running wget
1609461293	: GET /temp
Console: Getting Temp...
test.bash: Response: {"unit": "C", "temp": 26.57626}
test.bash: Sleeping for 2048 seconds
Still checking Wi-Fi connection...
Debug: connected: True status: 3
Actual PM: 0xa11142
[ 2509685] ASYNC(0000,49,0,0,0)
[ 2509890] ASYNC(0000,49,0,0,0)
[ 2510200] ASYNC(0000,49,0,0,0)
[ 2510610] ASYNC(0000,49,0,0,0)
[ 2510814] ASYNC(0000,49,0,0,0)
[ 2512038] ASYNC(0000,49,0,0,0)
[ 2512961] ASYNC(0000,49,0,0,0)
[ 2515213] ASYNC(0000,49,0,0,0)
[ 2515623] ASYNC(0000,49,0,0,0)
[ 2516239] ASYNC(0000,49,0,0,0)
[ 2517161] ASYNC(0000,49,0,0,0)
[ 2518099] ASYNC(0000,49,0,0,0)
[ 2518100] ASYNC(0000,49,0,0,0)
[ 2518596] ASYNC(0000,49,0,0,0)
[ 2519620] ASYNC(0000,49,0,0,0)
[ 2519929] ASYNC(0000,49,0,0,0)
[ 2520231] ASYNC(0000,49,0,0,0)
[ 2520645] ASYNC(0000,49,0,0,0)
[ 2522286] ASYNC(0000,49,0,0,0)
[ 2522996] ASYNC(0000,49,0,0,0)
[ 2524942] ASYNC(0000,49,0,0,0)
[ 2525151] ASYNC(0000,49,0,0,0)
[ 2525661] ASYNC(0000,49,0,0,0)
[ 2529860] ASYNC(0000,49,0,0,0)
[ 2530163] ASYNC(0000,49,0,0,0)
[ 2530680] ASYNC(0000,49,0,0,0)
[ 2531804] ASYNC(0000,49,0,0,0)
[ 2532935] ASYNC(0000,49,0,0,0)
[ 2535181] ASYNC(0000,49,0,0,0)
[ 2535596] ASYNC(0000,49,0,0,0)
[ 2536737] ASYNC(0000,49,0,0,0)
[ 2536924] ASYNC(0000,49,0,0,0)
[ 2537740] ASYNC(0000,49,0,0,0)
[ 2538153] ASYNC(0000,49,0,0,0)
[ 2539586] ASYNC(0000,49,0,0,0)
[ 2539893] ASYNC(0000,49,0,0,0)
[ 2540202] ASYNC(0000,49,0,0,0)
[ 2540611] ASYNC(0000,49,0,0,0)
[ 2542250] ASYNC(0000,49,0,0,0)
[ 2542558] ASYNC(0000,49,0,0,0)
[ 2542970] ASYNC(0000,49,0,0,0)
[ 2543273] ASYNC(0000,49,0,0,0)
[ 2543578] ASYNC(0000,49,0,0,0)
[ 2544915] ASYNC(0000,49,0,0,0)
[ 2545219] ASYNC(0000,49,0,0,0)
[ 2545631] ASYNC(0000,49,0,0,0)
[ 2547369] ASYNC(0000,49,0,0,0)
[ 2547986] ASYNC(0000,49,0,0,0)
[ 2549934] ASYNC(0000,49,0,0,0)
[ 2550237] ASYNC(0000,49,0,0,0)
[ 2550647] ASYNC(0000,49,0,0,0)
[ 2553005] ASYNC(0000,49,0,0,0)
[ 2554950] ASYNC(0000,49,0,0,0)
[ 2555153] ASYNC(0000,49,0,0,0)
[ 2555663] ASYNC(0000,49,0,0,0)
[ 2556790] ASYNC(0000,49,0,0,0)
[ 2558022] ASYNC(0000,49,0,0,0)
[ 2559969] ASYNC(0000,49,0,0,0)
[ 2560172] ASYNC(0000,49,0,0,0)
[ 2560682] ASYNC(0000,49,0,0,0)
[ 2561911] ASYNC(0000,49,0,0,0)
[ 2562626] ASYNC(0000,49,0,0,0)
[ 2563041] ASYNC(0000,49,0,0,0)
[ 2565000] ASYNC(0000,49,0,0,0)
[ 2565597] ASYNC(0000,49,0,0,0)
[ 2566006] ASYNC(0000,49,0,0,0)
[ 2566620] ASYNC(0000,49,0,0,0)
[ 2566721] ASYNC(0000,49,0,0,0)
[ 2567030] ASYNC(0000,49,0,0,0)
[ 2567950] ASYNC(0000,49,0,0,0)
[ 2569692] ASYNC(0000,49,0,0,0)
[ 2569898] ASYNC(0000,49,0,0,0)
[ 2570005] ASYNC(0000,49,0,0,0)
[ 2570207] ASYNC(0000,49,0,0,0)
[ 2570616] ASYNC(0000,49,0,0,0)
[ 2570921] ASYNC(0000,49,0,0,0)
[ 2571331] ASYNC(0000,49,0,0,0)
[ 2572975] ASYNC(0000,49,0,0,0)
[ 2574920] ASYNC(0000,49,0,0,0)
[ 2575222] ASYNC(0000,49,0,0,0)
[ 2575632] ASYNC(0000,49,0,0,0)
[ 2576247] ASYNC(0000,49,0,0,0)
[ 2576248] ASYNC(0000,49,0,0,0)
[ 2576451] ASYNC(0000,49,0,0,0)
[ 2577267] ASYNC(0000,49,0,0,0)
[ 2577991] ASYNC(0000,49,0,0,0)
[ 2578089] ASYNC(0000,49,0,0,0)
[ 2579928] ASYNC(0000,49,0,0,0)
[ 2580242] ASYNC(0000,49,0,0,0)
[ 2580652] ASYNC(0000,49,0,0,0)
[ 2582291] ASYNC(0000,49,0,0,0)
[ 2583007] ASYNC(0000,49,0,0,0)
[ 2583635] ASYNC(0000,49,0,0,0)
[ 2584643] ASYNC(0000,49,0,0,0)
[ 2584955] ASYNC(0000,49,0,0,0)
[ 2585156] ASYNC(0000,49,0,0,0)
[ 2585668] ASYNC(0000,49,0,0,0)
[ 2588026] ASYNC(0000,49,0,0,0)
[ 2589870] ASYNC(0000,49,0,0,0)
[ 2589969] ASYNC(0000,49,0,0,0)
[ 2590173] ASYNC(0000,49,0,0,0)
[ 2590687] ASYNC(0000,49,0,0,0)
[ 2591811] ASYNC(0000,49,0,0,0)
[ 2593042] ASYNC(0000,49,0,0,0)
[ 2595600] ASYNC(0000,49,0,0,0)
[ 2596213] ASYNC(0000,49,0,0,0)
[ 2596729] ASYNC(0000,49,0,0,0)
[ 2596931] ASYNC(0000,49,0,0,0)
[ 2597766] ASYNC(0000,49,0,0,0)
[ 2597956] ASYNC(0000,49,0,0,0)
[ 2598057] ASYNC(0000,49,0,0,0)
[ 2598159] ASYNC(0000,49,0,0,0)
[ 2598160] ASYNC(0000,49,0,0,0)
[ 2598569] ASYNC(0000,49,0,0,0)
[ 2598672] ASYNC(0000,49,0,0,0)
[ 2599902] ASYNC(0000,49,0,0,0)
[ 2600004] ASYNC(0000,49,0,0,0)
[ 2600618] ASYNC(0000,49,0,0,0)
[ 2602255] ASYNC(0000,49,0,0,0)
[ 2602977] ASYNC(0000,49,0,0,0)
[ 2603279] ASYNC(0000,49,0,0,0)
[ 2607373] ASYNC(0000,49,0,0,0)
[ 2607993] ASYNC(0000,49,0,0,0)
[ 2609833] ASYNC(0000,49,0,0,0)
[ 2609933] ASYNC(0000,49,0,0,0)
[ 2609936] ASYNC(0000,49,0,0,0)
[ 2610143] ASYNC(0000,49,0,0,0)
[ 2610651] ASYNC(0000,49,0,0,0)
[ 2613012] ASYNC(0000,49,0,0,0)
[ 2614957] ASYNC(0000,49,0,0,0)
[ 2615673] ASYNC(0000,49,0,0,0)
[ 2616284] ASYNC(0000,49,0,0,0)
[ 2618024] ASYNC(0000,49,0,0,0)
[ 2619664] ASYNC(0000,49,0,0,0)
[ 2619976] ASYNC(0000,49,0,0,0)
[ 2620178] ASYNC(0000,49,0,0,0)
[ 2620688] ASYNC(0000,49,0,0,0)
[ 2622018] ASYNC(0000,49,0,0,0)
[ 2622633] ASYNC(0000,49,0,0,0)
[ 2622636] ASYNC(0000,49,0,0,0)
[ 2623048] ASYNC(0000,49,0,0,0)
[ 2624992] ASYNC(0000,49,0,0,0)
[ 2624993] ASYNC(0000,49,0,0,0)
[ 2625604] ASYNC(0000,49,0,0,0)
[ 2626734] ASYNC(0000,49,0,0,0)
[ 2627139] ASYNC(0000,49,0,0,0)
[ 2628063] ASYNC(0000,49,0,0,0)
[ 2630011] ASYNC(0000,49,0,0,0)
[ 2630214] ASYNC(0000,49,0,0,0)
[ 2630623] ASYNC(0000,49,0,0,0)
[ 2631337] ASYNC(0000,49,0,0,0)
[ 2632979] ASYNC(0000,49,0,0,0)
[ 2635027] ASYNC(0000,49,0,0,0)
[ 2635638] ASYNC(0000,49,0,0,0)
[ 2636457] ASYNC(0000,49,0,0,0)
[ 2637998] ASYNC(0000,49,0,0,0)
[ 2640047] ASYNC(0000,49,0,0,0)
[ 2640144] ASYNC(0000,49,0,0,0)
[ 2640861] ASYNC(0000,49,0,0,0)
[ 2640962] ASYNC(0000,49,0,0,0)
[ 2641986] ASYNC(0000,49,0,0,0)
[ 2642298] ASYNC(0000,49,0,0,0)
[ 2642601] ASYNC(0000,49,0,0,0)
[ 2645059] ASYNC(0000,49,0,0,0)
[ 2645161] ASYNC(0000,49,0,0,0)
[ 2645674] ASYNC(0000,49,0,0,0)
[ 2646188] ASYNC(0000,49,0,0,0)
[ 2648033] ASYNC(0000,49,0,0,0)
[ 2649872] ASYNC(0000,49,0,0,0)
[ 2649975] ASYNC(0000,49,0,0,0)
[ 2650180] ASYNC(0000,49,0,0,0)
[ 2650694] ASYNC(0000,49,0,0,0)
[ 2651816] ASYNC(0000,49,0,0,0)
[ 2653049] ASYNC(0000,49,0,0,0)
[ 2654988] ASYNC(0000,49,0,0,0)
[ 2655196] ASYNC(0000,49,0,0,0)
[ 2655604] ASYNC(0000,49,0,0,0)
[ 2656317] ASYNC(0000,49,0,0,0)
[ 2656321] ASYNC(0000,49,0,0,0)
[ 2656732] ASYNC(0000,49,0,0,0)
[ 2656938] ASYNC(0000,49,0,0,0)
[ 2657756] ASYNC(0000,49,0,0,0)
[ 2658070] ASYNC(0000,49,0,0,0)
[ 2658166] ASYNC(0000,49,0,0,0)
[ 2660013] ASYNC(0000,49,0,0,0)
[ 2660215] ASYNC(0000,49,0,0,0)
[ 2660625] ASYNC(0000,49,0,0,0)
[ 2662262] ASYNC(0000,49,0,0,0)
[ 2662669] ASYNC(0000,49,0,0,0)
[ 2663082] ASYNC(0000,49,0,0,0)
[ 2663284] ASYNC(0000,49,0,0,0)
[ 2665026] ASYNC(0000,49,0,0,0)
[ 2665644] ASYNC(0000,49,0,0,0)
[ 2667482] ASYNC(0000,49,0,0,0)
[ 2667996] ASYNC(0000,49,0,0,0)
[ 2669942] ASYNC(0000,49,0,0,0)
[ 2670044] ASYNC(0000,49,0,0,0)
[ 2670145] ASYNC(0000,49,0,0,0)
[ 2670657] ASYNC(0000,49,0,0,0)
[ 2673019] ASYNC(0000,49,0,0,0)
[ 2675068] ASYNC(0000,49,0,0,0)
[ 2675165] ASYNC(0000,49,0,0,0)
[ 2676290] ASYNC(0000,49,0,0,0)
[ 2676908] ASYNC(0000,49,0,0,0)
[ 2677318] ASYNC(0000,49,0,0,0)
[ 2678033] ASYNC(0000,49,0,0,0)
[ 2678134] ASYNC(0000,49,0,0,0)
[ 2678234] ASYNC(0000,49,0,0,0)
[ 2678646] ASYNC(0000,49,0,0,0)
[ 2679156] ASYNC(0000,49,0,0,0)
[ 2679157] ASYNC(0000,49,0,0,0)
[ 2679668] ASYNC(0000,49,0,0,0)
[ 2680084] ASYNC(0000,49,0,0,0)
[ 2680182] ASYNC(0000,49,0,0,0)
[ 2680185] ASYNC(0000,49,0,0,0)
[ 2680590] ASYNC(0000,49,0,0,0)
[ 2682025] ASYNC(0000,49,0,0,0)
[ 2683055] ASYNC(0000,49,0,0,0)
[ 2683453] ASYNC(0000,49,0,0,0)
[ 2684995] ASYNC(0000,49,0,0,0)
[ 2685198] ASYNC(0000,49,0,0,0)
[ 2685607] ASYNC(0000,49,0,0,0)
[ 2686735] ASYNC(0000,49,0,0,0)
[ 2687143] ASYNC(0000,49,0,0,0)
[ 2688067] ASYNC(0000,49,0,0,0)
[ 2689705] ASYNC(0000,49,0,0,0)
[ 2690022] ASYNC(0000,49,0,0,0)
[ 2690023] ASYNC(0000,49,0,0,0)
[ 2690630] ASYNC(0000,49,0,0,0)
[ 2691034] ASYNC(0000,49,0,0,0)
[ 2691345] ASYNC(0000,49,0,0,0)
[ 2693086] ASYNC(0000,49,0,0,0)
[ 2695030] ASYNC(0000,49,0,0,0)
[ 2695236] ASYNC(0000,49,0,0,0)
[ 2695643] ASYNC(0000,49,0,0,0)
[ 2696361] ASYNC(0000,49,0,0,0)
[ 2696462] ASYNC(0000,49,0,0,0)
[ 2698003] ASYNC(0000,49,0,0,0)
[ 2698205] ASYNC(0000,49,0,0,0)
[ 2699842] ASYNC(0000,49,0,0,0)
[ 2700048] ASYNC(0000,49,0,0,0)
[ 2700150] ASYNC(0000,49,0,0,0)
[ 2700665] ASYNC(0000,49,0,0,0)
[ 2702302] ASYNC(0000,49,0,0,0)
[ 2703017] ASYNC(0000,49,0,0,0)
[ 2705065] ASYNC(0000,49,0,0,0)
[ 2705168] ASYNC(0000,49,0,0,0)
[ 2705681] ASYNC(0000,49,0,0,0)
[ 2708040] ASYNC(0000,49,0,0,0)
[ 2710089] ASYNC(0000,49,0,0,0)
[ 2710185] ASYNC(0000,49,0,0,0)
[ 2710595] ASYNC(0000,49,0,0,0)
[ 2711824] ASYNC(0000,49,0,0,0)
[ 2713058] ASYNC(0000,49,0,0,0)
[ 2715105] ASYNC(0000,49,0,0,0)
[ 2715204] ASYNC(0000,49,0,0,0)
[ 2715617] ASYNC(0000,49,0,0,0)
[ 2716743] ASYNC(0000,49,0,0,0)
[ 2717047] ASYNC(0000,49,0,0,0)
[ 2717763] ASYNC(0000,49,0,0,0)
[ 2718070] ASYNC(0000,49,0,0,0)
[ 2718173] ASYNC(0000,49,0,0,0)
[ 2718275] ASYNC(0000,49,0,0,0)
[ 2719709] ASYNC(0000,49,0,0,0)
[ 2720124] ASYNC(0000,49,0,0,0)
[ 2720221] ASYNC(0000,49,0,0,0)
[ 2720631] ASYNC(0000,49,0,0,0)
[ 2722269] ASYNC(0000,49,0,0,0)
[ 2722781] ASYNC(0000,49,0,0,0)
[ 2723092] ASYNC(0000,49,0,0,0)
[ 2725140] ASYNC(0000,49,0,0,0)
[ 2725242] ASYNC(0000,49,0,0,0)
[ 2725651] ASYNC(0000,49,0,0,0)
[ 2728110] ASYNC(0000,49,0,0,0)
[ 2730051] ASYNC(0000,49,0,0,0)
[ 2730153] ASYNC(0000,49,0,0,0)
[ 2730664] ASYNC(0000,49,0,0,0)
[ 2733021] ASYNC(0000,49,0,0,0)
[ 2735074] ASYNC(0000,49,0,0,0)
[ 2735171] ASYNC(0000,49,0,0,0)
[ 2735684] ASYNC(0000,49,0,0,0)
[ 2736913] ASYNC(0000,49,0,0,0)
[ 2738040] ASYNC(0000,49,0,0,0)
[ 2740090] ASYNC(0000,49,0,0,0)
[ 2740189] ASYNC(0000,49,0,0,0)
[ 2740602] ASYNC(0000,49,0,0,0)
[ 2742038] ASYNC(0000,49,0,0,0)
[ 2742749] ASYNC(0000,49,0,0,0)
[ 2743056] ASYNC(0000,49,0,0,0)
[ 2745110] ASYNC(0000,49,0,0,0)
[ 2745206] ASYNC(0000,49,0,0,0)
[ 2745618] ASYNC(0000,49,0,0,0)
[ 2746742] ASYNC(0000,49,0,0,0)
[ 2747155] ASYNC(0000,49,0,0,0)
[ 2748077] ASYNC(0000,49,0,0,0)
[ 2749711] ASYNC(0000,49,0,0,0)
[ 2750022] ASYNC(0000,49,0,0,0)
[ 2750125] ASYNC(0000,49,0,0,0)
[ 2750224] ASYNC(0000,49,0,0,0)
[ 2751349] ASYNC(0000,49,0,0,0)
[ 2753096] ASYNC(0000,49,0,0,0)
[ 2755145] ASYNC(0000,49,0,0,0)
[ 2755243] ASYNC(0000,49,0,0,0)
[ 2755653] ASYNC(0000,49,0,0,0)
[ 2756368] ASYNC(0000,49,0,0,0)
[ 2756468] ASYNC(0000,49,0,0,0)
[ 2758110] ASYNC(0000,49,0,0,0)
[ 2758315] ASYNC(0000,49,0,0,0)
[ 2759236] ASYNC(0000,49,0,0,0)
[ 2759336] ASYNC(0000,49,0,0,0)
[ 2760163] ASYNC(0000,49,0,0,0)
[ 2760259] ASYNC(0000,49,0,0,0)
[ 2760672] ASYNC(0000,49,0,0,0)
[ 2762308] ASYNC(0000,49,0,0,0)
[ 2762712] ASYNC(0000,49,0,0,0)
[ 2762715] ASYNC(0000,49,0,0,0)
[ 2763132] ASYNC(0000,49,0,0,0)
[ 2765076] ASYNC(0000,49,0,0,0)
[ 2765174] ASYNC(0000,49,0,0,0)
[ 2765686] ASYNC(0000,49,0,0,0)
[ 2768047] ASYNC(0000,49,0,0,0)
[ 2769988] ASYNC(0000,49,0,0,0)
[ 2769989] ASYNC(0000,49,0,0,0)
[ 2770091] ASYNC(0000,49,0,0,0)
[ 2770193] ASYNC(0000,49,0,0,0)
[ 2770603] ASYNC(0000,49,0,0,0)
[ 2771010] ASYNC(0000,49,0,0,0)
[ 2771831] ASYNC(0000,49,0,0,0)
[ 2773061] ASYNC(0000,49,0,0,0)
[ 2775111] ASYNC(0000,49,0,0,0)
[ 2775210] ASYNC(0000,49,0,0,0)
[ 2775619] ASYNC(0000,49,0,0,0)
[ 2776336] ASYNC(0000,49,0,0,0)
[ 2777770] ASYNC(0000,49,0,0,0)
[ 2778073] ASYNC(0000,49,0,0,0)
[ 2778181] ASYNC(0000,49,0,0,0)
[ 2778182] ASYNC(0000,49,0,0,0)
[ 2779818] ASYNC(0000,49,0,0,0)
[ 2779820] ASYNC(0000,49,0,0,0)
[ 2780126] ASYNC(0000,49,0,0,0)
[ 2780226] ASYNC(0000,49,0,0,0)
[ 2780638] ASYNC(0000,49,0,0,0)
[ 2783113] ASYNC(0000,49,0,0,0)
[ 2783300] ASYNC(0000,49,0,0,0)
[ 2785148] ASYNC(0000,49,0,0,0)
[ 2785245] ASYNC(0000,49,0,0,0)
[ 2785658] ASYNC(0000,49,0,0,0)
[ 2787396] ASYNC(0000,49,0,0,0)
[ 2788108] ASYNC(0000,49,0,0,0)
[ 2790057] ASYNC(0000,49,0,0,0)
[ 2790161] ASYNC(0000,49,0,0,0)
[ 2790164] ASYNC(0000,49,0,0,0)
[ 2790673] ASYNC(0000,49,0,0,0)
[ 2791083] ASYNC(0000,49,0,0,0)
[ 2793133] ASYNC(0000,49,0,0,0)
[ 2795178] ASYNC(0000,49,0,0,0)
[ 2795180] ASYNC(0000,49,0,0,0)
[ 2795588] ASYNC(0000,49,0,0,0)
[ 2796304] ASYNC(0000,49,0,0,0)
[ 2796305] ASYNC(0000,49,0,0,0)
[ 2797329] ASYNC(0000,49,0,0,0)
[ 2798148] ASYNC(0000,49,0,0,0)
[ 2798249] ASYNC(0000,49,0,0,0)
[ 2798558] ASYNC(0000,49,0,0,0)
[ 2799886] ASYNC(0000,49,0,0,0)
[ 2800203] ASYNC(0000,49,0,0,0)
[ 2800205] ASYNC(0000,49,0,0,0)
[ 2800504] ASYNC(0000,49,0,0,0)
[ 2802755] ASYNC(0000,49,0,0,0)
[ 2803062] ASYNC(0000,49,0,0,0)
[ 2803675] ASYNC(0000,49,0,0,0)
[ 2803777] ASYNC(0000,49,0,0,0)
[ 2804701] ASYNC(0000,49,0,0,0)
[ 2805110] ASYNC(0000,49,0,0,0)
[ 2805213] ASYNC(0000,49,0,0,0)
[ 2805624] ASYNC(0000,49,0,0,0)
[ 2806545] ASYNC(0000,49,0,0,0)
[ 2806748] ASYNC(0000,49,0,0,0)
[ 2808084] ASYNC(0000,49,0,0,0)
[ 2808795] ASYNC(0000,49,0,0,0)
Still checking Wi-Fi connection...
Debug: connected: True status: 3
Actual PM: 0xa11142
[ 2809718] ASYNC(0000,49,0,0,0)
[ 2810128] ASYNC(0000,49,0,0,0)
[ 2810229] ASYNC(0000,49,0,0,0)
[ 2810639] ASYNC(0000,49,0,0,0)
[ 2811358] ASYNC(0000,49,0,0,0)
[ 2813103] ASYNC(0000,49,0,0,0)
[ 2815146] ASYNC(0000,49,0,0,0)
[ 2816478] ASYNC(0000,49,0,0,0)
[ 2818112] ASYNC(0000,49,0,0,0)
[ 2820163] ASYNC(0000,49,0,0,0)
[ 2820165] ASYNC(0000,49,0,0,0)
[ 2820674] ASYNC(0000,49,0,0,0)
[ 2822315] ASYNC(0000,49,0,0,0)
[ 2822721] ASYNC(0000,49,0,0,0)
[ 2825182] ASYNC(0000,49,0,0,0)
[ 2825591] ASYNC(0000,49,0,0,0)
[ 2830099] ASYNC(0000,49,0,0,0)
[ 2830205] ASYNC(0000,49,0,0,0)
[ 2830207] ASYNC(0000,49,0,0,0)
[ 2830608] ASYNC(0000,49,0,0,0)
[ 2831838] ASYNC(0000,49,0,0,0)
[ 2833069] ASYNC(0000,49,0,0,0)
[ 2835216] ASYNC(0000,49,0,0,0)
[ 2835225] ASYNC(0000,49,0,0,0)
[ 2835625] ASYNC(0000,49,0,0,0)
[ 2837771] ASYNC(0000,49,0,0,0)
[ 2838085] ASYNC(0000,49,0,0,0)
[ 2838186] ASYNC(0000,49,0,0,0)
[ 2838288] ASYNC(0000,49,0,0,0)
[ 2838902] ASYNC(0000,49,0,0,0)
[ 2840239] ASYNC(0000,49,0,0,0)
[ 2842285] ASYNC(0000,49,0,0,0)
[ 2842798] ASYNC(0000,49,0,0,0)
[ 2842799] ASYNC(0000,49,0,0,0)
[ 2843101] ASYNC(0000,49,0,0,0)
[ 2843412] ASYNC(0000,49,0,0,0)
[ 2845155] ASYNC(0000,49,0,0,0)
[ 2845156] ASYNC(0000,49,0,0,0)
[ 2847504] ASYNC(0000,49,0,0,0)
[ 2850064] ASYNC(0000,49,0,0,0)
[ 2850168] ASYNC(0000,49,0,0,0)
[ 2850172] ASYNC(0000,49,0,0,0)
[ 2850679] ASYNC(0000,49,0,0,0)
[ 2853155] ASYNC(0000,49,0,0,0)
[ 2855190] ASYNC(0000,49,0,0,0)
[ 2855592] ASYNC(0000,49,0,0,0)
[ 2856411] ASYNC(0000,49,0,0,0)
[ 2856923] ASYNC(0000,49,0,0,0)
[ 2858155] ASYNC(0000,49,0,0,0)
[ 2858973] ASYNC(0000,49,0,0,0)
[ 2859279] ASYNC(0000,49,0,0,0)
[ 2859897] ASYNC(0000,49,0,0,0)
[ 2860202] ASYNC(0000,49,0,0,0)
[ 2860203] ASYNC(0000,49,0,0,0)
[ 2860610] ASYNC(0000,49,0,0,0)
[ 2860917] ASYNC(0000,49,0,0,0)
[ 2863171] ASYNC(0000,49,0,0,0)
[ 2865629] ASYNC(0000,49,0,0,0)
[ 2866651] ASYNC(0000,49,0,0,0)
[ 2866757] ASYNC(0000,49,0,0,0)
[ 2867165] ASYNC(0000,49,0,0,0)
[ 2870133] ASYNC(0000,49,0,0,0)
[ 2870242] ASYNC(0000,49,0,0,0)
[ 2871057] ASYNC(0000,49,0,0,0)
[ 2871363] ASYNC(0000,49,0,0,0)
[ 2875157] ASYNC(0000,49,0,0,0)
[ 2875255] ASYNC(0000,49,0,0,0)
[ 2875362] ASYNC(0000,49,0,0,0)
[ 2875454] ASYNC(0000,49,0,0,0)
[ 2875664] ASYNC(0000,49,0,0,0)
[ 2876485] ASYNC(0000,49,0,0,0)
[ 2876486] ASYNC(0000,49,0,0,0)
[ 2876487] ASYNC(0000,49,0,0,0)
[ 2878325] ASYNC(0000,49,0,0,0)
[ 2879863] ASYNC(0000,49,0,0,0)
[ 2880171] ASYNC(0000,49,0,0,0)
[ 2880682] ASYNC(0000,49,0,0,0)
[ 2883139] ASYNC(0000,49,0,0,0)
[ 2885188] ASYNC(0000,49,0,0,0)
[ 2885597] ASYNC(0000,49,0,0,0)
[ 2888157] ASYNC(0000,49,0,0,0)
[ 2890615] ASYNC(0000,49,0,0,0)
[ 2893175] ASYNC(0000,49,0,0,0)
[ 2895224] ASYNC(0000,49,0,0,0)
[ 2895631] ASYNC(0000,49,0,0,0)
[ 2896760] ASYNC(0000,49,0,0,0)
[ 2897066] ASYNC(0000,49,0,0,0)
[ 2898193] ASYNC(0000,49,0,0,0)
[ 2898195] ASYNC(0000,49,0,0,0)
[ 2898398] ASYNC(0000,49,0,0,0)
[ 2899723] ASYNC(0000,49,0,0,0)
[ 2900652] ASYNC(0000,49,0,0,0)
[ 2902800] ASYNC(0000,49,0,0,0)
[ 2903107] ASYNC(0000,49,0,0,0)
[ 2903413] ASYNC(0000,49,0,0,0)
[ 2905156] ASYNC(0000,49,0,0,0)
[ 2905260] ASYNC(0000,49,0,0,0)
[ 2908125] ASYNC(0000,49,0,0,0)
[ 2908227] ASYNC(0000,49,0,0,0)
[ 2910173] ASYNC(0000,49,0,0,0)
[ 2910175] ASYNC(0000,49,0,0,0)
[ 2910277] ASYNC(0000,49,0,0,0)
[ 2910685] ASYNC(0000,49,0,0,0)
[ 2915192] ASYNC(0000,49,0,0,0)
[ 2915601] ASYNC(0000,49,0,0,0)
[ 2918161] ASYNC(0000,49,0,0,0)
[ 2920209] ASYNC(0000,49,0,0,0)
[ 2922875] ASYNC(0000,49,0,0,0)
[ 2925636] ASYNC(0000,49,0,0,0)
[ 2930244] ASYNC(0000,49,0,0,0)
[ 2930247] ASYNC(0000,49,0,0,0)
[ 2930657] ASYNC(0000,49,0,0,0)
[ 2935154] ASYNC(0000,49,0,0,0)
[ 2936490] ASYNC(0000,49,0,0,0)
[ 2937515] ASYNC(0000,49,0,0,0)
[ 2938130] ASYNC(0000,49,0,0,0)
[ 2940177] ASYNC(0000,49,0,0,0)
[ 2940380] ASYNC(0000,49,0,0,0)
[ 2940894] ASYNC(0000,49,0,0,0)
[ 2942328] ASYNC(0000,49,0,0,0)
[ 2942838] ASYNC(0000,49,0,0,0)
[ 2945195] ASYNC(0000,49,0,0,0)
[ 2945301] ASYNC(0000,49,0,0,0)
[ 2945606] ASYNC(0000,49,0,0,0)
[ 2946832] ASYNC(0000,49,0,0,0)
[ 2948168] ASYNC(0000,49,0,0,0)
[ 2950108] ASYNC(0000,49,0,0,0)
[ 2950216] ASYNC(0000,49,0,0,0)
[ 2950315] ASYNC(0000,49,0,0,0)
[ 2953187] ASYNC(0000,49,0,0,0)
[ 2955231] ASYNC(0000,49,0,0,0)
[ 2955333] ASYNC(0000,49,0,0,0)
[ 2956456] ASYNC(0000,49,0,0,0)
[ 2956559] ASYNC(0000,49,0,0,0)
[ 2956766] ASYNC(0000,49,0,0,0)
[ 2957072] ASYNC(0000,49,0,0,0)
[ 2958199] ASYNC(0000,49,0,0,0)
[ 2960247] ASYNC(0000,49,0,0,0)
[ 2960250] ASYNC(0000,49,0,0,0)
[ 2960656] ASYNC(0000,49,0,0,0)
[ 2961168] ASYNC(0000,49,0,0,0)
[ 2961886] ASYNC(0000,49,0,0,0)
[ 2962295] ASYNC(0000,49,0,0,0)
[ 2965162] ASYNC(0000,49,0,0,0)
[ 2965262] ASYNC(0000,49,0,0,0)
[ 2965678] ASYNC(0000,49,0,0,0)
[ 2970179] ASYNC(0000,49,0,0,0)
[ 2970180] ASYNC(0000,49,0,0,0)
[ 2970284] ASYNC(0000,49,0,0,0)
[ 2973153] ASYNC(0000,49,0,0,0)
[ 2975198] ASYNC(0000,49,0,0,0)
[ 2975300] ASYNC(0000,49,0,0,0)
[ 2975607] ASYNC(0000,49,0,0,0)
[ 2976527] ASYNC(0000,49,0,0,0)
[ 2978168] ASYNC(0000,49,0,0,0)
[ 2978372] ASYNC(0000,49,0,0,0)
[ 2979394] ASYNC(0000,49,0,0,0)
[ 2979907] ASYNC(0000,49,0,0,0)
[ 2980214] ASYNC(0000,49,0,0,0)
[ 2980318] ASYNC(0000,49,0,0,0)
[ 2980627] ASYNC(0000,49,0,0,0)
[ 2982057] ASYNC(0000,49,0,0,0)
[ 2982878] ASYNC(0000,49,0,0,0)
[ 2983185] ASYNC(0000,49,0,0,0)
[ 2985234] ASYNC(0000,49,0,0,0)
[ 2985336] ASYNC(0000,49,0,0,0)
[ 2985644] ASYNC(0000,49,0,0,0)
[ 2987177] ASYNC(0000,49,0,0,0)
[ 2990044] ASYNC(0000,49,0,0,0)
[ 2990148] ASYNC(0000,49,0,0,0)
[ 2990660] ASYNC(0000,49,0,0,0)
[ 2991377] ASYNC(0000,49,0,0,0)
[ 2993220] ASYNC(0000,49,0,0,0)
[ 2995167] ASYNC(0000,49,0,0,0)
[ 2995371] ASYNC(0000,49,0,0,0)
[ 2996598] ASYNC(0000,49,0,0,0)
[ 2998237] ASYNC(0000,49,0,0,0)
[ 3000183] ASYNC(0000,49,0,0,0)
[ 3000287] ASYNC(0000,49,0,0,0)
[ 3000595] ASYNC(0000,49,0,0,0)
[ 3002333] ASYNC(0000,49,0,0,0)
[ 3002845] ASYNC(0000,49,0,0,0)
[ 3003153] ASYNC(0000,49,0,0,0)
[ 3005200] ASYNC(0000,49,0,0,0)
[ 3005300] ASYNC(0000,49,0,0,0)
[ 3008171] ASYNC(0000,49,0,0,0)
[ 3010114] ASYNC(0000,49,0,0,0)
[ 3010214] ASYNC(0000,49,0,0,0)
[ 3010318] ASYNC(0000,49,0,0,0)
[ 3010628] ASYNC(0000,49,0,0,0)
[ 3015237] ASYNC(0000,49,0,0,0)
[ 3015340] ASYNC(0000,49,0,0,0)
[ 3016566] ASYNC(0000,49,0,0,0)
[ 3016772] ASYNC(0000,49,0,0,0)
[ 3017081] ASYNC(0000,49,0,0,0)
[ 3017795] ASYNC(0000,49,0,0,0)
[ 3018206] ASYNC(0000,49,0,0,0)
[ 3018308] ASYNC(0000,49,0,0,0)
[ 3019950] ASYNC(0000,49,0,0,0)
[ 3020151] ASYNC(0000,49,0,0,0)
[ 3020356] ASYNC(0000,49,0,0,0)
[ 3020662] ASYNC(0000,49,0,0,0)
[ 3020971] ASYNC(0000,49,0,0,0)
[ 3022404] ASYNC(0000,49,0,0,0)
[ 3022914] ASYNC(0000,49,0,0,0)
[ 3023223] ASYNC(0000,49,0,0,0)
[ 3023427] ASYNC(0000,49,0,0,0)
[ 3023833] ASYNC(0000,49,0,0,0)
[ 3025168] ASYNC(0000,49,0,0,0)
[ 3025374] ASYNC(0000,49,0,0,0)
[ 3027524] ASYNC(0000,49,0,0,0)
[ 3030185] ASYNC(0000,49,0,0,0)
[ 3030596] ASYNC(0000,49,0,0,0)
[ 3031928] ASYNC(0000,49,0,0,0)
[ 3033259] ASYNC(0000,49,0,0,0)
[ 3035409] ASYNC(0000,49,0,0,0)
[ 3035613] ASYNC(0000,49,0,0,0)
[ 3036636] ASYNC(0000,49,0,0,0)
[ 3036945] ASYNC(0000,49,0,0,0)
[ 3038175] ASYNC(0000,49,0,0,0)
[ 3038482] ASYNC(0000,49,0,0,0)
[ 3039914] ASYNC(0000,49,0,0,0)
[ 3040224] ASYNC(0000,49,0,0,0)
[ 3040325] ASYNC(0000,49,0,0,0)
[ 3042063] ASYNC(0000,49,0,0,0)
[ 3043191] ASYNC(0000,49,0,0,0)
[ 3045239] ASYNC(0000,49,0,0,0)
[ 3045343] ASYNC(0000,49,0,0,0)
[ 3047287] ASYNC(0000,49,0,0,0)
[ 3049642] ASYNC(0000,49,0,0,0)
[ 3050156] ASYNC(0000,49,0,0,0)
[ 3050364] ASYNC(0000,49,0,0,0)
[ 3050667] ASYNC(0000,49,0,0,0)
[ 3053227] ASYNC(0000,49,0,0,0)
[ 3055378] ASYNC(0000,49,0,0,0)
[ 3055684] ASYNC(0000,49,0,0,0)
[ 3056505] ASYNC(0000,49,0,0,0)
[ 3056608] ASYNC(0000,49,0,0,0)
[ 3058244] ASYNC(0000,49,0,0,0)
[ 3058449] ASYNC(0000,49,0,0,0)
[ 3058551] ASYNC(0000,49,0,0,0)
[ 3059469] ASYNC(0000,49,0,0,0)
[ 3060192] ASYNC(0000,49,0,0,0)
[ 3060399] ASYNC(0000,49,0,0,0)
[ 3060496] ASYNC(0000,49,0,0,0)
[ 3062341] ASYNC(0000,49,0,0,0)
[ 3063266] ASYNC(0000,49,0,0,0)
[ 3065418] ASYNC(0000,49,0,0,0)
[ 3070431] ASYNC(0000,49,0,0,0)
[ 3070635] ASYNC(0000,49,0,0,0)
[ 3071863] ASYNC(0000,49,0,0,0)
[ 3075346] ASYNC(0000,49,0,0,0)
[ 3075648] ASYNC(0000,49,0,0,0)
[ 3076780] ASYNC(0000,49,0,0,0)
[ 3078315] ASYNC(0000,49,0,0,0)
[ 3078520] ASYNC(0000,49,0,0,0)
[ 3080369] ASYNC(0000,49,0,0,0)
[ 3080672] ASYNC(0000,49,0,0,0)
[ 3082308] ASYNC(0000,49,0,0,0)
[ 3082922] ASYNC(0000,49,0,0,0)
[ 3082923] ASYNC(0000,49,0,0,0)
[ 3083236] ASYNC(0000,49,0,0,0)
[ 3083947] ASYNC(0000,49,0,0,0)
[ 3085385] ASYNC(0000,49,0,0,0)
[ 3085687] ASYNC(0000,49,0,0,0)
[ 3087429] ASYNC(0000,49,0,0,0)
[ 3088249] ASYNC(0000,49,0,0,0)
[ 3090194] ASYNC(0000,49,0,0,0)
[ 3090197] ASYNC(0000,49,0,0,0)
[ 3090603] ASYNC(0000,49,0,0,0)
[ 3091216] ASYNC(0000,49,0,0,0)
[ 3092856] ASYNC(0000,49,0,0,0)
[ 3093266] ASYNC(0000,49,0,0,0)
[ 3095211] ASYNC(0000,49,0,0,0)
[ 3095620] ASYNC(0000,49,0,0,0)
[ 3096644] ASYNC(0000,49,0,0,0)
[ 3096953] ASYNC(0000,49,0,0,0)
[ 3100027] ASYNC(0000,49,0,0,0)
[ 3100228] ASYNC(0000,49,0,0,0)
[ 3100435] ASYNC(0000,49,0,0,0)
[ 3103198] ASYNC(0000,49,0,0,0)
[ 3105246] ASYNC(0000,49,0,0,0)
[ 3105452] ASYNC(0000,49,0,0,0)
[ 3106783] ASYNC(0000,49,0,0,0)
[ 3107191] ASYNC(0000,49,0,0,0)
[ 3107615] ASYNC(0000,49,0,0,0)
[ 3108217] ASYNC(0000,49,0,0,0)
[ 3109649] ASYNC(0000,49,0,0,0)
[ 3110469] ASYNC(0000,49,0,0,0)
[ 3110675] ASYNC(0000,49,0,0,0)
[ 3111186] ASYNC(0000,49,0,0,0)
[ 3113233] ASYNC(0000,49,0,0,0)
[ 3115390] ASYNC(0000,49,0,0,0)
[ 3116512] ASYNC(0000,49,0,0,0)
[ 3116612] ASYNC(0000,49,0,0,0)
[ 3117236] ASYNC(0000,49,0,0,0)
[ 3118252] ASYNC(0000,49,0,0,0)
[ 3118455] ASYNC(0000,49,0,0,0)
[ 3120095] ASYNC(0000,49,0,0,0)
[ 3120196] ASYNC(0000,49,0,0,0)
[ 3120608] ASYNC(0000,49,0,0,0)
[ 3122348] ASYNC(0000,49,0,0,0)
[ 3122961] ASYNC(0000,49,0,0,0)
[ 3122962] ASYNC(0000,49,0,0,0)
[ 3123282] ASYNC(0000,49,0,0,0)
[ 3123984] ASYNC(0000,49,0,0,0)
[ 3125214] ASYNC(0000,49,0,0,0)
[ 3125624] ASYNC(0000,49,0,0,0)
[ 3128292] ASYNC(0000,49,0,0,0)
[ 3130235] ASYNC(0000,49,0,0,0)
[ 3130236] ASYNC(0000,49,0,0,0)
[ 3130439] ASYNC(0000,49,0,0,0)
[ 3131872] ASYNC(0000,49,0,0,0)
[ 3135248] ASYNC(0000,49,0,0,0)
[ 3136273] ASYNC(0000,49,0,0,0)
[ 3136684] ASYNC(0000,49,0,0,0)
[ 3137298] ASYNC(0000,49,0,0,0)
[ 3137708] ASYNC(0000,49,0,0,0)
[ 3138220] ASYNC(0000,49,0,0,0)
[ 3138321] ASYNC(0000,49,0,0,0)
[ 3138322] ASYNC(0000,49,0,0,0)
[ 3139447] ASYNC(0000,49,0,0,0)
[ 3140057] ASYNC(0000,49,0,0,0)
[ 3140166] ASYNC(0000,49,0,0,0)
[ 3140370] ASYNC(0000,49,0,0,0)
[ 3140678] ASYNC(0000,49,0,0,0)
[ 3141497] ASYNC(0000,49,0,0,0)
[ 3142417] ASYNC(0000,49,0,0,0)
[ 3142520] ASYNC(0000,49,0,0,0)
[ 3143437] ASYNC(0000,49,0,0,0)
[ 3144566] ASYNC(0000,49,0,0,0)
[ 3145181] ASYNC(0000,49,0,0,0)
[ 3145592] ASYNC(0000,49,0,0,0)
[ 3145593] ASYNC(0000,49,0,0,0)
[ 3146617] ASYNC(0000,49,0,0,0)
[ 3147537] ASYNC(0000,49,0,0,0)
[ 3147741] ASYNC(0000,49,0,0,0)
[ 3148254] ASYNC(0000,49,0,0,0)
[ 3148765] ASYNC(0000,49,0,0,0)
[ 3149790] ASYNC(0000,49,0,0,0)
[ 3150199] ASYNC(0000,49,0,0,0)
[ 3150301] ASYNC(0000,49,0,0,0)
[ 3150507] ASYNC(0000,49,0,0,0)
[ 3150608] ASYNC(0000,49,0,0,0)
[ 3150814] ASYNC(0000,49,0,0,0)
[ 3151325] ASYNC(0000,49,0,0,0)
[ 3151837] ASYNC(0000,49,0,0,0)
[ 3152861] ASYNC(0000,49,0,0,0)
[ 3153272] ASYNC(0000,49,0,0,0)
[ 3155219] ASYNC(0000,49,0,0,0)
[ 3155427] ASYNC(0000,49,0,0,0)
[ 3155626] ASYNC(0000,49,0,0,0)
[ 3156035] ASYNC(0000,49,0,0,0)
[ 3156957] ASYNC(0000,49,0,0,0)
[ 3157061] ASYNC(0000,49,0,0,0)
[ 3157267] ASYNC(0000,49,0,0,0)
[ 3158085] ASYNC(0000,49,0,0,0)
[ 3158294] ASYNC(0000,49,0,0,0)
[ 3158493] ASYNC(0000,49,0,0,0)
[ 3159107] ASYNC(0000,49,0,0,0)
[ 3160131] ASYNC(0000,49,0,0,0)
[ 3160234] ASYNC(0000,49,0,0,0)
[ 3160447] ASYNC(0000,49,0,0,0)
[ 3161258] ASYNC(0000,49,0,0,0)
[ 3162078] ASYNC(0000,49,0,0,0)
[ 3162999] ASYNC(0000,49,0,0,0)
[ 3162999] ASYNC(0000,49,0,0,0)
[ 3163307] ASYNC(0000,49,0,0,0)
[ 3163308] ASYNC(0000,49,0,0,0)
[ 3164024] ASYNC(0000,49,0,0,0)
[ 3164330] ASYNC(0000,49,0,0,0)
[ 3165146] ASYNC(0000,49,0,0,0)
[ 3165350] ASYNC(0000,49,0,0,0)
[ 3165458] ASYNC(0000,49,0,0,0)
[ 3166379] ASYNC(0000,49,0,0,0)
[ 3167507] ASYNC(0000,49,0,0,0)
[ 3168325] ASYNC(0000,49,0,0,0)
[ 3169552] ASYNC(0000,49,0,0,0)
[ 3169656] ASYNC(0000,49,0,0,0)
[ 3170270] ASYNC(0000,49,0,0,0)
[ 3170577] ASYNC(0000,49,0,0,0)
[ 3170680] ASYNC(0000,49,0,0,0)
[ 3171397] ASYNC(0000,49,0,0,0)
[ 3171602] ASYNC(0000,49,0,0,0)
[ 3172624] ASYNC(0000,49,0,0,0)
[ 3173244] ASYNC(0000,49,0,0,0)
[ 3173751] ASYNC(0000,49,0,0,0)
[ 3174774] ASYNC(0000,49,0,0,0)
[ 3175186] ASYNC(0000,49,0,0,0)
[ 3175594] ASYNC(0000,49,0,0,0)
[ 3175799] ASYNC(0000,49,0,0,0)
[ 3176517] ASYNC(0000,49,0,0,0)
[ 3176720] ASYNC(0000,49,0,0,0)
[ 3176822] ASYNC(0000,49,0,0,0)
[ 3179997] ASYNC(0000,49,0,0,0)
[ 3180096] ASYNC(0000,49,0,0,0)
[ 3180099] ASYNC(0000,49,0,0,0)
[ 3180203] ASYNC(0000,49,0,0,0)
[ 3180511] ASYNC(0000,49,0,0,0)
[ 3180612] ASYNC(0000,49,0,0,0)
[ 3181125] ASYNC(0000,49,0,0,0)
[ 3182046] ASYNC(0000,49,0,0,0)
[ 3182148] ASYNC(0000,49,0,0,0)
[ 3182355] ASYNC(0000,49,0,0,0)
[ 3183069] ASYNC(0000,49,0,0,0)
[ 3183272] ASYNC(0000,49,0,0,0)
[ 3185118] ASYNC(0000,49,0,0,0)
[ 3185220] ASYNC(0000,49,0,0,0)
[ 3185631] ASYNC(0000,49,0,0,0)
[ 3186144] ASYNC(0000,49,0,0,0)
[ 3187165] ASYNC(0000,49,0,0,0)
[ 3188291] ASYNC(0000,49,0,0,0)
[ 3188294] ASYNC(0000,49,0,0,0)
[ 3189317] ASYNC(0000,49,0,0,0)
[ 3190237] ASYNC(0000,49,0,0,0)
[ 3190336] ASYNC(0000,49,0,0,0)
[ 3190340] ASYNC(0000,49,0,0,0)
[ 3190445] ASYNC(0000,49,0,0,0)
[ 3190647] ASYNC(0000,49,0,0,0)
[ 3191365] ASYNC(0000,49,0,0,0)
[ 3192389] ASYNC(0000,49,0,0,0)
[ 3193312] ASYNC(0000,49,0,0,0)
[ 3193412] ASYNC(0000,49,0,0,0)
[ 3195154] ASYNC(0000,49,0,0,0)
[ 3195468] ASYNC(0000,49,0,0,0)
[ 3195562] ASYNC(0000,49,0,0,0)
[ 3195666] ASYNC(0000,49,0,0,0)
[ 3196587] ASYNC(0000,49,0,0,0)
[ 3197610] ASYNC(0000,49,0,0,0)
[ 3197712] ASYNC(0000,49,0,0,0)
[ 3198331] ASYNC(0000,49,0,0,0)
[ 3198635] ASYNC(0000,49,0,0,0)
[ 3199658] ASYNC(0000,49,0,0,0)
[ 3200171] ASYNC(0000,49,0,0,0)
[ 3200477] ASYNC(0000,49,0,0,0)
[ 3200480] ASYNC(0000,49,0,0,0)
[ 3200684] ASYNC(0000,49,0,0,0)
[ 3200684] ASYNC(0000,49,0,0,0)
[ 3200685] ASYNC(0000,49,0,0,0)
[ 3200785] ASYNC(0000,49,0,0,0)
[ 3201808] ASYNC(0000,49,0,0,0)
[ 3202425] ASYNC(0000,49,0,0,0)
[ 3202833] ASYNC(0000,49,0,0,0)
[ 3203037] ASYNC(0000,49,0,0,0)
[ 3203039] ASYNC(0000,49,0,0,0)
[ 3203241] ASYNC(0000,49,0,0,0)
[ 3203345] ASYNC(0000,49,0,0,0)
[ 3204061] ASYNC(0000,49,0,0,0)
[ 3205497] ASYNC(0000,49,0,0,0)
[ 3205599] ASYNC(0000,49,0,0,0)
[ 3208262] ASYNC(0000,49,0,0,0)
[ 3209797] ASYNC(0000,49,0,0,0)
[ 3210206] ASYNC(0000,49,0,0,0)
[ 3210411] ASYNC(0000,49,0,0,0)
[ 3210514] ASYNC(0000,49,0,0,0)
[ 3210616] ASYNC(0000,49,0,0,0)
[ 3213279] ASYNC(0000,49,0,0,0)
[ 3215225] ASYNC(0000,49,0,0,0)
[ 3215634] ASYNC(0000,49,0,0,0)
[ 3218297] ASYNC(0000,49,0,0,0)
[ 3218603] ASYNC(0000,49,0,0,0)
[ 3220134] ASYNC(0000,49,0,0,0)
[ 3220244] ASYNC(0000,49,0,0,0)
[ 3220554] ASYNC(0000,49,0,0,0)
[ 3220652] ASYNC(0000,49,0,0,0)
[ 3222085] ASYNC(0000,49,0,0,0)
[ 3223316] ASYNC(0000,49,0,0,0)
[ 3225669] ASYNC(0000,49,0,0,0)
[ 3227206] ASYNC(0000,49,0,0,0)
[ 3230277] ASYNC(0000,49,0,0,0)
[ 3230482] ASYNC(0000,49,0,0,0)
[ 3230687] ASYNC(0000,49,0,0,0)
[ 3231403] ASYNC(0000,49,0,0,0)
[ 3235195] ASYNC(0000,49,0,0,0)
[ 3235602] ASYNC(0000,49,0,0,0)
[ 3236519] ASYNC(0000,49,0,0,0)
[ 3238266] ASYNC(0000,49,0,0,0)
[ 3238571] ASYNC(0000,49,0,0,0)
[ 3240514] ASYNC(0000,49,0,0,0)
[ 3240620] ASYNC(0000,49,0,0,0)
[ 3243283] ASYNC(0000,49,0,0,0)
[ 3245230] ASYNC(0000,49,0,0,0)
[ 3245537] ASYNC(0000,49,0,0,0)
[ 3245636] ASYNC(0000,49,0,0,0)
[ 3247583] ASYNC(0000,49,0,0,0)
[ 3250347] ASYNC(0000,49,0,0,0)
[ 3250650] ASYNC(0000,49,0,0,0)
[ 3251270] ASYNC(0000,49,0,0,0)
[ 3255160] ASYNC(0000,49,0,0,0)
[ 3255574] ASYNC(0000,49,0,0,0)
[ 3256903] ASYNC(0000,49,0,0,0)
[ 3257106] ASYNC(0000,49,0,0,0)
[ 3257720] ASYNC(0000,49,0,0,0)
[ 3258335] ASYNC(0000,49,0,0,0)
[ 3258337] ASYNC(0000,49,0,0,0)
[ 3260179] ASYNC(0000,49,0,0,0)
[ 3262431] ASYNC(0000,49,0,0,0)
[ 3263455] ASYNC(0000,49,0,0,0)
[ 3267551] ASYNC(0000,49,0,0,0)
[ 3268267] ASYNC(0000,49,0,0,0)
[ 3268372] ASYNC(0000,49,0,0,0)
[ 3270214] ASYNC(0000,49,0,0,0)
[ 3270316] ASYNC(0000,49,0,0,0)
[ 3270526] ASYNC(0000,49,0,0,0)
[ 3270623] ASYNC(0000,49,0,0,0)
[ 3275230] ASYNC(0000,49,0,0,0)
[ 3275545] ASYNC(0000,49,0,0,0)
[ 3275641] ASYNC(0000,49,0,0,0)
[ 3276767] ASYNC(0000,49,0,0,0)
[ 3276973] ASYNC(0000,49,0,0,0)
[ 3278304] ASYNC(0000,49,0,0,0)
[ 3280244] ASYNC(0000,49,0,0,0)
[ 3280349] ASYNC(0000,49,0,0,0)
[ 3280659] ASYNC(0000,49,0,0,0)
[ 3281377] ASYNC(0000,49,0,0,0)
[ 3282092] ASYNC(0000,49,0,0,0)
[ 3283117] ASYNC(0000,49,0,0,0)
[ 3285575] ASYNC(0000,49,0,0,0)
[ 3285678] ASYNC(0000,49,0,0,0)
[ 3286901] ASYNC(0000,49,0,0,0)
[ 3287313] ASYNC(0000,49,0,0,0)
[ 3289671] ASYNC(0000,49,0,0,0)
[ 3290182] ASYNC(0000,49,0,0,0)
[ 3290387] ASYNC(0000,49,0,0,0)
[ 3290594] ASYNC(0000,49,0,0,0)
[ 3290596] ASYNC(0000,49,0,0,0)
[ 3291411] ASYNC(0000,49,0,0,0)
[ 3295201] ASYNC(0000,49,0,0,0)
[ 3295617] ASYNC(0000,49,0,0,0)
[ 3295619] ASYNC(0000,49,0,0,0)
[ 3296530] ASYNC(0000,49,0,0,0)
[ 3296839] ASYNC(0000,49,0,0,0)
[ 3298580] ASYNC(0000,49,0,0,0)
[ 3300114] ASYNC(0000,49,0,0,0)
[ 3300219] ASYNC(0000,49,0,0,0)
[ 3300628] ASYNC(0000,49,0,0,0)
[ 3300630] ASYNC(0000,49,0,0,0)
[ 3303187] ASYNC(0000,49,0,0,0)
[ 3303190] ASYNC(0000,49,0,0,0)
[ 3303393] ASYNC(0000,49,0,0,0)
[ 3305236] ASYNC(0000,49,0,0,0)
[ 3305652] ASYNC(0000,49,0,0,0)
[ 3308312] ASYNC(0000,49,0,0,0)
[ 3310354] ASYNC(0000,49,0,0,0)
[ 3310566] ASYNC(0000,49,0,0,0)
[ 3310662] ASYNC(0000,49,0,0,0)
[ 3311994] ASYNC(0000,49,0,0,0)
[ 3313324] ASYNC(0000,49,0,0,0)
[ 3315169] ASYNC(0000,49,0,0,0)
[ 3315578] ASYNC(0000,49,0,0,0)
[ 3315679] ASYNC(0000,49,0,0,0)
[ 3316806] ASYNC(0000,49,0,0,0)
[ 3316908] ASYNC(0000,49,0,0,0)
[ 3317114] ASYNC(0000,49,0,0,0)
[ 3317728] ASYNC(0000,49,0,0,0)
[ 3318348] ASYNC(0000,49,0,0,0)
[ 3318351] ASYNC(0000,49,0,0,0)
[ 3318647] ASYNC(0000,49,0,0,0)
[ 3318648] ASYNC(0000,49,0,0,0)
[ 3320185] ASYNC(0000,49,0,0,0)
[ 3320391] ASYNC(0000,49,0,0,0)
[ 3320595] ASYNC(0000,49,0,0,0)
[ 3320596] ASYNC(0000,49,0,0,0)
[ 3323356] ASYNC(0000,49,0,0,0)
[ 3323463] ASYNC(0000,49,0,0,0)
[ 3325201] ASYNC(0000,49,0,0,0)
[ 3325618] ASYNC(0000,49,0,0,0)
[ 3327659] ASYNC(0000,49,0,0,0)
[ 3328377] ASYNC(0000,49,0,0,0)
[ 3330219] ASYNC(0000,49,0,0,0)
[ 3330323] ASYNC(0000,49,0,0,0)
[ 3330630] ASYNC(0000,49,0,0,0)
[ 3333394] ASYNC(0000,49,0,0,0)
[ 3335237] ASYNC(0000,49,0,0,0)
[ 3335654] ASYNC(0000,49,0,0,0)
[ 3336773] ASYNC(0000,49,0,0,0)
[ 3336977] ASYNC(0000,49,0,0,0)
[ 3337797] ASYNC(0000,49,0,0,0)
[ 3338310] ASYNC(0000,49,0,0,0)
[ 3338718] ASYNC(0000,49,0,0,0)
[ 3338822] ASYNC(0000,49,0,0,0)
[ 3340254] ASYNC(0000,49,0,0,0)
[ 3340665] ASYNC(0000,49,0,0,0)
[ 3340973] ASYNC(0000,49,0,0,0)
[ 3342100] ASYNC(0000,49,0,0,0)
[ 3343333] ASYNC(0000,49,0,0,0)
[ 3345169] ASYNC(0000,49,0,0,0)
[ 3345682] ASYNC(0000,49,0,0,0)
[ 3345684] ASYNC(0000,49,0,0,0)
[ 3346915] ASYNC(0000,49,0,0,0)
[ 3347322] ASYNC(0000,49,0,0,0)
[ 3348345] ASYNC(0000,49,0,0,0)
[ 3349674] ASYNC(0000,49,0,0,0)
[ 3350189] ASYNC(0000,49,0,0,0)
[ 3350600] ASYNC(0000,49,0,0,0)
[ 3350601] ASYNC(0000,49,0,0,0)
[ 3351434] ASYNC(0000,49,0,0,0)
[ 3352749] ASYNC(0000,49,0,0,0)
[ 3353363] ASYNC(0000,49,0,0,0)
[ 3355208] ASYNC(0000,49,0,0,0)
[ 3355624] ASYNC(0000,49,0,0,0)
[ 3355625] ASYNC(0000,49,0,0,0)
[ 3356536] ASYNC(0000,49,0,0,0)
[ 3356843] ASYNC(0000,49,0,0,0)
[ 3358381] ASYNC(0000,49,0,0,0)
[ 3360224] ASYNC(0000,49,0,0,0)
[ 3360225] ASYNC(0000,49,0,0,0)
[ 3360635] ASYNC(0000,49,0,0,0)
[ 3360637] ASYNC(0000,49,0,0,0)
[ 3362375] ASYNC(0000,49,0,0,0)
[ 3365243] ASYNC(0000,49,0,0,0)
[ 3365651] ASYNC(0000,49,0,0,0)
[ 3365652] ASYNC(0000,49,0,0,0)
[ 3368416] ASYNC(0000,49,0,0,0)
[ 3370158] ASYNC(0000,49,0,0,0)
[ 3370462] ASYNC(0000,49,0,0,0)
[ 3370669] ASYNC(0000,49,0,0,0)
[ 3370670] ASYNC(0000,49,0,0,0)
[ 3372001] ASYNC(0000,49,0,0,0)
[ 3373331] ASYNC(0000,49,0,0,0)
[ 3375176] ASYNC(0000,49,0,0,0)
[ 3376811] ASYNC(0000,49,0,0,0)
[ 3376916] ASYNC(0000,49,0,0,0)
[ 3377118] ASYNC(0000,49,0,0,0)
[ 3377735] ASYNC(0000,49,0,0,0)
[ 3378347] ASYNC(0000,49,0,0,0)
[ 3378350] ASYNC(0000,49,0,0,0)
[ 3380196] ASYNC(0000,49,0,0,0)
[ 3380198] ASYNC(0000,49,0,0,0)
[ 3380602] ASYNC(0000,49,0,0,0)
[ 3380708] ASYNC(0000,49,0,0,0)
[ 3381216] ASYNC(0000,49,0,0,0)
[ 3383370] ASYNC(0000,49,0,0,0)
[ 3385212] ASYNC(0000,49,0,0,0)
[ 3385213] ASYNC(0000,49,0,0,0)
[ 3386337] ASYNC(0000,49,0,0,0)
[ 3386340] ASYNC(0000,49,0,0,0)
[ 3386438] ASYNC(0000,49,0,0,0)
[ 3387258] ASYNC(0000,49,0,0,0)
[ 3387566] ASYNC(0000,49,0,0,0)
[ 3388385] ASYNC(0000,49,0,0,0)
[ 3390226] ASYNC(0000,49,0,0,0)
[ 3390432] ASYNC(0000,49,0,0,0)
[ 3390645] ASYNC(0000,49,0,0,0)
[ 3390646] ASYNC(0000,49,0,0,0)
[ 3393403] ASYNC(0000,49,0,0,0)
[ 3395246] ASYNC(0000,49,0,0,0)
[ 3395660] ASYNC(0000,49,0,0,0)
[ 3396781] ASYNC(0000,49,0,0,0)
[ 3397087] ASYNC(0000,49,0,0,0)
[ 3398425] ASYNC(0000,49,0,0,0)
[ 3398625] ASYNC(0000,49,0,0,0)
[ 3400159] ASYNC(0000,49,0,0,0)
[ 3400161] ASYNC(0000,49,0,0,0)
[ 3400678] ASYNC(0000,49,0,0,0)
[ 3403334] ASYNC(0000,49,0,0,0)
[ 3405177] ASYNC(0000,49,0,0,0)
[ 3405693] ASYNC(0000,49,0,0,0)
[ 3405695] ASYNC(0000,49,0,0,0)
[ 3406922] ASYNC(0000,49,0,0,0)
[ 3407329] ASYNC(0000,49,0,0,0)
[ 3408352] ASYNC(0000,49,0,0,0)
[ 3410198] ASYNC(0000,49,0,0,0)
[ 3410713] ASYNC(0000,49,0,0,0)
[ 3411425] ASYNC(0000,49,0,0,0)
[ 3413380] ASYNC(0000,49,0,0,0)
[ 3415215] ASYNC(0000,49,0,0,0)
[ 3415623] ASYNC(0000,49,0,0,0)
[ 3415729] ASYNC(0000,49,0,0,0)
[ 3416543] ASYNC(0000,49,0,0,0)
[ 3416954] ASYNC(0000,49,0,0,0)
[ 3418695] ASYNC(0000,49,0,0,0)
[ 3419208] ASYNC(0000,49,0,0,0)
[ 3420234] ASYNC(0000,49,0,0,0)
[ 3420235] ASYNC(0000,49,0,0,0)
[ 3420749] ASYNC(0000,49,0,0,0)
[ 3422280] ASYNC(0000,49,0,0,0)
[ 3423200] ASYNC(0000,49,0,0,0)
[ 3423201] ASYNC(0000,49,0,0,0)
[ 3425250] ASYNC(0000,49,0,0,0)
[ 3425666] ASYNC(0000,49,0,0,0)
[ 3428426] ASYNC(0000,49,0,0,0)
[ 3430164] ASYNC(0000,49,0,0,0)
[ 3430471] ASYNC(0000,49,0,0,0)
[ 3430472] ASYNC(0000,49,0,0,0)
[ 3430681] ASYNC(0000,49,0,0,0)
[ 3432008] ASYNC(0000,49,0,0,0)
[ 3433446] ASYNC(0000,49,0,0,0)
[ 3435180] ASYNC(0000,49,0,0,0)
[ 3435590] ASYNC(0000,49,0,0,0)
[ 3435695] ASYNC(0000,49,0,0,0)
[ 3436928] ASYNC(0000,49,0,0,0)
[ 3437125] ASYNC(0000,49,0,0,0)
[ 3437740] ASYNC(0000,49,0,0,0)
[ 3438356] ASYNC(0000,49,0,0,0)
[ 3438359] ASYNC(0000,49,0,0,0)
[ 3438663] ASYNC(0000,49,0,0,0)
[ 3440202] ASYNC(0000,49,0,0,0)
[ 3440608] ASYNC(0000,49,0,0,0)
[ 3440715] ASYNC(0000,49,0,0,0)
[ 3442450] ASYNC(0000,49,0,0,0)
[ 3443476] ASYNC(0000,49,0,0,0)
[ 3443681] ASYNC(0000,49,0,0,0)
[ 3445218] ASYNC(0000,49,0,0,0)
[ 3445626] ASYNC(0000,49,0,0,0)
[ 3445734] ASYNC(0000,49,0,0,0)
[ 3447668] ASYNC(0000,49,0,0,0)
[ 3448393] ASYNC(0000,49,0,0,0)
[ 3450541] ASYNC(0000,49,0,0,0)
[ 3450644] ASYNC(0000,49,0,0,0)
[ 3450750] ASYNC(0000,49,0,0,0)
[ 3453410] ASYNC(0000,49,0,0,0)
[ 3455250] ASYNC(0000,49,0,0,0)
[ 3455663] ASYNC(0000,49,0,0,0)
[ 3455770] ASYNC(0000,49,0,0,0)
[ 3457096] ASYNC(0000,49,0,0,0)
[ 3457914] ASYNC(0000,49,0,0,0)
[ 3458426] ASYNC(0000,49,0,0,0)
[ 3460167] ASYNC(0000,49,0,0,0)
[ 3460679] ASYNC(0000,49,0,0,0)
[ 3460778] ASYNC(0000,49,0,0,0)
[ 3462216] ASYNC(0000,49,0,0,0)
[ 3463241] ASYNC(0000,49,0,0,0)
[ 3463447] ASYNC(0000,49,0,0,0)
[ 3464264] ASYNC(0000,49,0,0,0)
[ 3465186] ASYNC(0000,49,0,0,0)
[ 3465596] ASYNC(0000,49,0,0,0)
[ 3465698] ASYNC(0000,49,0,0,0)
[ 3466929] ASYNC(0000,49,0,0,0)
[ 3467336] ASYNC(0000,49,0,0,0)
[ 3468053] ASYNC(0000,49,0,0,0)
[ 3468467] ASYNC(0000,49,0,0,0)
[ 3469688] ASYNC(0000,49,0,0,0)
[ 3470203] ASYNC(0000,49,0,0,0)
[ 3470612] ASYNC(0000,49,0,0,0)
[ 3470716] ASYNC(0000,49,0,0,0)
[ 3472865] ASYNC(0000,49,0,0,0)
[ 3473383] ASYNC(0000,49,0,0,0)
[ 3475221] ASYNC(0000,49,0,0,0)
[ 3475624] ASYNC(0000,49,0,0,0)
[ 3475736] ASYNC(0000,49,0,0,0)
[ 3476961] ASYNC(0000,49,0,0,0)
[ 3478088] ASYNC(0000,49,0,0,0)
[ 3478804] ASYNC(0000,49,0,0,0)
[ 3479828] ASYNC(0000,49,0,0,0)
[ 3480239] ASYNC(0000,49,0,0,0)
[ 3480648] ASYNC(0000,49,0,0,0)
[ 3480749] ASYNC(0000,49,0,0,0)
[ 3483418] ASYNC(0000,49,0,0,0)
[ 3485253] ASYNC(0000,49,0,0,0)
[ 3485665] ASYNC(0000,49,0,0,0)
[ 3485767] ASYNC(0000,49,0,0,0)
[ 3488433] ASYNC(0000,49,0,0,0)
[ 3490172] ASYNC(0000,49,0,0,0)
[ 3490684] ASYNC(0000,49,0,0,0)
[ 3490791] ASYNC(0000,49,0,0,0)
[ 3492014] ASYNC(0000,49,0,0,0)
[ 3493447] ASYNC(0000,49,0,0,0)
[ 3495189] ASYNC(0000,49,0,0,0)
[ 3495596] ASYNC(0000,49,0,0,0)
[ 3495807] ASYNC(0000,49,0,0,0)
[ 3496935] ASYNC(0000,49,0,0,0)
[ 3497236] ASYNC(0000,49,0,0,0)
[ 3497746] ASYNC(0000,49,0,0,0)
[ 3497951] ASYNC(0000,49,0,0,0)
[ 3498361] ASYNC(0000,49,0,0,0)
[ 3498467] ASYNC(0000,49,0,0,0)
[ 3498770] ASYNC(0000,49,0,0,0)
[ 3498872] ASYNC(0000,49,0,0,0)
[ 3498977] ASYNC(0000,49,0,0,0)
[ 3500206] ASYNC(0000,49,0,0,0)
[ 3500617] ASYNC(0000,49,0,0,0)
[ 3500820] ASYNC(0000,49,0,0,0)
[ 3501743] ASYNC(0000,49,0,0,0)
[ 3502146] ASYNC(0000,49,0,0,0)
[ 3502456] ASYNC(0000,49,0,0,0)
[ 3503275] ASYNC(0000,49,0,0,0)
[ 3503276] ASYNC(0000,49,0,0,0)
[ 3503482] ASYNC(0000,49,0,0,0)
[ 3503488] ASYNC(0000,49,0,0,0)
[ 3505225] ASYNC(0000,49,0,0,0)
[ 3505634] ASYNC(0000,49,0,0,0)
[ 3507681] ASYNC(0000,49,0,0,0)
[ 3508397] ASYNC(0000,49,0,0,0)
Still checking Wi-Fi connection...
Debug: connected: True status: 3
Actual PM: 0xa11142
[ 3510236] ASYNC(0000,49,0,0,0)
[ 3510446] ASYNC(0000,49,0,0,0)
[ 3510549] ASYNC(0000,49,0,0,0)
[ 3510649] ASYNC(0000,49,0,0,0)
[ 3510755] ASYNC(0000,49,0,0,0)
[ 3513415] ASYNC(0000,49,0,0,0)
[ 3515259] ASYNC(0000,49,0,0,0)
[ 3515668] ASYNC(0000,49,0,0,0)
[ 3515788] ASYNC(0000,49,0,0,0)
[ 3516998] ASYNC(0000,49,0,0,0)
[ 3517100] ASYNC(0000,49,0,0,0)
[ 3517921] ASYNC(0000,49,0,0,0)
[ 3518434] ASYNC(0000,49,0,0,0)
[ 3518840] ASYNC(0000,49,0,0,0)
[ 3520172] ASYNC(0000,49,0,0,0)
[ 3520274] ASYNC(0000,49,0,0,0)
[ 3520686] ASYNC(0000,49,0,0,0)
[ 3520792] ASYNC(0000,49,0,0,0)
[ 3522222] ASYNC(0000,49,0,0,0)
[ 3523450] ASYNC(0000,49,0,0,0)
[ 3525190] ASYNC(0000,49,0,0,0)
[ 3525600] ASYNC(0000,49,0,0,0)
[ 3525805] ASYNC(0000,49,0,0,0)
[ 3526931] ASYNC(0000,49,0,0,0)
[ 3527340] ASYNC(0000,49,0,0,0)
[ 3528468] ASYNC(0000,49,0,0,0)
[ 3529697] ASYNC(0000,49,0,0,0)
[ 3530208] ASYNC(0000,49,0,0,0)
[ 3530618] ASYNC(0000,49,0,0,0)
[ 3530828] ASYNC(0000,49,0,0,0)
[ 3531538] ASYNC(0000,49,0,0,0)
[ 3533489] ASYNC(0000,49,0,0,0)
[ 3535228] ASYNC(0000,49,0,0,0)
[ 3535635] ASYNC(0000,49,0,0,0)
[ 3535847] ASYNC(0000,49,0,0,0)
[ 3536761] ASYNC(0000,49,0,0,0)
[ 3536968] ASYNC(0000,49,0,0,0)
[ 3537989] ASYNC(0000,49,0,0,0)
[ 3538401] ASYNC(0000,49,0,0,0)
[ 3540246] ASYNC(0000,49,0,0,0)
[ 3540246] ASYNC(0000,49,0,0,0)
[ 3540649] ASYNC(0000,49,0,0,0)
[ 3540758] ASYNC(0000,49,0,0,0)
[ 3541269] ASYNC(0000,49,0,0,0)
[ 3543424] ASYNC(0000,49,0,0,0)
[ 3545161] ASYNC(0000,49,0,0,0)
[ 3545673] ASYNC(0000,49,0,0,0)
[ 3545776] ASYNC(0000,49,0,0,0)
[ 3548230] ASYNC(0000,49,0,0,0)
[ 3548436] ASYNC(0000,49,0,0,0)
[ 3550179] ASYNC(0000,49,0,0,0)
[ 3550588] ASYNC(0000,49,0,0,0)
[ 3550690] ASYNC(0000,49,0,0,0)
[ 3550797] ASYNC(0000,49,0,0,0)
[ 3552021] ASYNC(0000,49,0,0,0)
[ 3555196] ASYNC(0000,49,0,0,0)
[ 3555603] ASYNC(0000,49,0,0,0)
[ 3555811] ASYNC(0000,49,0,0,0)
[ 3556944] ASYNC(0000,49,0,0,0)
[ 3556945] ASYNC(0000,49,0,0,0)
[ 3557238] ASYNC(0000,49,0,0,0)
[ 3557755] ASYNC(0000,49,0,0,0)
[ 3558370] ASYNC(0000,49,0,0,0)
[ 3560213] ASYNC(0000,49,0,0,0)
[ 3560313] ASYNC(0000,49,0,0,0)
[ 3560623] ASYNC(0000,49,0,0,0)
[ 3560624] ASYNC(0000,49,0,0,0)
[ 3560833] ASYNC(0000,49,0,0,0)
[ 3561339] ASYNC(0000,49,0,0,0)
[ 3563492] ASYNC(0000,49,0,0,0)
[ 3563496] ASYNC(0000,49,0,0,0)
[ 3565233] ASYNC(0000,49,0,0,0)
[ 3565640] ASYNC(0000,49,0,0,0)
[ 3565849] ASYNC(0000,49,0,0,0)
[ 3567686] ASYNC(0000,49,0,0,0)
[ 3570248] ASYNC(0000,49,0,0,0)
[ 3570656] ASYNC(0000,49,0,0,0)
[ 3573423] ASYNC(0000,49,0,0,0)
[ 3575164] ASYNC(0000,49,0,0,0)
[ 3575676] ASYNC(0000,49,0,0,0)
[ 3575778] ASYNC(0000,49,0,0,0)
[ 3577006] ASYNC(0000,49,0,0,0)
[ 3577109] ASYNC(0000,49,0,0,0)
[ 3578442] ASYNC(0000,49,0,0,0)
[ 3578851] ASYNC(0000,49,0,0,0)
[ 3579769] ASYNC(0000,49,0,0,0)
[ 3579770] ASYNC(0000,49,0,0,0)
[ 3580182] ASYNC(0000,49,0,0,0)
[ 3580692] ASYNC(0000,49,0,0,0)
[ 3580795] ASYNC(0000,49,0,0,0)
[ 3582226] ASYNC(0000,49,0,0,0)
[ 3583355] ASYNC(0000,49,0,0,0)
[ 3583453] ASYNC(0000,49,0,0,0)
[ 3585199] ASYNC(0000,49,0,0,0)
[ 3585606] ASYNC(0000,49,0,0,0)
[ 3585818] ASYNC(0000,49,0,0,0)
[ 3586938] ASYNC(0000,49,0,0,0)
[ 3587350] ASYNC(0000,49,0,0,0)
[ 3588470] ASYNC(0000,49,0,0,0)
[ 3589704] ASYNC(0000,49,0,0,0)
[ 3590217] ASYNC(0000,49,0,0,0)
[ 3590834] ASYNC(0000,49,0,0,0)
[ 3591445] ASYNC(0000,49,0,0,0)
[ 3593496] ASYNC(0000,49,0,0,0)
[ 3595235] ASYNC(0000,49,0,0,0)
[ 3595644] ASYNC(0000,49,0,0,0)
[ 3595854] ASYNC(0000,49,0,0,0)
[ 3596668] ASYNC(0000,49,0,0,0)
[ 3596975] ASYNC(0000,49,0,0,0)
[ 3598505] ASYNC(0000,49,0,0,0)
[ 3600250] ASYNC(0000,49,0,0,0)
[ 3600355] ASYNC(0000,49,0,0,0)
[ 3600456] ASYNC(0000,49,0,0,0)
[ 3600662] ASYNC(0000,49,0,0,0)
[ 3600870] ASYNC(0000,49,0,0,0)
[ 3601685] ASYNC(0000,49,0,0,0)
[ 3603323] ASYNC(0000,49,0,0,0)
[ 3603424] ASYNC(0000,49,0,0,0)
[ 3603531] ASYNC(0000,49,0,0,0)
[ 3605168] ASYNC(0000,49,0,0,0)
[ 3605680] ASYNC(0000,49,0,0,0)
[ 3605889] ASYNC(0000,49,0,0,0)
[ 3610185] ASYNC(0000,49,0,0,0)
[ 3610593] ASYNC(0000,49,0,0,0)
[ 3610595] ASYNC(0000,49,0,0,0)
[ 3610905] ASYNC(0000,49,0,0,0)
[ 3612029] ASYNC(0000,49,0,0,0)
[ 3613466] ASYNC(0000,49,0,0,0)
[ 3615203] ASYNC(0000,49,0,0,0)
[ 3615606] ASYNC(0000,49,0,0,0)
[ 3615820] ASYNC(0000,49,0,0,0)
[ 3616944] ASYNC(0000,49,0,0,0)
[ 3617045] ASYNC(0000,49,0,0,0)
[ 3617250] ASYNC(0000,49,0,0,0)
[ 3617762] ASYNC(0000,49,0,0,0)
[ 3618377] ASYNC(0000,49,0,0,0)
[ 3618483] ASYNC(0000,49,0,0,0)
[ 3618784] ASYNC(0000,49,0,0,0)
[ 3619093] ASYNC(0000,49,0,0,0)
[ 3620220] ASYNC(0000,49,0,0,0)
[ 3620322] ASYNC(0000,49,0,0,0)
[ 3620630] ASYNC(0000,49,0,0,0)
[ 3620839] ASYNC(0000,49,0,0,0)
[ 3622473] ASYNC(0000,49,0,0,0)
[ 3623502] ASYNC(0000,49,0,0,0)
[ 3625238] ASYNC(0000,49,0,0,0)
[ 3625648] ASYNC(0000,49,0,0,0)
[ 3625855] ASYNC(0000,49,0,0,0)
[ 3627695] ASYNC(0000,49,0,0,0)
[ 3628515] ASYNC(0000,49,0,0,0)
[ 3630256] ASYNC(0000,49,0,0,0)
[ 3630562] ASYNC(0000,49,0,0,0)
[ 3630662] ASYNC(0000,49,0,0,0)
[ 3630868] ASYNC(0000,49,0,0,0)
[ 3633537] ASYNC(0000,49,0,0,0)
[ 3635168] ASYNC(0000,49,0,0,0)
[ 3635680] ASYNC(0000,49,0,0,0)
[ 3635891] ASYNC(0000,49,0,0,0)
[ 3637013] ASYNC(0000,49,0,0,0)
[ 3637116] ASYNC(0000,49,0,0,0)
[ 3638548] ASYNC(0000,49,0,0,0)
[ 3640188] ASYNC(0000,49,0,0,0)
[ 3640492] ASYNC(0000,49,0,0,0)
[ 3640595] ASYNC(0000,49,0,0,0)
[ 3640910] ASYNC(0000,49,0,0,0)
[ 3642233] ASYNC(0000,49,0,0,0)
[ 3643464] ASYNC(0000,49,0,0,0)
[ 3645206] ASYNC(0000,49,0,0,0)
[ 3645613] ASYNC(0000,49,0,0,0)
[ 3645921] ASYNC(0000,49,0,0,0)
[ 3646949] ASYNC(0000,49,0,0,0)
[ 3647458] ASYNC(0000,49,0,0,0)
[ 3648481] ASYNC(0000,49,0,0,0)
[ 3649708] ASYNC(0000,49,0,0,0)
[ 3650223] ASYNC(0000,49,0,0,0)
[ 3650634] ASYNC(0000,49,0,0,0)
[ 3650636] ASYNC(0000,49,0,0,0)
[ 3650945] ASYNC(0000,49,0,0,0)
[ 3651452] ASYNC(0000,49,0,0,0)
[ 3651654] ASYNC(0000,49,0,0,0)
[ 3653503] ASYNC(0000,49,0,0,0)
[ 3655238] ASYNC(0000,49,0,0,0)
[ 3655648] ASYNC(0000,49,0,0,0)
[ 3655860] ASYNC(0000,49,0,0,0)
[ 3656675] ASYNC(0000,49,0,0,0)
[ 3657187] ASYNC(0000,49,0,0,0)
[ 3658518] ASYNC(0000,49,0,0,0)
[ 3658825] ASYNC(0000,49,0,0,0)
[ 3658826] ASYNC(0000,49,0,0,0)
[ 3659846] ASYNC(0000,49,0,0,0)
[ 3660257] ASYNC(0000,49,0,0,0)
[ 3660666] ASYNC(0000,49,0,0,0)
[ 3660876] ASYNC(0000,49,0,0,0)
[ 3662309] ASYNC(0000,49,0,0,0)
[ 3663534] ASYNC(0000,49,0,0,0)
[ 3665172] ASYNC(0000,49,0,0,0)
[ 3665686] ASYNC(0000,49,0,0,0)
[ 3665889] ASYNC(0000,49,0,0,0)
[ 3668551] ASYNC(0000,49,0,0,0)
[ 3670192] ASYNC(0000,49,0,0,0)
[ 3670606] ASYNC(0000,49,0,0,0)
[ 3670911] ASYNC(0000,49,0,0,0)
[ 3672034] ASYNC(0000,49,0,0,0)
[ 3673366] ASYNC(0000,49,0,0,0)
[ 3673571] ASYNC(0000,49,0,0,0)
[ 3674288] ASYNC(0000,49,0,0,0)
[ 3675312] ASYNC(0000,49,0,0,0)
[ 3675623] ASYNC(0000,49,0,0,0)
[ 3675931] ASYNC(0000,49,0,0,0)
[ 3676955] ASYNC(0000,49,0,0,0)
[ 3677154] ASYNC(0000,49,0,0,0)
[ 3677255] ASYNC(0000,49,0,0,0)
[ 3677766] ASYNC(0000,49,0,0,0)
[ 3678382] ASYNC(0000,49,0,0,0)
[ 3678485] ASYNC(0000,49,0,0,0)
[ 3678892] ASYNC(0000,49,0,0,0)
[ 3680425] ASYNC(0000,49,0,0,0)
[ 3680637] ASYNC(0000,49,0,0,0)
[ 3681455] ASYNC(0000,49,0,0,0)
[ 3682478] ASYNC(0000,49,0,0,0)
[ 3683398] ASYNC(0000,49,0,0,0)
[ 3683399] ASYNC(0000,49,0,0,0)
[ 3683508] ASYNC(0000,49,0,0,0)
[ 3683606] ASYNC(0000,49,0,0,0)
[ 3685243] ASYNC(0000,49,0,0,0)
[ 3685652] ASYNC(0000,49,0,0,0)
[ 3685963] ASYNC(0000,49,0,0,0)
[ 3688521] ASYNC(0000,49,0,0,0)
[ 3690261] ASYNC(0000,49,0,0,0)
[ 3690671] ASYNC(0000,49,0,0,0)
[ 3690673] ASYNC(0000,49,0,0,0)
[ 3690982] ASYNC(0000,49,0,0,0)
[ 3695178] ASYNC(0000,49,0,0,0)
[ 3695688] ASYNC(0000,49,0,0,0)
[ 3695897] ASYNC(0000,49,0,0,0)
[ 3697123] ASYNC(0000,49,0,0,0)
[ 3697124] ASYNC(0000,49,0,0,0)
[ 3698551] ASYNC(0000,49,0,0,0)
[ 3698966] ASYNC(0000,49,0,0,0)
[ 3700192] ASYNC(0000,49,0,0,0)
[ 3700604] ASYNC(0000,49,0,0,0)
[ 3700606] ASYNC(0000,49,0,0,0)
[ 3700917] ASYNC(0000,49,0,0,0)
[ 3702242] ASYNC(0000,49,0,0,0)
[ 3703577] ASYNC(0000,49,0,0,0)
[ 3705213] ASYNC(0000,49,0,0,0)
[ 3705623] ASYNC(0000,49,0,0,0)
[ 3705928] ASYNC(0000,49,0,0,0)
[ 3706956] ASYNC(0000,49,0,0,0)
[ 3707462] ASYNC(0000,49,0,0,0)
[ 3708492] ASYNC(0000,49,0,0,0)
[ 3708694] ASYNC(0000,49,0,0,0)
[ 3709717] ASYNC(0000,49,0,0,0)
[ 3710232] ASYNC(0000,49,0,0,0)
[ 3710641] ASYNC(0000,49,0,0,0)
[ 3710952] ASYNC(0000,49,0,0,0)
[ 3711459] ASYNC(0000,49,0,0,0)
[ 3711663] ASYNC(0000,49,0,0,0)
[ 3713509] ASYNC(0000,49,0,0,0)
[ 3715248] ASYNC(0000,49,0,0,0)
[ 3715658] ASYNC(0000,49,0,0,0)
[ 3715968] ASYNC(0000,49,0,0,0)
[ 3716573] ASYNC(0000,49,0,0,0)
[ 3717091] ASYNC(0000,49,0,0,0)
[ 3718526] ASYNC(0000,49,0,0,0)
[ 3720263] ASYNC(0000,49,0,0,0)
[ 3720367] ASYNC(0000,49,0,0,0)
[ 3720470] ASYNC(0000,49,0,0,0)
[ 3720675] ASYNC(0000,49,0,0,0)
[ 3720987] ASYNC(0000,49,0,0,0)
[ 3722315] ASYNC(0000,49,0,0,0)
[ 3723337] ASYNC(0000,49,0,0,0)
[ 3723338] ASYNC(0000,49,0,0,0)
[ 3723544] ASYNC(0000,49,0,0,0)
[ 3725181] ASYNC(0000,49,0,0,0)
[ 3725693] ASYNC(0000,49,0,0,0)
[ 3726003] ASYNC(0000,49,0,0,0)
[ 3728562] ASYNC(0000,49,0,0,0)
[ 3730200] ASYNC(0000,49,0,0,0)
[ 3730607] ASYNC(0000,49,0,0,0)
[ 3730710] ASYNC(0000,49,0,0,0)
[ 3731023] ASYNC(0000,49,0,0,0)
[ 3731631] ASYNC(0000,49,0,0,0)
[ 3732144] ASYNC(0000,49,0,0,0)
[ 3733580] ASYNC(0000,49,0,0,0)
[ 3735216] ASYNC(0000,49,0,0,0)
[ 3735626] ASYNC(0000,49,0,0,0)
[ 3735938] ASYNC(0000,49,0,0,0)
[ 3736033] ASYNC(0000,49,0,0,0)
[ 3736961] ASYNC(0000,49,0,0,0)
[ 3737263] ASYNC(0000,49,0,0,0)
[ 3737770] ASYNC(0000,49,0,0,0)
[ 3738388] ASYNC(0000,49,0,0,0)
[ 3740234] ASYNC(0000,49,0,0,0)
[ 3740644] ASYNC(0000,49,0,0,0)
[ 3740945] ASYNC(0000,49,0,0,0)
[ 3743513] ASYNC(0000,49,0,0,0)
[ 3743612] ASYNC(0000,49,0,0,0)
[ 3745252] ASYNC(0000,49,0,0,0)
[ 3745662] ASYNC(0000,49,0,0,0)
[ 3745973] ASYNC(0000,49,0,0,0)
[ 3747708] ASYNC(0000,49,0,0,0)
[ 3748527] ASYNC(0000,49,0,0,0)
[ 3750167] ASYNC(0000,49,0,0,0)
[ 3750679] ASYNC(0000,49,0,0,0)
[ 3753551] ASYNC(0000,49,0,0,0)
[ 3755184] ASYNC(0000,49,0,0,0)
[ 3755696] ASYNC(0000,49,0,0,0)
[ 3756002] ASYNC(0000,49,0,0,0)
[ 3757132] ASYNC(0000,49,0,0,0)
[ 3757133] ASYNC(0000,49,0,0,0)
[ 3758153] ASYNC(0000,49,0,0,0)
[ 3758562] ASYNC(0000,49,0,0,0)
[ 3758972] ASYNC(0000,49,0,0,0)
[ 3760203] ASYNC(0000,49,0,0,0)
[ 3760612] ASYNC(0000,49,0,0,0)
[ 3761024] ASYNC(0000,49,0,0,0)
[ 3762352] ASYNC(0000,49,0,0,0)
[ 3763471] ASYNC(0000,49,0,0,0)
[ 3763584] ASYNC(0000,49,0,0,0)
[ 3764397] ASYNC(0000,49,0,0,0)
[ 3765220] ASYNC(0000,49,0,0,0)
[ 3765630] ASYNC(0000,49,0,0,0)
[ 3766044] ASYNC(0000,49,0,0,0)
[ 3767064] ASYNC(0000,49,0,0,0)
[ 3767472] ASYNC(0000,49,0,0,0)
[ 3768602] ASYNC(0000,49,0,0,0)
[ 3768800] ASYNC(0000,49,0,0,0)
[ 3769725] ASYNC(0000,49,0,0,0)
[ 3770235] ASYNC(0000,49,0,0,0)
[ 3770648] ASYNC(0000,49,0,0,0)
[ 3770959] ASYNC(0000,49,0,0,0)
[ 3771568] ASYNC(0000,49,0,0,0)
[ 3773618] ASYNC(0000,49,0,0,0)
[ 3775255] ASYNC(0000,49,0,0,0)
[ 3775665] ASYNC(0000,49,0,0,0)
[ 3775975] ASYNC(0000,49,0,0,0)
[ 3776688] ASYNC(0000,49,0,0,0)
[ 3777200] ASYNC(0000,49,0,0,0)
[ 3778530] ASYNC(0000,49,0,0,0)
[ 3779043] ASYNC(0000,49,0,0,0)
[ 3779757] ASYNC(0000,49,0,0,0)
[ 3780680] ASYNC(0000,49,0,0,0)
[ 3780887] ASYNC(0000,49,0,0,0)
[ 3780988] ASYNC(0000,49,0,0,0)
[ 3781907] ASYNC(0000,49,0,0,0)
[ 3782322] ASYNC(0000,49,0,0,0)
[ 3783543] ASYNC(0000,49,0,0,0)
[ 3785185] ASYNC(0000,49,0,0,0)
[ 3785597] ASYNC(0000,49,0,0,0)
[ 3786010] ASYNC(0000,49,0,0,0)
[ 3788569] ASYNC(0000,49,0,0,0)
[ 3790205] ASYNC(0000,49,0,0,0)
[ 3790616] ASYNC(0000,49,0,0,0)
[ 3790717] ASYNC(0000,49,0,0,0)
[ 3791029] ASYNC(0000,49,0,0,0)
[ 3792045] ASYNC(0000,49,0,0,0)
[ 3793587] ASYNC(0000,49,0,0,0)
[ 3794503] ASYNC(0000,49,0,0,0)
[ 3795220] ASYNC(0000,49,0,0,0)
[ 3795633] ASYNC(0000,49,0,0,0)
[ 3796045] ASYNC(0000,49,0,0,0)
[ 3797168] ASYNC(0000,49,0,0,0)
[ 3797271] ASYNC(0000,49,0,0,0)
[ 3797782] ASYNC(0000,49,0,0,0)
[ 3798189] ASYNC(0000,49,0,0,0)
[ 3798397] ASYNC(0000,49,0,0,0)
[ 3798600] ASYNC(0000,49,0,0,0)
[ 3799008] ASYNC(0000,49,0,0,0)
[ 3799523] ASYNC(0000,49,0,0,0)
[ 3800238] ASYNC(0000,49,0,0,0)
[ 3800442] ASYNC(0000,49,0,0,0)
[ 3800443] ASYNC(0000,49,0,0,0)
[ 3800547] ASYNC(0000,49,0,0,0)
[ 3800651] ASYNC(0000,49,0,0,0)
[ 3801058] ASYNC(0000,49,0,0,0)
[ 3801473] ASYNC(0000,49,0,0,0)
[ 3801474] ASYNC(0000,49,0,0,0)
[ 3802490] ASYNC(0000,49,0,0,0)
[ 3803517] ASYNC(0000,49,0,0,0)
[ 3803623] ASYNC(0000,49,0,0,0)
[ 3805255] ASYNC(0000,49,0,0,0)
[ 3805665] ASYNC(0000,49,0,0,0)
[ 3806080] ASYNC(0000,49,0,0,0)
[ 3807715] ASYNC(0000,49,0,0,0)
[ 3808529] ASYNC(0000,49,0,0,0)
[ 3810174] ASYNC(0000,49,0,0,0)
[ 3810689] ASYNC(0000,49,0,0,0)
[ 3810690] ASYNC(0000,49,0,0,0)
[ 3810991] ASYNC(0000,49,0,0,0)
[ 3813557] ASYNC(0000,49,0,0,0)
[ 3815188] ASYNC(0000,49,0,0,0)
[ 3815601] ASYNC(0000,49,0,0,0)
[ 3816015] ASYNC(0000,49,0,0,0)
[ 3817133] ASYNC(0000,49,0,0,0)
[ 3818569] ASYNC(0000,49,0,0,0)
[ 3818976] ASYNC(0000,49,0,0,0)
[ 3820206] ASYNC(0000,49,0,0,0)
[ 3820616] ASYNC(0000,49,0,0,0)
[ 3821032] ASYNC(0000,49,0,0,0)
[ 3821033] ASYNC(0000,49,0,0,0)
[ 3822356] ASYNC(0000,49,0,0,0)
[ 3823485] ASYNC(0000,49,0,0,0)
[ 3823590] ASYNC(0000,49,0,0,0)
[ 3824509] ASYNC(0000,49,0,0,0)
[ 3825226] ASYNC(0000,49,0,0,0)
[ 3825430] ASYNC(0000,49,0,0,0)
[ 3825633] ASYNC(0000,49,0,0,0)
[ 3826044] ASYNC(0000,49,0,0,0)
[ 3827072] ASYNC(0000,49,0,0,0)
[ 3827478] ASYNC(0000,49,0,0,0)
[ 3828608] ASYNC(0000,49,0,0,0)
[ 3829629] ASYNC(0000,49,0,0,0)
[ 3830244] ASYNC(0000,49,0,0,0)
[ 3830654] ASYNC(0000,49,0,0,0)
[ 3831062] ASYNC(0000,49,0,0,0)
[ 3831575] ASYNC(0000,49,0,0,0)
[ 3833625] ASYNC(0000,49,0,0,0)
[ 3835262] ASYNC(0000,49,0,0,0)
[ 3835671] ASYNC(0000,49,0,0,0)
[ 3836086] ASYNC(0000,49,0,0,0)
[ 3836694] ASYNC(0000,49,0,0,0)
[ 3837204] ASYNC(0000,49,0,0,0)
[ 3837205] ASYNC(0000,49,0,0,0)
[ 3838948] ASYNC(0000,49,0,0,0)
[ 3839262] ASYNC(0000,49,0,0,0)
[ 3839969] ASYNC(0000,49,0,0,0)
[ 3840177] ASYNC(0000,49,0,0,0)
[ 3841101] ASYNC(0000,49,0,0,0)
[ 3842325] ASYNC(0000,49,0,0,0)
[ 3843553] ASYNC(0000,49,0,0,0)
[ 3843555] ASYNC(0000,49,0,0,0)
[ 3845601] ASYNC(0000,49,0,0,0)
[ 3846013] ASYNC(0000,49,0,0,0)
[ 3849292] ASYNC(0000,49,0,0,0)
[ 3850212] ASYNC(0000,49,0,0,0)
[ 3850724] ASYNC(0000,49,0,0,0)
[ 3851036] ASYNC(0000,49,0,0,0)
[ 3851338] ASYNC(0000,49,0,0,0)
[ 3851747] ASYNC(0000,49,0,0,0)
[ 3852158] ASYNC(0000,49,0,0,0)
[ 3852259] ASYNC(0000,49,0,0,0)
[ 3852773] ASYNC(0000,49,0,0,0)
[ 3852974] ASYNC(0000,49,0,0,0)
[ 3853283] ASYNC(0000,49,0,0,0)
[ 3853593] ASYNC(0000,49,0,0,0)
[ 3854307] ASYNC(0000,49,0,0,0)
[ 3854622] ASYNC(0000,49,0,0,0)
[ 3855228] ASYNC(0000,49,0,0,0)
[ 3856052] ASYNC(0000,49,0,0,0)
[ 3857071] ASYNC(0000,49,0,0,0)
[ 3857175] ASYNC(0000,49,0,0,0)
[ 3857270] ASYNC(0000,49,0,0,0)
[ 3857787] ASYNC(0000,49,0,0,0)
[ 3858198] ASYNC(0000,49,0,0,0)
[ 3858607] ASYNC(0000,49,0,0,0)
[ 3860247] ASYNC(0000,49,0,0,0)
[ 3860657] ASYNC(0000,49,0,0,0)
[ 3861069] ASYNC(0000,49,0,0,0)
[ 3863629] ASYNC(0000,49,0,0,0)
[ 3865259] ASYNC(0000,49,0,0,0)
[ 3865469] ASYNC(0000,49,0,0,0)
[ 3865675] ASYNC(0000,49,0,0,0)
[ 3866080] ASYNC(0000,49,0,0,0)
[ 3868646] ASYNC(0000,49,0,0,0)
[ 3870181] ASYNC(0000,49,0,0,0)
[ 3870589] ASYNC(0000,49,0,0,0)
[ 3870693] ASYNC(0000,49,0,0,0)
[ 3871107] ASYNC(0000,49,0,0,0)
[ 3873665] ASYNC(0000,49,0,0,0)
[ 3875198] ASYNC(0000,49,0,0,0)
[ 3875607] ASYNC(0000,49,0,0,0)
[ 3876123] ASYNC(0000,49,0,0,0)
[ 3877242] ASYNC(0000,49,0,0,0)
[ 3879083] ASYNC(0000,49,0,0,0)
[ 3879399] ASYNC(0000,49,0,0,0)
[ 3880209] ASYNC(0000,49,0,0,0)
[ 3880625] ASYNC(0000,49,0,0,0)
[ 3880929] ASYNC(0000,49,0,0,0)
[ 3880929] ASYNC(0000,49,0,0,0)
[ 3881033] ASYNC(0000,49,0,0,0)
[ 3882260] ASYNC(0000,49,0,0,0)
[ 3883599] ASYNC(0000,49,0,0,0)
[ 3885234] ASYNC(0000,49,0,0,0)
[ 3885642] ASYNC(0000,49,0,0,0)
[ 3886057] ASYNC(0000,49,0,0,0)
[ 3887078] ASYNC(0000,49,0,0,0)
[ 3887485] ASYNC(0000,49,0,0,0)
[ 3888610] ASYNC(0000,49,0,0,0)
[ 3890244] ASYNC(0000,49,0,0,0)
[ 3890661] ASYNC(0000,49,0,0,0)
[ 3890763] ASYNC(0000,49,0,0,0)
[ 3891074] ASYNC(0000,49,0,0,0)
[ 3891581] ASYNC(0000,49,0,0,0)
[ 3893632] ASYNC(0000,49,0,0,0)
[ 3895269] ASYNC(0000,49,0,0,0)
[ 3895672] ASYNC(0000,49,0,0,0)
[ 3896092] ASYNC(0000,49,0,0,0)
[ 3896702] ASYNC(0000,49,0,0,0)
[ 3898650] ASYNC(0000,49,0,0,0)
[ 3899159] ASYNC(0000,49,0,0,0)
[ 3900185] ASYNC(0000,49,0,0,0)
[ 3900696] ASYNC(0000,49,0,0,0)
[ 3901104] ASYNC(0000,49,0,0,0)
[ 3903667] ASYNC(0000,49,0,0,0)
[ 3905202] ASYNC(0000,49,0,0,0)
[ 3906128] ASYNC(0000,49,0,0,0)
[ 3908684] ASYNC(0000,49,0,0,0)
[ 3910219] ASYNC(0000,49,0,0,0)
[ 3910628] ASYNC(0000,49,0,0,0)
[ 3910832] ASYNC(0000,49,0,0,0)
[ 3911143] ASYNC(0000,49,0,0,0)
[ 3911446] ASYNC(0000,49,0,0,0)
[ 3912164] ASYNC(0000,49,0,0,0)
[ 3913613] ASYNC(0000,49,0,0,0)
[ 3915237] ASYNC(0000,49,0,0,0)
[ 3915643] ASYNC(0000,49,0,0,0)
[ 3916163] ASYNC(0000,49,0,0,0)
[ 3917083] ASYNC(0000,49,0,0,0)
[ 3917284] ASYNC(0000,49,0,0,0)
[ 3917795] ASYNC(0000,49,0,0,0)
[ 3918410] ASYNC(0000,49,0,0,0)
[ 3918618] ASYNC(0000,49,0,0,0)
[ 3920247] ASYNC(0000,49,0,0,0)
[ 3920664] ASYNC(0000,49,0,0,0)
[ 3920766] ASYNC(0000,49,0,0,0)
[ 3920767] ASYNC(0000,49,0,0,0)
[ 3920768] ASYNC(0000,49,0,0,0)
[ 3921174] ASYNC(0000,49,0,0,0)
[ 3921788] ASYNC(0000,49,0,0,0)
[ 3922606] ASYNC(0000,49,0,0,0)
[ 3923531] ASYNC(0000,49,0,0,0)
[ 3923635] ASYNC(0000,49,0,0,0)
[ 3925169] ASYNC(0000,49,0,0,0)
[ 3925678] ASYNC(0000,49,0,0,0)
[ 3926094] ASYNC(0000,49,0,0,0)
[ 3928653] ASYNC(0000,49,0,0,0)
[ 3929674] ASYNC(0000,49,0,0,0)
[ 3930188] ASYNC(0000,49,0,0,0)
[ 3930700] ASYNC(0000,49,0,0,0)
[ 3930904] ASYNC(0000,49,0,0,0)
[ 3931825] ASYNC(0000,49,0,0,0)
[ 3932847] ASYNC(0000,49,0,0,0)
[ 3933671] ASYNC(0000,49,0,0,0)
[ 3935205] ASYNC(0000,49,0,0,0)
[ 3935614] ASYNC(0000,49,0,0,0)
[ 3936129] ASYNC(0000,49,0,0,0)
[ 3937143] ASYNC(0000,49,0,0,0)
[ 3937250] ASYNC(0000,49,0,0,0)
[ 3937352] ASYNC(0000,49,0,0,0)
[ 3937761] ASYNC(0000,49,0,0,0)
[ 3940223] ASYNC(0000,49,0,0,0)
[ 3940632] ASYNC(0000,49,0,0,0)
[ 3941149] ASYNC(0000,49,0,0,0)
[ 3942269] ASYNC(0000,49,0,0,0)
[ 3943605] ASYNC(0000,49,0,0,0)
[ 3943608] ASYNC(0000,49,0,0,0)
[ 3944624] ASYNC(0000,49,0,0,0)
[ 3945237] ASYNC(0000,49,0,0,0)
[ 3945647] ASYNC(0000,49,0,0,0)
[ 3946163] ASYNC(0000,49,0,0,0)
[ 3947489] ASYNC(0000,49,0,0,0)
[ 3948621] ASYNC(0000,49,0,0,0)
[ 3949636] ASYNC(0000,49,0,0,0)
[ 3950254] ASYNC(0000,49,0,0,0)
[ 3950664] ASYNC(0000,49,0,0,0)
[ 3951184] ASYNC(0000,49,0,0,0)
[ 3951588] ASYNC(0000,49,0,0,0)
[ 3953635] ASYNC(0000,49,0,0,0)
[ 3955173] ASYNC(0000,49,0,0,0)
[ 3955685] ASYNC(0000,49,0,0,0)
[ 3956200] ASYNC(0000,49,0,0,0)
[ 3956705] ASYNC(0000,49,0,0,0)
[ 3957320] ASYNC(0000,49,0,0,0)
[ 3958653] ASYNC(0000,49,0,0,0)
[ 3960188] ASYNC(0000,49,0,0,0)
[ 3960600] ASYNC(0000,49,0,0,0)
[ 3960604] ASYNC(0000,49,0,0,0)
[ 3961116] ASYNC(0000,49,0,0,0)
[ 3961117] ASYNC(0000,49,0,0,0)
[ 3961620] ASYNC(0000,49,0,0,0)
[ 3962132] ASYNC(0000,49,0,0,0)
[ 3962335] ASYNC(0000,49,0,0,0)
[ 3963669] ASYNC(0000,49,0,0,0)
[ 3963675] ASYNC(0000,49,0,0,0)
[ 3964590] ASYNC(0000,49,0,0,0)
[ 3964693] ASYNC(0000,49,0,0,0)
[ 3965208] ASYNC(0000,49,0,0,0)
[ 3965618] ASYNC(0000,49,0,0,0)
[ 3966128] ASYNC(0000,49,0,0,0)
[ 3968691] ASYNC(0000,49,0,0,0)
[ 3969917] ASYNC(0000,49,0,0,0)
[ 3970219] ASYNC(0000,49,0,0,0)
[ 3970942] ASYNC(0000,49,0,0,0)
[ 3971150] ASYNC(0000,49,0,0,0)
[ 3971861] ASYNC(0000,49,0,0,0)
[ 3972171] ASYNC(0000,49,0,0,0)
[ 3973709] ASYNC(0000,49,0,0,0)
[ 3975240] ASYNC(0000,49,0,0,0)
[ 3975650] ASYNC(0000,49,0,0,0)
[ 3976170] ASYNC(0000,49,0,0,0)
[ 3977089] ASYNC(0000,49,0,0,0)
[ 3977288] ASYNC(0000,49,0,0,0)
[ 3977802] ASYNC(0000,49,0,0,0)
[ 3978415] ASYNC(0000,49,0,0,0)
[ 3978621] ASYNC(0000,49,0,0,0)
[ 3979851] ASYNC(0000,49,0,0,0)
[ 3980264] ASYNC(0000,49,0,0,0)
[ 3980364] ASYNC(0000,49,0,0,0)
[ 3980663] ASYNC(0000,49,0,0,0)
[ 3980872] ASYNC(0000,49,0,0,0)
[ 3981185] ASYNC(0000,49,0,0,0)
[ 3981384] ASYNC(0000,49,0,0,0)
[ 3981490] ASYNC(0000,49,0,0,0)
[ 3981898] ASYNC(0000,49,0,0,0)
[ 3982511] ASYNC(0000,49,0,0,0)
[ 3982616] ASYNC(0000,49,0,0,0)
[ 3982927] ASYNC(0000,49,0,0,0)
[ 3983538] ASYNC(0000,49,0,0,0)
[ 3983643] ASYNC(0000,49,0,0,0)
[ 3985177] ASYNC(0000,49,0,0,0)
[ 3985686] ASYNC(0000,49,0,0,0)
[ 3986199] ASYNC(0000,49,0,0,0)
[ 3987733] ASYNC(0000,49,0,0,0)
[ 3988660] ASYNC(0000,49,0,0,0)
[ 3990194] ASYNC(0000,49,0,0,0)
[ 3990601] ASYNC(0000,49,0,0,0)
[ 3990910] ASYNC(0000,49,0,0,0)
[ 3991221] ASYNC(0000,49,0,0,0)
[ 3991831] ASYNC(0000,49,0,0,0)
[ 3993677] ASYNC(0000,49,0,0,0)
[ 3995212] ASYNC(0000,49,0,0,0)
[ 3997260] ASYNC(0000,49,0,0,0)
[ 3998695] ASYNC(0000,49,0,0,0)
[ 4000230] ASYNC(0000,49,0,0,0)
[ 4000640] ASYNC(0000,49,0,0,0)
[ 4000741] ASYNC(0000,49,0,0,0)
[ 4001158] ASYNC(0000,49,0,0,0)
[ 4001663] ASYNC(0000,49,0,0,0)
[ 4002584] ASYNC(0000,49,0,0,0)
[ 4002687] ASYNC(0000,49,0,0,0)
[ 4003709] ASYNC(0000,49,0,0,0)
[ 4005654] ASYNC(0000,49,0,0,0)
[ 4007503] ASYNC(0000,49,0,0,0)
[ 4010675] ASYNC(0000,49,0,0,0)
[ 4011189] ASYNC(0000,49,0,0,0)
[ 4013650] ASYNC(0000,49,0,0,0)
[ 4016716] ASYNC(0000,49,0,0,0)
[ 4017327] ASYNC(0000,49,0,0,0)
[ 4017328] ASYNC(0000,49,0,0,0)
[ 4017329] ASYNC(0000,49,0,0,0)
[ 4018346] ASYNC(0000,49,0,0,0)
[ 4020198] ASYNC(0000,49,0,0,0)
[ 4021223] ASYNC(0000,49,0,0,0)
[ 4022346] ASYNC(0000,49,0,0,0)
[ 4023677] ASYNC(0000,49,0,0,0)
[ 4025617] ASYNC(0000,49,0,0,0)
[ 4026241] ASYNC(0000,49,0,0,0)
[ 4028385] ASYNC(0000,49,0,0,0)
[ 4028695] ASYNC(0000,49,0,0,0)
[ 4030230] ASYNC(0000,49,0,0,0)
[ 4030639] ASYNC(0000,49,0,0,0)
[ 4030941] ASYNC(0000,49,0,0,0)
[ 4030942] ASYNC(0000,49,0,0,0)
[ 4031255] ASYNC(0000,49,0,0,0)
[ 4033712] ASYNC(0000,49,0,0,0)
[ 4035247] ASYNC(0000,49,0,0,0)
[ 4035657] ASYNC(0000,49,0,0,0)
[ 4036273] ASYNC(0000,49,0,0,0)
[ 4037091] ASYNC(0000,49,0,0,0)
[ 4037295] ASYNC(0000,49,0,0,0)
[ 4037397] ASYNC(0000,49,0,0,0)
[ 4037704] ASYNC(0000,49,0,0,0)
[ 4038524] ASYNC(0000,49,0,0,0)
[ 4038730] ASYNC(0000,49,0,0,0)
[ 4040265] ASYNC(0000,49,0,0,0)
[ 4040674] ASYNC(0000,49,0,0,0)
[ 4041188] ASYNC(0000,49,0,0,0)
[ 4042620] ASYNC(0000,49,0,0,0)
[ 4043645] ASYNC(0000,49,0,0,0)
[ 4043646] ASYNC(0000,49,0,0,0)
[ 4043648] ASYNC(0000,49,0,0,0)
[ 4043746] ASYNC(0000,49,0,0,0)
[ 4044156] ASYNC(0000,49,0,0,0)
[ 4044667] ASYNC(0000,49,0,0,0)
[ 4045180] ASYNC(0000,49,0,0,0)
[ 4045692] ASYNC(0000,49,0,0,0)
[ 4047740] ASYNC(0000,49,0,0,0)
[ 4048663] ASYNC(0000,49,0,0,0)
[ 4050198] ASYNC(0000,49,0,0,0)
[ 4050608] ASYNC(0000,49,0,0,0)
[ 4050909] ASYNC(0000,49,0,0,0)
[ 4051223] ASYNC(0000,49,0,0,0)
[ 4053680] ASYNC(0000,49,0,0,0)
[ 4055215] ASYNC(0000,49,0,0,0)
[ 4055625] ASYNC(0000,49,0,0,0)
[ 4056241] ASYNC(0000,49,0,0,0)
[ 4057263] ASYNC(0000,49,0,0,0)
[ 4058694] ASYNC(0000,49,0,0,0)
[ 4059106] ASYNC(0000,49,0,0,0)
[ 4059618] ASYNC(0000,49,0,0,0)
[ 4060126] ASYNC(0000,49,0,0,0)
[ 4060233] ASYNC(0000,49,0,0,0)
[ 4060643] ASYNC(0000,49,0,0,0)
[ 4060643] ASYNC(0000,49,0,0,0)
[ 4062378] ASYNC(0000,49,0,0,0)
[ 4063715] ASYNC(0000,49,0,0,0)
[ 4065251] ASYNC(0000,49,0,0,0)
[ 4065660] ASYNC(0000,49,0,0,0)
[ 4066276] ASYNC(0000,49,0,0,0)
[ 4067095] ASYNC(0000,49,0,0,0)
[ 4068733] ASYNC(0000,49,0,0,0)
[ 4069653] ASYNC(0000,49,0,0,0)
[ 4069756] ASYNC(0000,49,0,0,0)
[ 4070268] ASYNC(0000,49,0,0,0)
[ 4070678] ASYNC(0000,49,0,0,0)
[ 4070984] ASYNC(0000,49,0,0,0)
[ 4071291] ASYNC(0000,49,0,0,0)
[ 4071599] ASYNC(0000,49,0,0,0)
[ 4073750] ASYNC(0000,49,0,0,0)
[ 4075183] ASYNC(0000,49,0,0,0)
[ 4075695] ASYNC(0000,49,0,0,0)
[ 4076311] ASYNC(0000,49,0,0,0)
[ 4076719] ASYNC(0000,49,0,0,0)
[ 4078666] ASYNC(0000,49,0,0,0)
[ 4080201] ASYNC(0000,49,0,0,0)
[ 4080610] ASYNC(0000,49,0,0,0)
[ 4080611] ASYNC(0000,49,0,0,0)
[ 4081226] ASYNC(0000,49,0,0,0)
[ 4081634] ASYNC(0000,49,0,0,0)
[ 4082352] ASYNC(0000,49,0,0,0)
[ 4083684] ASYNC(0000,49,0,0,0)
[ 4083685] ASYNC(0000,49,0,0,0)
[ 4084701] ASYNC(0000,49,0,0,0)
[ 4085219] ASYNC(0000,49,0,0,0)
[ 4085628] ASYNC(0000,49,0,0,0)
[ 4086244] ASYNC(0000,49,0,0,0)
[ 4086856] ASYNC(0000,49,0,0,0)
[ 4088701] ASYNC(0000,49,0,0,0)
[ 4090236] ASYNC(0000,49,0,0,0)
[ 4090646] ASYNC(0000,49,0,0,0)
[ 4091257] ASYNC(0000,49,0,0,0)
[ 4092181] ASYNC(0000,49,0,0,0)
[ 4093714] ASYNC(0000,49,0,0,0)
[ 4095249] ASYNC(0000,49,0,0,0)
[ 4095663] ASYNC(0000,49,0,0,0)
[ 4096279] ASYNC(0000,49,0,0,0)
[ 4097098] ASYNC(0000,49,0,0,0)
[ 4097298] ASYNC(0000,49,0,0,0)
[ 4097404] ASYNC(0000,49,0,0,0)
[ 4097405] ASYNC(0000,49,0,0,0)
[ 4097711] ASYNC(0000,49,0,0,0)
[ 4097916] ASYNC(0000,49,0,0,0)
[ 4098325] ASYNC(0000,49,0,0,0)
[ 4098530] ASYNC(0000,49,0,0,0)
[ 4098736] ASYNC(0000,49,0,0,0)
[ 4099660] ASYNC(0000,49,0,0,0)
[ 4099666] ASYNC(0000,49,0,0,0)
[ 4100170] ASYNC(0000,49,0,0,0)
[ 4100271] ASYNC(0000,49,0,0,0)
[ 4100681] ASYNC(0000,49,0,0,0)
[ 4100682] ASYNC(0000,49,0,0,0)
[ 4100683] ASYNC(0000,49,0,0,0)
[ 4101292] ASYNC(0000,49,0,0,0)
[ 4101602] ASYNC(0000,49,0,0,0)
[ 4102626] ASYNC(0000,49,0,0,0)
[ 4103651] ASYNC(0000,49,0,0,0)
[ 4103754] ASYNC(0000,49,0,0,0)
[ 4103855] ASYNC(0000,49,0,0,0)
[ 4105187] ASYNC(0000,49,0,0,0)
[ 4105596] ASYNC(0000,49,0,0,0)
[ 4106310] ASYNC(0000,49,0,0,0)
[ 4107849] ASYNC(0000,49,0,0,0)
[ 4108772] ASYNC(0000,49,0,0,0)
[ 4110204] ASYNC(0000,49,0,0,0)
[ 4110614] ASYNC(0000,49,0,0,0)
[ 4111023] ASYNC(0000,49,0,0,0)
[ 4111024] ASYNC(0000,49,0,0,0)
[ 4111327] ASYNC(0000,49,0,0,0)
[ 4112047] ASYNC(0000,49,0,0,0)
[ 4113687] ASYNC(0000,49,0,0,0)
[ 4115222] ASYNC(0000,49,0,0,0)
[ 4115632] ASYNC(0000,49,0,0,0)
[ 4116350] ASYNC(0000,49,0,0,0)
[ 4117270] ASYNC(0000,49,0,0,0)
[ 4117474] ASYNC(0000,49,0,0,0)
[ 4118705] ASYNC(0000,49,0,0,0)
[ 4120240] ASYNC(0000,49,0,0,0)
[ 4120649] ASYNC(0000,49,0,0,0)
[ 4121265] ASYNC(0000,49,0,0,0)
[ 4122390] ASYNC(0000,49,0,0,0)
[ 4123723] ASYNC(0000,49,0,0,0)
[ 4123823] ASYNC(0000,49,0,0,0)
[ 4123824] ASYNC(0000,49,0,0,0)
[ 4124335] ASYNC(0000,49,0,0,0)
[ 4125257] ASYNC(0000,49,0,0,0)
[ 4125667] ASYNC(0000,49,0,0,0)
[ 4126283] ASYNC(0000,49,0,0,0)
[ 4127101] ASYNC(0000,49,0,0,0)
[ 4127510] ASYNC(0000,49,0,0,0)
[ 4128740] ASYNC(0000,49,0,0,0)
[ 4129657] ASYNC(0000,49,0,0,0)
[ 4130180] ASYNC(0000,49,0,0,0)
[ 4130685] ASYNC(0000,49,0,0,0)
[ 4130991] ASYNC(0000,49,0,0,0)
[ 4131300] ASYNC(0000,49,0,0,0)
[ 4131606] ASYNC(0000,49,0,0,0)
[ 4133757] ASYNC(0000,49,0,0,0)
[ 4135190] ASYNC(0000,49,0,0,0)
[ 4135600] ASYNC(0000,49,0,0,0)
[ 4136318] ASYNC(0000,49,0,0,0)
[ 4136726] ASYNC(0000,49,0,0,0)
[ 4138775] ASYNC(0000,49,0,0,0)
[ 4139184] ASYNC(0000,49,0,0,0)
[ 4139695] ASYNC(0000,49,0,0,0)
[ 4139902] ASYNC(0000,49,0,0,0)
Wed Dec 25 07:16:44 AM EST 2024
test.bash: Running wget
[ 4140210] ASYNC(0000,49,0,0,0)
[ 4140211] ASYNC(0000,49,0,0,0)
[ 4140618] ASYNC(0000,49,0,0,0)
[ 4140719] ASYNC(0000,49,0,0,0)
[ 4141336] ASYNC(0000,49,0,0,0)
[ 4142359] ASYNC(0000,49,0,0,0)
[ 4143793] ASYNC(0000,49,0,0,0)
[ 4145226] ASYNC(0000,49,0,0,0)
[ 4145327] ASYNC(0000,49,0,0,0)
[ 4145635] ASYNC(0000,49,0,0,0)
[ 4146363] ASYNC(0000,49,0,0,0)
[ 4148708] ASYNC(0000,49,0,0,0)
[ 4149935] ASYNC(0000,49,0,0,0)
[ 4150243] ASYNC(0000,49,0,0,0)
[ 4150653] ASYNC(0000,49,0,0,0)
[ 4151062] ASYNC(0000,49,0,0,0)
[ 4151371] ASYNC(0000,49,0,0,0)
[ 4151372] ASYNC(0000,49,0,0,0)
[ 4152189] ASYNC(0000,49,0,0,0)
[ 4152393] ASYNC(0000,49,0,0,0)
[ 4153413] ASYNC(0000,49,0,0,0)
[ 4153726] ASYNC(0000,49,0,0,0)
test.bash: Failed at 2048 seconds
