test.bash: Waiting for reset
test.bash: Waiting for the server to start
Random selected PM: network.WLAN.PM_PERFORMANCE
Starting server. OS: (sysname='rp2', nodename='rp2', release='1.24.1', version='v1.24.1 on 2024-11-29 (GNU 13.2.0 MinSizeRel)', machine='Raspberry Pi Pico W with RP2040') PM: 10555714
Waiting for connection...
Waiting for connection...
Waiting for connection...
[   15011] ASYNC(0000,ASSOC_REQ_IE,0,0,0)
[   15012] ASYNC(0000,AUTH,0,0,0)
[   15020] ASYNC(0000,ASSOC_RESP_IE,0,0,0)
[   15021] ASYNC(0000,ASSOC,0,0,0)
[   15021] ASYNC(0001,LINK,0,0,0)
[   15041] ASYNC(0000,PSK_SUP,6,0,0)
[   15096] ASYNC(0000,JOIN,0,0,0)
[   15096] ASYNC(0000,SET_SSID,0,0,0)
Connected: ('192.168.1.4', '255.255.255.0', '192.168.1.1', '192.168.1.1')
Actual PM: 0xa11142
test.bash: Sleeping for 1 seconds
Wed Dec 25 09:34:41 AM EST 2024
test.bash: Running wget
1609459222	: GET /temp
Console: Getting Temp...
test.bash: Response: {"unit": "C", "temp": 30.32144}
test.bash: Sleeping for 2 seconds
Wed Dec 25 09:34:43 AM EST 2024
test.bash: Running wget
test.bash: Response: {"unit": "C", "temp": 30.32144}
test.bash: Sleeping for 4 seconds
1609459224	: GET /temp
Console: Getting Temp...
Wed Dec 25 09:34:48 AM EST 2024
test.bash: Running wget
test.bash: Response: {"unit": "C", "temp": 30.32144}
test.bash: Sleeping for 8 seconds
1609459228	: GET /temp
Console: Getting Temp...
Wed Dec 25 09:34:56 AM EST 2024
test.bash: Running wget
1609459236	: GET /temp
test.bash: Response: {"unit": "C", "temp": 30.78955}
test.bash: Sleeping for 16 seconds
Console: Getting Temp...
Wed Dec 25 09:35:12 AM EST 2024
test.bash: Running wget
1609459253	: GET /temp
Console: Getting Temp...
test.bash: Response: {"unit": "C", "temp": 30.78955}
test.bash: Sleeping for 32 seconds
Wed Dec 25 09:35:44 AM EST 2024
test.bash: Running wget
1609459285	: GET /ttest.bash: Response: {"unit": "C", "temp": 30.78955}
emp
Ctest.bash: Sleeping for 64 seconds
onsole: Getting Temp...
Wed Dec 25 09:36:48 AM EST 2024
test.bash: Running wget
Still checking Wi-Fi connection...
Debug: connected: True status: 3
Actual PM: 0xa11142
1609459349	: GET /temp
Console: Getting Temp...
test.bash: Response: {"unit": "C", "temp": 30.78955}
test.bash: Sleeping for 128 seconds
Wed Dec 25 09:38:57 AM EST 2024
test.bash: Running wget
test.bash: Response: {"unit": "C", "temp": 30.78955}
test.bash: Sleeping for 256 seconds
1609459477	: GET /temp
Console: Getting Temp...
Still checking Wi-Fi connection...
Debug: connected: True status: 3
Actual PM: 0xa11142
Still checking Wi-Fi connection...
Debug: connected: True status: 3
Actual PM: 0xa11142
Wed Dec 25 09:43:13 AM EST 2024
test.bash: Running wget
1609459734	: GET /temp
Console: Getting Temp...
test.bash: Response: {"unit": "C", "temp": 30.78955}
test.bash: Sleeping for 512 seconds
Still checking Wi-Fi connection...
Debug: connected: True status: 3
Actual PM: 0xa11142
Still checking Wi-Fi connection...
Debug: connected: True status: 3
Actual PM: 0xa11142
Still checking Wi-Fi connection...
Debug: connected: True status: 3
Actual PM: 0xa11142
[  917415] ASYNC(0000,PSK_SUP,6,0,0)
[  917557] ASYNC(0000,49,0,0,0)
[  917774] ASYNC(0000,49,0,0,0)
Still checking Wi-Fi connection...
Debug: connected: True status: 3
Actual PM: 0xa11142
Wed Dec 25 09:51:45 AM EST 2024
test.bash: Running wget
test.bash: Response: {"unit": "C", "temp": 29.85327}
test.bash: Sleeping for 1024 seconds
1609460246	: GET /temp
Console: Getting Temp...
Still checking Wi-Fi connection...
Debug: connected: True status: 3
Actual PM: 0xa11142
Still checking Wi-Fi connection...
Debug: connected: True status: 3
Actual PM: 0xa11142
Still checking Wi-Fi connection...
Debug: connected: True status: 3
Actual PM: 0xa11142
Still checking Wi-Fi connection...
Debug: connected: True status: 3
Actual PM: 0xa11142
Still checking Wi-Fi connection...
Debug: connected: True status: 3
Actual PM: 0xa11142
Still checking Wi-Fi connection...
Debug: connected: True status: 3
Actual PM: 0xa11142
Still checking Wi-Fi connection...
Debug: connected: True status: 3
Actual PM: 0xa11142
Wed Dec 25 10:08:50 AM EST 2024
test.bash: Running wget
1609461270	: GET /temp
Console: Getting Temp...
test.bash: Response: {"unit": "C", "temp": 27.98069}
test.bash: Sleeping for 2048 seconds
Still checking Wi-Fi connection...
Debug: connected: True status: 3
Actual PM: 0xa11142
Still checking Wi-Fi connection...
Debug: connected: True status: 3
Actual PM: 0xa11142
Still checking Wi-Fi connection...
Debug: connected: True status: 3
Actual PM: 0xa11142
Still checking Wi-Fi connection...
Debug: connected: True status: 3
Actual PM: 0xa11142
Still checking Wi-Fi connection...
Debug: connected: True status: 3
Actual PM: 0xa11142
Still checking Wi-Fi connection...
Debug: connected: True status: 3
Actual PM: 0xa11142
Still checking Wi-Fi connection...
Debug: connected: True status: 3
Actual PM: 0xa11142
Still checking Wi-Fi connection...
Debug: connected: True status: 3
Actual PM: 0xa11142
Still checking Wi-Fi connection...
Debug: connected: True status: 3
Actual PM: 0xa11142
Still checking Wi-Fi connection...
Debug: connected: True status: 3
Actual PM: 0xa11142
Still checking Wi-Fi connection...
Debug: connected: True status: 3
Actual PM: 0xa11142
Still checking Wi-Fi connection...
Debug: connected: True status: 3
Actual PM: 0xa11142
Still checking Wi-Fi connection...
Debug: connected: True status: 3
Actual PM: 0xa11142
Still checking Wi-Fi connection...
Debug: connected: True status: 3
Actual PM: 0xa11142
Still checking Wi-Fi connection...
Debug: connected: True status: 3
Actual PM: 0xa11142
Wed Dec 25 10:42:58 AM EST 2024
test.bash: Running wget
test.bash: Response: {"unit": "C", "temp": 27.51254}
test.bash: Test succeeded
