test.bash: Waiting for reset
test.bash: Waiting for the server to start
Random selected PM: network.WLAN.PM_POWERSAVE
Starting server. OS: (sysname='rp2', nodename='rp2', release='1.24.1', version='v1.24.1 on 2024-11-29 (GNU 13.2.0 MinSizeRel)', machine='Raspberry Pi Pico W with RP2040') PM: 17
Waiting for connection...
Waiting for connection...
Waiting for connection...
[   14996] ASYNC(0000,ASSOC_REQ_IE,0,0,0)
[   14997] ASYNC(0000,AUTH,0,0,0)
[   15001] ASYNC(0000,ASSOC_RESP_IE,0,0,0)
[   15002] ASYNC(0000,ASSOC,0,0,0)
[   15002] ASYNC(0001,LINK,0,0,0)
[   15012] ASYNC(0000,PSK_SUP,6,0,0)
[   15093] ASYNC(0000,JOIN,0,0,0)
[   15094] ASYNC(0000,SET_SSID,0,0,0)
Connected: ('192.168.1.4', '255.255.255.0', '192.168.1.1', '192.168.1.1')
Actual PM: 0x11
test.bash: Sleeping for 1 seconds
Wed Dec 25 04:24:19 AM EST 2024
test.bash: Running wget
1609459222	: GET /temp
Console: Getting Temp...
test.bash: Response: {"unit": "C", "temp": 29.85327}
test.bash: Sleeping for 2 seconds
Wed Dec 25 04:24:21 AM EST 2024
test.bash: Running wget
1609459224	: GET /temp
Console: Getting Temp...
test.bash: Response: {"unit": "C", "temp": 30.32144}
test.bash: Sleeping for 4 seconds
Wed Dec 25 04:24:25 AM EST 2024
test.bash: Running wget
test.bash: Response: {"unit": "C", "temp": 29.85327}
test.bash: Sleeping for 8 seconds
1609459228	: GET /temp
Console: Getting Temp...
Wed Dec 25 04:24:34 AM EST 2024
test.bash: Running wget
1609459237	: GET /temp
Console: Getting Temp...
test.bash: Response: {"unit": "C", "temp": 29.85327}
test.bash: Sleeping for 16 seconds
Wed Dec 25 04:24:50 AM EST 2024
test.bash: Running wget
1609459253	: GET /temp
Console: Getting Temp...
test.bash: Response: {"unit": "C", "temp": 29.85327}
test.bash: Sleeping for 32 seconds
Wed Dec 25 04:25:22 AM EST 2024
test.bash: Running wget
1609459285	: GET /temp
test.bash: Response: {"unit": "C", "temp": 29.85327}
Contest.bash: Sleeping for 64 seconds
sole: Getting Temp...
Wed Dec 25 04:26:27 AM EST 2024
test.bash: Running wget
1609459350	: GET /temp
Console: Getting Temp...
test.bash: Response: {"unit": "C", "temp": 29.85327}
test.bash: Sleeping for 128 seconds
Wed Dec 25 04:28:35 AM EST 2024
test.bash: Running wget
1609459478	: GET /temp
Console: Getting Temptest.bash: Response: {"unit": "C", "temp": 29.38512}
...test.bash: Sleeping for 256 seconds

Wed Dec 25 04:32:51 AM EST 2024
test.bash: Running wget
1609459735	: GET /temp
Console: Getting Temp...
test.bash: Response: {"unit": "C", "temp": 29.85327}
test.bash: Sleeping for 512 seconds
Still checking Wi-Fi connection...
Debug: connected: True status: 3
Actual PM: 0x11
Wed Dec 25 04:41:24 AM EST 2024
test.bash: Running wget
1609460266	: GET /temp
Console: Getting Temp...
test.bash: Response: {"unit": "C", "temp": 28.44887}
test.bash: Sleeping for 1024 seconds
Still checking Wi-Fi connection...
Debug: connected: True status: 3
Actual PM: 0x11
[ 1526627] ASYNC(0000,49,0,0,0)
[ 1526833] ASYNC(0000,49,0,0,0)
[ 1527140] ASYNC(0000,49,0,0,0)
[ 1530010] ASYNC(0000,49,0,0,0)
[ 1530519] ASYNC(0000,49,0,0,0)
[ 1531135] ASYNC(0000,49,0,0,0)
[ 1531235] ASYNC(0000,49,0,0,0)
[ 1531338] ASYNC(0000,49,0,0,0)
[ 1531544] ASYNC(0000,49,0,0,0)
[ 1532156] ASYNC(0000,49,0,0,0)
[ 1532258] ASYNC(0000,49,0,0,0)
[ 1535027] ASYNC(0000,49,0,0,0)
[ 1536048] ASYNC(0000,49,0,0,0)
[ 1536252] ASYNC(0000,49,0,0,0)
[ 1536457] ASYNC(0000,49,0,0,0)
[ 1536559] ASYNC(0000,49,0,0,0)
[ 1537175] ASYNC(0000,49,0,0,0)
[ 1537484] ASYNC(0000,49,0,0,0)
[ 1540046] ASYNC(0000,49,0,0,0)
[ 1540143] ASYNC(0000,49,0,0,0)
[ 1541067] ASYNC(0000,49,0,0,0)
[ 1541167] ASYNC(0000,49,0,0,0)
[ 1541578] ASYNC(0000,49,0,0,0)
[ 1542091] ASYNC(0000,49,0,0,0)
[ 1544136] ASYNC(0000,49,0,0,0)
[ 1545066] ASYNC(0000,49,0,0,0)
[ 1546596] ASYNC(0000,49,0,0,0)
[ 1547109] ASYNC(0000,49,0,0,0)
[ 1550081] ASYNC(0000,49,0,0,0)
[ 1551614] ASYNC(0000,49,0,0,0)
[ 1552126] ASYNC(0000,49,0,0,0)
[ 1555095] ASYNC(0000,49,0,0,0)
[ 1556119] ASYNC(0000,49,0,0,0)
[ 1556527] ASYNC(0000,49,0,0,0)
[ 1556630] ASYNC(0000,49,0,0,0)
[ 1557142] ASYNC(0000,49,0,0,0)
[ 1560113] ASYNC(0000,49,0,0,0)
[ 1560114] ASYNC(0000,49,0,0,0)
[ 1560115] ASYNC(0000,49,0,0,0)
[ 1561138] ASYNC(0000,49,0,0,0)
[ 1561140] ASYNC(0000,49,0,0,0)
[ 1561239] ASYNC(0000,49,0,0,0)
[ 1561649] ASYNC(0000,49,0,0,0)
[ 1562162] ASYNC(0000,49,0,0,0)
[ 1563083] ASYNC(0000,49,0,0,0)
[ 1563490] ASYNC(0000,49,0,0,0)
[ 1564618] ASYNC(0000,49,0,0,0)
[ 1565031] ASYNC(0000,49,0,0,0)
[ 1566054] ASYNC(0000,49,0,0,0)
[ 1566563] ASYNC(0000,49,0,0,0)
[ 1567076] ASYNC(0000,49,0,0,0)
[ 1568202] ASYNC(0000,49,0,0,0)
[ 1568817] ASYNC(0000,49,0,0,0)
[ 1571071] ASYNC(0000,49,0,0,0)
[ 1571377] ASYNC(0000,49,0,0,0)
[ 1571378] ASYNC(0000,49,0,0,0)
[ 1571582] ASYNC(0000,49,0,0,0)
[ 1572093] ASYNC(0000,49,0,0,0)
[ 1573937] ASYNC(0000,49,0,0,0)
[ 1575066] ASYNC(0000,49,0,0,0)
[ 1575883] ASYNC(0000,49,0,0,0)
[ 1576089] ASYNC(0000,49,0,0,0)
[ 1576598] ASYNC(0000,49,0,0,0)
[ 1577113] ASYNC(0000,49,0,0,0)
[ 1577418] ASYNC(0000,49,0,0,0)
[ 1580082] ASYNC(0000,49,0,0,0)
[ 1581105] ASYNC(0000,49,0,0,0)
[ 1581208] ASYNC(0000,49,0,0,0)
[ 1581615] ASYNC(0000,49,0,0,0)
[ 1581718] ASYNC(0000,49,0,0,0)
[ 1582230] ASYNC(0000,49,0,0,0)
[ 1582230] ASYNC(0000,49,0,0,0)
[ 1583253] ASYNC(0000,49,0,0,0)
[ 1583561] ASYNC(0000,49,0,0,0)
[ 1583562] ASYNC(0000,49,0,0,0)
[ 1584074] ASYNC(0000,49,0,0,0)
[ 1584483] ASYNC(0000,49,0,0,0)
[ 1585103] ASYNC(0000,49,0,0,0)
[ 1585509] ASYNC(0000,49,0,0,0)
[ 1585510] ASYNC(0000,49,0,0,0)
[ 1586019] ASYNC(0000,49,0,0,0)
[ 1586123] ASYNC(0000,49,0,0,0)
[ 1586838] ASYNC(0000,49,0,0,0)
[ 1587558] ASYNC(0000,49,0,0,0)
[ 1587562] ASYNC(0000,49,0,0,0)
[ 1587761] ASYNC(0000,49,0,0,0)
[ 1591142] ASYNC(0000,49,0,0,0)
[ 1591146] ASYNC(0000,49,0,0,0)
[ 1591958] ASYNC(0000,49,0,0,0)
[ 1595137] ASYNC(0000,49,0,0,0)
[ 1596157] ASYNC(0000,49,0,0,0)
[ 1596259] ASYNC(0000,49,0,0,0)
[ 1596465] ASYNC(0000,49,0,0,0)
[ 1596566] ASYNC(0000,49,0,0,0)
[ 1598511] ASYNC(0000,49,0,0,0)
[ 1598512] ASYNC(0000,49,0,0,0)
[ 1600152] ASYNC(0000,49,0,0,0)
[ 1601073] ASYNC(0000,49,0,0,0)
[ 1601174] ASYNC(0000,49,0,0,0)
[ 1601585] ASYNC(0000,49,0,0,0)
[ 1602097] ASYNC(0000,49,0,0,0)
[ 1602199] ASYNC(0000,49,0,0,0)
[ 1602710] ASYNC(0000,49,0,0,0)
[ 1603634] ASYNC(0000,49,0,0,0)
[ 1605068] ASYNC(0000,49,0,0,0)
[ 1607113] ASYNC(0000,49,0,0,0)
[ 1610087] ASYNC(0000,49,0,0,0)
[ 1611111] ASYNC(0000,49,0,0,0)
[ 1611313] ASYNC(0000,49,0,0,0)
[ 1612132] ASYNC(0000,49,0,0,0)
[ 1612337] ASYNC(0000,49,0,0,0)
[ 1613362] ASYNC(0000,49,0,0,0)
[ 1615102] ASYNC(0000,49,0,0,0)
[ 1616129] ASYNC(0000,49,0,0,0)
[ 1616654] ASYNC(0000,49,0,0,0)
[ 1617149] ASYNC(0000,49,0,0,0)
[ 1617558] ASYNC(0000,49,0,0,0)
[ 1617559] ASYNC(0000,49,0,0,0)
[ 1618584] ASYNC(0000,49,0,0,0)
[ 1620120] ASYNC(0000,49,0,0,0)
[ 1620220] ASYNC(0000,49,0,0,0)
[ 1621149] ASYNC(0000,49,0,0,0)
[ 1621244] ASYNC(0000,49,0,0,0)
[ 1621347] ASYNC(0000,49,0,0,0)
[ 1621552] ASYNC(0000,49,0,0,0)
[ 1621656] ASYNC(0000,49,0,0,0)
[ 1622168] ASYNC(0000,49,0,0,0)
[ 1622271] ASYNC(0000,49,0,0,0)
[ 1623088] ASYNC(0000,49,0,0,0)
[ 1624316] ASYNC(0000,49,0,0,0)
[ 1625138] ASYNC(0000,49,0,0,0)
[ 1626161] ASYNC(0000,49,0,0,0)
[ 1627083] ASYNC(0000,49,0,0,0)
[ 1628209] ASYNC(0000,49,0,0,0)
[ 1630158] ASYNC(0000,49,0,0,0)
[ 1631076] ASYNC(0000,49,0,0,0)
[ 1631589] ASYNC(0000,49,0,0,0)
[ 1633635] ASYNC(0000,49,0,0,0)
[ 1635175] ASYNC(0000,49,0,0,0)
[ 1636096] ASYNC(0000,49,0,0,0)
[ 1637117] ASYNC(0000,49,0,0,0)
[ 1637527] ASYNC(0000,49,0,0,0)
[ 1638551] ASYNC(0000,49,0,0,0)
[ 1640190] ASYNC(0000,49,0,0,0)
[ 1640191] ASYNC(0000,49,0,0,0)
[ 1640192] ASYNC(0000,49,0,0,0)
[ 1641112] ASYNC(0000,49,0,0,0)
[ 1641212] ASYNC(0000,49,0,0,0)
[ 1641625] ASYNC(0000,49,0,0,0)
[ 1641725] ASYNC(0000,49,0,0,0)
[ 1642136] ASYNC(0000,49,0,0,0)
[ 1642236] ASYNC(0000,49,0,0,0)
[ 1642647] ASYNC(0000,49,0,0,0)
[ 1643569] ASYNC(0000,49,0,0,0)
[ 1645106] ASYNC(0000,49,0,0,0)
[ 1646132] ASYNC(0000,49,0,0,0)
[ 1646640] ASYNC(0000,49,0,0,0)
[ 1646846] ASYNC(0000,49,0,0,0)
[ 1647153] ASYNC(0000,49,0,0,0)
[ 1650123] ASYNC(0000,49,0,0,0)
[ 1651151] ASYNC(0000,49,0,0,0)
[ 1651249] ASYNC(0000,49,0,0,0)
[ 1651350] ASYNC(0000,49,0,0,0)
[ 1651557] ASYNC(0000,49,0,0,0)
[ 1652068] ASYNC(0000,49,0,0,0)
[ 1652171] ASYNC(0000,49,0,0,0)
[ 1655141] ASYNC(0000,49,0,0,0)
[ 1656062] ASYNC(0000,49,0,0,0)
[ 1656164] ASYNC(0000,49,0,0,0)
[ 1656268] ASYNC(0000,49,0,0,0)
[ 1656472] ASYNC(0000,49,0,0,0)
[ 1656574] ASYNC(0000,49,0,0,0)
[ 1657085] ASYNC(0000,49,0,0,0)
[ 1661182] ASYNC(0000,49,0,0,0)
[ 1661183] ASYNC(0000,49,0,0,0)
[ 1661283] ASYNC(0000,49,0,0,0)
[ 1661593] ASYNC(0000,49,0,0,0)
[ 1662104] ASYNC(0000,49,0,0,0)
[ 1662206] ASYNC(0000,49,0,0,0)
[ 1663638] ASYNC(0000,49,0,0,0)
[ 1663639] ASYNC(0000,49,0,0,0)
[ 1664560] ASYNC(0000,49,0,0,0)
[ 1664662] ASYNC(0000,49,0,0,0)
[ 1665179] ASYNC(0000,49,0,0,0)
[ 1665585] ASYNC(0000,49,0,0,0)
[ 1665586] ASYNC(0000,49,0,0,0)
[ 1666097] ASYNC(0000,49,0,0,0)
[ 1666609] ASYNC(0000,49,0,0,0)
[ 1667122] ASYNC(0000,49,0,0,0)
[ 1668864] ASYNC(0000,49,0,0,0)
[ 1668963] ASYNC(0000,49,0,0,0)
[ 1670194] ASYNC(0000,49,0,0,0)
[ 1671115] ASYNC(0000,49,0,0,0)
[ 1671421] ASYNC(0000,49,0,0,0)
[ 1671627] ASYNC(0000,49,0,0,0)
[ 1672139] ASYNC(0000,49,0,0,0)
[ 1675214] ASYNC(0000,49,0,0,0)
[ 1676133] ASYNC(0000,49,0,0,0)
[ 1676542] ASYNC(0000,49,0,0,0)
[ 1676544] ASYNC(0000,49,0,0,0)
[ 1677157] ASYNC(0000,49,0,0,0)
[ 1680229] ASYNC(0000,49,0,0,0)
[ 1681155] ASYNC(0000,49,0,0,0)
[ 1681252] ASYNC(0000,49,0,0,0)
[ 1681253] ASYNC(0000,49,0,0,0)
[ 1681561] ASYNC(0000,49,0,0,0)
[ 1681661] ASYNC(0000,49,0,0,0)
[ 1682184] ASYNC(0000,49,0,0,0)
[ 1682275] ASYNC(0000,49,0,0,0)
[ 1683094] ASYNC(0000,49,0,0,0)
[ 1683197] ASYNC(0000,49,0,0,0)
[ 1683608] ASYNC(0000,49,0,0,0)
[ 1684323] ASYNC(0000,49,0,0,0)
[ 1684631] ASYNC(0000,49,0,0,0)
[ 1685144] ASYNC(0000,49,0,0,0)
[ 1686171] ASYNC(0000,49,0,0,0)
[ 1686578] ASYNC(0000,49,0,0,0)
[ 1687106] ASYNC(0000,49,0,0,0)
[ 1687190] ASYNC(0000,49,0,0,0)
[ 1691185] ASYNC(0000,49,0,0,0)
[ 1691491] ASYNC(0000,49,0,0,0)
[ 1691594] ASYNC(0000,49,0,0,0)
[ 1692107] ASYNC(0000,49,0,0,0)
[ 1692313] ASYNC(0000,49,0,0,0)
[ 1695179] ASYNC(0000,49,0,0,0)
[ 1696208] ASYNC(0000,49,0,0,0)
[ 1696611] ASYNC(0000,49,0,0,0)
[ 1697124] ASYNC(0000,49,0,0,0)
[ 1700197] ASYNC(0000,49,0,0,0)
[ 1700198] ASYNC(0000,49,0,0,0)
[ 1701119] ASYNC(0000,49,0,0,0)
[ 1701632] ASYNC(0000,49,0,0,0)
[ 1701733] ASYNC(0000,49,0,0,0)
[ 1702143] ASYNC(0000,49,0,0,0)
[ 1702243] ASYNC(0000,49,0,0,0)
[ 1703678] ASYNC(0000,49,0,0,0)
[ 1704598] ASYNC(0000,49,0,0,0)
[ 1705214] ASYNC(0000,49,0,0,0)
[ 1705622] ASYNC(0000,49,0,0,0)
[ 1706141] ASYNC(0000,49,0,0,0)
[ 1706144] ASYNC(0000,49,0,0,0)
[ 1706545] ASYNC(0000,49,0,0,0)
[ 1706851] ASYNC(0000,49,0,0,0)
[ 1707159] ASYNC(0000,49,0,0,0)
[ 1710235] ASYNC(0000,49,0,0,0)
[ 1711256] ASYNC(0000,49,0,0,0)
[ 1711564] ASYNC(0000,49,0,0,0)
[ 1711973] ASYNC(0000,49,0,0,0)
[ 1715250] ASYNC(0000,49,0,0,0)
[ 1716173] ASYNC(0000,49,0,0,0)
[ 1716272] ASYNC(0000,49,0,0,0)
[ 1716477] ASYNC(0000,49,0,0,0)
[ 1716580] ASYNC(0000,49,0,0,0)
[ 1717094] ASYNC(0000,49,0,0,0)
[ 1717604] ASYNC(0000,49,0,0,0)
[ 1719452] ASYNC(0000,49,0,0,0)
[ 1719652] ASYNC(0000,49,0,0,0)
[ 1719755] ASYNC(0000,49,0,0,0)
[ 1720267] ASYNC(0000,49,0,0,0)
[ 1720268] ASYNC(0000,49,0,0,0)
[ 1720269] ASYNC(0000,49,0,0,0)
[ 1720779] ASYNC(0000,49,0,0,0)
[ 1721191] ASYNC(0000,49,0,0,0)
[ 1721393] ASYNC(0000,49,0,0,0)
[ 1721600] ASYNC(0000,49,0,0,0)
[ 1722111] ASYNC(0000,49,0,0,0)
[ 1725183] ASYNC(0000,49,0,0,0)
[ 1726616] ASYNC(0000,49,0,0,0)
[ 1727129] ASYNC(0000,49,0,0,0)
[ 1730206] ASYNC(0000,49,0,0,0)
[ 1731224] ASYNC(0000,49,0,0,0)
[ 1731428] ASYNC(0000,49,0,0,0)
[ 1731634] ASYNC(0000,49,0,0,0)
[ 1732146] ASYNC(0000,49,0,0,0)
[ 1735218] ASYNC(0000,49,0,0,0)
[ 1736139] ASYNC(0000,49,0,0,0)
[ 1736549] ASYNC(0000,49,0,0,0)
[ 1736550] ASYNC(0000,49,0,0,0)
[ 1737164] ASYNC(0000,49,0,0,0)
[ 1737572] ASYNC(0000,49,0,0,0)
[ 1737573] ASYNC(0000,49,0,0,0)
[ 1740236] ASYNC(0000,49,0,0,0)
[ 1741160] ASYNC(0000,49,0,0,0)
[ 1741259] ASYNC(0000,49,0,0,0)
[ 1741569] ASYNC(0000,49,0,0,0)
[ 1741772] ASYNC(0000,49,0,0,0)
[ 1742079] ASYNC(0000,49,0,0,0)
[ 1743103] ASYNC(0000,49,0,0,0)
[ 1744331] ASYNC(0000,49,0,0,0)
[ 1745256] ASYNC(0000,49,0,0,0)
[ 1746178] ASYNC(0000,49,0,0,0)
[ 1746586] ASYNC(0000,49,0,0,0)
[ 1747095] ASYNC(0000,49,0,0,0)
[ 1747198] ASYNC(0000,49,0,0,0)
[ 1748225] ASYNC(0000,49,0,0,0)
[ 1750275] ASYNC(0000,49,0,0,0)
[ 1751499] ASYNC(0000,49,0,0,0)
[ 1751602] ASYNC(0000,49,0,0,0)
[ 1752116] ASYNC(0000,49,0,0,0)
[ 1752320] ASYNC(0000,49,0,0,0)
[ 1752522] ASYNC(0000,49,0,0,0)
[ 1755291] ASYNC(0000,49,0,0,0)
[ 1756210] ASYNC(0000,49,0,0,0)
[ 1757132] ASYNC(0000,49,0,0,0)
[ 1757539] ASYNC(0000,49,0,0,0)
[ 1758565] ASYNC(0000,49,0,0,0)
[ 1761230] ASYNC(0000,49,0,0,0)
[ 1761433] ASYNC(0000,49,0,0,0)
[ 1761433] ASYNC(0000,49,0,0,0)
[ 1761637] ASYNC(0000,49,0,0,0)
[ 1761738] ASYNC(0000,49,0,0,0)
[ 1762148] ASYNC(0000,49,0,0,0)
[ 1765226] ASYNC(0000,49,0,0,0)
[ 1766142] ASYNC(0000,49,0,0,0)
[ 1766552] ASYNC(0000,49,0,0,0)
[ 1766860] ASYNC(0000,49,0,0,0)
[ 1767169] ASYNC(0000,49,0,0,0)
[ 1770245] ASYNC(0000,49,0,0,0)
[ 1771265] ASYNC(0000,49,0,0,0)
[ 1771467] ASYNC(0000,49,0,0,0)
[ 1771571] ASYNC(0000,49,0,0,0)
[ 1771981] ASYNC(0000,49,0,0,0)
[ 1772082] ASYNC(0000,49,0,0,0)
[ 1772491] ASYNC(0000,49,0,0,0)
[ 1775257] ASYNC(0000,49,0,0,0)
[ 1776180] ASYNC(0000,49,0,0,0)
[ 1776280] ASYNC(0000,49,0,0,0)
[ 1776588] ASYNC(0000,49,0,0,0)
[ 1776791] ASYNC(0000,49,0,0,0)
[ 1777099] ASYNC(0000,49,0,0,0)
[ 1778225] ASYNC(0000,49,0,0,0)
[ 1780274] ASYNC(0000,49,0,0,0)
[ 1780275] ASYNC(0000,49,0,0,0)
[ 1781202] ASYNC(0000,49,0,0,0)
[ 1781297] ASYNC(0000,49,0,0,0)
[ 1782118] ASYNC(0000,49,0,0,0)
[ 1782321] ASYNC(0000,49,0,0,0)
[ 1783652] ASYNC(0000,49,0,0,0)
[ 1785292] ASYNC(0000,49,0,0,0)
[ 1786218] ASYNC(0000,49,0,0,0)
[ 1786623] ASYNC(0000,49,0,0,0)
[ 1787134] ASYNC(0000,49,0,0,0)
[ 1788877] ASYNC(0000,49,0,0,0)
[ 1790312] ASYNC(0000,49,0,0,0)
[ 1791232] ASYNC(0000,49,0,0,0)
[ 1791639] ASYNC(0000,49,0,0,0)
[ 1792152] ASYNC(0000,49,0,0,0)
[ 1795327] ASYNC(0000,49,0,0,0)
[ 1796249] ASYNC(0000,49,0,0,0)
[ 1796556] ASYNC(0000,49,0,0,0)
[ 1797171] ASYNC(0000,49,0,0,0)
[ 1800244] ASYNC(0000,49,0,0,0)
[ 1800343] ASYNC(0000,49,0,0,0)
[ 1801164] ASYNC(0000,49,0,0,0)
[ 1801267] ASYNC(0000,49,0,0,0)
[ 1801268] ASYNC(0000,49,0,0,0)
[ 1801269] ASYNC(0000,49,0,0,0)
[ 1801674] ASYNC(0000,49,0,0,0)
[ 1803109] ASYNC(0000,49,0,0,0)
[ 1804338] ASYNC(0000,49,0,0,0)
[ 1805260] ASYNC(0000,49,0,0,0)
[ 1806183] ASYNC(0000,49,0,0,0)
[ 1807102] ASYNC(0000,49,0,0,0)
[ 1807204] ASYNC(0000,49,0,0,0)
[ 1808228] ASYNC(0000,49,0,0,0)
[ 1810283] ASYNC(0000,49,0,0,0)
[ 1811199] ASYNC(0000,49,0,0,0)
[ 1811505] ASYNC(0000,49,0,0,0)
[ 1811607] ASYNC(0000,49,0,0,0)
[ 1812426] ASYNC(0000,49,0,0,0)
[ 1813450] ASYNC(0000,49,0,0,0)
[ 1815295] ASYNC(0000,49,0,0,0)
[ 1816216] ASYNC(0000,49,0,0,0)
[ 1816423] ASYNC(0000,49,0,0,0)
[ 1816626] ASYNC(0000,49,0,0,0)
[ 1820314] ASYNC(0000,49,0,0,0)
[ 1821642] ASYNC(0000,49,0,0,0)
[ 1821746] ASYNC(0000,49,0,0,0)
[ 1823692] ASYNC(0000,49,0,0,0)
[ 1824304] ASYNC(0000,49,0,0,0)
[ 1824714] ASYNC(0000,49,0,0,0)
[ 1825330] ASYNC(0000,49,0,0,0)
[ 1826867] ASYNC(0000,49,0,0,0)
[ 1827174] ASYNC(0000,49,0,0,0)
[ 1830348] ASYNC(0000,49,0,0,0)
[ 1831269] ASYNC(0000,49,0,0,0)
[ 1831274] ASYNC(0000,49,0,0,0)
[ 1831472] ASYNC(0000,49,0,0,0)
[ 1831473] ASYNC(0000,49,0,0,0)
[ 1831576] ASYNC(0000,49,0,0,0)
[ 1832090] ASYNC(0000,49,0,0,0)
[ 1832091] ASYNC(0000,49,0,0,0)
[ 1832499] ASYNC(0000,49,0,0,0)
[ 1833521] ASYNC(0000,49,0,0,0)
[ 1835264] ASYNC(0000,49,0,0,0)
[ 1836184] ASYNC(0000,49,0,0,0)
[ 1836285] ASYNC(0000,49,0,0,0)
[ 1836490] ASYNC(0000,49,0,0,0)
[ 1836593] ASYNC(0000,49,0,0,0)
[ 1836696] ASYNC(0000,49,0,0,0)
[ 1837105] ASYNC(0000,49,0,0,0)
[ 1837616] ASYNC(0000,49,0,0,0)
[ 1839152] ASYNC(0000,49,0,0,0)
[ 1840284] ASYNC(0000,49,0,0,0)
[ 1841204] ASYNC(0000,49,0,0,0)
[ 1841614] ASYNC(0000,49,0,0,0)
[ 1842123] ASYNC(0000,49,0,0,0)
[ 1843760] ASYNC(0000,49,0,0,0)
[ 1845300] ASYNC(0000,49,0,0,0)
[ 1846219] ASYNC(0000,49,0,0,0)
[ 1847140] ASYNC(0000,49,0,0,0)
[ 1848882] ASYNC(0000,49,0,0,0)
[ 1850319] ASYNC(0000,49,0,0,0)
[ 1851238] ASYNC(0000,49,0,0,0)
[ 1851543] ASYNC(0000,49,0,0,0)
[ 1851648] ASYNC(0000,49,0,0,0)
[ 1852158] ASYNC(0000,49,0,0,0)
[ 1855334] ASYNC(0000,49,0,0,0)
[ 1856255] ASYNC(0000,49,0,0,0)
[ 1856561] ASYNC(0000,49,0,0,0)
[ 1856562] ASYNC(0000,49,0,0,0)
[ 1857175] ASYNC(0000,49,0,0,0)
[ 1860351] ASYNC(0000,49,0,0,0)
[ 1860352] ASYNC(0000,49,0,0,0)
[ 1860353] ASYNC(0000,49,0,0,0)
[ 1861274] ASYNC(0000,49,0,0,0)
[ 1861280] ASYNC(0000,49,0,0,0)
[ 1861373] ASYNC(0000,49,0,0,0)
[ 1861374] ASYNC(0000,49,0,0,0)
[ 1861578] ASYNC(0000,49,0,0,0)
[ 1862093] ASYNC(0000,49,0,0,0)
[ 1862397] ASYNC(0000,49,0,0,0)
[ 1863831] ASYNC(0000,49,0,0,0)
[ 1864344] ASYNC(0000,49,0,0,0)
[ 1866290] ASYNC(0000,49,0,0,0)
[ 1866600] ASYNC(0000,49,0,0,0)
[ 1867108] ASYNC(0000,49,0,0,0)
[ 1867212] ASYNC(0000,49,0,0,0)
[ 1868336] ASYNC(0000,49,0,0,0)
[ 1870386] ASYNC(0000,49,0,0,0)
[ 1871207] ASYNC(0000,49,0,0,0)
[ 1872129] ASYNC(0000,49,0,0,0)
[ 1872334] ASYNC(0000,49,0,0,0)
[ 1875305] ASYNC(0000,49,0,0,0)
[ 1876533] ASYNC(0000,49,0,0,0)
[ 1876536] ASYNC(0000,49,0,0,0)
[ 1876633] ASYNC(0000,49,0,0,0)
[ 1877145] ASYNC(0000,49,0,0,0)
[ 1880321] ASYNC(0000,49,0,0,0)
[ 1881548] ASYNC(0000,49,0,0,0)
[ 1881753] ASYNC(0000,49,0,0,0)
[ 1882165] ASYNC(0000,49,0,0,0)
[ 1882263] ASYNC(0000,49,0,0,0)
[ 1882264] ASYNC(0000,49,0,0,0)
[ 1883291] ASYNC(0000,49,0,0,0)
[ 1884313] ASYNC(0000,49,0,0,0)
[ 1885337] ASYNC(0000,49,0,0,0)
[ 1886261] ASYNC(0000,49,0,0,0)
[ 1886567] ASYNC(0000,49,0,0,0)
[ 1886975] ASYNC(0000,49,0,0,0)
[ 1890359] ASYNC(0000,49,0,0,0)
[ 1891276] ASYNC(0000,49,0,0,0)
[ 1891278] ASYNC(0000,49,0,0,0)
[ 1891586] ASYNC(0000,49,0,0,0)
[ 1892094] ASYNC(0000,49,0,0,0)
[ 1895373] ASYNC(0000,49,0,0,0)
[ 1896297] ASYNC(0000,49,0,0,0)
[ 1896300] ASYNC(0000,49,0,0,0)
[ 1896500] ASYNC(0000,49,0,0,0)
[ 1896600] ASYNC(0000,49,0,0,0)
[ 1897114] ASYNC(0000,49,0,0,0)
[ 1899469] ASYNC(0000,49,0,0,0)
[ 1900392] ASYNC(0000,49,0,0,0)
[ 1901211] ASYNC(0000,49,0,0,0)
[ 1901622] ASYNC(0000,49,0,0,0)
[ 1901623] ASYNC(0000,49,0,0,0)
[ 1902129] ASYNC(0000,49,0,0,0)
[ 1905408] ASYNC(0000,49,0,0,0)
[ 1906229] ASYNC(0000,49,0,0,0)
[ 1906637] ASYNC(0000,49,0,0,0)
[ 1907149] ASYNC(0000,49,0,0,0)
[ 1911246] ASYNC(0000,49,0,0,0)
[ 1911550] ASYNC(0000,49,0,0,0)
[ 1912166] ASYNC(0000,49,0,0,0)
[ 1915346] ASYNC(0000,49,0,0,0)
[ 1916264] ASYNC(0000,49,0,0,0)
[ 1916571] ASYNC(0000,49,0,0,0)
[ 1917080] ASYNC(0000,49,0,0,0)
[ 1917694] ASYNC(0000,49,0,0,0)
[ 1918207] ASYNC(0000,49,0,0,0)
[ 1918718] ASYNC(0000,49,0,0,0)
[ 1919233] ASYNC(0000,49,0,0,0)
[ 1919334] ASYNC(0000,49,0,0,0)
[ 1920258] ASYNC(0000,49,0,0,0)
[ 1920359] ASYNC(0000,49,0,0,0)
[ 1920359] ASYNC(0000,49,0,0,0)
[ 1920360] ASYNC(0000,49,0,0,0)
[ 1920767] ASYNC(0000,49,0,0,0)
[ 1921381] ASYNC(0000,49,0,0,0)
[ 1921689] ASYNC(0000,49,0,0,0)
[ 1922097] ASYNC(0000,49,0,0,0)
[ 1923224] ASYNC(0000,49,0,0,0)
[ 1923839] ASYNC(0000,49,0,0,0)
[ 1924352] ASYNC(0000,49,0,0,0)
[ 1924761] ASYNC(0000,49,0,0,0)
[ 1925785] ASYNC(0000,49,0,0,0)
[ 1926297] ASYNC(0000,49,0,0,0)
[ 1926606] ASYNC(0000,49,0,0,0)
[ 1927117] ASYNC(0000,49,0,0,0)
[ 1927219] ASYNC(0000,49,0,0,0)
[ 1928344] ASYNC(0000,49,0,0,0)
[ 1930394] ASYNC(0000,49,0,0,0)
[ 1931316] ASYNC(0000,49,0,0,0)
[ 1931519] ASYNC(0000,49,0,0,0)
[ 1931621] ASYNC(0000,49,0,0,0)
[ 1932032] ASYNC(0000,49,0,0,0)
[ 1932134] ASYNC(0000,49,0,0,0)
[ 1932340] ASYNC(0000,49,0,0,0)
[ 1932544] ASYNC(0000,49,0,0,0)
[ 1933567] ASYNC(0000,49,0,0,0)
[ 1935413] ASYNC(0000,49,0,0,0)
[ 1936234] ASYNC(0000,49,0,0,0)
[ 1936642] ASYNC(0000,49,0,0,0)
[ 1937152] ASYNC(0000,49,0,0,0)
[ 1937664] ASYNC(0000,49,0,0,0)
[ 1938689] ASYNC(0000,49,0,0,0)
[ 1939713] ASYNC(0000,49,0,0,0)
[ 1940429] ASYNC(0000,49,0,0,0)
[ 1940430] ASYNC(0000,49,0,0,0)
[ 1940431] ASYNC(0000,49,0,0,0)
[ 1941248] ASYNC(0000,49,0,0,0)
[ 1941453] ASYNC(0000,49,0,0,0)
[ 1941454] ASYNC(0000,49,0,0,0)
[ 1941558] ASYNC(0000,49,0,0,0)
[ 1941655] ASYNC(0000,49,0,0,0)
[ 1941862] ASYNC(0000,49,0,0,0)
[ 1942171] ASYNC(0000,49,0,0,0)
[ 1942476] ASYNC(0000,49,0,0,0)
[ 1942477] ASYNC(0000,49,0,0,0)
[ 1942680] ASYNC(0000,49,0,0,0)
[ 1943603] ASYNC(0000,49,0,0,0)
[ 1943810] ASYNC(0000,49,0,0,0)
[ 1943811] ASYNC(0000,49,0,0,0)
[ 1944831] ASYNC(0000,49,0,0,0)
[ 1945448] ASYNC(0000,49,0,0,0)
[ 1945857] ASYNC(0000,49,0,0,0)
[ 1946573] ASYNC(0000,49,0,0,0)
[ 1946981] ASYNC(0000,49,0,0,0)
[ 1947085] ASYNC(0000,49,0,0,0)
[ 1950363] ASYNC(0000,49,0,0,0)
[ 1951287] ASYNC(0000,49,0,0,0)
[ 1951290] ASYNC(0000,49,0,0,0)
[ 1952104] ASYNC(0000,49,0,0,0)
[ 1952105] ASYNC(0000,49,0,0,0)
[ 1953739] ASYNC(0000,49,0,0,0)
[ 1953848] ASYNC(0000,49,0,0,0)
[ 1954868] ASYNC(0000,49,0,0,0)
[ 1955383] ASYNC(0000,49,0,0,0)
[ 1955893] ASYNC(0000,49,0,0,0)
[ 1956196] ASYNC(0000,49,0,0,0)
[ 1956305] ASYNC(0000,49,0,0,0)
[ 1956607] ASYNC(0000,49,0,0,0)
[ 1956608] ASYNC(0000,49,0,0,0)
[ 1960402] ASYNC(0000,49,0,0,0)
[ 1960498] ASYNC(0000,49,0,0,0)
[ 1961317] ASYNC(0000,49,0,0,0)
[ 1961422] ASYNC(0000,49,0,0,0)
[ 1961627] ASYNC(0000,49,0,0,0)
[ 1961728] ASYNC(0000,49,0,0,0)
[ 1962138] ASYNC(0000,49,0,0,0)
[ 1962444] ASYNC(0000,49,0,0,0)
[ 1963468] ASYNC(0000,49,0,0,0)
[ 1963876] ASYNC(0000,49,0,0,0)
[ 1963878] ASYNC(0000,49,0,0,0)
[ 1964903] ASYNC(0000,49,0,0,0)
[ 1965418] ASYNC(0000,49,0,0,0)
[ 1966340] ASYNC(0000,49,0,0,0)
[ 1966644] ASYNC(0000,49,0,0,0)
[ 1967158] ASYNC(0000,49,0,0,0)
[ 1968898] ASYNC(0000,49,0,0,0)
[ 1970435] ASYNC(0000,49,0,0,0)
[ 1971253] ASYNC(0000,49,0,0,0)
[ 1971559] ASYNC(0000,49,0,0,0)
[ 1971561] ASYNC(0000,49,0,0,0)
[ 1972585] ASYNC(0000,49,0,0,0)
[ 1973605] ASYNC(0000,49,0,0,0)
[ 1975450] ASYNC(0000,49,0,0,0)
[ 1976271] ASYNC(0000,49,0,0,0)
[ 1976578] ASYNC(0000,49,0,0,0)
[ 1976580] ASYNC(0000,49,0,0,0)
[ 1980469] ASYNC(0000,49,0,0,0)
[ 1981286] ASYNC(0000,49,0,0,0)
[ 1981289] ASYNC(0000,49,0,0,0)
[ 1981490] ASYNC(0000,49,0,0,0)
[ 1981593] ASYNC(0000,49,0,0,0)
[ 1982003] ASYNC(0000,49,0,0,0)
[ 1982106] ASYNC(0000,49,0,0,0)
[ 1982514] ASYNC(0000,49,0,0,0)
[ 1983026] ASYNC(0000,49,0,0,0)
[ 1983231] ASYNC(0000,49,0,0,0)
[ 1983537] ASYNC(0000,49,0,0,0)
[ 1983845] ASYNC(0000,49,0,0,0)
[ 1984049] ASYNC(0000,49,0,0,0)
[ 1984360] ASYNC(0000,49,0,0,0)
[ 1985485] ASYNC(0000,49,0,0,0)
[ 1986303] ASYNC(0000,49,0,0,0)
[ 1987122] ASYNC(0000,49,0,0,0)
[ 1987225] ASYNC(0000,49,0,0,0)
[ 1988350] ASYNC(0000,49,0,0,0)
[ 1990403] ASYNC(0000,49,0,0,0)
[ 1991326] ASYNC(0000,49,0,0,0)
[ 1991628] ASYNC(0000,49,0,0,0)
[ 1992143] ASYNC(0000,49,0,0,0)
[ 1992448] ASYNC(0000,49,0,0,0)
[ 1995423] ASYNC(0000,49,0,0,0)
[ 1996341] ASYNC(0000,49,0,0,0)
[ 1997157] ASYNC(0000,49,0,0,0)
[ 1997772] ASYNC(0000,49,0,0,0)
[ 2000435] ASYNC(0000,49,0,0,0)
[ 2000437] ASYNC(0000,49,0,0,0)
[ 2001256] ASYNC(0000,49,0,0,0)
[ 2001561] ASYNC(0000,49,0,0,0)
[ 2003916] ASYNC(0000,49,0,0,0)
[ 2006277] ASYNC(0000,49,0,0,0)
[ 2006579] ASYNC(0000,49,0,0,0)
[ 2006989] ASYNC(0000,49,0,0,0)
[ 2007092] ASYNC(0000,49,0,0,0)
[ 2010470] ASYNC(0000,49,0,0,0)
[ 2011289] ASYNC(0000,49,0,0,0)
[ 2011292] ASYNC(0000,49,0,0,0)
[ 2011597] ASYNC(0000,49,0,0,0)
[ 2011699] ASYNC(0000,49,0,0,0)
[ 2012111] ASYNC(0000,49,0,0,0)
[ 2012112] ASYNC(0000,49,0,0,0)
[ 2012211] ASYNC(0000,49,0,0,0)
[ 2012724] ASYNC(0000,49,0,0,0)
[ 2013645] ASYNC(0000,49,0,0,0)
[ 2015495] ASYNC(0000,49,0,0,0)
[ 2016309] ASYNC(0000,49,0,0,0)
[ 2016616] ASYNC(0000,49,0,0,0)
[ 2016617] ASYNC(0000,49,0,0,0)
[ 2017127] ASYNC(0000,49,0,0,0)
[ 2020506] ASYNC(0000,49,0,0,0)
[ 2020507] ASYNC(0000,49,0,0,0)
[ 2021328] ASYNC(0000,49,0,0,0)
[ 2021736] ASYNC(0000,49,0,0,0)
[ 2022144] ASYNC(0000,49,0,0,0)
[ 2024090] ASYNC(0000,49,0,0,0)
[ 2025115] ASYNC(0000,49,0,0,0)
[ 2025523] ASYNC(0000,49,0,0,0)
[ 2026347] ASYNC(0000,49,0,0,0)
[ 2026650] ASYNC(0000,49,0,0,0)
[ 2028901] ASYNC(0000,49,0,0,0)
[ 2030444] ASYNC(0000,49,0,0,0)
[ 2031360] ASYNC(0000,49,0,0,0)
[ 2031566] ASYNC(0000,49,0,0,0)
[ 2031667] ASYNC(0000,49,0,0,0)
[ 2031668] ASYNC(0000,49,0,0,0)
[ 2032694] ASYNC(0000,49,0,0,0)
[ 2032695] ASYNC(0000,49,0,0,0)
[ 2036278] ASYNC(0000,49,0,0,0)
[ 2037095] ASYNC(0000,49,0,0,0)
[ 2040476] ASYNC(0000,49,0,0,0)
[ 2040477] ASYNC(0000,49,0,0,0)
[ 2040478] ASYNC(0000,49,0,0,0)
[ 2041299] ASYNC(0000,49,0,0,0)
[ 2041302] ASYNC(0000,49,0,0,0)
[ 2041498] ASYNC(0000,49,0,0,0)
[ 2041601] ASYNC(0000,49,0,0,0)
[ 2042114] ASYNC(0000,49,0,0,0)
[ 2042522] ASYNC(0000,49,0,0,0)
[ 2043237] ASYNC(0000,49,0,0,0)
[ 2044366] ASYNC(0000,49,0,0,0)
[ 2044876] ASYNC(0000,49,0,0,0)
[ 2046618] ASYNC(0000,49,0,0,0)
[ 2047130] ASYNC(0000,49,0,0,0)
[ 2047232] ASYNC(0000,49,0,0,0)
[ 2050515] ASYNC(0000,49,0,0,0)
[ 2051334] ASYNC(0000,49,0,0,0)
[ 2051635] ASYNC(0000,49,0,0,0)
[ 2052150] ASYNC(0000,49,0,0,0)
[ 2055531] ASYNC(0000,49,0,0,0)
[ 2056349] ASYNC(0000,49,0,0,0)
[ 2056549] ASYNC(0000,49,0,0,0)
[ 2057164] ASYNC(0000,49,0,0,0)
[ 2057780] ASYNC(0000,49,0,0,0)
[ 2058291] ASYNC(0000,49,0,0,0)
[ 2058803] ASYNC(0000,49,0,0,0)
[ 2059211] ASYNC(0000,49,0,0,0)
[ 2059726] ASYNC(0000,49,0,0,0)
[ 2060547] ASYNC(0000,49,0,0,0)
[ 2061365] ASYNC(0000,49,0,0,0)
[ 2061568] ASYNC(0000,49,0,0,0)
[ 2061569] ASYNC(0000,49,0,0,0)
[ 2062081] ASYNC(0000,49,0,0,0)
[ 2062183] ASYNC(0000,49,0,0,0)
[ 2063104] ASYNC(0000,49,0,0,0)
[ 2063616] ASYNC(0000,49,0,0,0)
[ 2063923] ASYNC(0000,49,0,0,0)
[ 2064128] ASYNC(0000,49,0,0,0)
[ 2064946] ASYNC(0000,49,0,0,0)
[ 2066383] ASYNC(0000,49,0,0,0)
[ 2066586] ASYNC(0000,49,0,0,0)
[ 2066995] ASYNC(0000,49,0,0,0)
[ 2067099] ASYNC(0000,49,0,0,0)
[ 2070480] ASYNC(0000,49,0,0,0)
[ 2071296] ASYNC(0000,49,0,0,0)
[ 2071299] ASYNC(0000,49,0,0,0)
[ 2071604] ASYNC(0000,49,0,0,0)
[ 2071605] ASYNC(0000,49,0,0,0)
[ 2076210] ASYNC(0000,49,0,0,0)
[ 2076315] ASYNC(0000,49,0,0,0)
[ 2076519] ASYNC(0000,49,0,0,0)
[ 2076621] ASYNC(0000,49,0,0,0)
[ 2077136] ASYNC(0000,49,0,0,0)
[ 2077849] ASYNC(0000,49,0,0,0)
[ 2078773] ASYNC(0000,49,0,0,0)
[ 2079797] ASYNC(0000,49,0,0,0)
[ 2080516] ASYNC(0000,49,0,0,0)
[ 2081335] ASYNC(0000,49,0,0,0)
[ 2081434] ASYNC(0000,49,0,0,0)
[ 2081535] ASYNC(0000,49,0,0,0)
[ 2081639] ASYNC(0000,49,0,0,0)
[ 2081741] ASYNC(0000,49,0,0,0)
[ 2082152] ASYNC(0000,49,0,0,0)
[ 2082457] ASYNC(0000,49,0,0,0)
[ 2082559] ASYNC(0000,49,0,0,0)
[ 2083483] ASYNC(0000,49,0,0,0)
[ 2083992] ASYNC(0000,49,0,0,0)
[ 2084918] ASYNC(0000,49,0,0,0)
[ 2085017] ASYNC(0000,49,0,0,0)
[ 2086350] ASYNC(0000,49,0,0,0)
[ 2087171] ASYNC(0000,49,0,0,0)
Wed Dec 25 04:58:48 AM EST 2024
test.bash: Running wget
[ 2091368] ASYNC(0000,49,0,0,0)
[ 2091573] ASYNC(0000,49,0,0,0)
[ 2096389] ASYNC(0000,49,0,0,0)
[ 2096592] ASYNC(0000,49,0,0,0)
[ 2096594] ASYNC(0000,49,0,0,0)
[ 2097103] ASYNC(0000,49,0,0,0)
[ 2097818] ASYNC(0000,49,0,0,0)
[ 2098843] ASYNC(0000,49,0,0,0)
[ 2100583] ASYNC(0000,49,0,0,0)
[ 2101302] ASYNC(0000,49,0,0,0)
[ 2101402] ASYNC(0000,49,0,0,0)
[ 2101606] ASYNC(0000,49,0,0,0)
[ 2101710] ASYNC(0000,49,0,0,0)
[ 2102324] ASYNC(0000,49,0,0,0)
[ 2103245] ASYNC(0000,49,0,0,0)
[ 2103347] ASYNC(0000,49,0,0,0)
[ 2103963] ASYNC(0000,49,0,0,0)
[ 2104268] ASYNC(0000,49,0,0,0)
test.bash: Failed at 1024 seconds
