test.bash: Waiting for reset
test.bash: Waiting for the server to start
Random selected PM: network.WLAN.PM_NONE
Starting server. OS: (sysname='rp2', nodename='rp2', release='1.24.1', version='v1.24.1 on 2024-11-29 (GNU 13.2.0 MinSizeRel)', machine='Raspberry Pi Pico W with RP2040') PM: 16
Waiting for connection...
Waiting for connection...
Waiting for connection...
[   14982] ASYNC(0000,ASSOC_REQ_IE,0,0,0)
[   14983] ASYNC(0000,AUTH,0,0,0)
[   14987] ASYNC(0000,ASSOC_RESP_IE,0,0,0)
[   14987] ASYNC(0000,ASSOC,0,0,0)
[   14987] ASYNC(0001,LINK,0,0,0)
[   14997] ASYNC(0000,PSK_SUP,6,0,0)
[   15068] ASYNC(0000,JOIN,0,0,0)
[   15068] ASYNC(0000,SET_SSID,0,0,0)
Connected: ('192.168.1.4', '255.255.255.0', '192.168.1.1', '192.168.1.1')
Actual PM: 0x10
test.bash: Sleeping for 1 seconds
Wed Dec 25 04:59:24 AM EST 2024
test.bash: Running wget
1609459222	: GET /temp
Console: Getting Temp...
test.bash: Response: {"unit": "C", "temp": 26.10811}
test.bash: Sleeping for 2 seconds
Wed Dec 25 04:59:26 AM EST 2024
test.bash: Running wget
1609459224	: GET /temp
Console: Getting Temp...
test.bash: Response: {"unit": "C", "temp": 28.91698}
test.bash: Sleeping for 4 seconds
Wed Dec 25 04:59:31 AM EST 2024
test.bash: Running wget
1609459228	: GET /temp
Console: Getting Temp...
test.bash: Response: {"unit": "C", "temp": 28.91698}
test.bash: Sleeping for 8 seconds
Wed Dec 25 04:59:39 AM EST 2024
test.bash: Running wget
1609459237	: GET /temp
Console: Getting Temp...
test.bash: Response: {"unit": "C", "temp": 28.91698}
test.bash: Sleeping for 16 seconds
Wed Dec 25 04:59:55 AM EST 2024
test.bash: Running wget
1609459254	: GET /temp
Console: Getting Temp...
test.bash: Response: {"unit": "C", "temp": 29.38512}
test.bash: Sleeping for 32 seconds
Wed Dec 25 05:00:28 AM EST 2024
test.bash: Running wget
1609459286	: GET /temp
Console: Getting Temp...
test.bash: Response: {"unit": "C", "temp": 29.85327}
test.bash: Sleeping for 64 seconds
Wed Dec 25 05:01:33 AM EST 2024
test.bash: Running wget
1609459350	: GET /temp
Console: Getting Temp...
test.bash: Response: {"unit": "C", "temp": 29.85327}
test.bash: Sleeping for 128 seconds
Wed Dec 25 05:03:41 AM EST 2024
test.bash: Running wget
1609459478	: GET /temp
Console: Getting Temp...
test.bash: Response: {"unit": "C", "temp": 30.32144}
test.bash: Sleeping for 256 seconds
Wed Dec 25 05:07:57 AM EST 2024
test.bash: Running wget
1609459735	: GET /temp
Console: Getting Temp...
test.bash: Response: {"unit": "C", "temp": 30.32144}
test.bash: Sleeping for 512 seconds
Still checking Wi-Fi connection...
Debug: connected: True status: 3
Actual PM: 0x10
Wed Dec 25 05:16:29 AM EST 2024
test.bash: Running wget
1609460248	: GET /temp
Console: Getting Temp...
test.bash: Response: {"unit": "C", "temp": 28.91698}
test.bash: Sleeping for 1024 seconds
Still checking Wi-Fi connection...
Debug: connected: True status: 3
Actual PM: 0x10
Wed Dec 25 05:33:34 AM EST 2024
test.bash: Running wget
1609461273	: GET /temp
Console: Gettintest.bash: Response: {"unit": "C", "temp": 27.51254}
g Temtest.bash: Sleeping for 2048 seconds
p...
Still checking Wi-Fi connection...
Debug: connected: True status: 3
Actual PM: 0x10
Still checking Wi-Fi connection...
Debug: connected: True status: 3
Actual PM: 0x10
[ 3021779] ASYNC(0000,PSK_SUP,6,0,0)
[ 3021844] ASYNC(0000,49,0,0,0)
[ 3022456] ASYNC(0000,49,0,0,0)
Still checking Wi-Fi connection...
Debug: connected: True status: 3
Actual PM: 0x10
Wed Dec 25 06:07:43 AM EST 2024
test.bash: Running wget
1609463321	: GET /temp
Console: Getting Temp...
