test.bash: Waiting for reset
test.bash: Waiting for the server to start
Random selected PM: network.WLAN.PM_POWERSAVE
Starting server. OS: (sysname='rp2', nodename='rp2', release='1.24.1', version='v1.24.1 on 2024-11-29 (GNU 13.2.0 MinSizeRel)', machine='Raspberry Pi Pico W with RP2040') PM: 17
Waiting for connection...
Waiting for connection...
Waiting for connection...
[   15005] ASYNC(0000,ASSOC_REQ_IE,0,0,0)
[   15005] ASYNC(0000,AUTH,0,0,0)
[   15022] ASYNC(0000,ASSOC_RESP_IE,0,0,0)
[   15022] ASYNC(0000,ASSOC,0,0,0)
[   15023] ASYNC(0001,LINK,0,0,0)
[   15035] ASYNC(0000,PSK_SUP,6,0,0)
[   15095] ASYNC(0000,JOIN,0,0,0)
[   15095] ASYNC(0000,SET_SSID,0,0,0)
Waiting for connection...
Waiting for connection...
Connected: ('192.168.1.4', '255.255.255.0', '192.168.1.1', '192.168.1.1')
Actual PM: 0x11
test.bash: Sleeping for 1 seconds
Wed Dec 25 12:56:36 AM EST 2024
test.bash: Running wget
1609459222	: GET /temp
Console: Getting Temp...
test.bash: Response: {"unit": "C", "temp": 26.57626}
test.bash: Sleeping for 2 seconds
Wed Dec 25 12:56:38 AM EST 2024
test.bash: Running wget
1609459224	: GET /temp
Console: Getting Temp...
test.bash: Response: {"unit": "C", "temp": 29.85327}
test.bash: Sleeping for 4 seconds
Wed Dec 25 12:56:43 AM EST 2024
test.bash: Running wget
test.bash: Response: {"unit": "C", "temp": 29.85327}
test.bash: Sleeping for 8 seconds
1609459228	: GET /temp
Console: Getting Temp...
Wed Dec 25 12:56:51 AM EST 2024
test.bash: Running wget
1609459237	: GET /temp
Console: Getting Temp...
test.bash: Response: {"unit": "C", "temp": 29.85327}
test.bash: Sleeping for 16 seconds
Wed Dec 25 12:57:07 AM EST 2024
test.bash: Running wget
1609459253	: GET /temp
Console: Getting Temp...
test.bash: Response: {"unit": "C", "temp": 29.85327}
test.bash: Sleeping for 32 seconds
Wed Dec 25 12:57:40 AM EST 2024
test.bash: Running wget
1609459286	: GET /temp
Console: Getting Temp...
test.bash: Response: {"unit": "C", "temp": 29.85327}
test.bash: Sleeping for 64 seconds
Wed Dec 25 12:58:45 AM EST 2024
test.bash: Running wget
1609459351	: GET /temp
Console: Getting Temp...
test.bash: Response: {"unit": "C", "temp": 30.32144}
test.bash: Sleeping for 128 seconds
Wed Dec 25 01:00:53 AM EST 2024
test.bash: Running wget
1609459479	: GET /temp
Console: Getting Temp...
test.bash: Response: {"unit": "C", "temp": 30.32144}
test.bash: Sleeping for 256 seconds
Wed Dec 25 01:05:10 AM EST 2024
test.bash: Running wget
1609459735	: GET /temp
Console: Getting Temp...
test.bash: Response: {"unit": "C", "temp": 29.85327}
test.bash: Sleeping for 512 seconds
Still checking Wi-Fi connection...
Debug: connected: True status: 3
Actual PM: 0x11
Wed Dec 25 01:13:42 AM EST 2024
test.bash: Running wget
test.bash: Response: {"unit": "C", "temp": 28.91698}
test.bash: Sleeping for 1024 seconds
1609460267	: GET /temp
Console: Getting Temp...
Still checking Wi-Fi connection...
Debug: connected: True status: 3
Actual PM: 0x11
Wed Dec 25 01:31:05 AM EST 2024
test.bash: Running wget
test.bash: Response: {"unit": "C", "temp": 27.0444}
test.bash: Sleeping for 2048 seconds
1609461311	: GET /temp
Console: Getting Temp...
Still checking Wi-Fi connection...
Debug: connected: True status: 3
Actual PM: 0x11
Still checking Wi-Fi connection...
Debug: connected: True status: 3
Actual PM: 0x11
[ 3172924] ASYNC(0000,49,0,0,0)
[ 3173130] ASYNC(0000,49,0,0,0)
[ 3173540] ASYNC(0000,49,0,0,0)
[ 3176201] ASYNC(0000,49,0,0,0)
[ 3176713] ASYNC(0000,49,0,0,0)
[ 3177123] ASYNC(0000,49,0,0,0)
[ 3177941] ASYNC(0000,49,0,0,0)
[ 3178148] ASYNC(0000,49,0,0,0)
[ 3178557] ASYNC(0000,49,0,0,0)
[ 3181219] ASYNC(0000,49,0,0,0)
[ 3181935] ASYNC(0000,49,0,0,0)
[ 3182140] ASYNC(0000,49,0,0,0)
[ 3183166] ASYNC(0000,49,0,0,0)
[ 3183575] ASYNC(0000,49,0,0,0)
[ 3186236] ASYNC(0000,49,0,0,0)
[ 3187158] ASYNC(0000,49,0,0,0)
[ 3188183] ASYNC(0000,49,0,0,0)
[ 3188593] ASYNC(0000,49,0,0,0)
[ 3189308] ASYNC(0000,49,0,0,0)
[ 3189309] ASYNC(0000,49,0,0,0)
[ 3189820] ASYNC(0000,49,0,0,0)
[ 3190434] ASYNC(0000,49,0,0,0)
[ 3190846] ASYNC(0000,49,0,0,0)
[ 3191151] ASYNC(0000,49,0,0,0)
[ 3191356] ASYNC(0000,49,0,0,0)
[ 3191357] ASYNC(0000,49,0,0,0)
[ 3191358] ASYNC(0000,49,0,0,0)
[ 3192175] ASYNC(0000,49,0,0,0)
[ 3192892] ASYNC(0000,49,0,0,0)
[ 3192994] ASYNC(0000,49,0,0,0)
[ 3192995] ASYNC(0000,49,0,0,0)
[ 3193098] ASYNC(0000,49,0,0,0)
[ 3193610] ASYNC(0000,49,0,0,0)
[ 3196169] ASYNC(0000,49,0,0,0)
[ 3197193] ASYNC(0000,49,0,0,0)
[ 3197909] ASYNC(0000,49,0,0,0)
[ 3198116] ASYNC(0000,49,0,0,0)
[ 3198628] ASYNC(0000,49,0,0,0)
[ 3199036] ASYNC(0000,49,0,0,0)
[ 3201187] ASYNC(0000,49,0,0,0)
[ 3201391] ASYNC(0000,49,0,0,0)
[ 3202211] ASYNC(0000,49,0,0,0)
[ 3203134] ASYNC(0000,49,0,0,0)
[ 3203543] ASYNC(0000,49,0,0,0)
[ 3204975] ASYNC(0000,49,0,0,0)
[ 3205080] ASYNC(0000,49,0,0,0)
[ 3205084] ASYNC(0000,49,0,0,0)
[ 3206204] ASYNC(0000,49,0,0,0)
[ 3206511] ASYNC(0000,49,0,0,0)
[ 3207126] ASYNC(0000,49,0,0,0)
[ 3208151] ASYNC(0000,49,0,0,0)
[ 3208561] ASYNC(0000,49,0,0,0)
[ 3208764] ASYNC(0000,49,0,0,0)
[ 3209276] ASYNC(0000,49,0,0,0)
[ 3210710] ASYNC(0000,49,0,0,0)
[ 3211222] ASYNC(0000,49,0,0,0)
[ 3211460] ASYNC(0000,49,0,0,0)
[ 3211632] ASYNC(0000,49,0,0,0)
[ 3212144] ASYNC(0000,49,0,0,0)
[ 3213068] ASYNC(0000,49,0,0,0)
[ 3213181] ASYNC(0000,49,0,0,0)
[ 3213578] ASYNC(0000,49,0,0,0)
[ 3213884] ASYNC(0000,49,0,0,0)
[ 3214498] ASYNC(0000,49,0,0,0)
[ 3216137] ASYNC(0000,49,0,0,0)
[ 3217161] ASYNC(0000,49,0,0,0)
[ 3217980] ASYNC(0000,49,0,0,0)
[ 3218186] ASYNC(0000,49,0,0,0)
[ 3218596] ASYNC(0000,49,0,0,0)
[ 3219004] ASYNC(0000,49,0,0,0)
[ 3219618] ASYNC(0000,49,0,0,0)
[ 3220963] ASYNC(0000,49,0,0,0)
[ 3221155] ASYNC(0000,49,0,0,0)
[ 3222179] ASYNC(0000,49,0,0,0)
[ 3223217] ASYNC(0000,49,0,0,0)
[ 3223338] ASYNC(0000,49,0,0,0)
[ 3223645] ASYNC(0000,49,0,0,0)
[ 3226206] ASYNC(0000,49,0,0,0)
[ 3227091] ASYNC(0000,49,0,0,0)
[ 3228255] ASYNC(0000,49,0,0,0)
[ 3228531] ASYNC(0000,49,0,0,0)
[ 3228630] ASYNC(0000,49,0,0,0)
[ 3230506] ASYNC(0000,49,0,0,0)
[ 3230507] ASYNC(0000,49,0,0,0)
[ 3231202] ASYNC(0000,49,0,0,0)
[ 3231407] ASYNC(0000,49,0,0,0)
[ 3231530] ASYNC(0000,49,0,0,0)
[ 3231531] ASYNC(0000,49,0,0,0)
[ 3232145] ASYNC(0000,49,0,0,0)
[ 3232320] ASYNC(0000,49,0,0,0)
[ 3232418] ASYNC(0000,49,0,0,0)
[ 3233580] ASYNC(0000,49,0,0,0)
[ 3236228] ASYNC(0000,49,0,0,0)
[ 3236732] ASYNC(0000,49,0,0,0)
[ 3237142] ASYNC(0000,49,0,0,0)
[ 3238157] ASYNC(0000,49,0,0,0)
[ 3238576] ASYNC(0000,49,0,0,0)
[ 3238985] ASYNC(0000,49,0,0,0)
[ 3239722] ASYNC(0000,49,0,0,0)
[ 3241238] ASYNC(0000,49,0,0,0)
[ 3241975] ASYNC(0000,49,0,0,0)
[ 3242180] ASYNC(0000,49,0,0,0)
[ 3243206] ASYNC(0000,49,0,0,0)
[ 3243615] ASYNC(0000,49,0,0,0)
[ 3244433] ASYNC(0000,49,0,0,0)
[ 3244433] ASYNC(0000,49,0,0,0)
[ 3246153] ASYNC(0000,49,0,0,0)
[ 3247177] ASYNC(0000,49,0,0,0)
[ 3248202] ASYNC(0000,49,0,0,0)
[ 3248602] ASYNC(0000,49,0,0,0)
[ 3250850] ASYNC(0000,49,0,0,0)
[ 3250966] ASYNC(0000,49,0,0,0)
[ 3251185] ASYNC(0000,49,0,0,0)
[ 3251374] ASYNC(0000,49,0,0,0)
[ 3252215] ASYNC(0000,49,0,0,0)
[ 3253241] ASYNC(0000,49,0,0,0)
[ 3253650] ASYNC(0000,49,0,0,0)
[ 3256188] ASYNC(0000,49,0,0,0)
[ 3257213] ASYNC(0000,49,0,0,0)
[ 3258022] ASYNC(0000,49,0,0,0)
[ 3258238] ASYNC(0000,49,0,0,0)
[ 3258647] ASYNC(0000,49,0,0,0)
[ 3259056] ASYNC(0000,49,0,0,0)
[ 3261227] ASYNC(0000,49,0,0,0)
[ 3262117] ASYNC(0000,49,0,0,0)
[ 3263252] ASYNC(0000,49,0,0,0)
[ 3266223] ASYNC(0000,49,0,0,0)
[ 3266624] ASYNC(0000,49,0,0,0)
[ 3267166] ASYNC(0000,49,0,0,0)
[ 3268273] ASYNC(0000,49,0,0,0)
[ 3268580] ASYNC(0000,49,0,0,0)
[ 3268804] ASYNC(0000,49,0,0,0)
[ 3269418] ASYNC(0000,49,0,0,0)
[ 3269419] ASYNC(0000,49,0,0,0)
[ 3270430] ASYNC(0000,49,0,0,0)
[ 3270431] ASYNC(0000,49,0,0,0)
[ 3270514] ASYNC(0000,49,0,0,0)
[ 3271262] ASYNC(0000,49,0,0,0)
[ 3271343] ASYNC(0000,49,0,0,0)
[ 3271433] ASYNC(0000,49,0,0,0)
[ 3271672] ASYNC(0000,49,0,0,0)
[ 3271947] ASYNC(0000,49,0,0,0)
[ 3272163] ASYNC(0000,49,0,0,0)
[ 3273101] ASYNC(0000,49,0,0,0)
[ 3273188] ASYNC(0000,49,0,0,0)
[ 3273585] ASYNC(0000,49,0,0,0)
[ 3273924] ASYNC(0000,49,0,0,0)
[ 3274539] ASYNC(0000,49,0,0,0)
[ 3276177] ASYNC(0000,49,0,0,0)
[ 3277201] ASYNC(0000,49,0,0,0)
[ 3278020] ASYNC(0000,49,0,0,0)
[ 3278227] ASYNC(0000,49,0,0,0)
[ 3278636] ASYNC(0000,49,0,0,0)
[ 3279044] ASYNC(0000,49,0,0,0)
[ 3279641] ASYNC(0000,49,0,0,0)
[ 3280068] ASYNC(0000,49,0,0,0)
[ 3280970] ASYNC(0000,49,0,0,0)
[ 3281174] ASYNC(0000,49,0,0,0)
[ 3282198] ASYNC(0000,49,0,0,0)
[ 3283223] ASYNC(0000,49,0,0,0)
[ 3283426] ASYNC(0000,49,0,0,0)
[ 3283620] ASYNC(0000,49,0,0,0)
[ 3287102] ASYNC(0000,49,0,0,0)
[ 3287236] ASYNC(0000,49,0,0,0)
[ 3288233] ASYNC(0000,49,0,0,0)
[ 3288546] ASYNC(0000,49,0,0,0)
[ 3288671] ASYNC(0000,49,0,0,0)
[ 3289455] ASYNC(0000,49,0,0,0)
[ 3289456] ASYNC(0000,49,0,0,0)
[ 3290685] ASYNC(0000,49,0,0,0)
[ 3291210] ASYNC(0000,49,0,0,0)
[ 3291619] ASYNC(0000,49,0,0,0)
[ 3292152] ASYNC(0000,49,0,0,0)
[ 3293052] ASYNC(0000,49,0,0,0)
[ 3293053] ASYNC(0000,49,0,0,0)
[ 3293259] ASYNC(0000,49,0,0,0)
[ 3293655] ASYNC(0000,49,0,0,0)
[ 3296215] ASYNC(0000,49,0,0,0)
[ 3296739] ASYNC(0000,49,0,0,0)
[ 3297149] ASYNC(0000,49,0,0,0)
[ 3298063] ASYNC(0000,49,0,0,0)
[ 3298297] ASYNC(0000,49,0,0,0)
[ 3301244] ASYNC(0000,49,0,0,0)
[ 3301982] ASYNC(0000,49,0,0,0)
[ 3302187] ASYNC(0000,49,0,0,0)
[ 3303294] ASYNC(0000,49,0,0,0)
[ 3303622] ASYNC(0000,49,0,0,0)
[ 3306160] ASYNC(0000,49,0,0,0)
[ 3307184] ASYNC(0000,49,0,0,0)
[ 3308332] ASYNC(0000,49,0,0,0)
[ 3308619] ASYNC(0000,49,0,0,0)
[ 3310864] ASYNC(0000,49,0,0,0)
[ 3310994] ASYNC(0000,49,0,0,0)
[ 3311185] ASYNC(0000,49,0,0,0)
[ 3311894] ASYNC(0000,49,0,0,0)
[ 3312222] ASYNC(0000,49,0,0,0)
[ 3313110] ASYNC(0000,49,0,0,0)
[ 3313248] ASYNC(0000,49,0,0,0)
[ 3313657] ASYNC(0000,49,0,0,0)
[ 3316195] ASYNC(0000,49,0,0,0)
[ 3317219] ASYNC(0000,49,0,0,0)
[ 3318139] ASYNC(0000,49,0,0,0)
[ 3318244] ASYNC(0000,49,0,0,0)
[ 3318654] ASYNC(0000,49,0,0,0)
[ 3319062] ASYNC(0000,49,0,0,0)
[ 3321200] ASYNC(0000,49,0,0,0)
[ 3321436] ASYNC(0000,49,0,0,0)
[ 3322134] ASYNC(0000,49,0,0,0)
[ 3323283] ASYNC(0000,49,0,0,0)
[ 3323692] ASYNC(0000,49,0,0,0)
[ 3326233] ASYNC(0000,49,0,0,0)
[ 3326639] ASYNC(0000,49,0,0,0)
[ 3327173] ASYNC(0000,49,0,0,0)
[ 3328280] ASYNC(0000,49,0,0,0)
[ 3328689] ASYNC(0000,49,0,0,0)
[ 3328811] ASYNC(0000,49,0,0,0)
[ 3330530] ASYNC(0000,49,0,0,0)
[ 3331269] ASYNC(0000,49,0,0,0)
[ 3331646] ASYNC(0000,49,0,0,0)
[ 3331649] ASYNC(0000,49,0,0,0)
[ 3332169] ASYNC(0000,49,0,0,0)
[ 3333318] ASYNC(0000,49,0,0,0)
[ 3333727] ASYNC(0000,49,0,0,0)
[ 3333931] ASYNC(0000,49,0,0,0)
[ 3334545] ASYNC(0000,49,0,0,0)
[ 3336184] ASYNC(0000,49,0,0,0)
[ 3337208] ASYNC(0000,49,0,0,0)
[ 3337994] ASYNC(0000,49,0,0,0)
[ 3338315] ASYNC(0000,49,0,0,0)
[ 3338643] ASYNC(0000,49,0,0,0)
[ 3339132] ASYNC(0000,49,0,0,0)
[ 3339665] ASYNC(0000,49,0,0,0)
[ 3339870] ASYNC(0000,49,0,0,0)
[ 3340977] ASYNC(0000,49,0,0,0)
[ 3341181] ASYNC(0000,49,0,0,0)
[ 3342205] ASYNC(0000,49,0,0,0)
[ 3343353] ASYNC(0000,49,0,0,0)
[ 3343627] ASYNC(0000,49,0,0,0)
[ 3346219] ASYNC(0000,49,0,0,0)
[ 3347119] ASYNC(0000,49,0,0,0)
[ 3347243] ASYNC(0000,49,0,0,0)
[ 3348350] ASYNC(0000,49,0,0,0)
[ 3348472] ASYNC(0000,49,0,0,0)
[ 3348678] ASYNC(0000,49,0,0,0)
[ 3349364] ASYNC(0000,49,0,0,0)
[ 3349906] ASYNC(0000,49,0,0,0)
[ 3350601] ASYNC(0000,49,0,0,0)
[ 3350930] ASYNC(0000,49,0,0,0)
[ 3351216] ASYNC(0000,49,0,0,0)
[ 3351530] ASYNC(0000,49,0,0,0)
[ 3351531] ASYNC(0000,49,0,0,0)
[ 3351920] ASYNC(0000,49,0,0,0)
[ 3352035] ASYNC(0000,49,0,0,0)
[ 3352159] ASYNC(0000,49,0,0,0)
[ 3353151] ASYNC(0000,49,0,0,0)
[ 3353265] ASYNC(0000,49,0,0,0)
[ 3353694] ASYNC(0000,49,0,0,0)
[ 3356255] ASYNC(0000,49,0,0,0)
[ 3356736] ASYNC(0000,49,0,0,0)
[ 3357155] ASYNC(0000,49,0,0,0)
[ 3358097] ASYNC(0000,49,0,0,0)
[ 3358304] ASYNC(0000,49,0,0,0)
[ 3358713] ASYNC(0000,49,0,0,0)
[ 3359089] ASYNC(0000,49,0,0,0)
[ 3361251] ASYNC(0000,49,0,0,0)
[ 3361962] ASYNC(0000,49,0,0,0)
[ 3362158] ASYNC(0000,49,0,0,0)
[ 3363301] ASYNC(0000,49,0,0,0)
[ 3363710] ASYNC(0000,49,0,0,0)
[ 3367190] ASYNC(0000,49,0,0,0)
[ 3368325] ASYNC(0000,49,0,0,0)
[ 3368325] ASYNC(0000,49,0,0,0)
[ 3368716] ASYNC(0000,49,0,0,0)
[ 3369443] ASYNC(0000,49,0,0,0)
[ 3369534] ASYNC(0000,49,0,0,0)
[ 3370590] ASYNC(0000,49,0,0,0)
[ 3371001] ASYNC(0000,49,0,0,0)
[ 3371205] ASYNC(0000,49,0,0,0)
[ 3371491] ASYNC(0000,49,0,0,0)
[ 3371614] ASYNC(0000,49,0,0,0)
[ 3372229] ASYNC(0000,49,0,0,0)
[ 3373222] ASYNC(0000,49,0,0,0)
[ 3373336] ASYNC(0000,49,0,0,0)
[ 3373664] ASYNC(0000,49,0,0,0)
[ 3376202] ASYNC(0000,49,0,0,0)
[ 3377144] ASYNC(0000,49,0,0,0)
[ 3377145] ASYNC(0000,49,0,0,0)
[ 3378168] ASYNC(0000,49,0,0,0)
[ 3378169] ASYNC(0000,49,0,0,0)
[ 3378374] ASYNC(0000,49,0,0,0)
[ 3378660] ASYNC(0000,49,0,0,0)
[ 3379068] ASYNC(0000,49,0,0,0)
[ 3379273] ASYNC(0000,49,0,0,0)
[ 3381240] ASYNC(0000,49,0,0,0)
[ 3382142] ASYNC(0000,49,0,0,0)
[ 3383371] ASYNC(0000,49,0,0,0)
[ 3383667] ASYNC(0000,49,0,0,0)
[ 3384312] ASYNC(0000,49,0,0,0)
[ 3385336] ASYNC(0000,49,0,0,0)
[ 3386237] ASYNC(0000,49,0,0,0)
[ 3386360] ASYNC(0000,49,0,0,0)
[ 3386565] ASYNC(0000,49,0,0,0)
[ 3388286] ASYNC(0000,49,0,0,0)
[ 3388696] ASYNC(0000,49,0,0,0)
[ 3388784] ASYNC(0000,49,0,0,0)
[ 3390934] ASYNC(0000,49,0,0,0)
[ 3391276] ASYNC(0000,49,0,0,0)
[ 3391480] ASYNC(0000,49,0,0,0)
[ 3391674] ASYNC(0000,49,0,0,0)
[ 3392176] ASYNC(0000,49,0,0,0)
[ 3392485] ASYNC(0000,49,0,0,0)
[ 3393200] ASYNC(0000,49,0,0,0)
[ 3393201] ASYNC(0000,49,0,0,0)
[ 3393325] ASYNC(0000,49,0,0,0)
[ 3393498] ASYNC(0000,49,0,0,0)
[ 3393734] ASYNC(0000,49,0,0,0)
[ 3394142] ASYNC(0000,49,0,0,0)
[ 3394757] ASYNC(0000,49,0,0,0)
[ 3396191] ASYNC(0000,49,0,0,0)
[ 3398322] ASYNC(0000,49,0,0,0)
[ 3398614] ASYNC(0000,49,0,0,0)
[ 3398731] ASYNC(0000,49,0,0,0)
[ 3399139] ASYNC(0000,49,0,0,0)
[ 3399651] ASYNC(0000,49,0,0,0)
[ 3399877] ASYNC(0000,49,0,0,0)
[ 3400697] ASYNC(0000,49,0,0,0)
[ 3400984] ASYNC(0000,49,0,0,0)
[ 3401189] ASYNC(0000,49,0,0,0)
[ 3402211] ASYNC(0000,49,0,0,0)
[ 3403325] ASYNC(0000,49,0,0,0)
[ 3403440] ASYNC(0000,49,0,0,0)
[ 3403769] ASYNC(0000,49,0,0,0)
[ 3405816] ASYNC(0000,49,0,0,0)
[ 3406226] ASYNC(0000,49,0,0,0)
[ 3407126] ASYNC(0000,49,0,0,0)
[ 3407128] ASYNC(0000,49,0,0,0)
[ 3407864] ASYNC(0000,49,0,0,0)
[ 3408357] ASYNC(0000,49,0,0,0)
[ 3408560] ASYNC(0000,49,0,0,0)
[ 3408665] ASYNC(0000,49,0,0,0)
[ 3410526] ASYNC(0000,49,0,0,0)
[ 3412165] ASYNC(0000,49,0,0,0)
[ 3412779] ASYNC(0000,49,0,0,0)
[ 3413396] ASYNC(0000,49,0,0,0)
[ 3413670] ASYNC(0000,49,0,0,0)
[ 3413803] ASYNC(0000,49,0,0,0)
[ 3414805] ASYNC(0000,49,0,0,0)
[ 3415927] ASYNC(0000,49,0,0,0)
[ 3416229] ASYNC(0000,49,0,0,0)
[ 3416754] ASYNC(0000,49,0,0,0)
[ 3416957] ASYNC(0000,49,0,0,0)
[ 3417162] ASYNC(0000,49,0,0,0)
[ 3417981] ASYNC(0000,49,0,0,0)
[ 3418392] ASYNC(0000,49,0,0,0)
[ 3418695] ASYNC(0000,49,0,0,0)
[ 3420029] ASYNC(0000,49,0,0,0)
[ 3421041] ASYNC(0000,49,0,0,0)
[ 3421176] ASYNC(0000,49,0,0,0)
[ 3421178] ASYNC(0000,49,0,0,0)
[ 3421995] ASYNC(0000,49,0,0,0)
[ 3422200] ASYNC(0000,49,0,0,0)
[ 3422202] ASYNC(0000,49,0,0,0)
[ 3422203] ASYNC(0000,49,0,0,0)
[ 3423101] ASYNC(0000,49,0,0,0)
[ 3423431] ASYNC(0000,49,0,0,0)
[ 3423717] ASYNC(0000,49,0,0,0)
[ 3424248] ASYNC(0000,49,0,0,0)
[ 3425275] ASYNC(0000,49,0,0,0)
[ 3426173] ASYNC(0000,49,0,0,0)
[ 3426296] ASYNC(0000,49,0,0,0)
[ 3426787] ASYNC(0000,49,0,0,0)
[ 3427197] ASYNC(0000,49,0,0,0)
[ 3428328] ASYNC(0000,49,0,0,0)
[ 3428329] ASYNC(0000,49,0,0,0)
[ 3428755] ASYNC(0000,49,0,0,0)
[ 3429369] ASYNC(0000,49,0,0,0)
[ 3430474] ASYNC(0000,49,0,0,0)
[ 3430995] ASYNC(0000,49,0,0,0)
[ 3431212] ASYNC(0000,49,0,0,0)
[ 3431498] ASYNC(0000,49,0,0,0)
[ 3432204] ASYNC(0000,49,0,0,0)
[ 3432522] ASYNC(0000,49,0,0,0)
[ 3433330] ASYNC(0000,49,0,0,0)
[ 3433466] ASYNC(0000,49,0,0,0)
[ 3433470] ASYNC(0000,49,0,0,0)
[ 3433471] ASYNC(0000,49,0,0,0)
[ 3433546] ASYNC(0000,49,0,0,0)
[ 3433752] ASYNC(0000,49,0,0,0)
[ 3433955] ASYNC(0000,49,0,0,0)
[ 3434354] ASYNC(0000,49,0,0,0)
[ 3434570] ASYNC(0000,49,0,0,0)
[ 3434869] ASYNC(0000,49,0,0,0)
[ 3434870] ASYNC(0000,49,0,0,0)
[ 3435922] ASYNC(0000,49,0,0,0)
[ 3436209] ASYNC(0000,49,0,0,0)
[ 3436946] ASYNC(0000,49,0,0,0)
[ 3437151] ASYNC(0000,49,0,0,0)
[ 3437938] ASYNC(0000,49,0,0,0)
[ 3438175] ASYNC(0000,49,0,0,0)
[ 3438381] ASYNC(0000,49,0,0,0)
[ 3438671] ASYNC(0000,49,0,0,0)
[ 3438871] ASYNC(0000,49,0,0,0)
[ 3439062] ASYNC(0000,49,0,0,0)
[ 3439063] ASYNC(0000,49,0,0,0)
[ 3439882] ASYNC(0000,49,0,0,0)
[ 3441236] ASYNC(0000,49,0,0,0)
[ 3441448] ASYNC(0000,49,0,0,0)
[ 3442148] ASYNC(0000,49,0,0,0)
[ 3443365] ASYNC(0000,49,0,0,0)
[ 3443706] ASYNC(0000,49,0,0,0)
[ 3446244] ASYNC(0000,49,0,0,0)
[ 3446653] ASYNC(0000,49,0,0,0)
[ 3447186] ASYNC(0000,49,0,0,0)
[ 3448417] ASYNC(0000,49,0,0,0)
[ 3448690] ASYNC(0000,49,0,0,0)
[ 3449508] ASYNC(0000,49,0,0,0)
[ 3449643] ASYNC(0000,49,0,0,0)
[ 3450544] ASYNC(0000,49,0,0,0)
[ 3451159] ASYNC(0000,49,0,0,0)
[ 3451558] ASYNC(0000,49,0,0,0)
[ 3451978] ASYNC(0000,49,0,0,0)
[ 3452183] ASYNC(0000,49,0,0,0)
[ 3453207] ASYNC(0000,49,0,0,0)
[ 3453413] ASYNC(0000,49,0,0,0)
[ 3453741] ASYNC(0000,49,0,0,0)
[ 3454026] ASYNC(0000,49,0,0,0)
[ 3454150] ASYNC(0000,49,0,0,0)
[ 3454559] ASYNC(0000,49,0,0,0)
[ 3455173] ASYNC(0000,49,0,0,0)
[ 3456198] ASYNC(0000,49,0,0,0)
[ 3458122] ASYNC(0000,49,0,0,0)
[ 3458418] ASYNC(0000,49,0,0,0)
[ 3458738] ASYNC(0000,49,0,0,0)
[ 3459269] ASYNC(0000,49,0,0,0)
[ 3460991] ASYNC(0000,49,0,0,0)
[ 3461194] ASYNC(0000,49,0,0,0)
[ 3462218] ASYNC(0000,49,0,0,0)
[ 3463449] ASYNC(0000,49,0,0,0)
[ 3463450] ASYNC(0000,49,0,0,0)
[ 3463776] ASYNC(0000,49,0,0,0)
[ 3467133] ASYNC(0000,49,0,0,0)
[ 3467134] ASYNC(0000,49,0,0,0)
[ 3468364] ASYNC(0000,49,0,0,0)
[ 3468567] ASYNC(0000,49,0,0,0)
[ 3468764] ASYNC(0000,49,0,0,0)
[ 3469796] ASYNC(0000,49,0,0,0)
[ 3469796] ASYNC(0000,49,0,0,0)
[ 3470738] ASYNC(0000,49,0,0,0)
[ 3471226] ASYNC(0000,49,0,0,0)
[ 3472172] ASYNC(0000,49,0,0,0)
[ 3473196] ASYNC(0000,49,0,0,0)
[ 3473402] ASYNC(0000,49,0,0,0)
[ 3473688] ASYNC(0000,49,0,0,0)
[ 3474220] ASYNC(0000,49,0,0,0)
[ 3476872] ASYNC(0000,49,0,0,0)
[ 3478192] ASYNC(0000,49,0,0,0)
[ 3478399] ASYNC(0000,49,0,0,0)
[ 3478727] ASYNC(0000,49,0,0,0)
[ 3482183] ASYNC(0000,49,0,0,0)
[ 3483438] ASYNC(0000,49,0,0,0)
[ 3483724] ASYNC(0000,49,0,0,0)
[ 3485360] ASYNC(0000,49,0,0,0)
[ 3487204] ASYNC(0000,49,0,0,0)
[ 3488434] ASYNC(0000,49,0,0,0)
[ 3488728] ASYNC(0000,49,0,0,0)
[ 3489580] ASYNC(0000,49,0,0,0)
[ 3489581] ASYNC(0000,49,0,0,0)
[ 3490480] ASYNC(0000,49,0,0,0)
[ 3491013] ASYNC(0000,49,0,0,0)
[ 3491016] ASYNC(0000,49,0,0,0)
[ 3491018] ASYNC(0000,49,0,0,0)
[ 3491504] ASYNC(0000,49,0,0,0)
[ 3491628] ASYNC(0000,49,0,0,0)
[ 3491629] ASYNC(0000,49,0,0,0)
[ 3491914] ASYNC(0000,49,0,0,0)
[ 3492006] ASYNC(0000,49,0,0,0)
[ 3492119] ASYNC(0000,49,0,0,0)
[ 3492240] ASYNC(0000,49,0,0,0)
[ 3492938] ASYNC(0000,49,0,0,0)
[ 3493264] ASYNC(0000,49,0,0,0)
[ 3493759] ASYNC(0000,49,0,0,0)
[ 3494257] ASYNC(0000,49,0,0,0)
[ 3496215] ASYNC(0000,49,0,0,0)
[ 3497125] ASYNC(0000,49,0,0,0)
[ 3498470] ASYNC(0000,49,0,0,0)
[ 3498798] ASYNC(0000,49,0,0,0)
[ 3499082] ASYNC(0000,49,0,0,0)
[ 3499171] ASYNC(0000,49,0,0,0)
[ 3501254] ASYNC(0000,49,0,0,0)
[ 3502155] ASYNC(0000,49,0,0,0)
[ 3503508] ASYNC(0000,49,0,0,0)
[ 3503794] ASYNC(0000,49,0,0,0)
[ 3506251] ASYNC(0000,49,0,0,0)
[ 3506660] ASYNC(0000,49,0,0,0)
[ 3507159] ASYNC(0000,49,0,0,0)
[ 3508394] ASYNC(0000,49,0,0,0)
[ 3508709] ASYNC(0000,49,0,0,0)
[ 3508797] ASYNC(0000,49,0,0,0)
[ 3511157] ASYNC(0000,49,0,0,0)
Still checking Wi-Fi connection...
Debug: connected: True status: 3
Actual PM: 0x11
[ 3512095] ASYNC(0000,49,0,0,0)
[ 3512185] ASYNC(0000,49,0,0,0)
[ 3513420] ASYNC(0000,49,0,0,0)
[ 3513748] ASYNC(0000,49,0,0,0)
[ 3513951] ASYNC(0000,49,0,0,0)
[ 3514647] ASYNC(0000,49,0,0,0)
[ 3517229] ASYNC(0000,49,0,0,0)
[ 3518129] ASYNC(0000,49,0,0,0)
[ 3518745] ASYNC(0000,49,0,0,0)
[ 3519153] ASYNC(0000,49,0,0,0)
[ 3519767] ASYNC(0000,49,0,0,0)
[ 3520998] ASYNC(0000,49,0,0,0)
[ 3521201] ASYNC(0000,49,0,0,0)
[ 3522225] ASYNC(0000,49,0,0,0)
[ 3523455] ASYNC(0000,49,0,0,0)
[ 3523457] ASYNC(0000,49,0,0,0)
[ 3523783] ASYNC(0000,49,0,0,0)
[ 3526240] ASYNC(0000,49,0,0,0)
[ 3527140] ASYNC(0000,49,0,0,0)
[ 3527141] ASYNC(0000,49,0,0,0)
[ 3528574] ASYNC(0000,49,0,0,0)
[ 3528780] ASYNC(0000,49,0,0,0)
[ 3529598] ASYNC(0000,49,0,0,0)
[ 3529598] ASYNC(0000,49,0,0,0)
[ 3530622] ASYNC(0000,49,0,0,0)
[ 3531236] ASYNC(0000,49,0,0,0)
[ 3531634] ASYNC(0000,49,0,0,0)
[ 3532179] ASYNC(0000,49,0,0,0)
[ 3533284] ASYNC(0000,49,0,0,0)
[ 3533491] ASYNC(0000,49,0,0,0)
[ 3533818] ASYNC(0000,49,0,0,0)
[ 3536766] ASYNC(0000,49,0,0,0)
[ 3537176] ASYNC(0000,49,0,0,0)
[ 3538199] ASYNC(0000,49,0,0,0)
[ 3538527] ASYNC(0000,49,0,0,0)
[ 3539223] ASYNC(0000,49,0,0,0)
[ 3540248] ASYNC(0000,49,0,0,0)
[ 3541188] ASYNC(0000,49,0,0,0)
[ 3541476] ASYNC(0000,49,0,0,0)
[ 3541984] ASYNC(0000,49,0,0,0)
[ 3543444] ASYNC(0000,49,0,0,0)
[ 3543726] ASYNC(0000,49,0,0,0)
[ 3543850] ASYNC(0000,49,0,0,0)
[ 3545871] ASYNC(0000,49,0,0,0)
[ 3545872] ASYNC(0000,49,0,0,0)
[ 3546187] ASYNC(0000,49,0,0,0)
[ 3547204] ASYNC(0000,49,0,0,0)
[ 3548441] ASYNC(0000,49,0,0,0)
[ 3548739] ASYNC(0000,49,0,0,0)
[ 3550987] ASYNC(0000,49,0,0,0)
[ 3551191] ASYNC(0000,49,0,0,0)
[ 3552126] ASYNC(0000,49,0,0,0)
[ 3553346] ASYNC(0000,49,0,0,0)
[ 3553480] ASYNC(0000,49,0,0,0)
[ 3553766] ASYNC(0000,49,0,0,0)
[ 3556222] ASYNC(0000,49,0,0,0)
[ 3557162] ASYNC(0000,49,0,0,0)
[ 3558188] ASYNC(0000,49,0,0,0)
[ 3558464] ASYNC(0000,49,0,0,0)
[ 3558804] ASYNC(0000,49,0,0,0)
[ 3559075] ASYNC(0000,49,0,0,0)
[ 3561261] ASYNC(0000,49,0,0,0)
[ 3561547] ASYNC(0000,49,0,0,0)
[ 3562161] ASYNC(0000,49,0,0,0)
[ 3563515] ASYNC(0000,49,0,0,0)
[ 3563801] ASYNC(0000,49,0,0,0)
[ 3566257] ASYNC(0000,49,0,0,0)
[ 3566667] ASYNC(0000,49,0,0,0)
[ 3568512] ASYNC(0000,49,0,0,0)
[ 3568839] ASYNC(0000,49,0,0,0)
[ 3568841] ASYNC(0000,49,0,0,0)
[ 3571091] ASYNC(0000,49,0,0,0)
[ 3571173] ASYNC(0000,49,0,0,0)
[ 3571572] ASYNC(0000,49,0,0,0)
[ 3571706] ASYNC(0000,49,0,0,0)
[ 3571708] ASYNC(0000,49,0,0,0)
[ 3571709] ASYNC(0000,49,0,0,0)
[ 3571710] ASYNC(0000,49,0,0,0)
[ 3571991] ASYNC(0000,49,0,0,0)
[ 3572185] ASYNC(0000,49,0,0,0)
[ 3572491] ASYNC(0000,49,0,0,0)
[ 3572492] ASYNC(0000,49,0,0,0)
[ 3572606] ASYNC(0000,49,0,0,0)
[ 3572607] ASYNC(0000,49,0,0,0)
[ 3573550] ASYNC(0000,49,0,0,0)
[ 3573551] ASYNC(0000,49,0,0,0)
[ 3574041] ASYNC(0000,49,0,0,0)
[ 3574232] ASYNC(0000,49,0,0,0)
[ 3574572] ASYNC(0000,49,0,0,0)
[ 3577235] ASYNC(0000,49,0,0,0)
[ 3578227] ASYNC(0000,49,0,0,0)
[ 3578547] ASYNC(0000,49,0,0,0)
[ 3578751] ASYNC(0000,49,0,0,0)
[ 3579774] ASYNC(0000,49,0,0,0)
[ 3581000] ASYNC(0000,49,0,0,0)
[ 3581208] ASYNC(0000,49,0,0,0)
[ 3582143] ASYNC(0000,49,0,0,0)
[ 3583460] ASYNC(0000,49,0,0,0)
[ 3583463] ASYNC(0000,49,0,0,0)
[ 3583790] ASYNC(0000,49,0,0,0)
[ 3587147] ASYNC(0000,49,0,0,0)
[ 3587148] ASYNC(0000,49,0,0,0)
[ 3588501] ASYNC(0000,49,0,0,0)
[ 3588580] ASYNC(0000,49,0,0,0)
[ 3588787] ASYNC(0000,49,0,0,0)
[ 3591243] ASYNC(0000,49,0,0,0)
[ 3592177] ASYNC(0000,49,0,0,0)
[ 3592267] ASYNC(0000,49,0,0,0)
[ 3593501] ASYNC(0000,49,0,0,0)
[ 3597183] ASYNC(0000,49,0,0,0)
[ 3598822] ASYNC(0000,49,0,0,0)
[ 3599230] ASYNC(0000,49,0,0,0)
[ 3601197] ASYNC(0000,49,0,0,0)
[ 3602016] ASYNC(0000,49,0,0,0)
[ 3602208] ASYNC(0000,49,0,0,0)
[ 3602288] ASYNC(0000,49,0,0,0)
[ 3603537] ASYNC(0000,49,0,0,0)
[ 3606194] ASYNC(0000,49,0,0,0)
[ 3607218] ASYNC(0000,49,0,0,0)
[ 3610995] ASYNC(0000,49,0,0,0)
[ 3611200] ASYNC(0000,49,0,0,0)
[ 3611641] ASYNC(0000,49,0,0,0)
[ 3612050] ASYNC(0000,49,0,0,0)
[ 3612133] ASYNC(0000,49,0,0,0)
[ 3613040] ASYNC(0000,49,0,0,0)
[ 3613361] ASYNC(0000,49,0,0,0)
[ 3613568] ASYNC(0000,49,0,0,0)
[ 3613772] ASYNC(0000,49,0,0,0)
[ 3614304] ASYNC(0000,49,0,0,0)
[ 3617172] ASYNC(0000,49,0,0,0)
[ 3618277] ASYNC(0000,49,0,0,0)
[ 3618606] ASYNC(0000,49,0,0,0)
[ 3619095] ASYNC(0000,49,0,0,0)
[ 3619301] ASYNC(0000,49,0,0,0)
[ 3621268] ASYNC(0000,49,0,0,0)
[ 3621554] ASYNC(0000,49,0,0,0)
[ 3622168] ASYNC(0000,49,0,0,0)
[ 3623487] ASYNC(0000,49,0,0,0)
[ 3626148] ASYNC(0000,49,0,0,0)
[ 3626673] ASYNC(0000,49,0,0,0)
[ 3627207] ASYNC(0000,49,0,0,0)
[ 3628518] ASYNC(0000,49,0,0,0)
[ 3628834] ASYNC(0000,49,0,0,0)
[ 3628926] ASYNC(0000,49,0,0,0)
[ 3631180] ASYNC(0000,49,0,0,0)
[ 3632204] ASYNC(0000,49,0,0,0)
[ 3633354] ASYNC(0000,49,0,0,0)
[ 3633540] ASYNC(0000,49,0,0,0)
[ 3633843] ASYNC(0000,49,0,0,0)
[ 3634342] ASYNC(0000,49,0,0,0)
[ 3634661] ASYNC(0000,49,0,0,0)
[ 3635890] ASYNC(0000,49,0,0,0)
[ 3636194] ASYNC(0000,49,0,0,0)
[ 3637242] ASYNC(0000,49,0,0,0)
[ 3638265] ASYNC(0000,49,0,0,0)
[ 3638554] ASYNC(0000,49,0,0,0)
[ 3638879] ASYNC(0000,49,0,0,0)
[ 3639781] ASYNC(0000,49,0,0,0)
[ 3640928] ASYNC(0000,49,0,0,0)
[ 3640929] ASYNC(0000,49,0,0,0)
[ 3641011] ASYNC(0000,49,0,0,0)
[ 3641129] ASYNC(0000,49,0,0,0)
[ 3641215] ASYNC(0000,49,0,0,0)
[ 3642157] ASYNC(0000,49,0,0,0)
[ 3643456] ASYNC(0000,49,0,0,0)
[ 3643565] ASYNC(0000,49,0,0,0)
[ 3646253] ASYNC(0000,49,0,0,0)
[ 3647154] ASYNC(0000,49,0,0,0)
[ 3648585] ASYNC(0000,49,0,0,0)
[ 3648588] ASYNC(0000,49,0,0,0)
[ 3648788] ASYNC(0000,49,0,0,0)
[ 3649735] ASYNC(0000,49,0,0,0)
[ 3650226] ASYNC(0000,49,0,0,0)
[ 3650725] ASYNC(0000,49,0,0,0)
[ 3650726] ASYNC(0000,49,0,0,0)
[ 3650727] ASYNC(0000,49,0,0,0)
[ 3651250] ASYNC(0000,49,0,0,0)
[ 3651660] ASYNC(0000,49,0,0,0)
[ 3651748] ASYNC(0000,49,0,0,0)
[ 3652192] ASYNC(0000,49,0,0,0)
[ 3652193] ASYNC(0000,49,0,0,0)
[ 3653298] ASYNC(0000,49,0,0,0)
[ 3653627] ASYNC(0000,49,0,0,0)
[ 3654322] ASYNC(0000,49,0,0,0)
[ 3656165] ASYNC(0000,49,0,0,0)
[ 3656879] ASYNC(0000,49,0,0,0)
[ 3658336] ASYNC(0000,49,0,0,0)
[ 3658624] ASYNC(0000,49,0,0,0)
[ 3658829] ASYNC(0000,49,0,0,0)
[ 3659237] ASYNC(0000,49,0,0,0)
[ 3660261] ASYNC(0000,49,0,0,0)
[ 3660762] ASYNC(0000,49,0,0,0)
[ 3661171] ASYNC(0000,49,0,0,0)
[ 3662022] ASYNC(0000,49,0,0,0)
[ 3662203] ASYNC(0000,49,0,0,0)
[ 3663539] ASYNC(0000,49,0,0,0)
[ 3663867] ASYNC(0000,49,0,0,0)
[ 3666200] ASYNC(0000,49,0,0,0)
[ 3667225] ASYNC(0000,49,0,0,0)
[ 3668575] ASYNC(0000,49,0,0,0)
[ 3668866] ASYNC(0000,49,0,0,0)
[ 3669668] ASYNC(0000,49,0,0,0)
[ 3669669] ASYNC(0000,49,0,0,0)
[ 3671035] ASYNC(0000,49,0,0,0)
[ 3671213] ASYNC(0000,49,0,0,0)
[ 3671730] ASYNC(0000,49,0,0,0)
[ 3672140] ASYNC(0000,49,0,0,0)
[ 3673368] ASYNC(0000,49,0,0,0)
[ 3673575] ASYNC(0000,49,0,0,0)
[ 3673767] ASYNC(0000,49,0,0,0)
[ 3676236] ASYNC(0000,49,0,0,0)
[ 3677178] ASYNC(0000,49,0,0,0)
[ 3678613] ASYNC(0000,49,0,0,0)
[ 3678817] ASYNC(0000,49,0,0,0)
[ 3678986] ASYNC(0000,49,0,0,0)
[ 3681269] ASYNC(0000,49,0,0,0)
[ 3681560] ASYNC(0000,49,0,0,0)
[ 3682175] ASYNC(0000,49,0,0,0)
[ 3683610] ASYNC(0000,49,0,0,0)
[ 3683814] ASYNC(0000,49,0,0,0)
[ 3686156] ASYNC(0000,49,0,0,0)
[ 3686680] ASYNC(0000,49,0,0,0)
[ 3687188] ASYNC(0000,49,0,0,0)
[ 3688648] ASYNC(0000,49,0,0,0)
[ 3688849] ASYNC(0000,49,0,0,0)
[ 3688933] ASYNC(0000,49,0,0,0)
[ 3691174] ASYNC(0000,49,0,0,0)
[ 3691597] ASYNC(0000,49,0,0,0)
[ 3691800] ASYNC(0000,49,0,0,0)
[ 3691801] ASYNC(0000,49,0,0,0)
[ 3692210] ASYNC(0000,49,0,0,0)
[ 3692708] ASYNC(0000,49,0,0,0)
[ 3692815] ASYNC(0000,49,0,0,0)
[ 3693645] ASYNC(0000,49,0,0,0)
[ 3693850] ASYNC(0000,49,0,0,0)
[ 3694041] ASYNC(0000,49,0,0,0)
[ 3694668] ASYNC(0000,49,0,0,0)
[ 3695577] ASYNC(0000,49,0,0,0)
[ 3696222] ASYNC(0000,49,0,0,0)
[ 3697246] ASYNC(0000,49,0,0,0)
[ 3698354] ASYNC(0000,49,0,0,0)
[ 3698562] ASYNC(0000,49,0,0,0)
[ 3698886] ASYNC(0000,49,0,0,0)
[ 3699296] ASYNC(0000,49,0,0,0)
[ 3699788] ASYNC(0000,49,0,0,0)
[ 3701018] ASYNC(0000,49,0,0,0)
[ 3701222] ASYNC(0000,49,0,0,0)
[ 3702162] ASYNC(0000,49,0,0,0)
[ 3703474] ASYNC(0000,49,0,0,0)
[ 3703599] ASYNC(0000,49,0,0,0)
[ 3703885] ASYNC(0000,49,0,0,0)
[ 3706258] ASYNC(0000,49,0,0,0)
[ 3707070] ASYNC(0000,49,0,0,0)
[ 3707156] ASYNC(0000,49,0,0,0)
[ 3708597] ASYNC(0000,49,0,0,0)
[ 3708800] ASYNC(0000,49,0,0,0)
[ 3711244] ASYNC(0000,49,0,0,0)
[ 3712197] ASYNC(0000,49,0,0,0)
[ 3713425] ASYNC(0000,49,0,0,0)
[ 3713632] ASYNC(0000,49,0,0,0)
[ 3713836] ASYNC(0000,49,0,0,0)
[ 3714416] ASYNC(0000,49,0,0,0)
[ 3716159] ASYNC(0000,49,0,0,0)
[ 3717196] ASYNC(0000,49,0,0,0)
[ 3718324] ASYNC(0000,49,0,0,0)
[ 3718631] ASYNC(0000,49,0,0,0)
[ 3718836] ASYNC(0000,49,0,0,0)
[ 3719244] ASYNC(0000,49,0,0,0)
[ 3721176] ASYNC(0000,49,0,0,0)
[ 3722027] ASYNC(0000,49,0,0,0)
[ 3722235] ASYNC(0000,49,0,0,0)
[ 3723670] ASYNC(0000,49,0,0,0)
[ 3723871] ASYNC(0000,49,0,0,0)
[ 3726207] ASYNC(0000,49,0,0,0)
[ 3727150] ASYNC(0000,49,0,0,0)
[ 3728871] ASYNC(0000,49,0,0,0)
[ 3731123] ASYNC(0000,49,0,0,0)
[ 3731212] ASYNC(0000,49,0,0,0)
[ 3732147] ASYNC(0000,49,0,0,0)
[ 3733375] ASYNC(0000,49,0,0,0)
[ 3733702] ASYNC(0000,49,0,0,0)
[ 3733907] ASYNC(0000,49,0,0,0)
[ 3736243] ASYNC(0000,49,0,0,0)
[ 3737183] ASYNC(0000,49,0,0,0)
[ 3738620] ASYNC(0000,49,0,0,0)
[ 3738906] ASYNC(0000,49,0,0,0)
[ 3739011] ASYNC(0000,49,0,0,0)
[ 3740836] ASYNC(0000,49,0,0,0)
[ 3740939] ASYNC(0000,49,0,0,0)
[ 3740940] ASYNC(0000,49,0,0,0)
[ 3741249] ASYNC(0000,49,0,0,0)
[ 3741567] ASYNC(0000,49,0,0,0)
[ 3742176] ASYNC(0000,49,0,0,0)
[ 3743617] ASYNC(0000,49,0,0,0)
[ 3743821] ASYNC(0000,49,0,0,0)
[ 3746808] ASYNC(0000,49,0,0,0)
[ 3748653] ASYNC(0000,49,0,0,0)
[ 3748842] ASYNC(0000,49,0,0,0)
[ 3748927] ASYNC(0000,49,0,0,0)
[ 3749759] ASYNC(0000,49,0,0,0)
[ 3750289] ASYNC(0000,49,0,0,0)
[ 3751195] ASYNC(0000,49,0,0,0)
[ 3751303] ASYNC(0000,49,0,0,0)
[ 3751604] ASYNC(0000,49,0,0,0)
[ 3752217] ASYNC(0000,49,0,0,0)
[ 3752337] ASYNC(0000,49,0,0,0)
[ 3752613] ASYNC(0000,49,0,0,0)
[ 3752616] ASYNC(0000,49,0,0,0)
[ 3752618] ASYNC(0000,49,0,0,0)
[ 3753445] ASYNC(0000,49,0,0,0)
[ 3753652] ASYNC(0000,49,0,0,0)
[ 3753857] ASYNC(0000,49,0,0,0)
[ 3754060] ASYNC(0000,49,0,0,0)
[ 3754674] ASYNC(0000,49,0,0,0)
[ 3756196] ASYNC(0000,49,0,0,0)
[ 3757132] ASYNC(0000,49,0,0,0)
[ 3758347] ASYNC(0000,49,0,0,0)
[ 3758688] ASYNC(0000,49,0,0,0)
[ 3758892] ASYNC(0000,49,0,0,0)
[ 3759269] ASYNC(0000,49,0,0,0)
[ 3759794] ASYNC(0000,49,0,0,0)
[ 3761133] ASYNC(0000,49,0,0,0)
[ 3761222] ASYNC(0000,49,0,0,0)
[ 3762149] ASYNC(0000,49,0,0,0)
[ 3763687] ASYNC(0000,49,0,0,0)
[ 3763786] ASYNC(0000,49,0,0,0)
[ 3763892] ASYNC(0000,49,0,0,0)
[ 3766232] ASYNC(0000,49,0,0,0)
[ 3767070] ASYNC(0000,49,0,0,0)
[ 3767168] ASYNC(0000,49,0,0,0)
[ 3768723] ASYNC(0000,49,0,0,0)
[ 3769010] ASYNC(0000,49,0,0,0)
[ 3769714] ASYNC(0000,49,0,0,0)
[ 3770849] ASYNC(0000,49,0,0,0)
[ 3770850] ASYNC(0000,49,0,0,0)
[ 3771786] ASYNC(0000,49,0,0,0)
[ 3771787] ASYNC(0000,49,0,0,0)
[ 3772204] ASYNC(0000,49,0,0,0)
[ 3773432] ASYNC(0000,49,0,0,0)
[ 3773723] ASYNC(0000,49,0,0,0)
[ 3773927] ASYNC(0000,49,0,0,0)
[ 3776170] ASYNC(0000,49,0,0,0)
[ 3777203] ASYNC(0000,49,0,0,0)
[ 3777725] ASYNC(0000,49,0,0,0)
[ 3778541] ASYNC(0000,49,0,0,0)
[ 3778638] ASYNC(0000,49,0,0,0)
[ 3778842] ASYNC(0000,49,0,0,0)
[ 3779455] ASYNC(0000,49,0,0,0)
[ 3781215] ASYNC(0000,49,0,0,0)
[ 3782003] ASYNC(0000,49,0,0,0)
[ 3782206] ASYNC(0000,49,0,0,0)
[ 3783674] ASYNC(0000,49,0,0,0)
[ 3783873] ASYNC(0000,49,0,0,0)
[ 3786214] ASYNC(0000,49,0,0,0)
[ 3787154] ASYNC(0000,49,0,0,0)
[ 3788673] ASYNC(0000,49,0,0,0)
[ 3789783] ASYNC(0000,49,0,0,0)
[ 3789784] ASYNC(0000,49,0,0,0)
[ 3790842] ASYNC(0000,49,0,0,0)
[ 3790843] ASYNC(0000,49,0,0,0)
[ 3791130] ASYNC(0000,49,0,0,0)
[ 3791220] ASYNC(0000,49,0,0,0)
[ 3791334] ASYNC(0000,49,0,0,0)
[ 3791837] ASYNC(0000,49,0,0,0)
[ 3791838] ASYNC(0000,49,0,0,0)
[ 3792153] ASYNC(0000,49,0,0,0)
[ 3792653] ASYNC(0000,49,0,0,0)
[ 3792874] ASYNC(0000,49,0,0,0)
[ 3793709] ASYNC(0000,49,0,0,0)
[ 3796249] ASYNC(0000,49,0,0,0)
[ 3797189] ASYNC(0000,49,0,0,0)
[ 3798384] ASYNC(0000,49,0,0,0)
[ 3798708] ASYNC(0000,49,0,0,0)
[ 3798913] ASYNC(0000,49,0,0,0)
[ 3799014] ASYNC(0000,49,0,0,0)
[ 3801165] ASYNC(0000,49,0,0,0)
[ 3801574] ASYNC(0000,49,0,0,0)
[ 3802189] ASYNC(0000,49,0,0,0)
[ 3803747] ASYNC(0000,49,0,0,0)
[ 3803951] ASYNC(0000,49,0,0,0)
[ 3806200] ASYNC(0000,49,0,0,0)
[ 3806782] ASYNC(0000,49,0,0,0)
[ 3807224] ASYNC(0000,49,0,0,0)
[ 3808728] ASYNC(0000,49,0,0,0)
[ 3808841] ASYNC(0000,49,0,0,0)
[ 3808950] ASYNC(0000,49,0,0,0)
[ 3811186] ASYNC(0000,49,0,0,0)
[ 3811605] ASYNC(0000,49,0,0,0)
[ 3812220] ASYNC(0000,49,0,0,0)
[ 3812754] ASYNC(0000,49,0,0,0)
[ 3813571] ASYNC(0000,49,0,0,0)
[ 3813659] ASYNC(0000,49,0,0,0)
[ 3813863] ASYNC(0000,49,0,0,0)
[ 3814068] ASYNC(0000,49,0,0,0)
[ 3814699] ASYNC(0000,49,0,0,0)
[ 3816238] ASYNC(0000,49,0,0,0)
[ 3817143] ASYNC(0000,49,0,0,0)
[ 3818488] ASYNC(0000,49,0,0,0)
[ 3818695] ASYNC(0000,49,0,0,0)
[ 3818867] ASYNC(0000,49,0,0,0)
[ 3819187] ASYNC(0000,49,0,0,0)
[ 3819392] ASYNC(0000,49,0,0,0)
[ 3819801] ASYNC(0000,49,0,0,0)
[ 3821235] ASYNC(0000,49,0,0,0)
[ 3822143] ASYNC(0000,49,0,0,0)
[ 3823491] ASYNC(0000,49,0,0,0)
[ 3823698] ASYNC(0000,49,0,0,0)
[ 3823899] ASYNC(0000,49,0,0,0)
[ 3826271] ASYNC(0000,49,0,0,0)
[ 3827057] ASYNC(0000,49,0,0,0)
[ 3827176] ASYNC(0000,49,0,0,0)
[ 3828698] ASYNC(0000,49,0,0,0)
[ 3828699] ASYNC(0000,49,0,0,0)
[ 3828934] ASYNC(0000,49,0,0,0)
[ 3829957] ASYNC(0000,49,0,0,0)
[ 3831183] ASYNC(0000,49,0,0,0)
[ 3832211] ASYNC(0000,49,0,0,0)
[ 3833526] ASYNC(0000,49,0,0,0)
[ 3833733] ASYNC(0000,49,0,0,0)
[ 3833937] ASYNC(0000,49,0,0,0)
[ 3836170] ASYNC(0000,49,0,0,0)
[ 3836172] ASYNC(0000,49,0,0,0)
[ 3837195] ASYNC(0000,49,0,0,0)
[ 3838442] ASYNC(0000,49,0,0,0)
[ 3838765] ASYNC(0000,49,0,0,0)
[ 3838970] ASYNC(0000,49,0,0,0)
[ 3841221] ASYNC(0000,49,0,0,0)
[ 3842007] ASYNC(0000,49,0,0,0)
[ 3842245] ASYNC(0000,49,0,0,0)
[ 3842859] ASYNC(0000,49,0,0,0)
[ 3843756] ASYNC(0000,49,0,0,0)
[ 3843885] ASYNC(0000,49,0,0,0)
[ 3846221] ASYNC(0000,49,0,0,0)
[ 3846835] ASYNC(0000,49,0,0,0)
[ 3847161] ASYNC(0000,49,0,0,0)
[ 3848801] ASYNC(0000,49,0,0,0)
[ 3848888] ASYNC(0000,49,0,0,0)
[ 3851135] ASYNC(0000,49,0,0,0)
[ 3851958] ASYNC(0000,49,0,0,0)
[ 3852178] ASYNC(0000,49,0,0,0)
[ 3853509] ASYNC(0000,49,0,0,0)
[ 3853512] ASYNC(0000,49,0,0,0)
[ 3853716] ASYNC(0000,49,0,0,0)
[ 3853921] ASYNC(0000,49,0,0,0)
[ 3854500] ASYNC(0000,49,0,0,0)
[ 3856256] ASYNC(0000,49,0,0,0)
[ 3857162] ASYNC(0000,49,0,0,0)
[ 3858392] ASYNC(0000,49,0,0,0)
[ 3858717] ASYNC(0000,49,0,0,0)
[ 3858907] ASYNC(0000,49,0,0,0)
[ 3859015] ASYNC(0000,49,0,0,0)
[ 3861174] ASYNC(0000,49,0,0,0)
[ 3861584] ASYNC(0000,49,0,0,0)
[ 3862199] ASYNC(0000,49,0,0,0)
[ 3863717] ASYNC(0000,49,0,0,0)
[ 3863955] ASYNC(0000,49,0,0,0)
[ 3866174] ASYNC(0000,49,0,0,0)
[ 3867231] ASYNC(0000,49,0,0,0)
[ 3868751] ASYNC(0000,49,0,0,0)
[ 3868958] ASYNC(0000,49,0,0,0)
[ 3868959] ASYNC(0000,49,0,0,0)
[ 3869260] ASYNC(0000,49,0,0,0)
[ 3869859] ASYNC(0000,49,0,0,0)
[ 3869860] ASYNC(0000,49,0,0,0)
[ 3870884] ASYNC(0000,49,0,0,0)
[ 3870885] ASYNC(0000,49,0,0,0)
[ 3870886] ASYNC(0000,49,0,0,0)
[ 3871207] ASYNC(0000,49,0,0,0)
[ 3871624] ASYNC(0000,49,0,0,0)
[ 3871816] ASYNC(0000,49,0,0,0)
[ 3871941] ASYNC(0000,49,0,0,0)
[ 3871944] ASYNC(0000,49,0,0,0)
[ 3872146] ASYNC(0000,49,0,0,0)
[ 3872830] ASYNC(0000,49,0,0,0)
[ 3872932] ASYNC(0000,49,0,0,0)
[ 3873752] ASYNC(0000,49,0,0,0)
[ 3873853] ASYNC(0000,49,0,0,0)
[ 3873981] ASYNC(0000,49,0,0,0)
[ 3874074] ASYNC(0000,49,0,0,0)
[ 3874691] ASYNC(0000,49,0,0,0)
[ 3876242] ASYNC(0000,49,0,0,0)
[ 3877149] ASYNC(0000,49,0,0,0)
[ 3878497] ASYNC(0000,49,0,0,0)
[ 3878789] ASYNC(0000,49,0,0,0)
[ 3878872] ASYNC(0000,49,0,0,0)
[ 3879197] ASYNC(0000,49,0,0,0)
[ 3879812] ASYNC(0000,49,0,0,0)
[ 3881135] ASYNC(0000,49,0,0,0)
[ 3881245] ASYNC(0000,49,0,0,0)
[ 3882182] ASYNC(0000,49,0,0,0)
[ 3883498] ASYNC(0000,49,0,0,0)
[ 3883788] ASYNC(0000,49,0,0,0)
[ 3883912] ASYNC(0000,49,0,0,0)
[ 3886245] ASYNC(0000,49,0,0,0)
[ 3887071] ASYNC(0000,49,0,0,0)
[ 3887181] ASYNC(0000,49,0,0,0)
[ 3888824] ASYNC(0000,49,0,0,0)
[ 3888908] ASYNC(0000,49,0,0,0)
[ 3891196] ASYNC(0000,49,0,0,0)
[ 3891364] ASYNC(0000,49,0,0,0)
[ 3892217] ASYNC(0000,49,0,0,0)
[ 3892919] ASYNC(0000,49,0,0,0)
[ 3893530] ASYNC(0000,49,0,0,0)
[ 3893736] ASYNC(0000,49,0,0,0)
[ 3893926] ASYNC(0000,49,0,0,0)
[ 3894641] ASYNC(0000,49,0,0,0)
[ 3896196] ASYNC(0000,49,0,0,0)
[ 3896893] ASYNC(0000,49,0,0,0)
[ 3897221] ASYNC(0000,49,0,0,0)
[ 3898533] ASYNC(0000,49,0,0,0)
[ 3898739] ASYNC(0000,49,0,0,0)
[ 3898946] ASYNC(0000,49,0,0,0)
[ 3901194] ASYNC(0000,49,0,0,0)
[ 3902120] ASYNC(0000,49,0,0,0)
[ 3902121] ASYNC(0000,49,0,0,0)
[ 3903772] ASYNC(0000,49,0,0,0)
[ 3903962] ASYNC(0000,49,0,0,0)
[ 3906228] ASYNC(0000,49,0,0,0)
[ 3907135] ASYNC(0000,49,0,0,0)
[ 3908775] ASYNC(0000,49,0,0,0)
[ 3908894] ASYNC(0000,49,0,0,0)
[ 3909919] ASYNC(0000,49,0,0,0)
[ 3910858] ASYNC(0000,49,0,0,0)
[ 3910941] ASYNC(0000,49,0,0,0)
[ 3911136] ASYNC(0000,49,0,0,0)
[ 3911267] ASYNC(0000,49,0,0,0)
[ 3911845] ASYNC(0000,49,0,0,0)
[ 3912170] ASYNC(0000,49,0,0,0)
[ 3913483] ASYNC(0000,49,0,0,0)
[ 3913792] ASYNC(0000,49,0,0,0)
[ 3913895] ASYNC(0000,49,0,0,0)
[ 3916263] ASYNC(0000,49,0,0,0)
[ 3917170] ASYNC(0000,49,0,0,0)
[ 3918398] ASYNC(0000,49,0,0,0)
[ 3918810] ASYNC(0000,49,0,0,0)
[ 3918930] ASYNC(0000,49,0,0,0)
[ 3919012] ASYNC(0000,49,0,0,0)
[ 3921181] ASYNC(0000,49,0,0,0)
[ 3921577] ASYNC(0000,49,0,0,0)
[ 3922205] ASYNC(0000,49,0,0,0)
[ 3923845] ASYNC(0000,49,0,0,0)
[ 3923929] ASYNC(0000,49,0,0,0)
[ 3926181] ASYNC(0000,49,0,0,0)
[ 3926797] ASYNC(0000,49,0,0,0)
[ 3927205] ASYNC(0000,49,0,0,0)
[ 3928845] ASYNC(0000,49,0,0,0)
[ 3928963] ASYNC(0000,49,0,0,0)
[ 3928966] ASYNC(0000,49,0,0,0)
[ 3931217] ASYNC(0000,49,0,0,0)
[ 3931609] ASYNC(0000,49,0,0,0)
[ 3931923] ASYNC(0000,49,0,0,0)
[ 3932120] ASYNC(0000,49,0,0,0)
[ 3933553] ASYNC(0000,49,0,0,0)
[ 3933554] ASYNC(0000,49,0,0,0)
[ 3933760] ASYNC(0000,49,0,0,0)
[ 3933965] ASYNC(0000,49,0,0,0)
[ 3934076] ASYNC(0000,49,0,0,0)
[ 3934700] ASYNC(0000,49,0,0,0)
[ 3936216] ASYNC(0000,49,0,0,0)
[ 3937156] ASYNC(0000,49,0,0,0)
[ 3938469] ASYNC(0000,49,0,0,0)
[ 3938796] ASYNC(0000,49,0,0,0)
[ 3938982] ASYNC(0000,49,0,0,0)
[ 3939186] ASYNC(0000,49,0,0,0)
[ 3939902] ASYNC(0000,49,0,0,0)
[ 3941133] ASYNC(0000,49,0,0,0)
[ 3941252] ASYNC(0000,49,0,0,0)
[ 3942156] ASYNC(0000,49,0,0,0)
[ 3943505] ASYNC(0000,49,0,0,0)
[ 3943795] ASYNC(0000,49,0,0,0)
[ 3943915] ASYNC(0000,49,0,0,0)
[ 3946252] ASYNC(0000,49,0,0,0)
[ 3947070] ASYNC(0000,49,0,0,0)
[ 3947173] ASYNC(0000,49,0,0,0)
[ 3948710] ASYNC(0000,49,0,0,0)
[ 3948831] ASYNC(0000,49,0,0,0)
[ 3948915] ASYNC(0000,49,0,0,0)
[ 3949851] ASYNC(0000,49,0,0,0)
[ 3949852] ASYNC(0000,49,0,0,0)
[ 3950863] ASYNC(0000,49,0,0,0)
[ 3950961] ASYNC(0000,49,0,0,0)
[ 3950962] ASYNC(0000,49,0,0,0)
[ 3950963] ASYNC(0000,49,0,0,0)
[ 3951167] ASYNC(0000,49,0,0,0)
[ 3951901] ASYNC(0000,49,0,0,0)
[ 3951902] ASYNC(0000,49,0,0,0)
[ 3951903] ASYNC(0000,49,0,0,0)
[ 3952191] ASYNC(0000,49,0,0,0)
[ 3952925] ASYNC(0000,49,0,0,0)
[ 3953831] ASYNC(0000,49,0,0,0)
[ 3953934] ASYNC(0000,49,0,0,0)
[ 3956901] ASYNC(0000,49,0,0,0)
[ 3957208] ASYNC(0000,49,0,0,0)
[ 3958539] ASYNC(0000,49,0,0,0)
[ 3958866] ASYNC(0000,49,0,0,0)
[ 3958950] ASYNC(0000,49,0,0,0)
[ 3961202] ASYNC(0000,49,0,0,0)
[ 3962021] ASYNC(0000,49,0,0,0)
[ 3962141] ASYNC(0000,49,0,0,0)
[ 3963866] ASYNC(0000,49,0,0,0)
[ 3963985] ASYNC(0000,49,0,0,0)
[ 3966235] ASYNC(0000,49,0,0,0)
[ 3967142] ASYNC(0000,49,0,0,0)
[ 3968781] ASYNC(0000,49,0,0,0)
[ 3968986] ASYNC(0000,49,0,0,0)
[ 3969923] ASYNC(0000,49,0,0,0)
[ 3971137] ASYNC(0000,49,0,0,0)
[ 3971237] ASYNC(0000,49,0,0,0)
[ 3972177] ASYNC(0000,49,0,0,0)
[ 3973817] ASYNC(0000,49,0,0,0)
[ 3974021] ASYNC(0000,49,0,0,0)
[ 3976153] ASYNC(0000,49,0,0,0)
[ 3977177] ASYNC(0000,49,0,0,0)
[ 3978525] ASYNC(0000,49,0,0,0)
[ 3978817] ASYNC(0000,49,0,0,0)
[ 3978939] ASYNC(0000,49,0,0,0)
[ 3979020] ASYNC(0000,49,0,0,0)
[ 3979546] ASYNC(0000,49,0,0,0)
[ 3981186] ASYNC(0000,49,0,0,0)
[ 3981595] ASYNC(0000,49,0,0,0)
[ 3982209] ASYNC(0000,49,0,0,0)
[ 3983834] ASYNC(0000,49,0,0,0)
[ 3983936] ASYNC(0000,49,0,0,0)
[ 3986188] ASYNC(0000,49,0,0,0)
[ 3986802] ASYNC(0000,49,0,0,0)
[ 3987212] ASYNC(0000,49,0,0,0)
[ 3988852] ASYNC(0000,49,0,0,0)
[ 3988970] ASYNC(0000,49,0,0,0)
[ 3988972] ASYNC(0000,49,0,0,0)
[ 3991019] ASYNC(0000,49,0,0,0)
[ 3991223] ASYNC(0000,49,0,0,0)
[ 3991617] ASYNC(0000,49,0,0,0)
[ 3991922] ASYNC(0000,49,0,0,0)
[ 3992127] ASYNC(0000,49,0,0,0)
[ 3993561] ASYNC(0000,49,0,0,0)
[ 3993887] ASYNC(0000,49,0,0,0)
[ 3993971] ASYNC(0000,49,0,0,0)
[ 3994092] ASYNC(0000,49,0,0,0)
[ 3996223] ASYNC(0000,49,0,0,0)
[ 3997162] ASYNC(0000,49,0,0,0)
[ 3998887] ASYNC(0000,49,0,0,0)
[ 3998990] ASYNC(0000,49,0,0,0)
[ 3999210] ASYNC(0000,49,0,0,0)
[ 3999824] ASYNC(0000,49,0,0,0)
[ 4001139] ASYNC(0000,49,0,0,0)
[ 4001259] ASYNC(0000,49,0,0,0)
[ 4002162] ASYNC(0000,49,0,0,0)
[ 4003596] ASYNC(0000,49,0,0,0)
[ 4003905] ASYNC(0000,49,0,0,0)
[ 4004007] ASYNC(0000,49,0,0,0)
[ 4006174] ASYNC(0000,49,0,0,0)
[ 4007077] ASYNC(0000,49,0,0,0)
[ 4007195] ASYNC(0000,49,0,0,0)
[ 4008716] ASYNC(0000,49,0,0,0)
[ 4008820] ASYNC(0000,49,0,0,0)
[ 4008922] ASYNC(0000,49,0,0,0)
[ 4009944] ASYNC(0000,49,0,0,0)
[ 4010968] ASYNC(0000,49,0,0,0)
[ 4011174] ASYNC(0000,49,0,0,0)
[ 4011583] ASYNC(0000,49,0,0,0)
[ 4011994] ASYNC(0000,49,0,0,0)
[ 4012198] ASYNC(0000,49,0,0,0)
[ 4013527] ASYNC(0000,49,0,0,0)
[ 4013838] ASYNC(0000,49,0,0,0)
[ 4013938] ASYNC(0000,49,0,0,0)
[ 4014551] ASYNC(0000,49,0,0,0)
[ 4016209] ASYNC(0000,49,0,0,0)
[ 4016908] ASYNC(0000,49,0,0,0)
[ 4017233] ASYNC(0000,49,0,0,0)
[ 4018546] ASYNC(0000,49,0,0,0)
[ 4018854] ASYNC(0000,49,0,0,0)
[ 4018957] ASYNC(0000,49,0,0,0)
[ 4021209] ASYNC(0000,49,0,0,0)
[ 4022148] ASYNC(0000,49,0,0,0)
[ 4022149] ASYNC(0000,49,0,0,0)
[ 4023873] ASYNC(0000,49,0,0,0)
[ 4023974] ASYNC(0000,49,0,0,0)
[ 4026225] ASYNC(0000,49,0,0,0)
[ 4027148] ASYNC(0000,49,0,0,0)
[ 4028889] ASYNC(0000,49,0,0,0)
[ 4028992] ASYNC(0000,49,0,0,0)
[ 4029912] ASYNC(0000,49,0,0,0)
[ 4030015] ASYNC(0000,49,0,0,0)
[ 4030935] ASYNC(0000,49,0,0,0)
[ 4031142] ASYNC(0000,49,0,0,0)
[ 4031244] ASYNC(0000,49,0,0,0)
[ 4031959] ASYNC(0000,49,0,0,0)
[ 4031960] ASYNC(0000,49,0,0,0)
[ 4032183] ASYNC(0000,49,0,0,0)
[ 4033616] ASYNC(0000,49,0,0,0)
[ 4033908] ASYNC(0000,49,0,0,0)
[ 4034026] ASYNC(0000,49,0,0,0)
[ 4036160] ASYNC(0000,49,0,0,0)
[ 4037184] ASYNC(0000,49,0,0,0)
[ 4038513] ASYNC(0000,49,0,0,0)
[ 4038924] ASYNC(0000,49,0,0,0)
[ 4039028] ASYNC(0000,49,0,0,0)
[ 4039029] ASYNC(0000,49,0,0,0)
[ 4041176] ASYNC(0000,49,0,0,0)
[ 4041689] ASYNC(0000,49,0,0,0)
[ 4042016] ASYNC(0000,49,0,0,0)
[ 4042216] ASYNC(0000,49,0,0,0)
[ 4043943] ASYNC(0000,49,0,0,0)
[ 4043946] ASYNC(0000,49,0,0,0)
[ 4046195] ASYNC(0000,49,0,0,0)
[ 4046809] ASYNC(0000,49,0,0,0)
[ 4047134] ASYNC(0000,49,0,0,0)
[ 4048859] ASYNC(0000,49,0,0,0)
[ 4048958] ASYNC(0000,49,0,0,0)
[ 4048960] ASYNC(0000,49,0,0,0)
[ 4050000] ASYNC(0000,49,0,0,0)
[ 4051024] ASYNC(0000,49,0,0,0)
[ 4051213] ASYNC(0000,49,0,0,0)
[ 4051640] ASYNC(0000,49,0,0,0)
[ 4052048] ASYNC(0000,49,0,0,0)
[ 4052134] ASYNC(0000,49,0,0,0)
[ 4053261] ASYNC(0000,49,0,0,0)
[ 4053262] ASYNC(0000,49,0,0,0)
[ 4053875] ASYNC(0000,49,0,0,0)
[ 4053978] ASYNC(0000,49,0,0,0)
[ 4054078] ASYNC(0000,49,0,0,0)
[ 4056230] ASYNC(0000,49,0,0,0)
[ 4057150] ASYNC(0000,49,0,0,0)
[ 4058894] ASYNC(0000,49,0,0,0)
[ 4059004] ASYNC(0000,49,0,0,0)
[ 4059302] ASYNC(0000,49,0,0,0)
[ 4059916] ASYNC(0000,49,0,0,0)
[ 4060238] ASYNC(0000,49,0,0,0)
[ 4060940] ASYNC(0000,49,0,0,0)
[ 4061146] ASYNC(0000,49,0,0,0)
[ 4061246] ASYNC(0000,49,0,0,0)
[ 4062169] ASYNC(0000,49,0,0,0)
[ 4063603] ASYNC(0000,49,0,0,0)
[ 4063924] ASYNC(0000,49,0,0,0)
[ 4064014] ASYNC(0000,49,0,0,0)
[ 4066182] ASYNC(0000,49,0,0,0)
[ 4067084] ASYNC(0000,49,0,0,0)
[ 4067204] ASYNC(0000,49,0,0,0)
[ 4068723] ASYNC(0000,49,0,0,0)
[ 4068929] ASYNC(0000,49,0,0,0)
[ 4069030] ASYNC(0000,49,0,0,0)
[ 4070068] ASYNC(0000,49,0,0,0)
[ 4071095] ASYNC(0000,49,0,0,0)
[ 4071181] ASYNC(0000,49,0,0,0)
[ 4071796] ASYNC(0000,49,0,0,0)
[ 4071896] ASYNC(0000,49,0,0,0)
[ 4071999] ASYNC(0000,49,0,0,0)
[ 4072000] ASYNC(0000,49,0,0,0)
[ 4072205] ASYNC(0000,49,0,0,0)
[ 4073638] ASYNC(0000,49,0,0,0)
[ 4073949] ASYNC(0000,49,0,0,0)
[ 4074049] ASYNC(0000,49,0,0,0)
[ 4076197] ASYNC(0000,49,0,0,0)
[ 4076915] ASYNC(0000,49,0,0,0)
[ 4077120] ASYNC(0000,49,0,0,0)
[ 4078964] ASYNC(0000,49,0,0,0)
[ 4078967] ASYNC(0000,49,0,0,0)
[ 4081216] ASYNC(0000,49,0,0,0)
[ 4082154] ASYNC(0000,49,0,0,0)
[ 4082156] ASYNC(0000,49,0,0,0)
[ 4083880] ASYNC(0000,49,0,0,0)
[ 4083998] ASYNC(0000,49,0,0,0)
[ 4086251] ASYNC(0000,49,0,0,0)
[ 4087155] ASYNC(0000,49,0,0,0)
[ 4088914] ASYNC(0000,49,0,0,0)
[ 4088999] ASYNC(0000,49,0,0,0)
[ 4090021] ASYNC(0000,49,0,0,0)
[ 4091046] ASYNC(0000,49,0,0,0)
[ 4091047] ASYNC(0000,49,0,0,0)
[ 4091150] ASYNC(0000,49,0,0,0)
[ 4091252] ASYNC(0000,49,0,0,0)
[ 4091573] ASYNC(0000,49,0,0,0)
[ 4092171] ASYNC(0000,49,0,0,0)
[ 4093708] ASYNC(0000,49,0,0,0)
[ 4093709] ASYNC(0000,49,0,0,0)
[ 4093916] ASYNC(0000,49,0,0,0)
[ 4094034] ASYNC(0000,49,0,0,0)
[ 4094732] ASYNC(0000,49,0,0,0)
[ 4096166] ASYNC(0000,49,0,0,0)
[ 4097190] ASYNC(0000,49,0,0,0)
[ 4098624] ASYNC(0000,49,0,0,0)
[ 4098950] ASYNC(0000,49,0,0,0)
[ 4099036] ASYNC(0000,49,0,0,0)
[ 4099036] ASYNC(0000,49,0,0,0)
[ 4101202] ASYNC(0000,49,0,0,0)
[ 4101608] ASYNC(0000,49,0,0,0)
[ 4102207] ASYNC(0000,49,0,0,0)
[ 4103950] ASYNC(0000,49,0,0,0)
[ 4104069] ASYNC(0000,49,0,0,0)
[ 4106202] ASYNC(0000,49,0,0,0)
[ 4106816] ASYNC(0000,49,0,0,0)
[ 4107140] ASYNC(0000,49,0,0,0)
[ 4108966] ASYNC(0000,49,0,0,0)
[ 4108967] ASYNC(0000,49,0,0,0)
[ 4109070] ASYNC(0000,49,0,0,0)
[ 4109990] ASYNC(0000,49,0,0,0)
[ 4110092] ASYNC(0000,49,0,0,0)
[ 4111012] ASYNC(0000,49,0,0,0)
[ 4111013] ASYNC(0000,49,0,0,0)
[ 4111218] ASYNC(0000,49,0,0,0)
[ 4112053] ASYNC(0000,49,0,0,0)
[ 4112054] ASYNC(0000,49,0,0,0)
[ 4112142] ASYNC(0000,49,0,0,0)
[ 4113676] ASYNC(0000,49,0,0,0)
[ 4113677] ASYNC(0000,49,0,0,0)
[ 4113986] ASYNC(0000,49,0,0,0)
[ 4113989] ASYNC(0000,49,0,0,0)
[ 4114085] ASYNC(0000,49,0,0,0)
[ 4114716] ASYNC(0000,49,0,0,0)
[ 4116237] ASYNC(0000,49,0,0,0)
[ 4117157] ASYNC(0000,49,0,0,0)
[ 4118590] ASYNC(0000,49,0,0,0)
[ 4119003] ASYNC(0000,49,0,0,0)
[ 4119005] ASYNC(0000,49,0,0,0)
[ 4119308] ASYNC(0000,49,0,0,0)
[ 4119820] ASYNC(0000,49,0,0,0)
[ 4121153] ASYNC(0000,49,0,0,0)
[ 4121272] ASYNC(0000,49,0,0,0)
[ 4122176] ASYNC(0000,49,0,0,0)
[ 4123609] ASYNC(0000,49,0,0,0)
[ 4123918] ASYNC(0000,49,0,0,0)
[ 4124021] ASYNC(0000,49,0,0,0)
[ 4126169] ASYNC(0000,49,0,0,0)
[ 4127091] ASYNC(0000,49,0,0,0)
[ 4127193] ASYNC(0000,49,0,0,0)
[ 4128421] ASYNC(0000,49,0,0,0)
[ 4128729] ASYNC(0000,49,0,0,0)
[ 4128943] ASYNC(0000,49,0,0,0)
[ 4129041] ASYNC(0000,49,0,0,0)
[ 4130060] ASYNC(0000,49,0,0,0)
[ 4131084] ASYNC(0000,49,0,0,0)
[ 4131187] ASYNC(0000,49,0,0,0)
[ 4132211] ASYNC(0000,49,0,0,0)
[ 4133953] ASYNC(0000,49,0,0,0)
[ 4134057] ASYNC(0000,49,0,0,0)
[ 4136204] ASYNC(0000,49,0,0,0)
[ 4137127] ASYNC(0000,49,0,0,0)
[ 4138661] ASYNC(0000,49,0,0,0)
[ 4138662] ASYNC(0000,49,0,0,0)
[ 4138971] ASYNC(0000,49,0,0,0)
[ 4139073] ASYNC(0000,49,0,0,0)
[ 4141223] ASYNC(0000,49,0,0,0)
[ 4142143] ASYNC(0000,49,0,0,0)
[ 4142144] ASYNC(0000,49,0,0,0)
[ 4143988] ASYNC(0000,49,0,0,0)
[ 4143993] ASYNC(0000,49,0,0,0)
[ 4143996] ASYNC(0000,49,0,0,0)
[ 4144000] ASYNC(0000,49,0,0,0)
[ 4144499] ASYNC(0000,49,0,0,0)
[ 4146239] ASYNC(0000,49,0,0,0)
[ 4147163] ASYNC(0000,49,0,0,0)
[ 4147878] ASYNC(0000,49,0,0,0)
[ 4147879] ASYNC(0000,49,0,0,0)
[ 4149009] ASYNC(0000,49,0,0,0)
[ 4149012] ASYNC(0000,49,0,0,0)
[ 4151156] ASYNC(0000,49,0,0,0)
[ 4151258] ASYNC(0000,49,0,0,0)
[ 4152077] ASYNC(0000,49,0,0,0)
[ 4152179] ASYNC(0000,49,0,0,0)
[ 4154022] ASYNC(0000,49,0,0,0)
[ 4154025] ASYNC(0000,49,0,0,0)
[ 4156174] ASYNC(0000,49,0,0,0)
[ 4157197] ASYNC(0000,49,0,0,0)
Wed Dec 25 02:05:33 AM EST 2024
test.bash: Running wget
[ 4159043] ASYNC(0000,49,0,0,0)
[ 4159044] ASYNC(0000,49,0,0,0)
[ 4159047] ASYNC(0000,49,0,0,0)
[ 4161190] ASYNC(0000,49,0,0,0)
[ 4161599] ASYNC(0000,49,0,0,0)
[ 4162215] ASYNC(0000,49,0,0,0)
[ 4163958] ASYNC(0000,49,0,0,0)
[ 4164058] ASYNC(0000,49,0,0,0)
[ 4166209] ASYNC(0000,49,0,0,0)
[ 4166824] ASYNC(0000,49,0,0,0)
[ 4167129] ASYNC(0000,49,0,0,0)
[ 4168974] ASYNC(0000,49,0,0,0)
[ 4168975] ASYNC(0000,49,0,0,0)
[ 4169077] ASYNC(0000,49,0,0,0)
[ 4169382] ASYNC(0000,49,0,0,0)
[ 4170406] ASYNC(0000,49,0,0,0)
[ 4171123] ASYNC(0000,49,0,0,0)
[ 4171124] ASYNC(0000,49,0,0,0)
[ 4171125] ASYNC(0000,49,0,0,0)
[ 4171226] ASYNC(0000,49,0,0,0)
[ 4171429] ASYNC(0000,49,0,0,0)
[ 4171636] ASYNC(0000,49,0,0,0)
[ 4172147] ASYNC(0000,49,0,0,0)
[ 4172148] ASYNC(0000,49,0,0,0)
test.bash: Failed at 2048 seconds
