test.bash: Waiting for reset
test.bash: Waiting for the server to start
Random selected PM: network.WLAN.PM_POWERSAVE
Starting server. OS: (sysname='rp2', nodename='rp2', release='1.24.1', version='v1.24.1 on 2024-11-29 (GNU 13.2.0 MinSizeRel)', machine='Raspberry Pi Pico W with RP2040') PM: 17
Waiting for connection...
Waiting for connection...
Waiting for connection...
[   14987] ASYNC(0000,ASSOC_REQ_IE,0,0,0)
[   14988] ASYNC(0000,AUTH,0,0,0)
[   14998] ASYNC(0000,ASSOC_RESP_IE,0,0,0)
[   14999] ASYNC(0000,ASSOC,0,0,0)
[   14999] ASYNC(0001,LINK,0,0,0)
[   15010] ASYNC(0000,PSK_SUP,6,0,0)
[   15077] ASYNC(0000,JOIN,0,0,0)
[   15078] ASYNC(0000,SET_SSID,0,0,0)
Connected: ('192.168.1.4', '255.255.255.0', '192.168.1.1', '192.168.1.1')
Actual PM: 0x11
test.bash: Sleeping for 1 seconds
Tue Dec 24 03:42:18 PM EST 2024
test.bash: Running wget
1609459222	: GET /temp
Console: Getting Temp...
test.bash: Response: {"unit": "C", "temp": 32.19402}
test.bash: Sleeping for 2 seconds
Tue Dec 24 03:42:20 PM EST 2024
test.bash: Running wget
1609459224	: GET /temp
Console: Getting Temp...
test.bash: Response: {"unit": "C", "temp": 31.72584}
test.bash: Sleeping for 4 seconds
Tue Dec 24 03:42:25 PM EST 2024
test.bash: Running wget
1609459228	: GET /temp
Console: Getting Temp...
test.bash: Response: {"unit": "C", "temp": 32.19402}
test.bash: Sleeping for 8 seconds
Tue Dec 24 03:42:33 PM EST 2024
test.bash: Running wget
test.bash: Response: {"unit": "C", "temp": 32.19402}
test.bash: Sleeping for 16 seconds
1609459237	: GET /temp
Console: Getting Temp...
Tue Dec 24 03:42:50 PM EST 2024
test.bash: Running wget
1609459253	: GET /temp
Console: Getting Temp...
test.bash: Response: {"unit": "C", "temp": 32.19402}
test.bash: Sleeping for 32 seconds
Tue Dec 24 03:43:22 PM EST 2024
test.bash: Running wget
test.bash: Response: {"unit": "C", "temp": 32.19402}
test.bash: Sleeping for 64 seconds
1609459286	: GET /temp
Console: Getting Temp...
Tue Dec 24 03:44:26 PM EST 2024
test.bash: Running wget
1609459350	: GET /temp
Console: Getting Temp...
test.bash: Response: {"unit": "C", "temp": 32.19402}
test.bash: Sleeping for 128 seconds
Tue Dec 24 03:46:34 PM EST 2024
test.bash: Running wget
1609459478	: GET /temp
Console: Getting Temp...
test.bash: Response: {"unit": "C", "temp": 32.19402}
test.bash: Sleeping for 256 seconds
[  379083] ASYNC(0000,PSK_SUP,6,0,0)
[  379616] ASYNC(0000,49,0,0,0)
[  379718] ASYNC(0000,49,0,0,0)
Tue Dec 24 03:50:51 PM EST 2024
test.bash: Running wget
1609459735	: GET /temp
Console: Getting Temp...
test.bash: Response: {"unit": "C", "temp": 32.19402}
test.bash: Sleeping for 512 seconds
Still checking Wi-Fi connection...
Debug: connected: True status: 3
Actual PM: 0x11
Tue Dec 24 03:59:23 PM EST 2024
test.bash: Running wget
test.bash: Response: {"unit": "C", "temp": 31.2577}
test.bash: Sleeping for 1024 seconds
1609460267	: GET /temp
Console: Getting Temp...
Still checking Wi-Fi connection...
Debug: connected: True status: 3
Actual PM: 0x11
Tue Dec 24 04:16:47 PM EST 2024
test.bash: Running wget
Still checking Wi-Fi connection...
Debug: connected: True status: 3
Actual PM: 0x11
1609461310	: GET /temp
Console: Getting Temp...
test.bash: Response: {"unit": "C", "temp": 28.91698}
test.bash: Sleeping for 2048 seconds
Still checking Wi-Fi connection...
Debug: connected: True status: 3
Actual PM: 0x11
Still checking Wi-Fi connection...
Debug: connected: True status: 3
Actual PM: 0x11
[ 3989147] ASYNC(0000,49,0,0,0)
[ 3989148] ASYNC(0000,49,0,0,0)
[ 3989753] ASYNC(0000,49,0,0,0)
[ 3990036] ASYNC(0000,49,0,0,0)
[ 3990653] ASYNC(0000,49,0,0,0)
[ 3991060] ASYNC(0000,49,0,0,0)
[ 3991183] ASYNC(0000,49,0,0,0)
[ 3991470] ASYNC(0000,49,0,0,0)
[ 3991881] ASYNC(0000,49,0,0,0)
[ 3992084] ASYNC(0000,49,0,0,0)
[ 3992207] ASYNC(0000,49,0,0,0)
[ 3993108] ASYNC(0000,49,0,0,0)
[ 3993109] ASYNC(0000,49,0,0,0)
[ 3993313] ASYNC(0000,49,0,0,0)
[ 3994062] ASYNC(0000,49,0,0,0)
[ 3994132] ASYNC(0000,49,0,0,0)
[ 3994747] ASYNC(0000,49,0,0,0)
[ 3995086] ASYNC(0000,49,0,0,0)
[ 3995156] ASYNC(0000,49,0,0,0)
[ 3995690] ASYNC(0000,49,0,0,0)
[ 3996090] ASYNC(0000,49,0,0,0)
[ 3996180] ASYNC(0000,49,0,0,0)
[ 3998023] ASYNC(0000,49,0,0,0)
[ 3998159] ASYNC(0000,49,0,0,0)
[ 3998364] ASYNC(0000,49,0,0,0)
[ 3998638] ASYNC(0000,49,0,0,0)
[ 3999048] ASYNC(0000,49,0,0,0)
[ 3999184] ASYNC(0000,49,0,0,0)
[ 3999798] ASYNC(0000,49,0,0,0)
[ 4000071] ASYNC(0000,49,0,0,0)
[ 4000194] ASYNC(0000,49,0,0,0)
[ 4000616] ASYNC(0000,49,0,0,0)
[ 4001096] ASYNC(0000,49,0,0,0)
[ 4001197] ASYNC(0000,49,0,0,0)
[ 4001305] ASYNC(0000,49,0,0,0)
[ 4001918] ASYNC(0000,49,0,0,0)
[ 4002119] ASYNC(0000,49,0,0,0)
[ 4002121] ASYNC(0000,49,0,0,0)
[ 4002122] ASYNC(0000,49,0,0,0)
[ 4002327] ASYNC(0000,49,0,0,0)
[ 4003046] ASYNC(0000,49,0,0,0)
[ 4003149] ASYNC(0000,49,0,0,0)
[ 4003351] ASYNC(0000,49,0,0,0)
[ 4004081] ASYNC(0000,49,0,0,0)
[ 4004168] ASYNC(0000,49,0,0,0)
[ 4004290] ASYNC(0000,49,0,0,0)
[ 4004693] ASYNC(0000,49,0,0,0)
[ 4004782] ASYNC(0000,49,0,0,0)
[ 4004783] ASYNC(0000,49,0,0,0)
[ 4004784] ASYNC(0000,49,0,0,0)
[ 4005088] ASYNC(0000,49,0,0,0)
[ 4005191] ASYNC(0000,49,0,0,0)
[ 4005603] ASYNC(0000,49,0,0,0)
[ 4005806] ASYNC(0000,49,0,0,0)
[ 4005807] ASYNC(0000,49,0,0,0)
[ 4006146] ASYNC(0000,49,0,0,0)
[ 4006147] ASYNC(0000,49,0,0,0)
[ 4006148] ASYNC(0000,49,0,0,0)
[ 4006625] ASYNC(0000,49,0,0,0)
[ 4006833] ASYNC(0000,49,0,0,0)
[ 4006954] ASYNC(0000,49,0,0,0)
[ 4007035] ASYNC(0000,49,0,0,0)
[ 4007143] ASYNC(0000,49,0,0,0)
[ 4008059] ASYNC(0000,49,0,0,0)
[ 4008060] ASYNC(0000,49,0,0,0)
[ 4008061] ASYNC(0000,49,0,0,0)
[ 4008195] ASYNC(0000,49,0,0,0)
[ 4008367] ASYNC(0000,49,0,0,0)
[ 4009189] ASYNC(0000,49,0,0,0)
[ 4009390] ASYNC(0000,49,0,0,0)
[ 4009391] ASYNC(0000,49,0,0,0)
[ 4009630] ASYNC(0000,49,0,0,0)
[ 4009832] ASYNC(0000,49,0,0,0)
[ 4009833] ASYNC(0000,49,0,0,0)
[ 4010140] ASYNC(0000,49,0,0,0)
[ 4010141] ASYNC(0000,49,0,0,0)
[ 4010142] ASYNC(0000,49,0,0,0)
[ 4010653] ASYNC(0000,49,0,0,0)
[ 4011061] ASYNC(0000,49,0,0,0)
[ 4011131] ASYNC(0000,49,0,0,0)
[ 4011952] ASYNC(0000,49,0,0,0)
[ 4012086] ASYNC(0000,49,0,0,0)
[ 4012154] ASYNC(0000,49,0,0,0)
[ 4012482] ASYNC(0000,49,0,0,0)
[ 4012483] ASYNC(0000,49,0,0,0)
[ 4013096] ASYNC(0000,49,0,0,0)
[ 4013211] ASYNC(0000,49,0,0,0)
[ 4013489] ASYNC(0000,49,0,0,0)
[ 4013999] ASYNC(0000,49,0,0,0)
[ 4014203] ASYNC(0000,49,0,0,0)
[ 4014531] ASYNC(0000,49,0,0,0)
[ 4014738] ASYNC(0000,49,0,0,0)
[ 4015671] ASYNC(0000,49,0,0,0)
[ 4016046] ASYNC(0000,49,0,0,0)
[ 4016181] ASYNC(0000,49,0,0,0)
[ 4016990] ASYNC(0000,49,0,0,0)
[ 4017070] ASYNC(0000,49,0,0,0)
[ 4017205] ASYNC(0000,49,0,0,0)
[ 4018229] ASYNC(0000,49,0,0,0)
[ 4018330] ASYNC(0000,49,0,0,0)
[ 4019123] ASYNC(0000,49,0,0,0)
[ 4019124] ASYNC(0000,49,0,0,0)
[ 4020073] ASYNC(0000,49,0,0,0)
[ 4020175] ASYNC(0000,49,0,0,0)
[ 4020565] ASYNC(0000,49,0,0,0)
[ 4021084] ASYNC(0000,49,0,0,0)
[ 4021199] ASYNC(0000,49,0,0,0)
[ 4021371] ASYNC(0000,49,0,0,0)
[ 4021918] ASYNC(0000,49,0,0,0)
[ 4022108] ASYNC(0000,49,0,0,0)
[ 4022223] ASYNC(0000,49,0,0,0)
[ 4023115] ASYNC(0000,49,0,0,0)
[ 4023116] ASYNC(0000,49,0,0,0)
[ 4023349] ASYNC(0000,49,0,0,0)
[ 4024068] ASYNC(0000,49,0,0,0)
[ 4024156] ASYNC(0000,49,0,0,0)
[ 4024782] ASYNC(0000,49,0,0,0)
[ 4024783] ASYNC(0000,49,0,0,0)
[ 4025057] ASYNC(0000,49,0,0,0)
[ 4025180] ASYNC(0000,49,0,0,0)
[ 4025675] ASYNC(0000,49,0,0,0)
[ 4025794] ASYNC(0000,49,0,0,0)
[ 4026108] ASYNC(0000,49,0,0,0)
[ 4026112] ASYNC(0000,49,0,0,0)
[ 4026204] ASYNC(0000,49,0,0,0)
[ 4026935] ASYNC(0000,49,0,0,0)
[ 4026936] ASYNC(0000,49,0,0,0)
[ 4027107] ASYNC(0000,49,0,0,0)
[ 4027108] ASYNC(0000,49,0,0,0)
[ 4027109] ASYNC(0000,49,0,0,0)
[ 4028042] ASYNC(0000,49,0,0,0)
[ 4028161] ASYNC(0000,49,0,0,0)
[ 4028162] ASYNC(0000,49,0,0,0)
[ 4028163] ASYNC(0000,49,0,0,0)
[ 4028368] ASYNC(0000,49,0,0,0)
[ 4029050] ASYNC(0000,49,0,0,0)
[ 4029186] ASYNC(0000,49,0,0,0)
[ 4030095] ASYNC(0000,49,0,0,0)
[ 4030210] ASYNC(0000,49,0,0,0)
[ 4030621] ASYNC(0000,49,0,0,0)
[ 4031119] ASYNC(0000,49,0,0,0)
[ 4031234] ASYNC(0000,49,0,0,0)
[ 4031918] ASYNC(0000,49,0,0,0)
[ 4032054] ASYNC(0000,49,0,0,0)
[ 4032137] ASYNC(0000,49,0,0,0)
[ 4032361] ASYNC(0000,49,0,0,0)
[ 4033077] ASYNC(0000,49,0,0,0)
[ 4033179] ASYNC(0000,49,0,0,0)
[ 4033352] ASYNC(0000,49,0,0,0)
[ 4034073] ASYNC(0000,49,0,0,0)
[ 4034191] ASYNC(0000,49,0,0,0)
[ 4034806] ASYNC(0000,49,0,0,0)
[ 4035125] ASYNC(0000,49,0,0,0)
[ 4035215] ASYNC(0000,49,0,0,0)
[ 4036149] ASYNC(0000,49,0,0,0)
[ 4036150] ASYNC(0000,49,0,0,0)
[ 4036970] ASYNC(0000,49,0,0,0)
[ 4037071] ASYNC(0000,49,0,0,0)
[ 4037147] ASYNC(0000,49,0,0,0)
[ 4038087] ASYNC(0000,49,0,0,0)
[ 4038175] ASYNC(0000,49,0,0,0)
[ 4038300] ASYNC(0000,49,0,0,0)
[ 4039106] ASYNC(0000,49,0,0,0)
[ 4039633] ASYNC(0000,49,0,0,0)
[ 4039836] ASYNC(0000,49,0,0,0)
[ 4040143] ASYNC(0000,49,0,0,0)
[ 4040143] ASYNC(0000,49,0,0,0)
[ 4040624] ASYNC(0000,49,0,0,0)
[ 4041033] ASYNC(0000,49,0,0,0)
[ 4041154] ASYNC(0000,49,0,0,0)
[ 4041474] ASYNC(0000,49,0,0,0)
[ 4041988] ASYNC(0000,49,0,0,0)
[ 4042089] ASYNC(0000,49,0,0,0)
[ 4042156] ASYNC(0000,49,0,0,0)
[ 4043077] ASYNC(0000,49,0,0,0)
[ 4043318] ASYNC(0000,49,0,0,0)
[ 4044121] ASYNC(0000,49,0,0,0)
[ 4044122] ASYNC(0000,49,0,0,0)
[ 4044752] ASYNC(0000,49,0,0,0)
[ 4045058] ASYNC(0000,49,0,0,0)
[ 4045161] ASYNC(0000,49,0,0,0)
[ 4045673] ASYNC(0000,49,0,0,0)
[ 4046152] ASYNC(0000,49,0,0,0)
[ 4046153] ASYNC(0000,49,0,0,0)
[ 4047006] ASYNC(0000,49,0,0,0)
[ 4047093] ASYNC(0000,49,0,0,0)
[ 4047209] ASYNC(0000,49,0,0,0)
[ 4048096] ASYNC(0000,49,0,0,0)
[ 4048232] ASYNC(0000,49,0,0,0)
[ 4048233] ASYNC(0000,49,0,0,0)
[ 4048335] ASYNC(0000,49,0,0,0)
[ 4049151] ASYNC(0000,49,0,0,0)
[ 4049152] ASYNC(0000,49,0,0,0)
[ 4049154] ASYNC(0000,49,0,0,0)
[ 4049756] ASYNC(0000,49,0,0,0)
[ 4050076] ASYNC(0000,49,0,0,0)
[ 4050166] ASYNC(0000,49,0,0,0)
[ 4050689] ASYNC(0000,49,0,0,0)
[ 4051087] ASYNC(0000,49,0,0,0)
[ 4051190] ASYNC(0000,49,0,0,0)
[ 4051510] ASYNC(0000,49,0,0,0)
[ 4051990] ASYNC(0000,49,0,0,0)
[ 4052092] ASYNC(0000,49,0,0,0)
[ 4052191] ASYNC(0000,49,0,0,0)
[ 4053120] ASYNC(0000,49,0,0,0)
[ 4053353] ASYNC(0000,49,0,0,0)
[ 4054069] ASYNC(0000,49,0,0,0)
[ 4054171] ASYNC(0000,49,0,0,0)
[ 4054774] ASYNC(0000,49,0,0,0)
[ 4055081] ASYNC(0000,49,0,0,0)
[ 4055171] ASYNC(0000,49,0,0,0)
[ 4055697] ASYNC(0000,49,0,0,0)
[ 4056105] ASYNC(0000,49,0,0,0)
[ 4056629] ASYNC(0000,49,0,0,0)
[ 4056924] ASYNC(0000,49,0,0,0)
[ 4057009] ASYNC(0000,49,0,0,0)
[ 4057129] ASYNC(0000,49,0,0,0)
[ 4057130] ASYNC(0000,49,0,0,0)
[ 4058063] ASYNC(0000,49,0,0,0)
[ 4058166] ASYNC(0000,49,0,0,0)
[ 4059084] ASYNC(0000,49,0,0,0)
[ 4059085] ASYNC(0000,49,0,0,0)
[ 4059177] ASYNC(0000,49,0,0,0)
[ 4059804] ASYNC(0000,49,0,0,0)
[ 4060713] ASYNC(0000,49,0,0,0)
[ 4061135] ASYNC(0000,49,0,0,0)
[ 4061136] ASYNC(0000,49,0,0,0)
[ 4061956] ASYNC(0000,49,0,0,0)
[ 4062127] ASYNC(0000,49,0,0,0)
[ 4062128] ASYNC(0000,49,0,0,0)
[ 4062129] ASYNC(0000,49,0,0,0)
[ 4063166] ASYNC(0000,49,0,0,0)
[ 4063251] ASYNC(0000,49,0,0,0)
[ 4063388] ASYNC(0000,49,0,0,0)
[ 4064092] ASYNC(0000,49,0,0,0)
[ 4064309] ASYNC(0000,49,0,0,0)
[ 4064694] ASYNC(0000,49,0,0,0)
[ 4064794] ASYNC(0000,49,0,0,0)
[ 4064892] ASYNC(0000,49,0,0,0)
[ 4065231] ASYNC(0000,49,0,0,0)
[ 4065642] ASYNC(0000,49,0,0,0)
[ 4066141] ASYNC(0000,49,0,0,0)
[ 4066142] ASYNC(0000,49,0,0,0)
[ 4066665] ASYNC(0000,49,0,0,0)
[ 4066961] ASYNC(0000,49,0,0,0)
[ 4067043] ASYNC(0000,49,0,0,0)
[ 4067177] ASYNC(0000,49,0,0,0)
[ 4068089] ASYNC(0000,49,0,0,0)
[ 4068188] ASYNC(0000,49,0,0,0)
[ 4069090] ASYNC(0000,49,0,0,0)
[ 4069418] ASYNC(0000,49,0,0,0)
[ 4069419] ASYNC(0000,49,0,0,0)
[ 4069635] ASYNC(0000,49,0,0,0)
[ 4069840] ASYNC(0000,49,0,0,0)
[ 4069941] ASYNC(0000,49,0,0,0)
[ 4070146] ASYNC(0000,49,0,0,0)
[ 4070147] ASYNC(0000,49,0,0,0)
[ 4070660] ASYNC(0000,49,0,0,0)
[ 4071068] ASYNC(0000,49,0,0,0)
[ 4071171] ASYNC(0000,49,0,0,0)
[ 4072091] ASYNC(0000,49,0,0,0)
[ 4072162] ASYNC(0000,49,0,0,0)
[ 4073103] ASYNC(0000,49,0,0,0)
[ 4073184] ASYNC(0000,49,0,0,0)
[ 4073298] ASYNC(0000,49,0,0,0)
[ 4074005] ASYNC(0000,49,0,0,0)
[ 4074106] ASYNC(0000,49,0,0,0)
[ 4074107] ASYNC(0000,49,0,0,0)
[ 4074755] ASYNC(0000,49,0,0,0)
[ 4075061] ASYNC(0000,49,0,0,0)
[ 4075155] ASYNC(0000,49,0,0,0)
[ 4075677] ASYNC(0000,49,0,0,0)
[ 4076085] ASYNC(0000,49,0,0,0)
[ 4076153] ASYNC(0000,49,0,0,0)
[ 4076996] ASYNC(0000,49,0,0,0)
[ 4077077] ASYNC(0000,49,0,0,0)
[ 4077188] ASYNC(0000,49,0,0,0)
[ 4078102] ASYNC(0000,49,0,0,0)
[ 4079157] ASYNC(0000,49,0,0,0)
[ 4079158] ASYNC(0000,49,0,0,0)
[ 4079751] ASYNC(0000,49,0,0,0)
[ 4080072] ASYNC(0000,49,0,0,0)
[ 4080181] ASYNC(0000,49,0,0,0)
[ 4080386] ASYNC(0000,49,0,0,0)
[ 4080387] ASYNC(0000,49,0,0,0)
[ 4080492] ASYNC(0000,49,0,0,0)
[ 4080695] ASYNC(0000,49,0,0,0)
[ 4081088] ASYNC(0000,49,0,0,0)
[ 4081193] ASYNC(0000,49,0,0,0)
[ 4081274] ASYNC(0000,49,0,0,0)
[ 4081382] ASYNC(0000,49,0,0,0)
[ 4081383] ASYNC(0000,49,0,0,0)
[ 4081481] ASYNC(0000,49,0,0,0)
[ 4081482] ASYNC(0000,49,0,0,0)
[ 4082002] ASYNC(0000,49,0,0,0)
[ 4082230] ASYNC(0000,49,0,0,0)
[ 4083322] ASYNC(0000,49,0,0,0)
[ 4084044] ASYNC(0000,49,0,0,0)
[ 4084148] ASYNC(0000,49,0,0,0)
[ 4084247] ASYNC(0000,49,0,0,0)
[ 4084248] ASYNC(0000,49,0,0,0)
[ 4084756] ASYNC(0000,49,0,0,0)
[ 4084757] ASYNC(0000,49,0,0,0)
[ 4084891] ASYNC(0000,49,0,0,0)
[ 4084892] ASYNC(0000,49,0,0,0)
[ 4085085] ASYNC(0000,49,0,0,0)
[ 4085187] ASYNC(0000,49,0,0,0)
[ 4085712] ASYNC(0000,49,0,0,0)
[ 4086097] ASYNC(0000,49,0,0,0)
[ 4086098] ASYNC(0000,49,0,0,0)
[ 4086223] ASYNC(0000,49,0,0,0)
[ 4086224] ASYNC(0000,49,0,0,0)
[ 4086911] ASYNC(0000,49,0,0,0)
[ 4087013] ASYNC(0000,49,0,0,0)
[ 4087113] ASYNC(0000,49,0,0,0)
[ 4087114] ASYNC(0000,49,0,0,0)
[ 4087115] ASYNC(0000,49,0,0,0)
[ 4088067] ASYNC(0000,49,0,0,0)
[ 4088149] ASYNC(0000,49,0,0,0)
[ 4088150] ASYNC(0000,49,0,0,0)
[ 4088151] ASYNC(0000,49,0,0,0)
[ 4088152] ASYNC(0000,49,0,0,0)
[ 4088372] ASYNC(0000,49,0,0,0)
[ 4089090] ASYNC(0000,49,0,0,0)
[ 4089161] ASYNC(0000,49,0,0,0)
[ 4089162] ASYNC(0000,49,0,0,0)
[ 4089807] ASYNC(0000,49,0,0,0)
[ 4090097] ASYNC(0000,49,0,0,0)
[ 4090216] ASYNC(0000,49,0,0,0)
[ 4090217] ASYNC(0000,49,0,0,0)
[ 4090718] ASYNC(0000,49,0,0,0)
[ 4091138] ASYNC(0000,49,0,0,0)
[ 4091208] ASYNC(0000,49,0,0,0)
[ 4092030] ASYNC(0000,49,0,0,0)
[ 4092031] ASYNC(0000,49,0,0,0)
[ 4092130] ASYNC(0000,49,0,0,0)
[ 4092560] ASYNC(0000,49,0,0,0)
[ 4092560] ASYNC(0000,49,0,0,0)
[ 4093051] ASYNC(0000,49,0,0,0)
[ 4093052] ASYNC(0000,49,0,0,0)
[ 4093174] ASYNC(0000,49,0,0,0)
[ 4094198] ASYNC(0000,49,0,0,0)
[ 4094813] ASYNC(0000,49,0,0,0)
[ 4095131] ASYNC(0000,49,0,0,0)
[ 4095210] ASYNC(0000,49,0,0,0)
[ 4095715] ASYNC(0000,49,0,0,0)
[ 4096054] ASYNC(0000,49,0,0,0)
[ 4097080] ASYNC(0000,49,0,0,0)
[ 4097080] ASYNC(0000,49,0,0,0)
[ 4097180] ASYNC(0000,49,0,0,0)
[ 4098070] ASYNC(0000,49,0,0,0)
[ 4098204] ASYNC(0000,49,0,0,0)
[ 4098306] ASYNC(0000,49,0,0,0)
[ 4099126] ASYNC(0000,49,0,0,0)
[ 4099215] ASYNC(0000,49,0,0,0)
[ 4099639] ASYNC(0000,49,0,0,0)
[ 4099842] ASYNC(0000,49,0,0,0)
[ 4100150] ASYNC(0000,49,0,0,0)
[ 4100150] ASYNC(0000,49,0,0,0)
[ 4100653] ASYNC(0000,49,0,0,0)
[ 4101071] ASYNC(0000,49,0,0,0)
[ 4101173] ASYNC(0000,49,0,0,0)
[ 4101449] ASYNC(0000,49,0,0,0)
[ 4101982] ASYNC(0000,49,0,0,0)
[ 4102063] ASYNC(0000,49,0,0,0)
[ 4102185] ASYNC(0000,49,0,0,0)
[ 4103090] ASYNC(0000,49,0,0,0)
[ 4103209] ASYNC(0000,49,0,0,0)
[ 4103324] ASYNC(0000,49,0,0,0)
[ 4104124] ASYNC(0000,49,0,0,0)
[ 4104125] ASYNC(0000,49,0,0,0)
[ 4104758] ASYNC(0000,49,0,0,0)
[ 4104847] ASYNC(0000,49,0,0,0)
[ 4105066] ASYNC(0000,49,0,0,0)
[ 4105167] ASYNC(0000,49,0,0,0)
[ 4105680] ASYNC(0000,49,0,0,0)
[ 4106089] ASYNC(0000,49,0,0,0)
[ 4106293] ASYNC(0000,49,0,0,0)
[ 4106996] ASYNC(0000,49,0,0,0)
[ 4107100] ASYNC(0000,49,0,0,0)
[ 4107183] ASYNC(0000,49,0,0,0)
[ 4108126] ASYNC(0000,49,0,0,0)
[ 4108127] ASYNC(0000,49,0,0,0)
[ 4108227] ASYNC(0000,49,0,0,0)
[ 4108228] ASYNC(0000,49,0,0,0)
[ 4108342] ASYNC(0000,49,0,0,0)
[ 4109058] ASYNC(0000,49,0,0,0)
[ 4109148] ASYNC(0000,49,0,0,0)
[ 4109776] ASYNC(0000,49,0,0,0)
[ 4110082] ASYNC(0000,49,0,0,0)
[ 4110172] ASYNC(0000,49,0,0,0)
[ 4110698] ASYNC(0000,49,0,0,0)
[ 4111088] ASYNC(0000,49,0,0,0)
[ 4111196] ASYNC(0000,49,0,0,0)
[ 4111516] ASYNC(0000,49,0,0,0)
[ 4112018] ASYNC(0000,49,0,0,0)
[ 4112199] ASYNC(0000,49,0,0,0)
[ 4112540] ASYNC(0000,49,0,0,0)
[ 4114064] ASYNC(0000,49,0,0,0)
[ 4114178] ASYNC(0000,49,0,0,0)
[ 4114794] ASYNC(0000,49,0,0,0)
[ 4115089] ASYNC(0000,49,0,0,0)
[ 4115202] ASYNC(0000,49,0,0,0)
[ 4115716] ASYNC(0000,49,0,0,0)
[ 4116090] ASYNC(0000,49,0,0,0)
[ 4116226] ASYNC(0000,49,0,0,0)
[ 4116707] ASYNC(0000,49,0,0,0)
[ 4116708] ASYNC(0000,49,0,0,0)
[ 4116931] ASYNC(0000,49,0,0,0)
[ 4117045] ASYNC(0000,49,0,0,0)
[ 4117148] ASYNC(0000,49,0,0,0)
[ 4117149] ASYNC(0000,49,0,0,0)
[ 4118070] ASYNC(0000,49,0,0,0)
[ 4118172] ASYNC(0000,49,0,0,0)
[ 4118365] ASYNC(0000,49,0,0,0)
[ 4119093] ASYNC(0000,49,0,0,0)
[ 4119094] ASYNC(0000,49,0,0,0)
[ 4119184] ASYNC(0000,49,0,0,0)
[ 4119810] ASYNC(0000,49,0,0,0)
[ 4120088] ASYNC(0000,49,0,0,0)
[ 4120208] ASYNC(0000,49,0,0,0)
[ 4120734] ASYNC(0000,49,0,0,0)
[ 4121141] ASYNC(0000,49,0,0,0)
[ 4121142] ASYNC(0000,49,0,0,0)
[ 4121436] ASYNC(0000,49,0,0,0)
[ 4122065] ASYNC(0000,49,0,0,0)
[ 4122066] ASYNC(0000,49,0,0,0)
[ 4122165] ASYNC(0000,49,0,0,0)
[ 4122166] ASYNC(0000,49,0,0,0)
[ 4122444] ASYNC(0000,49,0,0,0)
[ 4123372] ASYNC(0000,49,0,0,0)
[ 4124186] ASYNC(0000,49,0,0,0)
[ 4124316] ASYNC(0000,49,0,0,0)
[ 4124698] ASYNC(0000,49,0,0,0)
[ 4124828] ASYNC(0000,49,0,0,0)
[ 4125135] ASYNC(0000,49,0,0,0)
[ 4125751] ASYNC(0000,49,0,0,0)
[ 4126136] ASYNC(0000,49,0,0,0)
[ 4126262] ASYNC(0000,49,0,0,0)
[ 4126773] ASYNC(0000,49,0,0,0)
[ 4127082] ASYNC(0000,49,0,0,0)
[ 4127171] ASYNC(0000,49,0,0,0)
[ 4127768] ASYNC(0000,49,0,0,0)
[ 4128207] ASYNC(0000,49,0,0,0)
[ 4128208] ASYNC(0000,49,0,0,0)
[ 4129197] ASYNC(0000,49,0,0,0)
[ 4129425] ASYNC(0000,49,0,0,0)
[ 4129426] ASYNC(0000,49,0,0,0)
[ 4129631] ASYNC(0000,49,0,0,0)
[ 4129837] ASYNC(0000,49,0,0,0)
[ 4129838] ASYNC(0000,49,0,0,0)
[ 4130152] ASYNC(0000,49,0,0,0)
[ 4130768] ASYNC(0000,49,0,0,0)
[ 4131176] ASYNC(0000,49,0,0,0)
[ 4132185] ASYNC(0000,49,0,0,0)
[ 4133204] ASYNC(0000,49,0,0,0)
[ 4133327] ASYNC(0000,49,0,0,0)
[ 4134044] ASYNC(0000,49,0,0,0)
[ 4134147] ASYNC(0000,49,0,0,0)
[ 4134761] ASYNC(0000,49,0,0,0)
[ 4135171] ASYNC(0000,49,0,0,0)
[ 4135663] ASYNC(0000,49,0,0,0)
[ 4136194] ASYNC(0000,49,0,0,0)
[ 4137091] ASYNC(0000,49,0,0,0)
[ 4137218] ASYNC(0000,49,0,0,0)
[ 4138140] ASYNC(0000,49,0,0,0)
[ 4138345] ASYNC(0000,49,0,0,0)
[ 4139165] ASYNC(0000,49,0,0,0)
[ 4139166] ASYNC(0000,49,0,0,0)
[ 4140689] ASYNC(0000,49,0,0,0)
[ 4141191] ASYNC(0000,49,0,0,0)
[ 4141519] ASYNC(0000,49,0,0,0)
[ 4142033] ASYNC(0000,49,0,0,0)
[ 4142236] ASYNC(0000,49,0,0,0)
[ 4143157] ASYNC(0000,49,0,0,0)
[ 4143363] ASYNC(0000,49,0,0,0)
[ 4145193] ASYNC(0000,49,0,0,0)
[ 4145702] ASYNC(0000,49,0,0,0)
[ 4146200] ASYNC(0000,49,0,0,0)
[ 4146917] ASYNC(0000,49,0,0,0)
[ 4147039] ASYNC(0000,49,0,0,0)
[ 4147151] ASYNC(0000,49,0,0,0)
[ 4148143] ASYNC(0000,49,0,0,0)
[ 4148350] ASYNC(0000,49,0,0,0)
[ 4149167] ASYNC(0000,49,0,0,0)
[ 4149783] ASYNC(0000,49,0,0,0)
[ 4150192] ASYNC(0000,49,0,0,0)
[ 4150739] ASYNC(0000,49,0,0,0)
[ 4151145] ASYNC(0000,49,0,0,0)
[ 4152068] ASYNC(0000,49,0,0,0)
[ 4152169] ASYNC(0000,49,0,0,0)
[ 4152171] ASYNC(0000,49,0,0,0)
[ 4153193] ASYNC(0000,49,0,0,0)
[ 4153366] ASYNC(0000,49,0,0,0)
[ 4154207] ASYNC(0000,49,0,0,0)
[ 4154820] ASYNC(0000,49,0,0,0)
[ 4155138] ASYNC(0000,49,0,0,0)
[ 4155754] ASYNC(0000,49,0,0,0)
[ 4156162] ASYNC(0000,49,0,0,0)
[ 4157074] ASYNC(0000,49,0,0,0)
[ 4157187] ASYNC(0000,49,0,0,0)
Tue Dec 24 04:51:15 PM EST 2024
test.bash: Running wget
[ 4158178] ASYNC(0000,49,0,0,0)
[ 4158303] ASYNC(0000,49,0,0,0)
[ 4159235] ASYNC(0000,49,0,0,0)
[ 4159643] ASYNC(0000,49,0,0,0)
[ 4159747] ASYNC(0000,49,0,0,0)
[ 4160760] ASYNC(0000,49,0,0,0)
[ 4161180] ASYNC(0000,49,0,0,0)
[ 4161487] ASYNC(0000,49,0,0,0)
[ 4162084] ASYNC(0000,49,0,0,0)
[ 4163216] ASYNC(0000,49,0,0,0)
[ 4163331] ASYNC(0000,49,0,0,0)
[ 4164733] ASYNC(0000,49,0,0,0)
[ 4164969] ASYNC(0000,49,0,0,0)
[ 4164970] ASYNC(0000,49,0,0,0)
[ 4164971] ASYNC(0000,49,0,0,0)
[ 4165174] ASYNC(0000,49,0,0,0)
[ 4165757] ASYNC(0000,49,0,0,0)
[ 4165879] ASYNC(0000,49,0,0,0)
[ 4166177] ASYNC(0000,49,0,0,0)
[ 4166288] ASYNC(0000,49,0,0,0)
[ 4167090] ASYNC(0000,49,0,0,0)
[ 4167189] ASYNC(0000,49,0,0,0)
[ 4168142] ASYNC(0000,49,0,0,0)
[ 4168245] ASYNC(0000,49,0,0,0)
[ 4168336] ASYNC(0000,49,0,0,0)
[ 4169155] ASYNC(0000,49,0,0,0)
[ 4169269] ASYNC(0000,49,0,0,0)
[ 4169782] ASYNC(0000,49,0,0,0)
[ 4170179] ASYNC(0000,49,0,0,0)
[ 4170261] ASYNC(0000,49,0,0,0)
[ 4170704] ASYNC(0000,49,0,0,0)
[ 4171215] ASYNC(0000,49,0,0,0)
[ 4171216] ASYNC(0000,49,0,0,0)
[ 4171408] ASYNC(0000,49,0,0,0)
[ 4171522] ASYNC(0000,49,0,0,0)
[ 4171523] ASYNC(0000,49,0,0,0)
[ 4171527] ASYNC(0000,49,0,0,0)
[ 4172123] ASYNC(0000,49,0,0,0)
[ 4172124] ASYNC(0000,49,0,0,0)
test.bash: Failed at 2048 seconds
