test.bash: Waiting for reset
test.bash: Waiting for the server to start
Random selected PM: 0xa11140
Starting server. OS: (sysname='rp2', nodename='rp2', release='1.24.1', version='v1.24.1 on 2024-11-29 (GNU 13.2.0 MinSizeRel)', machine='Raspberry Pi Pico W with RP2040') PM: 10555712
Waiting for connection...
Waiting for connection...
Waiting for connection...
[   14994] ASYNC(0000,ASSOC_REQ_IE,0,0,0)
[   14994] ASYNC(0000,AUTH,0,0,0)
[   15001] ASYNC(0000,ASSOC_RESP_IE,0,0,0)
[   15001] ASYNC(0000,ASSOC,0,0,0)
[   15002] ASYNC(0001,LINK,0,0,0)
[   15016] ASYNC(0000,PSK_SUP,6,0,0)
[   15075] ASYNC(0000,JOIN,0,0,0)
[   15075] ASYNC(0000,SET_SSID,0,0,0)
Connected: ('192.168.1.4', '255.255.255.0', '192.168.1.1', '192.168.1.1')
Actual PM: 0xa11140
test.bash: Sleeping for 1 seconds
Tue Dec 24 06:00:29 PM EST 2024
test.bash: Running wget
1609459222	: GET /temp
Console: Getting Temp...
test.bash: Response: {"unit": "C", "temp": 32.19402}
test.bash: Sleeping for 2 seconds
Tue Dec 24 06:00:32 PM EST 2024
test.bash: Running wget
1609459224	: GET /temp
Console: Getting Temp...
test.bash: Response: {"unit": "C", "temp": 31.72584}
test.bash: Sleeping for 4 seconds
Tue Dec 24 06:00:36 PM EST 2024
test.bash: Running wget
test.bash: Response: {"unit": "C", "temp": 31.72584}
test.bash: Sleeping for 8 seconds
1609459228	: GET /temp
Console: Getting Temp...
Tue Dec 24 06:00:44 PM EST 2024
test.bash: Running wget
test.bash: Response: {"unit": "C", "temp": 32.19402}
test.bash: Sleeping for 16 seconds
1609459236	: GET /temp
Console: Getting Temp...
Tue Dec 24 06:01:00 PM EST 2024
test.bash: Running wget
1609459253	: GET /temp
Console: Getting Temp...
test.bash: Response: {"unit": "C", "temp": 32.19402}
test.bash: Sleeping for 32 seconds
Tue Dec 24 06:01:32 PM EST 2024
test.bash: Running wget
1609459285	: GET /temp
Console: Getting Temp...
test.bash: Response: {"unit": "C", "temp": 32.19402}
test.bash: Sleeping for 64 seconds
Tue Dec 24 06:02:37 PM EST 2024
test.bash: Running wget
test.bash: Response: {"unit": "C", "temp": 32.66213}
test.bash: Sleeping for 128 seconds
1609459349	: GET /temp
Console: Getting Temp...
Tue Dec 24 06:04:45 PM EST 2024
test.bash: Running wget
test.bash: Response: {"unit": "C", "temp": 32.66213}
test.bash: Sleeping for 256 seconds
1609459477	: GET /temp
Console: Getting Temp...
Tue Dec 24 06:09:01 PM EST 2024
test.bash: Running wget
1609459734	: GET /temp
Console: Getting Temp...
test.bash: Response: {"unit": "C", "temp": 32.66213}
test.bash: Sleeping for 512 seconds
Still checking Wi-Fi connection...
Debug: connected: True status: 3
Actual PM: 0xa11140
Tue Dec 24 06:17:33 PM EST 2024
test.bash: Running wget
1609460246	: GET /temp
Console: Getting Temp...
test.bash: Response: {"unit": "C", "temp": 31.2577}
test.bash: Sleeping for 1024 seconds
Still checking Wi-Fi connection...
Debug: connected: True status: 3
Actual PM: 0xa11140
Tue Dec 24 06:34:37 PM EST 2024
test.bash: Running wget
1609461281	: GET /temp
Console: Getting Temp...
test.bash: Response: {"unit": "C", "temp": 30.78955}
test.bash: Sleeping for 2048 seconds
Still checking Wi-Fi connection...
Debug: connected: True status: 3
Actual PM: 0xa11140
Still checking Wi-Fi connection...
Debug: connected: True status: 3
Actual PM: 0xa11140
[ 2900284] ASYNC(0000,PSK_SUP,6,0,0)
[ 2900297] ASYNC(0000,49,0,0,0)
Still checking Wi-Fi connection...
Debug: connected: True status: 3
Actual PM: 0xa11140
Tue Dec 24 07:08:57 PM EST 2024
test.bash: Running wget
1609463330	: GET /temp
Console: Getting Temp...
test.bash: Response: {"unit": "C", "temp": 30.78955}
test.bash: Test succeeded
