test.bash: Waiting for reset
test.bash: Waiting for the server to start
Random selected PM: network.WLAN.PM_POWERSAVE
Starting server. OS: (sysname='rp2', nodename='rp2', release='1.24.1', version='v1.24.1 on 2024-11-29 (GNU 13.2.0 MinSizeRel)', machine='Raspberry Pi Pico W with RP2040') PM: 17
Waiting for connection...
Waiting for connection...
Waiting for connection...
[   15003] ASYNC(0000,ASSOC_REQ_IE,0,0,0)
[   15004] ASYNC(0000,AUTH,0,0,0)
[   15008] ASYNC(0000,ASSOC_RESP_IE,0,0,0)
[   15008] ASYNC(0000,ASSOC,0,0,0)
[   15009] ASYNC(0001,LINK,0,0,0)
[   15020] ASYNC(0000,PSK_SUP,6,0,0)
[   15087] ASYNC(0000,JOIN,0,0,0)
[   15087] ASYNC(0000,SET_SSID,0,0,0)
Connected: ('192.168.1.4', '255.255.255.0', '192.168.1.1', '192.168.1.1')
Actual PM: 0x11
test.bash: Sleeping for 1 seconds
Tue Dec 24 08:18:36 PM EST 2024
test.bash: Running wget
1609459223	: GET /temp
Console: Getting Temp...
test.bash: Response: {"unit": "C", "temp": 31.72584}
test.bash: Sleeping for 2 seconds
Tue Dec 24 08:18:39 PM EST 2024
test.bash: Running wget
1609459225	: GET /temp
Console: Getting Temp...
test.bash: Response: {"unit": "C", "temp": 31.72584}
test.bash: Sleeping for 4 seconds
Tue Dec 24 08:18:43 PM EST 2024
test.bash: Running wget
1609459229	: GET /temp
Console: Getting Temp...
test.bash: Response: {"unit": "C", "temp": 32.19402}
test.bash: Sleeping for 8 seconds
Tue Dec 24 08:18:52 PM EST 2024
test.bash: Running wget
1609459238	: GET /temp
Console: Getting Temp...
test.bash: Response: {"unit": "C", "temp": 32.19402}
test.bash: Sleeping for 16 seconds
Tue Dec 24 08:19:09 PM EST 2024
test.bash: Running wget
1609459254	: GET /temp
Console: Getting Temp...
test.bash: Response: {"unit": "C", "temp": 32.19402}
test.bash: Sleeping for 32 seconds
Tue Dec 24 08:19:41 PM EST 2024
test.bash: Running wget
1609459287	: GET /temp
Console: Getting Temp...
test.bash: Response: {"unit": "C", "temp": 32.19402}
test.bash: Sleeping for 64 seconds
Tue Dec 24 08:20:45 PM EST 2024
test.bash: Running wget
1609459351	: GET /temp
Console: Getting Temp...
test.bash: Response: {"unit": "C", "temp": 32.19402}
test.bash: Sleeping for 128 seconds
Tue Dec 24 08:22:54 PM EST 2024
test.bash: Running wget
1609459479	: GET /temp
Console: Getting Temp...
test.bash: Response: {"unit": "C", "temp": 32.19402}
test.bash: Sleeping for 256 seconds
Tue Dec 24 08:27:10 PM EST 2024
test.bash: Running wget
test.bash: Response: {"unit": "C", "temp": 32.19402}
test.bash: Sleeping for 512 seconds
1609459736	: GET /temp
Console: Getting Temp...
Still checking Wi-Fi connection...
Debug: connected: True status: 3
Actual PM: 0x11
Tue Dec 24 08:35:42 PM EST 2024
test.bash: Running wget
test.bash: Response: {"unit": "C", "temp": 31.2577}
test.bash: Sleeping for 1024 seconds
1609460271	: GET /temp
Console: Getting Temp...
Still checking Wi-Fi connection...
Debug: connected: True status: 3
Actual PM: 0x11
[ 1824307] ASYNC(0000,49,0,0,0)
[ 1824308] ASYNC(0000,49,0,0,0)
[ 1824718] ASYNC(0000,49,0,0,0)
[ 1825741] ASYNC(0000,49,0,0,0)
[ 1826855] ASYNC(0000,49,0,0,0)
[ 1826969] ASYNC(0000,49,0,0,0)
[ 1829422] ASYNC(0000,49,0,0,0)
[ 1829721] ASYNC(0000,49,0,0,0)
[ 1830129] ASYNC(0000,49,0,0,0)
[ 1830744] ASYNC(0000,49,0,0,0)
[ 1831564] ASYNC(0000,49,0,0,0)
[ 1831886] ASYNC(0000,49,0,0,0)
[ 1834547] ASYNC(0000,49,0,0,0)
[ 1834754] ASYNC(0000,49,0,0,0)
[ 1835366] ASYNC(0000,49,0,0,0)
[ 1835777] ASYNC(0000,49,0,0,0)
[ 1835778] ASYNC(0000,49,0,0,0)
[ 1836890] ASYNC(0000,49,0,0,0)
[ 1837006] ASYNC(0000,49,0,0,0)
[ 1837298] ASYNC(0000,49,0,0,0)
[ 1838526] ASYNC(0000,49,0,0,0)
[ 1838638] ASYNC(0000,49,0,0,0)
[ 1839757] ASYNC(0000,49,0,0,0)
[ 1840691] ASYNC(0000,49,0,0,0)
[ 1840779] ASYNC(0000,49,0,0,0)
[ 1841921] ASYNC(0000,49,0,0,0)
[ 1842004] ASYNC(0000,49,0,0,0)
[ 1844465] ASYNC(0000,49,0,0,0)
[ 1844772] ASYNC(0000,49,0,0,0)
[ 1844875] ASYNC(0000,49,0,0,0)
[ 1845811] ASYNC(0000,49,0,0,0)
[ 1845812] ASYNC(0000,49,0,0,0)
[ 1846926] ASYNC(0000,49,0,0,0)
[ 1849794] ASYNC(0000,49,0,0,0)
[ 1850816] ASYNC(0000,49,0,0,0)
[ 1851940] ASYNC(0000,49,0,0,0)
[ 1852452] ASYNC(0000,49,0,0,0)
[ 1854823] ASYNC(0000,49,0,0,0)
[ 1855114] ASYNC(0000,49,0,0,0)
[ 1855524] ASYNC(0000,49,0,0,0)
[ 1855729] ASYNC(0000,49,0,0,0)
[ 1856961] ASYNC(0000,49,0,0,0)
[ 1856963] ASYNC(0000,49,0,0,0)
[ 1857279] ASYNC(0000,49,0,0,0)
[ 1857689] ASYNC(0000,49,0,0,0)
[ 1858286] ASYNC(0000,49,0,0,0)
[ 1858597] ASYNC(0000,49,0,0,0)
[ 1859327] ASYNC(0000,49,0,0,0)
[ 1860762] ASYNC(0000,49,0,0,0)
[ 1861875] ASYNC(0000,49,0,0,0)
[ 1861990] ASYNC(0000,49,0,0,0)
[ 1864742] ASYNC(0000,49,0,0,0)
[ 1865765] ASYNC(0000,49,0,0,0)
[ 1865767] ASYNC(0000,49,0,0,0)
[ 1866907] ASYNC(0000,49,0,0,0)
[ 1866995] ASYNC(0000,49,0,0,0)
[ 1869774] ASYNC(0000,49,0,0,0)
[ 1871911] ASYNC(0000,49,0,0,0)
[ 1872025] ASYNC(0000,49,0,0,0)
[ 1874778] ASYNC(0000,49,0,0,0)
[ 1875097] ASYNC(0000,49,0,0,0)
[ 1875800] ASYNC(0000,49,0,0,0)
[ 1876930] ASYNC(0000,49,0,0,0)
[ 1876931] ASYNC(0000,49,0,0,0)
[ 1877031] ASYNC(0000,49,0,0,0)
[ 1877234] ASYNC(0000,49,0,0,0)
[ 1878667] ASYNC(0000,49,0,0,0)
[ 1879076] ASYNC(0000,49,0,0,0)
[ 1879810] ASYNC(0000,49,0,0,0)
[ 1880217] ASYNC(0000,49,0,0,0)
[ 1880832] ASYNC(0000,49,0,0,0)
[ 1881945] ASYNC(0000,49,0,0,0)
[ 1882061] ASYNC(0000,49,0,0,0)
[ 1882062] ASYNC(0000,49,0,0,0)
[ 1884108] ASYNC(0000,49,0,0,0)
[ 1884313] ASYNC(0000,49,0,0,0)
[ 1884314] ASYNC(0000,49,0,0,0)
[ 1884812] ASYNC(0000,49,0,0,0)
[ 1885747] ASYNC(0000,49,0,0,0)
[ 1886977] ASYNC(0000,49,0,0,0)
[ 1889433] ASYNC(0000,49,0,0,0)
[ 1889844] ASYNC(0000,49,0,0,0)
[ 1890235] ASYNC(0000,49,0,0,0)
[ 1890751] ASYNC(0000,49,0,0,0)
[ 1891482] ASYNC(0000,49,0,0,0)
[ 1891983] ASYNC(0000,49,0,0,0)
[ 1891984] ASYNC(0000,49,0,0,0)
[ 1894643] ASYNC(0000,49,0,0,0)
[ 1895152] ASYNC(0000,49,0,0,0)
[ 1895153] ASYNC(0000,49,0,0,0)
[ 1895372] ASYNC(0000,49,0,0,0)
[ 1896996] ASYNC(0000,49,0,0,0)
[ 1896997] ASYNC(0000,49,0,0,0)
[ 1899264] ASYNC(0000,49,0,0,0)
[ 1899763] ASYNC(0000,49,0,0,0)
[ 1900787] ASYNC(0000,49,0,0,0)
[ 1901928] ASYNC(0000,49,0,0,0)
[ 1902011] ASYNC(0000,49,0,0,0)
[ 1904795] ASYNC(0000,49,0,0,0)
[ 1905818] ASYNC(0000,49,0,0,0)
[ 1906929] ASYNC(0000,49,0,0,0)
[ 1907046] ASYNC(0000,49,0,0,0)
[ 1907047] ASYNC(0000,49,0,0,0)
[ 1909799] ASYNC(0000,49,0,0,0)
[ 1910821] ASYNC(0000,49,0,0,0)
[ 1911963] ASYNC(0000,49,0,0,0)
[ 1911964] ASYNC(0000,49,0,0,0)
[ 1912576] ASYNC(0000,49,0,0,0)
[ 1914827] ASYNC(0000,49,0,0,0)
[ 1915736] ASYNC(0000,49,0,0,0)
[ 1916967] ASYNC(0000,49,0,0,0)
[ 1916968] ASYNC(0000,49,0,0,0)
[ 1917286] ASYNC(0000,49,0,0,0)
[ 1917375] ASYNC(0000,49,0,0,0)
[ 1917696] ASYNC(0000,49,0,0,0)
[ 1918398] ASYNC(0000,49,0,0,0)
[ 1918720] ASYNC(0000,49,0,0,0)
[ 1919217] ASYNC(0000,49,0,0,0)
[ 1919836] ASYNC(0000,49,0,0,0)
[ 1920768] ASYNC(0000,49,0,0,0)
[ 1921998] ASYNC(0000,49,0,0,0)
[ 1924435] ASYNC(0000,49,0,0,0)
[ 1924865] ASYNC(0000,49,0,0,0)
[ 1925069] ASYNC(0000,49,0,0,0)
[ 1925772] ASYNC(0000,49,0,0,0)
[ 1925774] ASYNC(0000,49,0,0,0)
[ 1927002] ASYNC(0000,49,0,0,0)
[ 1927003] ASYNC(0000,49,0,0,0)
[ 1929774] ASYNC(0000,49,0,0,0)
[ 1930803] ASYNC(0000,49,0,0,0)
[ 1932033] ASYNC(0000,49,0,0,0)
[ 1932035] ASYNC(0000,49,0,0,0)
[ 1934784] ASYNC(0000,49,0,0,0)
[ 1935193] ASYNC(0000,49,0,0,0)
[ 1935808] ASYNC(0000,49,0,0,0)
[ 1936216] ASYNC(0000,49,0,0,0)
[ 1936931] ASYNC(0000,49,0,0,0)
[ 1937039] ASYNC(0000,49,0,0,0)
[ 1937040] ASYNC(0000,49,0,0,0)
[ 1937356] ASYNC(0000,49,0,0,0)
[ 1938995] ASYNC(0000,49,0,0,0)
[ 1939816] ASYNC(0000,49,0,0,0)
[ 1940109] ASYNC(0000,49,0,0,0)
[ 1940722] ASYNC(0000,49,0,0,0)
[ 1941953] ASYNC(0000,49,0,0,0)
[ 1941955] ASYNC(0000,49,0,0,0)
[ 1942067] ASYNC(0000,49,0,0,0)
[ 1944319] ASYNC(0000,49,0,0,0)
[ 1944321] ASYNC(0000,49,0,0,0)
[ 1944524] ASYNC(0000,49,0,0,0)
[ 1944525] ASYNC(0000,49,0,0,0)
[ 1944819] ASYNC(0000,49,0,0,0)
[ 1944820] ASYNC(0000,49,0,0,0)
[ 1945022] ASYNC(0000,49,0,0,0)
[ 1945749] ASYNC(0000,49,0,0,0)
[ 1945958] ASYNC(0000,49,0,0,0)
[ 1946982] ASYNC(0000,49,0,0,0)
[ 1946985] ASYNC(0000,49,0,0,0)
[ 1946986] ASYNC(0000,49,0,0,0)
[ 1948504] ASYNC(0000,49,0,0,0)
[ 1949440] ASYNC(0000,49,0,0,0)
[ 1949644] ASYNC(0000,49,0,0,0)
[ 1949851] ASYNC(0000,49,0,0,0)
[ 1950253] ASYNC(0000,49,0,0,0)
[ 1950668] ASYNC(0000,49,0,0,0)
[ 1950757] ASYNC(0000,49,0,0,0)
[ 1951489] ASYNC(0000,49,0,0,0)
[ 1951988] ASYNC(0000,49,0,0,0)
[ 1951990] ASYNC(0000,49,0,0,0)
[ 1952600] ASYNC(0000,49,0,0,0)
[ 1953126] ASYNC(0000,49,0,0,0)
[ 1953625] ASYNC(0000,49,0,0,0)
[ 1954239] ASYNC(0000,49,0,0,0)
[ 1954555] ASYNC(0000,49,0,0,0)
[ 1954645] ASYNC(0000,49,0,0,0)
[ 1954854] ASYNC(0000,49,0,0,0)
[ 1955174] ASYNC(0000,49,0,0,0)
[ 1955363] ASYNC(0000,49,0,0,0)
[ 1955789] ASYNC(0000,49,0,0,0)
[ 1955791] ASYNC(0000,49,0,0,0)
[ 1956596] ASYNC(0000,49,0,0,0)
[ 1957019] ASYNC(0000,49,0,0,0)
[ 1957020] ASYNC(0000,49,0,0,0)
[ 1957720] ASYNC(0000,49,0,0,0)
[ 1957721] ASYNC(0000,49,0,0,0)
[ 1958238] ASYNC(0000,49,0,0,0)
[ 1958655] ASYNC(0000,49,0,0,0)
[ 1958656] ASYNC(0000,49,0,0,0)
[ 1959270] ASYNC(0000,49,0,0,0)
[ 1959886] ASYNC(0000,49,0,0,0)
[ 1960179] ASYNC(0000,49,0,0,0)
[ 1960179] ASYNC(0000,49,0,0,0)
[ 1960792] ASYNC(0000,49,0,0,0)
[ 1962024] ASYNC(0000,49,0,0,0)
[ 1962025] ASYNC(0000,49,0,0,0)
[ 1964390] ASYNC(0000,49,0,0,0)
[ 1965825] ASYNC(0000,49,0,0,0)
[ 1967052] ASYNC(0000,49,0,0,0)
[ 1967054] ASYNC(0000,49,0,0,0)
[ 1967057] ASYNC(0000,49,0,0,0)
[ 1969806] ASYNC(0000,49,0,0,0)
[ 1970739] ASYNC(0000,49,0,0,0)
[ 1971954] ASYNC(0000,49,0,0,0)
[ 1972059] ASYNC(0000,49,0,0,0)
[ 1972467] ASYNC(0000,49,0,0,0)
[ 1974836] ASYNC(0000,49,0,0,0)
[ 1975130] ASYNC(0000,49,0,0,0)
[ 1975244] ASYNC(0000,49,0,0,0)
[ 1975245] ASYNC(0000,49,0,0,0)
[ 1975743] ASYNC(0000,49,0,0,0)
[ 1976268] ASYNC(0000,49,0,0,0)
[ 1976973] ASYNC(0000,49,0,0,0)
[ 1977089] ASYNC(0000,49,0,0,0)
[ 1977702] ASYNC(0000,49,0,0,0)
[ 1979841] ASYNC(0000,49,0,0,0)
[ 1980775] ASYNC(0000,49,0,0,0)
[ 1984871] ASYNC(0000,49,0,0,0)
[ 1985778] ASYNC(0000,49,0,0,0)
[ 1985781] ASYNC(0000,49,0,0,0)
[ 1987009] ASYNC(0000,49,0,0,0)
[ 1987011] ASYNC(0000,49,0,0,0)
[ 1989877] ASYNC(0000,49,0,0,0)
[ 1990810] ASYNC(0000,49,0,0,0)
[ 1992040] ASYNC(0000,49,0,0,0)
[ 1992041] ASYNC(0000,49,0,0,0)
[ 1994793] ASYNC(0000,49,0,0,0)
[ 1995813] ASYNC(0000,49,0,0,0)
[ 1996941] ASYNC(0000,49,0,0,0)
[ 1997042] ASYNC(0000,49,0,0,0)
[ 1997045] ASYNC(0000,49,0,0,0)
[ 1998681] ASYNC(0000,49,0,0,0)
[ 1998796] ASYNC(0000,49,0,0,0)
[ 1999001] ASYNC(0000,49,0,0,0)
[ 1999822] ASYNC(0000,49,0,0,0)
[ 2000230] ASYNC(0000,49,0,0,0)
[ 2000729] ASYNC(0000,49,0,0,0)
[ 2001958] ASYNC(0000,49,0,0,0)
[ 2002075] ASYNC(0000,49,0,0,0)
[ 2002076] ASYNC(0000,49,0,0,0)
[ 2004826] ASYNC(0000,49,0,0,0)
[ 2005743] ASYNC(0000,49,0,0,0)
[ 2006974] ASYNC(0000,49,0,0,0)
[ 2007074] ASYNC(0000,49,0,0,0)
[ 2009446] ASYNC(0000,49,0,0,0)
[ 2009857] ASYNC(0000,49,0,0,0)
[ 2010265] ASYNC(0000,49,0,0,0)
[ 2010765] ASYNC(0000,49,0,0,0)
[ 2011495] ASYNC(0000,49,0,0,0)
[ 2011993] ASYNC(0000,49,0,0,0)
[ 2012110] ASYNC(0000,49,0,0,0)
[ 2014655] ASYNC(0000,49,0,0,0)
[ 2014861] ASYNC(0000,49,0,0,0)
[ 2015180] ASYNC(0000,49,0,0,0)
[ 2015474] ASYNC(0000,49,0,0,0)
[ 2015795] ASYNC(0000,49,0,0,0)
[ 2015798] ASYNC(0000,49,0,0,0)
[ 2017011] ASYNC(0000,49,0,0,0)
[ 2017114] ASYNC(0000,49,0,0,0)
[ 2017640] ASYNC(0000,49,0,0,0)
[ 2017641] ASYNC(0000,49,0,0,0)
[ 2017642] ASYNC(0000,49,0,0,0)
[ 2017645] ASYNC(0000,49,0,0,0)
[ 2018136] ASYNC(0000,49,0,0,0)
[ 2018647] ASYNC(0000,49,0,0,0)
[ 2018648] ASYNC(0000,49,0,0,0)
[ 2018649] ASYNC(0000,49,0,0,0)
[ 2018752] ASYNC(0000,49,0,0,0)
[ 2019277] ASYNC(0000,49,0,0,0)
[ 2019671] ASYNC(0000,49,0,0,0)
[ 2019673] ASYNC(0000,49,0,0,0)
[ 2019892] ASYNC(0000,49,0,0,0)
[ 2020301] ASYNC(0000,49,0,0,0)
[ 2020705] ASYNC(0000,49,0,0,0)
[ 2020799] ASYNC(0000,49,0,0,0)
[ 2022028] ASYNC(0000,49,0,0,0)
[ 2022031] ASYNC(0000,49,0,0,0)
[ 2024387] ASYNC(0000,49,0,0,0)
[ 2024896] ASYNC(0000,49,0,0,0)
[ 2025831] ASYNC(0000,49,0,0,0)
[ 2026635] ASYNC(0000,49,0,0,0)
[ 2027043] ASYNC(0000,49,0,0,0)
[ 2027044] ASYNC(0000,49,0,0,0)
[ 2027047] ASYNC(0000,49,0,0,0)
[ 2027468] ASYNC(0000,49,0,0,0)
[ 2027469] ASYNC(0000,49,0,0,0)
[ 2029809] ASYNC(0000,49,0,0,0)
[ 2030746] ASYNC(0000,49,0,0,0)
[ 2031962] ASYNC(0000,49,0,0,0)
[ 2032065] ASYNC(0000,49,0,0,0)
[ 2032573] ASYNC(0000,49,0,0,0)
[ 2034825] ASYNC(0000,49,0,0,0)
[ 2035251] ASYNC(0000,49,0,0,0)
[ 2035750] ASYNC(0000,49,0,0,0)
[ 2036993] ASYNC(0000,49,0,0,0)
[ 2037078] ASYNC(0000,49,0,0,0)
[ 2037504] ASYNC(0000,49,0,0,0)
[ 2037504] ASYNC(0000,49,0,0,0)
[ 2037699] ASYNC(0000,49,0,0,0)
[ 2038729] ASYNC(0000,49,0,0,0)
[ 2039847] ASYNC(0000,49,0,0,0)
[ 2040256] ASYNC(0000,49,0,0,0)
[ 2040360] ASYNC(0000,49,0,0,0)
[ 2040361] ASYNC(0000,49,0,0,0)
[ 2040669] ASYNC(0000,49,0,0,0)
[ 2040672] ASYNC(0000,49,0,0,0)
[ 2041999] ASYNC(0000,49,0,0,0)
[ 2042100] ASYNC(0000,49,0,0,0)
[ 2044878] ASYNC(0000,49,0,0,0)
[ 2045785] ASYNC(0000,49,0,0,0)
[ 2045788] ASYNC(0000,49,0,0,0)
[ 2047017] ASYNC(0000,49,0,0,0)
[ 2047115] ASYNC(0000,49,0,0,0)
[ 2049883] ASYNC(0000,49,0,0,0)
[ 2050816] ASYNC(0000,49,0,0,0)
[ 2052030] ASYNC(0000,49,0,0,0)
[ 2052135] ASYNC(0000,49,0,0,0)
[ 2054895] ASYNC(0000,49,0,0,0)
[ 2055321] ASYNC(0000,49,0,0,0)
[ 2055322] ASYNC(0000,49,0,0,0)
[ 2055820] ASYNC(0000,49,0,0,0)
[ 2056960] ASYNC(0000,49,0,0,0)
[ 2057049] ASYNC(0000,49,0,0,0)
[ 2057157] ASYNC(0000,49,0,0,0)
[ 2057459] ASYNC(0000,49,0,0,0)
[ 2058482] ASYNC(0000,49,0,0,0)
[ 2058993] ASYNC(0000,49,0,0,0)
[ 2059918] ASYNC(0000,49,0,0,0)
[ 2060736] ASYNC(0000,49,0,0,0)
[ 2061960] ASYNC(0000,49,0,0,0)
[ 2062080] ASYNC(0000,49,0,0,0)
[ 2062083] ASYNC(0000,49,0,0,0)
[ 2064333] ASYNC(0000,49,0,0,0)
[ 2064334] ASYNC(0000,49,0,0,0)
[ 2064537] ASYNC(0000,49,0,0,0)
[ 2064832] ASYNC(0000,49,0,0,0)
[ 2065767] ASYNC(0000,49,0,0,0)
[ 2066987] ASYNC(0000,49,0,0,0)
[ 2067086] ASYNC(0000,49,0,0,0)
[ 2069453] ASYNC(0000,49,0,0,0)
[ 2069864] ASYNC(0000,49,0,0,0)
[ 2070272] ASYNC(0000,49,0,0,0)
[ 2070771] ASYNC(0000,49,0,0,0)
[ 2071502] ASYNC(0000,49,0,0,0)
[ 2072002] ASYNC(0000,49,0,0,0)
[ 2072117] ASYNC(0000,49,0,0,0)
[ 2074569] ASYNC(0000,49,0,0,0)
[ 2074868] ASYNC(0000,49,0,0,0)
[ 2075392] ASYNC(0000,49,0,0,0)
[ 2075786] ASYNC(0000,49,0,0,0)
[ 2075893] ASYNC(0000,49,0,0,0)
[ 2077016] ASYNC(0000,49,0,0,0)
[ 2077122] ASYNC(0000,49,0,0,0)
[ 2078873] ASYNC(0000,49,0,0,0)
[ 2079273] ASYNC(0000,49,0,0,0)
[ 2079899] ASYNC(0000,49,0,0,0)
[ 2080807] ASYNC(0000,49,0,0,0)
[ 2082038] ASYNC(0000,49,0,0,0)
[ 2082152] ASYNC(0000,49,0,0,0)
[ 2084403] ASYNC(0000,49,0,0,0)
[ 2084903] ASYNC(0000,49,0,0,0)
[ 2085427] ASYNC(0000,49,0,0,0)
[ 2085837] ASYNC(0000,49,0,0,0)
[ 2087157] ASYNC(0000,49,0,0,0)
[ 2089934] ASYNC(0000,49,0,0,0)
[ 2090752] ASYNC(0000,49,0,0,0)
[ 2091982] ASYNC(0000,49,0,0,0)
[ 2092187] ASYNC(0000,49,0,0,0)
[ 2092480] ASYNC(0000,49,0,0,0)
Tue Dec 24 08:53:09 PM EST 2024
test.bash: Running wget
[ 2094939] ASYNC(0000,49,0,0,0)
[ 2095757] ASYNC(0000,49,0,0,0)
[ 2096986] ASYNC(0000,49,0,0,0)
[ 2097102] ASYNC(0000,49,0,0,0)
[ 2097510] ASYNC(0000,49,0,0,0)
[ 2097715] ASYNC(0000,49,0,0,0)
[ 2098828] ASYNC(0000,49,0,0,0)
[ 2099854] ASYNC(0000,49,0,0,0)
[ 2100377] ASYNC(0000,49,0,0,0)
[ 2100788] ASYNC(0000,49,0,0,0)
[ 2102016] ASYNC(0000,49,0,0,0)
[ 2102107] ASYNC(0000,49,0,0,0)
[ 2104576] ASYNC(0000,49,0,0,0)
[ 2104577] ASYNC(0000,49,0,0,0)
[ 2104578] ASYNC(0000,49,0,0,0)
[ 2104885] ASYNC(0000,49,0,0,0)
[ 2105497] ASYNC(0000,49,0,0,0)
[ 2105587] ASYNC(0000,49,0,0,0)
[ 2105792] ASYNC(0000,49,0,0,0)
[ 2105794] ASYNC(0000,49,0,0,0)
[ 2106512] ASYNC(0000,49,0,0,0)
[ 2107018] ASYNC(0000,49,0,0,0)
[ 2107120] ASYNC(0000,49,0,0,0)
test.bash: Failed at 1024 seconds
