test.bash: Waiting for reset
test.bash: Waiting for the server to start
Random selected PM: None
Starting server. OS: (sysname='rp2', nodename='rp2', release='1.24.1', version='v1.24.1 on 2024-11-29 (GNU 13.2.0 MinSizeRel)', machine='Raspberry Pi Pico W with RP2040') PM: None
Waiting for connection...
Waiting for connection...
Waiting for connection...
[   14983] ASYNC(0000,ASSOC_REQ_IE,0,0,0)
[   14984] ASYNC(0000,AUTH,0,0,0)
[   14990] ASYNC(0000,ASSOC_RESP_IE,0,0,0)
[   14991] ASYNC(0000,ASSOC,0,0,0)
[   14991] ASYNC(0001,LINK,0,0,0)
[   15007] ASYNC(0000,JOIN,0,0,0)
[   15008] ASYNC(0000,SET_SSID,0,0,0)
[   15011] ASYNC(0000,PSK_SUP,6,0,0)
Connected: ('192.168.1.4', '255.255.255.0', '192.168.1.1', '192.168.1.1')
Actual PM: 0xa11142
test.bash: Sleeping for 1 seconds
Tue Dec 24 10:02:28 PM EST 2024
test.bash: Running wget
1609459222	: GET /temp
Console: Getting Temp...
test.bash: Response: {"unit": "C", "temp": 32.19402}
test.bash: Sleeping for 2 seconds
Tue Dec 24 10:02:30 PM EST 2024
test.bash: Running wget
1609459225	: GET /temp
Console: Getting Temp...
test.bash: Response: {"unit": "C", "temp": 32.19402}
test.bash: Sleeping for 4 seconds
Tue Dec 24 10:02:35 PM EST 2024
test.bash: Running wget
1609459229	: GET /temp
Console: Getting Temp...
test.bash: Response: {"unit": "C", "temp": 32.19402}
test.bash: Sleeping for 8 seconds
Tue Dec 24 10:02:44 PM EST 2024
test.bash: Running wget
1609459237	: GET /temp
Console: Getting Temp...
test.bash: Response: {"unit": "C", "temp": 32.19402}
test.bash: Sleeping for 16 seconds
Tue Dec 24 10:03:00 PM EST 2024
test.bash: Running wget
1609459253	: GET /temp
Console: Getting Temp...
test.bash: Response: {"unit": "C", "temp": 32.66213}
test.bash: Sleeping for 32 seconds
Tue Dec 24 10:03:32 PM EST 2024
test.bash: Running wget
1609459285	: GET /temp
Console: Getting Temp...
test.bash: Response: {"unit": "C", "temp": 32.19402}
test.bash: Sleeping for 64 seconds
Tue Dec 24 10:04:36 PM EST 2024
test.bash: Running wget
1609459350	: GET /temp
Console: Getting Temp...
test.bash: Response: {"unit": "C", "temp": 32.19402}
test.bash: Sleeping for 128 seconds
Tue Dec 24 10:06:44 PM EST 2024
test.bash: Running wget
1609459479	: GET /temp
Console: Getting Temp...
test.bash: Response: {"unit": "C", "temp": 32.19402}
test.bash: Sleeping for 256 seconds
Tue Dec 24 10:11:02 PM EST 2024
test.bash: Running wget
1609459737	: GET /temp
Console: Getting Temp...
test.bash: Response: {"unit": "C", "temp": 32.19402}
test.bash: Sleeping for 512 seconds
Still checking Wi-Fi connection...
Debug: connected: True status: 3
Actual PM: 0xa11142
Tue Dec 24 10:19:35 PM EST 2024
test.bash: Running wget
1609460260	: GET /temp
Console: Getting Temp...
test.bash: Response: {"unit": "C", "temp": 30.78955}
test.bash: Sleeping for 1024 seconds
Still checking Wi-Fi connection...
Debug: connected: True status: 3
Actual PM: 0xa11142
Tue Dec 24 10:36:51 PM EST 2024
test.bash: Running wget
1609461296	: GET /temp
Console: Getting Temp...
test.bash: Response: {"unit": "C", "temp": 27.98069}
test.bash: Sleeping for 2048 seconds
Still checking Wi-Fi connection...
Debug: connected: True status: 3
Actual PM: 0xa11142
[ 2805022] ASYNC(0000,49,0,0,0)
[ 2805734] ASYNC(0000,49,0,0,0)
[ 2806457] ASYNC(0000,49,0,0,0)
[ 2808804] ASYNC(0000,49,0,0,0)
[ 2808913] ASYNC(0000,49,0,0,0)
[ 2808914] ASYNC(0000,49,0,0,0)
Still checking Wi-Fi connection...
Debug: connected: True status: 3
Actual PM: 0xa11142
[ 2810034] ASYNC(0000,49,0,0,0)
[ 2811468] ASYNC(0000,49,0,0,0)
[ 2811575] ASYNC(0000,49,0,0,0)
[ 2813920] ASYNC(0000,49,0,0,0)
[ 2814051] ASYNC(0000,49,0,0,0)
[ 2815076] ASYNC(0000,49,0,0,0)
[ 2815076] ASYNC(0000,49,0,0,0)
[ 2816287] ASYNC(0000,49,0,0,0)
[ 2816492] ASYNC(0000,49,0,0,0)
[ 2817737] ASYNC(0000,49,0,0,0)
[ 2818830] ASYNC(0000,49,0,0,0)
[ 2821503] ASYNC(0000,49,0,0,0)
[ 2822116] ASYNC(0000,49,0,0,0)
[ 2823886] ASYNC(0000,49,0,0,0)
[ 2826213] ASYNC(0000,49,0,0,0)
[ 2826528] ASYNC(0000,49,0,0,0)
[ 2827345] ASYNC(0000,49,0,0,0)
[ 2828874] ASYNC(0000,49,0,0,0)
[ 2828875] ASYNC(0000,49,0,0,0)
[ 2828877] ASYNC(0000,49,0,0,0)
[ 2829898] ASYNC(0000,49,0,0,0)
[ 2830008] ASYNC(0000,49,0,0,0)
[ 2830922] ASYNC(0000,49,0,0,0)
[ 2831032] ASYNC(0000,49,0,0,0)
[ 2831032] ASYNC(0000,49,0,0,0)
[ 2831244] ASYNC(0000,49,0,0,0)
[ 2831443] ASYNC(0000,49,0,0,0)
[ 2831543] ASYNC(0000,49,0,0,0)
[ 2831946] ASYNC(0000,49,0,0,0)
[ 2832356] ASYNC(0000,49,0,0,0)
[ 2833899] ASYNC(0000,49,0,0,0)
[ 2835019] ASYNC(0000,49,0,0,0)
[ 2835743] ASYNC(0000,49,0,0,0)
[ 2836255] ASYNC(0000,49,0,0,0)
[ 2836448] ASYNC(0000,49,0,0,0)
[ 2837681] ASYNC(0000,49,0,0,0)
[ 2838697] ASYNC(0000,49,0,0,0)
[ 2838906] ASYNC(0000,49,0,0,0)
[ 2839117] ASYNC(0000,49,0,0,0)
[ 2839218] ASYNC(0000,49,0,0,0)
[ 2839326] ASYNC(0000,49,0,0,0)
[ 2839326] ASYNC(0000,49,0,0,0)
[ 2839735] ASYNC(0000,49,0,0,0)
[ 2840062] ASYNC(0000,49,0,0,0)
[ 2840265] ASYNC(0000,49,0,0,0)
[ 2840266] ASYNC(0000,49,0,0,0)
[ 2840333] ASYNC(0000,49,0,0,0)
[ 2840470] ASYNC(0000,49,0,0,0)
[ 2841163] ASYNC(0000,49,0,0,0)
[ 2841273] ASYNC(0000,49,0,0,0)
[ 2841274] ASYNC(0000,49,0,0,0)
[ 2841275] ASYNC(0000,49,0,0,0)
[ 2841276] ASYNC(0000,49,0,0,0)
[ 2841277] ASYNC(0000,49,0,0,0)
[ 2841468] ASYNC(0000,49,0,0,0)
[ 2843211] ASYNC(0000,49,0,0,0)
[ 2843212] ASYNC(0000,49,0,0,0)
[ 2843213] ASYNC(0000,49,0,0,0)
[ 2843217] ASYNC(0000,49,0,0,0)
[ 2843934] ASYNC(0000,49,0,0,0)
[ 2844234] ASYNC(0000,49,0,0,0)
[ 2844236] ASYNC(0000,49,0,0,0)
[ 2844237] ASYNC(0000,49,0,0,0)
[ 2845047] ASYNC(0000,49,0,0,0)
[ 2845163] ASYNC(0000,49,0,0,0)
[ 2845163] ASYNC(0000,49,0,0,0)
[ 2845164] ASYNC(0000,49,0,0,0)
[ 2846284] ASYNC(0000,49,0,0,0)
[ 2846285] ASYNC(0000,49,0,0,0)
[ 2846286] ASYNC(0000,49,0,0,0)
[ 2846289] ASYNC(0000,49,0,0,0)
[ 2846489] ASYNC(0000,49,0,0,0)
[ 2846596] ASYNC(0000,49,0,0,0)
[ 2847306] ASYNC(0000,49,0,0,0)
[ 2848864] ASYNC(0000,49,0,0,0)
[ 2848951] ASYNC(0000,49,0,0,0)
[ 2849970] ASYNC(0000,49,0,0,0)
[ 2850505] ASYNC(0000,49,0,0,0)
[ 2851308] ASYNC(0000,49,0,0,0)
[ 2851531] ASYNC(0000,49,0,0,0)
[ 2851614] ASYNC(0000,49,0,0,0)
[ 2852221] ASYNC(0000,49,0,0,0)
[ 2852632] ASYNC(0000,49,0,0,0)
[ 2852633] ASYNC(0000,49,0,0,0)
[ 2853861] ASYNC(0000,49,0,0,0)
[ 2853953] ASYNC(0000,49,0,0,0)
[ 2854977] ASYNC(0000,49,0,0,0)
[ 2855830] ASYNC(0000,49,0,0,0)
[ 2856242] ASYNC(0000,49,0,0,0)
[ 2856524] ASYNC(0000,49,0,0,0)
[ 2856837] ASYNC(0000,49,0,0,0)
[ 2857640] ASYNC(0000,49,0,0,0)
[ 2857956] ASYNC(0000,49,0,0,0)
[ 2858885] ASYNC(0000,49,0,0,0)
[ 2859107] ASYNC(0000,49,0,0,0)
[ 2859806] ASYNC(0000,49,0,0,0)
[ 2859997] ASYNC(0000,49,0,0,0)
[ 2861241] ASYNC(0000,49,0,0,0)
[ 2861548] ASYNC(0000,49,0,0,0)
[ 2863902] ASYNC(0000,49,0,0,0)
[ 2864311] ASYNC(0000,49,0,0,0)
[ 2864926] ASYNC(0000,49,0,0,0)
[ 2865029] ASYNC(0000,49,0,0,0)
[ 2865746] ASYNC(0000,49,0,0,0)
[ 2866277] ASYNC(0000,49,0,0,0)
[ 2866559] ASYNC(0000,49,0,0,0)
[ 2868803] ASYNC(0000,49,0,0,0)
[ 2868939] ASYNC(0000,49,0,0,0)
[ 2870046] ASYNC(0000,49,0,0,0)
[ 2870653] ASYNC(0000,49,0,0,0)
[ 2870655] ASYNC(0000,49,0,0,0)
[ 2871261] ASYNC(0000,49,0,0,0)
[ 2871468] ASYNC(0000,49,0,0,0)
[ 2871685] ASYNC(0000,49,0,0,0)
[ 2872625] ASYNC(0000,49,0,0,0)
[ 2872708] ASYNC(0000,49,0,0,0)
[ 2873239] ASYNC(0000,49,0,0,0)
[ 2873240] ASYNC(0000,49,0,0,0)
[ 2873630] ASYNC(0000,49,0,0,0)
[ 2873937] ASYNC(0000,49,0,0,0)
[ 2874058] ASYNC(0000,49,0,0,0)
[ 2874235] ASYNC(0000,49,0,0,0)
[ 2875082] ASYNC(0000,49,0,0,0)
[ 2875083] ASYNC(0000,49,0,0,0)
[ 2876499] ASYNC(0000,49,0,0,0)
[ 2877744] ASYNC(0000,49,0,0,0)
[ 2878842] ASYNC(0000,49,0,0,0)
[ 2879997] ASYNC(0000,49,0,0,0)
[ 2881311] ASYNC(0000,49,0,0,0)
[ 2881516] ASYNC(0000,49,0,0,0)
[ 2882129] ASYNC(0000,49,0,0,0)
[ 2884279] ASYNC(0000,49,0,0,0)
[ 2884382] ASYNC(0000,49,0,0,0)
[ 2884383] ASYNC(0000,49,0,0,0)
[ 2884384] ASYNC(0000,49,0,0,0)
[ 2884384] ASYNC(0000,49,0,0,0)
[ 2884997] ASYNC(0000,49,0,0,0)
[ 2885303] ASYNC(0000,49,0,0,0)
[ 2885304] ASYNC(0000,49,0,0,0)
[ 2885399] ASYNC(0000,49,0,0,0)
[ 2885400] ASYNC(0000,49,0,0,0)
[ 2885401] ASYNC(0000,49,0,0,0)
[ 2885402] ASYNC(0000,49,0,0,0)
[ 2885499] ASYNC(0000,49,0,0,0)
[ 2886349] ASYNC(0000,49,0,0,0)
[ 2886350] ASYNC(0000,49,0,0,0)
[ 2886351] ASYNC(0000,49,0,0,0)
[ 2886420] ASYNC(0000,49,0,0,0)
[ 2886423] ASYNC(0000,49,0,0,0)
[ 2886424] ASYNC(0000,49,0,0,0)
[ 2886425] ASYNC(0000,49,0,0,0)
[ 2886553] ASYNC(0000,49,0,0,0)
[ 2886554] ASYNC(0000,49,0,0,0)
[ 2887454] ASYNC(0000,49,0,0,0)
[ 2887575] ASYNC(0000,49,0,0,0)
[ 2888888] ASYNC(0000,49,0,0,0)
[ 2889005] ASYNC(0000,49,0,0,0)
[ 2890033] ASYNC(0000,49,0,0,0)
[ 2891262] ASYNC(0000,49,0,0,0)
[ 2891552] ASYNC(0000,49,0,0,0)
[ 2893905] ASYNC(0000,49,0,0,0)
[ 2895032] ASYNC(0000,49,0,0,0)
[ 2895750] ASYNC(0000,49,0,0,0)
[ 2896262] ASYNC(0000,49,0,0,0)
[ 2896574] ASYNC(0000,49,0,0,0)
[ 2898917] ASYNC(0000,49,0,0,0)
[ 2900068] ASYNC(0000,49,0,0,0)
[ 2900356] ASYNC(0000,49,0,0,0)
[ 2901281] ASYNC(0000,49,0,0,0)
[ 2901374] ASYNC(0000,49,0,0,0)
[ 2901587] ASYNC(0000,49,0,0,0)
[ 2902404] ASYNC(0000,49,0,0,0)
[ 2903941] ASYNC(0000,49,0,0,0)
[ 2904983] ASYNC(0000,49,0,0,0)
[ 2906297] ASYNC(0000,49,0,0,0)
[ 2906623] ASYNC(0000,49,0,0,0)
[ 2907030] ASYNC(0000,49,0,0,0)
[ 2908344] ASYNC(0000,49,0,0,0)
[ 2908856] ASYNC(0000,49,0,0,0)
[ 2908951] ASYNC(0000,49,0,0,0)
[ 2908952] ASYNC(0000,49,0,0,0)
[ 2909983] ASYNC(0000,49,0,0,0)
[ 2911315] ASYNC(0000,49,0,0,0)
[ 2911505] ASYNC(0000,49,0,0,0)
[ 2912219] ASYNC(0000,49,0,0,0)
[ 2912539] ASYNC(0000,49,0,0,0)
[ 2913259] ASYNC(0000,49,0,0,0)
[ 2913566] ASYNC(0000,49,0,0,0)
[ 2913874] ASYNC(0000,49,0,0,0)
[ 2913962] ASYNC(0000,49,0,0,0)
[ 2915018] ASYNC(0000,49,0,0,0)
[ 2915223] ASYNC(0000,49,0,0,0)
[ 2916212] ASYNC(0000,49,0,0,0)
[ 2916537] ASYNC(0000,49,0,0,0)
[ 2917236] ASYNC(0000,49,0,0,0)
[ 2917764] ASYNC(0000,49,0,0,0)
[ 2918788] ASYNC(0000,49,0,0,0)
[ 2918905] ASYNC(0000,49,0,0,0)
[ 2919192] ASYNC(0000,49,0,0,0)
[ 2919798] ASYNC(0000,49,0,0,0)
[ 2919799] ASYNC(0000,49,0,0,0)
[ 2920018] ASYNC(0000,49,0,0,0)
[ 2921369] ASYNC(0000,49,0,0,0)
[ 2921555] ASYNC(0000,49,0,0,0)
[ 2923902] ASYNC(0000,49,0,0,0)
[ 2924318] ASYNC(0000,49,0,0,0)
[ 2925053] ASYNC(0000,49,0,0,0)
[ 2925054] ASYNC(0000,49,0,0,0)
[ 2925668] ASYNC(0000,49,0,0,0)
[ 2925669] ASYNC(0000,49,0,0,0)
[ 2925670] ASYNC(0000,49,0,0,0)
[ 2925753] ASYNC(0000,49,0,0,0)
[ 2925854] ASYNC(0000,49,0,0,0)
[ 2926283] ASYNC(0000,49,0,0,0)
[ 2926566] ASYNC(0000,49,0,0,0)
[ 2926691] ASYNC(0000,49,0,0,0)
[ 2926692] ASYNC(0000,49,0,0,0)
[ 2926693] ASYNC(0000,49,0,0,0)
[ 2926898] ASYNC(0000,49,0,0,0)
[ 2926899] ASYNC(0000,49,0,0,0)
[ 2926900] ASYNC(0000,49,0,0,0)
[ 2926901] ASYNC(0000,49,0,0,0)
[ 2927715] ASYNC(0000,49,0,0,0)
[ 2927716] ASYNC(0000,49,0,0,0)
[ 2927717] ASYNC(0000,49,0,0,0)
[ 2927920] ASYNC(0000,49,0,0,0)
[ 2927921] ASYNC(0000,49,0,0,0)
[ 2927922] ASYNC(0000,49,0,0,0)
[ 2928813] ASYNC(0000,49,0,0,0)
[ 2928911] ASYNC(0000,49,0,0,0)
[ 2928913] ASYNC(0000,49,0,0,0)
[ 2928914] ASYNC(0000,49,0,0,0)
[ 2929426] ASYNC(0000,49,0,0,0)
[ 2929427] ASYNC(0000,49,0,0,0)
[ 2929526] ASYNC(0000,49,0,0,0)
[ 2929527] ASYNC(0000,49,0,0,0)
[ 2929527] ASYNC(0000,49,0,0,0)
[ 2930053] ASYNC(0000,49,0,0,0)
[ 2930054] ASYNC(0000,49,0,0,0)
[ 2930375] ASYNC(0000,49,0,0,0)
[ 2930456] ASYNC(0000,49,0,0,0)
[ 2930456] ASYNC(0000,49,0,0,0)
[ 2930564] ASYNC(0000,49,0,0,0)
[ 2930565] ASYNC(0000,49,0,0,0)
[ 2930566] ASYNC(0000,49,0,0,0)
[ 2930871] ASYNC(0000,49,0,0,0)
[ 2931077] ASYNC(0000,49,0,0,0)
[ 2931384] ASYNC(0000,49,0,0,0)
[ 2931471] ASYNC(0000,49,0,0,0)
[ 2931473] ASYNC(0000,49,0,0,0)
[ 2931588] ASYNC(0000,49,0,0,0)
[ 2931589] ASYNC(0000,49,0,0,0)
[ 2931592] ASYNC(0000,49,0,0,0)
[ 2931594] ASYNC(0000,49,0,0,0)
[ 2932221] ASYNC(0000,49,0,0,0)
[ 2932630] ASYNC(0000,49,0,0,0)
[ 2933944] ASYNC(0000,49,0,0,0)
[ 2934046] ASYNC(0000,49,0,0,0)
[ 2934952] ASYNC(0000,49,0,0,0)
[ 2935088] ASYNC(0000,49,0,0,0)
[ 2936319] ASYNC(0000,49,0,0,0)
[ 2936595] ASYNC(0000,49,0,0,0)
[ 2937835] ASYNC(0000,49,0,0,0)
[ 2938859] ASYNC(0000,49,0,0,0)
[ 2941318] ASYNC(0000,49,0,0,0)
[ 2941640] ASYNC(0000,49,0,0,0)
[ 2942129] ASYNC(0000,49,0,0,0)
[ 2943862] ASYNC(0000,49,0,0,0)
[ 2945003] ASYNC(0000,49,0,0,0)
[ 2945942] ASYNC(0000,49,0,0,0)
[ 2946335] ASYNC(0000,49,0,0,0)
[ 2946643] ASYNC(0000,49,0,0,0)
[ 2946966] ASYNC(0000,49,0,0,0)
[ 2947376] ASYNC(0000,49,0,0,0)
[ 2948895] ASYNC(0000,49,0,0,0)
[ 2950036] ASYNC(0000,49,0,0,0)
[ 2950854] ASYNC(0000,49,0,0,0)
[ 2950942] ASYNC(0000,49,0,0,0)
[ 2951552] ASYNC(0000,49,0,0,0)
[ 2951659] ASYNC(0000,49,0,0,0)
[ 2952171] ASYNC(0000,49,0,0,0)
[ 2952701] ASYNC(0000,49,0,0,0)
[ 2953281] ASYNC(0000,49,0,0,0)
[ 2953930] ASYNC(0000,49,0,0,0)
[ 2954213] ASYNC(0000,49,0,0,0)
[ 2955038] ASYNC(0000,49,0,0,0)
[ 2955243] ASYNC(0000,49,0,0,0)
[ 2955774] ASYNC(0000,49,0,0,0)
[ 2956268] ASYNC(0000,49,0,0,0)
[ 2957821] ASYNC(0000,49,0,0,0)
[ 2958930] ASYNC(0000,49,0,0,0)
[ 2959748] ASYNC(0000,49,0,0,0)
[ 2960070] ASYNC(0000,49,0,0,0)
[ 2960772] ASYNC(0000,49,0,0,0)
[ 2961304] ASYNC(0000,49,0,0,0)
[ 2961587] ASYNC(0000,49,0,0,0)
[ 2961796] ASYNC(0000,49,0,0,0)
[ 2962738] ASYNC(0000,49,0,0,0)
[ 2963839] ASYNC(0000,49,0,0,0)
[ 2964971] ASYNC(0000,49,0,0,0)
[ 2966303] ASYNC(0000,49,0,0,0)
[ 2966629] ASYNC(0000,49,0,0,0)
[ 2966630] ASYNC(0000,49,0,0,0)
[ 2967037] ASYNC(0000,49,0,0,0)
[ 2969085] ASYNC(0000,49,0,0,0)
[ 2969989] ASYNC(0000,49,0,0,0)
[ 2970601] ASYNC(0000,49,0,0,0)
[ 2971321] ASYNC(0000,49,0,0,0)
[ 2971629] ASYNC(0000,49,0,0,0)
[ 2971630] ASYNC(0000,49,0,0,0)
[ 2972036] ASYNC(0000,49,0,0,0)
[ 2972362] ASYNC(0000,49,0,0,0)
[ 2972652] ASYNC(0000,49,0,0,0)
[ 2973675] ASYNC(0000,49,0,0,0)
[ 2973880] ASYNC(0000,49,0,0,0)
[ 2974000] ASYNC(0000,49,0,0,0)
[ 2974495] ASYNC(0000,49,0,0,0)
[ 2974593] ASYNC(0000,49,0,0,0)
[ 2974593] ASYNC(0000,49,0,0,0)
[ 2974699] ASYNC(0000,49,0,0,0)
[ 2974700] ASYNC(0000,49,0,0,0)
[ 2975006] ASYNC(0000,49,0,0,0)
[ 2975518] ASYNC(0000,49,0,0,0)
[ 2975612] ASYNC(0000,49,0,0,0)
[ 2975613] ASYNC(0000,49,0,0,0)
[ 2975614] ASYNC(0000,49,0,0,0)
[ 2975615] ASYNC(0000,49,0,0,0)
[ 2975723] ASYNC(0000,49,0,0,0)
[ 2976339] ASYNC(0000,49,0,0,0)
[ 2976526] ASYNC(0000,49,0,0,0)
[ 2976527] ASYNC(0000,49,0,0,0)
[ 2976664] ASYNC(0000,49,0,0,0)
[ 2976665] ASYNC(0000,49,0,0,0)
[ 2976666] ASYNC(0000,49,0,0,0)
[ 2976667] ASYNC(0000,49,0,0,0)
[ 2976668] ASYNC(0000,49,0,0,0)
[ 2977654] ASYNC(0000,49,0,0,0)
[ 2977771] ASYNC(0000,49,0,0,0)
[ 2978888] ASYNC(0000,49,0,0,0)
[ 2979102] ASYNC(0000,49,0,0,0)
[ 2979500] ASYNC(0000,49,0,0,0)
[ 2979819] ASYNC(0000,49,0,0,0)
[ 2980024] ASYNC(0000,49,0,0,0)
[ 2981374] ASYNC(0000,49,0,0,0)
[ 2981664] ASYNC(0000,49,0,0,0)
[ 2983915] ASYNC(0000,49,0,0,0)
[ 2984320] ASYNC(0000,49,0,0,0)
[ 2984936] ASYNC(0000,49,0,0,0)
[ 2985060] ASYNC(0000,49,0,0,0)
[ 2986374] ASYNC(0000,49,0,0,0)
[ 2986579] ASYNC(0000,49,0,0,0)
[ 2988933] ASYNC(0000,49,0,0,0)
[ 2988934] ASYNC(0000,49,0,0,0)
[ 2989035] ASYNC(0000,49,0,0,0)
[ 2989036] ASYNC(0000,49,0,0,0)
[ 2990059] ASYNC(0000,49,0,0,0)
[ 2990673] ASYNC(0000,49,0,0,0)
[ 2991615] ASYNC(0000,49,0,0,0)
[ 2993330] ASYNC(0000,49,0,0,0)
[ 2993866] ASYNC(0000,49,0,0,0)
[ 2994045] ASYNC(0000,49,0,0,0)
[ 2994975] ASYNC(0000,49,0,0,0)
[ 2994975] ASYNC(0000,49,0,0,0)
[ 2996614] ASYNC(0000,49,0,0,0)
[ 2997837] ASYNC(0000,49,0,0,0)
[ 2998866] ASYNC(0000,49,0,0,0)
[ 2999992] ASYNC(0000,49,0,0,0)
[ 3001324] ASYNC(0000,49,0,0,0)
[ 3002136] ASYNC(0000,49,0,0,0)
[ 3003901] ASYNC(0000,49,0,0,0)
[ 3005010] ASYNC(0000,49,0,0,0)
[ 3006346] ASYNC(0000,49,0,0,0)
[ 3008887] ASYNC(0000,49,0,0,0)
[ 3010013] ASYNC(0000,49,0,0,0)
[ 3011354] ASYNC(0000,49,0,0,0)
[ 3011667] ASYNC(0000,49,0,0,0)
[ 3015045] ASYNC(0000,49,0,0,0)
[ 3015865] ASYNC(0000,49,0,0,0)
[ 3016685] ASYNC(0000,49,0,0,0)
[ 3017827] ASYNC(0000,49,0,0,0)
[ 3018936] ASYNC(0000,49,0,0,0)
[ 3019653] ASYNC(0000,49,0,0,0)
[ 3019654] ASYNC(0000,49,0,0,0)
[ 3019755] ASYNC(0000,49,0,0,0)
[ 3019756] ASYNC(0000,49,0,0,0)
[ 3019757] ASYNC(0000,49,0,0,0)
[ 3020676] ASYNC(0000,49,0,0,0)
[ 3020677] ASYNC(0000,49,0,0,0)
[ 3020779] ASYNC(0000,49,0,0,0)
[ 3020780] ASYNC(0000,49,0,0,0)
[ 3020781] ASYNC(0000,49,0,0,0)
[ 3020782] ASYNC(0000,49,0,0,0)
[ 3021585] ASYNC(0000,49,0,0,0)
[ 3021688] ASYNC(0000,49,0,0,0)
[ 3021689] ASYNC(0000,49,0,0,0)
[ 3021690] ASYNC(0000,49,0,0,0)
[ 3021803] ASYNC(0000,49,0,0,0)
[ 3021804] ASYNC(0000,49,0,0,0)
[ 3021805] ASYNC(0000,49,0,0,0)
[ 3022827] ASYNC(0000,49,0,0,0)
[ 3023851] ASYNC(0000,49,0,0,0)
[ 3024996] ASYNC(0000,49,0,0,0)
[ 3026304] ASYNC(0000,49,0,0,0)
[ 3026600] ASYNC(0000,49,0,0,0)
[ 3026603] ASYNC(0000,49,0,0,0)
[ 3028887] ASYNC(0000,49,0,0,0)
[ 3029996] ASYNC(0000,49,0,0,0)
[ 3030200] ASYNC(0000,49,0,0,0)
[ 3031224] ASYNC(0000,49,0,0,0)
[ 3031346] ASYNC(0000,49,0,0,0)
[ 3031533] ASYNC(0000,49,0,0,0)
[ 3031635] ASYNC(0000,49,0,0,0)
[ 3031838] ASYNC(0000,49,0,0,0)
[ 3032248] ASYNC(0000,49,0,0,0)
[ 3032249] ASYNC(0000,49,0,0,0)
[ 3032778] ASYNC(0000,49,0,0,0)
[ 3033267] ASYNC(0000,49,0,0,0)
[ 3033268] ASYNC(0000,49,0,0,0)
[ 3033272] ASYNC(0000,49,0,0,0)
[ 3033887] ASYNC(0000,49,0,0,0)
[ 3033976] ASYNC(0000,49,0,0,0)
[ 3034296] ASYNC(0000,49,0,0,0)
[ 3035000] ASYNC(0000,49,0,0,0)
[ 3035320] ASYNC(0000,49,0,0,0)
[ 3036350] ASYNC(0000,49,0,0,0)
[ 3036464] ASYNC(0000,49,0,0,0)
[ 3036671] ASYNC(0000,49,0,0,0)
[ 3037488] ASYNC(0000,49,0,0,0)
[ 3037870] ASYNC(0000,49,0,0,0)
[ 3038480] ASYNC(0000,49,0,0,0)
[ 3038922] ASYNC(0000,49,0,0,0)
[ 3039537] ASYNC(0000,49,0,0,0)
[ 3039539] ASYNC(0000,49,0,0,0)
[ 3039826] ASYNC(0000,49,0,0,0)
[ 3040025] ASYNC(0000,49,0,0,0)
[ 3040528] ASYNC(0000,49,0,0,0)
[ 3041381] ASYNC(0000,49,0,0,0)
[ 3041566] ASYNC(0000,49,0,0,0)
[ 3041789] ASYNC(0000,49,0,0,0)
[ 3042693] ASYNC(0000,49,0,0,0)
[ 3043716] ASYNC(0000,49,0,0,0)
[ 3043718] ASYNC(0000,49,0,0,0)
[ 3043719] ASYNC(0000,49,0,0,0)
[ 3043922] ASYNC(0000,49,0,0,0)
[ 3044247] ASYNC(0000,49,0,0,0)
[ 3044741] ASYNC(0000,49,0,0,0)
[ 3044843] ASYNC(0000,49,0,0,0)
[ 3045271] ASYNC(0000,49,0,0,0)
[ 3045753] ASYNC(0000,49,0,0,0)
[ 3045889] ASYNC(0000,49,0,0,0)
[ 3046380] ASYNC(0000,49,0,0,0)
[ 3046688] ASYNC(0000,49,0,0,0)
[ 3046783] ASYNC(0000,49,0,0,0)
[ 3046783] ASYNC(0000,49,0,0,0)
[ 3047814] ASYNC(0000,49,0,0,0)
[ 3049981] ASYNC(0000,49,0,0,0)
[ 3050066] ASYNC(0000,49,0,0,0)
[ 3050388] ASYNC(0000,49,0,0,0)
[ 3051005] ASYNC(0000,49,0,0,0)
[ 3051006] ASYNC(0000,49,0,0,0)
[ 3051416] ASYNC(0000,49,0,0,0)
[ 3051706] ASYNC(0000,49,0,0,0)
[ 3051707] ASYNC(0000,49,0,0,0)
[ 3052029] ASYNC(0000,49,0,0,0)
[ 3053051] ASYNC(0000,49,0,0,0)
[ 3053875] ASYNC(0000,49,0,0,0)
[ 3054059] ASYNC(0000,49,0,0,0)
[ 3055579] ASYNC(0000,49,0,0,0)
[ 3056125] ASYNC(0000,49,0,0,0)
[ 3056720] ASYNC(0000,49,0,0,0)
[ 3057233] ASYNC(0000,49,0,0,0)
[ 3057848] ASYNC(0000,49,0,0,0)
[ 3058252] ASYNC(0000,49,0,0,0)
[ 3058867] ASYNC(0000,49,0,0,0)
[ 3059281] ASYNC(0000,49,0,0,0)
[ 3060305] ASYNC(0000,49,0,0,0)
[ 3061325] ASYNC(0000,49,0,0,0)
[ 3061741] ASYNC(0000,49,0,0,0)
[ 3062150] ASYNC(0000,49,0,0,0)
[ 3062353] ASYNC(0000,49,0,0,0)
[ 3063498] ASYNC(0000,49,0,0,0)
[ 3063905] ASYNC(0000,49,0,0,0)
[ 3064514] ASYNC(0000,49,0,0,0)
[ 3064811] ASYNC(0000,49,0,0,0)
[ 3064812] ASYNC(0000,49,0,0,0)
[ 3064931] ASYNC(0000,49,0,0,0)
[ 3064932] ASYNC(0000,49,0,0,0)
[ 3064933] ASYNC(0000,49,0,0,0)
[ 3065518] ASYNC(0000,49,0,0,0)
[ 3065734] ASYNC(0000,49,0,0,0)
[ 3065829] ASYNC(0000,49,0,0,0)
[ 3065830] ASYNC(0000,49,0,0,0)
[ 3065956] ASYNC(0000,49,0,0,0)
[ 3065956] ASYNC(0000,49,0,0,0)
[ 3066367] ASYNC(0000,49,0,0,0)
[ 3066567] ASYNC(0000,49,0,0,0)
[ 3066656] ASYNC(0000,49,0,0,0)
[ 3066853] ASYNC(0000,49,0,0,0)
[ 3066854] ASYNC(0000,49,0,0,0)
[ 3066855] ASYNC(0000,49,0,0,0)
[ 3066859] ASYNC(0000,49,0,0,0)
[ 3066980] ASYNC(0000,49,0,0,0)
[ 3067371] ASYNC(0000,49,0,0,0)
[ 3067594] ASYNC(0000,49,0,0,0)
[ 3067883] ASYNC(0000,49,0,0,0)
[ 3068604] ASYNC(0000,49,0,0,0)
[ 3069720] ASYNC(0000,49,0,0,0)
[ 3070052] ASYNC(0000,49,0,0,0)
[ 3070750] ASYNC(0000,49,0,0,0)
[ 3071075] ASYNC(0000,49,0,0,0)
[ 3071366] ASYNC(0000,49,0,0,0)
[ 3071674] ASYNC(0000,49,0,0,0)
[ 3071769] ASYNC(0000,49,0,0,0)
[ 3072790] ASYNC(0000,49,0,0,0)
[ 3072908] ASYNC(0000,49,0,0,0)
[ 3073310] ASYNC(0000,49,0,0,0)
[ 3073817] ASYNC(0000,49,0,0,0)
[ 3074846] ASYNC(0000,49,0,0,0)
[ 3075046] ASYNC(0000,49,0,0,0)
[ 3075872] ASYNC(0000,49,0,0,0)
[ 3075873] ASYNC(0000,49,0,0,0)
[ 3076402] ASYNC(0000,49,0,0,0)
[ 3076681] ASYNC(0000,49,0,0,0)
[ 3077015] ASYNC(0000,49,0,0,0)
[ 3077834] ASYNC(0000,49,0,0,0)
[ 3078039] ASYNC(0000,49,0,0,0)
[ 3078943] ASYNC(0000,49,0,0,0)
[ 3079045] ASYNC(0000,49,0,0,0)
[ 3080054] ASYNC(0000,49,0,0,0)
[ 3081111] ASYNC(0000,49,0,0,0)
[ 3081727] ASYNC(0000,49,0,0,0)
[ 3083243] ASYNC(0000,49,0,0,0)
[ 3083858] ASYNC(0000,49,0,0,0)
[ 3084267] ASYNC(0000,49,0,0,0)
[ 3085002] ASYNC(0000,49,0,0,0)
[ 3085291] ASYNC(0000,49,0,0,0)
[ 3086613] ASYNC(0000,49,0,0,0)
[ 3086726] ASYNC(0000,49,0,0,0)
[ 3087050] ASYNC(0000,49,0,0,0)
[ 3087339] ASYNC(0000,49,0,0,0)
[ 3088363] ASYNC(0000,49,0,0,0)
[ 3088862] ASYNC(0000,49,0,0,0)
[ 3089508] ASYNC(0000,49,0,0,0)
[ 3090002] ASYNC(0000,49,0,0,0)
[ 3090532] ASYNC(0000,49,0,0,0)
[ 3090821] ASYNC(0000,49,0,0,0)
[ 3090821] ASYNC(0000,49,0,0,0)
[ 3091025] ASYNC(0000,49,0,0,0)
[ 3091437] ASYNC(0000,49,0,0,0)
[ 3091740] ASYNC(0000,49,0,0,0)
[ 3091829] ASYNC(0000,49,0,0,0)
[ 3092559] ASYNC(0000,49,0,0,0)
[ 3093570] ASYNC(0000,49,0,0,0)
[ 3093879] ASYNC(0000,49,0,0,0)
[ 3094507] ASYNC(0000,49,0,0,0)
[ 3094628] ASYNC(0000,49,0,0,0)
[ 3095038] ASYNC(0000,49,0,0,0)
[ 3095736] ASYNC(0000,49,0,0,0)
[ 3096352] ASYNC(0000,49,0,0,0)
[ 3098808] ASYNC(0000,49,0,0,0)
[ 3099212] ASYNC(0000,49,0,0,0)
[ 3099516] ASYNC(0000,49,0,0,0)
[ 3099832] ASYNC(0000,49,0,0,0)
[ 3099833] ASYNC(0000,49,0,0,0)
[ 3100539] ASYNC(0000,49,0,0,0)
[ 3100856] ASYNC(0000,49,0,0,0)
[ 3101369] ASYNC(0000,49,0,0,0)
[ 3101763] ASYNC(0000,49,0,0,0)
[ 3102000] ASYNC(0000,49,0,0,0)
[ 3103024] ASYNC(0000,49,0,0,0)
[ 3103027] ASYNC(0000,49,0,0,0)
[ 3103923] ASYNC(0000,49,0,0,0)
[ 3104047] ASYNC(0000,49,0,0,0)
[ 3104338] ASYNC(0000,49,0,0,0)
[ 3104946] ASYNC(0000,49,0,0,0)
[ 3105041] ASYNC(0000,49,0,0,0)
[ 3105042] ASYNC(0000,49,0,0,0)
[ 3106096] ASYNC(0000,49,0,0,0)
[ 3106387] ASYNC(0000,49,0,0,0)
[ 3106713] ASYNC(0000,49,0,0,0)
[ 3107121] ASYNC(0000,49,0,0,0)
[ 3108144] ASYNC(0000,49,0,0,0)
[ 3108937] ASYNC(0000,49,0,0,0)
[ 3108938] ASYNC(0000,49,0,0,0)
[ 3109852] ASYNC(0000,49,0,0,0)
[ 3109956] ASYNC(0000,49,0,0,0)
[ 3109957] ASYNC(0000,49,0,0,0)
[ 3109959] ASYNC(0000,49,0,0,0)
[ 3110072] ASYNC(0000,49,0,0,0)
[ 3110073] ASYNC(0000,49,0,0,0)
[ 3110277] ASYNC(0000,49,0,0,0)
[ 3110891] ASYNC(0000,49,0,0,0)
[ 3110892] ASYNC(0000,49,0,0,0)
[ 3111012] ASYNC(0000,49,0,0,0)
[ 3111013] ASYNC(0000,49,0,0,0)
[ 3111013] ASYNC(0000,49,0,0,0)
[ 3111096] ASYNC(0000,49,0,0,0)
[ 3111301] ASYNC(0000,49,0,0,0)
[ 3111423] ASYNC(0000,49,0,0,0)
[ 3111698] ASYNC(0000,49,0,0,0)
[ 3112002] ASYNC(0000,49,0,0,0)
[ 3112006] ASYNC(0000,49,0,0,0)
[ 3112007] ASYNC(0000,49,0,0,0)
[ 3112008] ASYNC(0000,49,0,0,0)
[ 3112325] ASYNC(0000,49,0,0,0)
[ 3113047] ASYNC(0000,49,0,0,0)
[ 3113349] ASYNC(0000,49,0,0,0)
[ 3113879] ASYNC(0000,49,0,0,0)
[ 3114373] ASYNC(0000,49,0,0,0)
[ 3114698] ASYNC(0000,49,0,0,0)
[ 3115415] ASYNC(0000,49,0,0,0)
[ 3116422] ASYNC(0000,49,0,0,0)
[ 3116538] ASYNC(0000,49,0,0,0)
[ 3116748] ASYNC(0000,49,0,0,0)
[ 3117959] ASYNC(0000,49,0,0,0)
[ 3118559] ASYNC(0000,49,0,0,0)
[ 3118879] ASYNC(0000,49,0,0,0)
[ 3120023] ASYNC(0000,49,0,0,0)
[ 3121458] ASYNC(0000,49,0,0,0)
[ 3121747] ASYNC(0000,49,0,0,0)
[ 3122273] ASYNC(0000,49,0,0,0)
[ 3123912] ASYNC(0000,49,0,0,0)
[ 3126373] ASYNC(0000,49,0,0,0)
[ 3126783] ASYNC(0000,49,0,0,0)
[ 3127396] ASYNC(0000,49,0,0,0)
[ 3128915] ASYNC(0000,49,0,0,0)
[ 3130026] ASYNC(0000,49,0,0,0)
[ 3130854] ASYNC(0000,49,0,0,0)
[ 3131373] ASYNC(0000,49,0,0,0)
[ 3131777] ASYNC(0000,49,0,0,0)
[ 3131781] ASYNC(0000,49,0,0,0)
[ 3133011] ASYNC(0000,49,0,0,0)
[ 3133920] ASYNC(0000,49,0,0,0)
[ 3135058] ASYNC(0000,49,0,0,0)
[ 3135865] ASYNC(0000,49,0,0,0)
[ 3136408] ASYNC(0000,49,0,0,0)
[ 3136791] ASYNC(0000,49,0,0,0)
[ 3137925] ASYNC(0000,49,0,0,0)
[ 3138847] ASYNC(0000,49,0,0,0)
[ 3141408] ASYNC(0000,49,0,0,0)
[ 3141818] ASYNC(0000,49,0,0,0)
[ 3143865] ASYNC(0000,49,0,0,0)
[ 3145009] ASYNC(0000,49,0,0,0)
[ 3146640] ASYNC(0000,49,0,0,0)
[ 3146733] ASYNC(0000,49,0,0,0)
[ 3146936] ASYNC(0000,49,0,0,0)
[ 3148892] ASYNC(0000,49,0,0,0)
[ 3149105] ASYNC(0000,49,0,0,0)
[ 3149106] ASYNC(0000,49,0,0,0)
[ 3150009] ASYNC(0000,49,0,0,0)
[ 3150097] ASYNC(0000,49,0,0,0)
[ 3150308] ASYNC(0000,49,0,0,0)
[ 3150827] ASYNC(0000,49,0,0,0)
[ 3151438] ASYNC(0000,49,0,0,0)
[ 3151751] ASYNC(0000,49,0,0,0)
[ 3151846] ASYNC(0000,49,0,0,0)
[ 3153583] ASYNC(0000,49,0,0,0)
[ 3153584] ASYNC(0000,49,0,0,0)
[ 3153895] ASYNC(0000,49,0,0,0)
[ 3154020] ASYNC(0000,49,0,0,0)
[ 3155031] ASYNC(0000,49,0,0,0)
[ 3155033] ASYNC(0000,49,0,0,0)
[ 3155034] ASYNC(0000,49,0,0,0)
[ 3155128] ASYNC(0000,49,0,0,0)
[ 3155129] ASYNC(0000,49,0,0,0)
[ 3155130] ASYNC(0000,49,0,0,0)
[ 3156067] ASYNC(0000,49,0,0,0)
[ 3156068] ASYNC(0000,49,0,0,0)
[ 3156152] ASYNC(0000,49,0,0,0)
[ 3156153] ASYNC(0000,49,0,0,0)
[ 3156154] ASYNC(0000,49,0,0,0)
[ 3156155] ASYNC(0000,49,0,0,0)
[ 3156479] ASYNC(0000,49,0,0,0)
[ 3156768] ASYNC(0000,49,0,0,0)
[ 3156972] ASYNC(0000,49,0,0,0)
[ 3157075] ASYNC(0000,49,0,0,0)
[ 3157075] ASYNC(0000,49,0,0,0)
[ 3157176] ASYNC(0000,49,0,0,0)
[ 3157177] ASYNC(0000,49,0,0,0)
[ 3157178] ASYNC(0000,49,0,0,0)
[ 3158200] ASYNC(0000,49,0,0,0)
[ 3159243] ASYNC(0000,49,0,0,0)
[ 3159839] ASYNC(0000,49,0,0,0)
[ 3160045] ASYNC(0000,49,0,0,0)
[ 3161394] ASYNC(0000,49,0,0,0)
[ 3161804] ASYNC(0000,49,0,0,0)
[ 3163935] ASYNC(0000,49,0,0,0)
[ 3164330] ASYNC(0000,49,0,0,0)
[ 3165070] ASYNC(0000,49,0,0,0)
[ 3165072] ASYNC(0000,49,0,0,0)
[ 3165882] ASYNC(0000,49,0,0,0)
[ 3166394] ASYNC(0000,49,0,0,0)
[ 3166804] ASYNC(0000,49,0,0,0)
[ 3168850] ASYNC(0000,49,0,0,0)
[ 3168970] ASYNC(0000,49,0,0,0)
[ 3169175] ASYNC(0000,49,0,0,0)
[ 3169995] ASYNC(0000,49,0,0,0)
[ 3170898] ASYNC(0000,49,0,0,0)
[ 3170898] ASYNC(0000,49,0,0,0)
[ 3171404] ASYNC(0000,49,0,0,0)
[ 3172331] ASYNC(0000,49,0,0,0)
[ 3172843] ASYNC(0000,49,0,0,0)
[ 3173476] ASYNC(0000,49,0,0,0)
[ 3173477] ASYNC(0000,49,0,0,0)
[ 3173869] ASYNC(0000,49,0,0,0)
[ 3173970] ASYNC(0000,49,0,0,0)
[ 3174090] ASYNC(0000,49,0,0,0)
[ 3174500] ASYNC(0000,49,0,0,0)
[ 3174994] ASYNC(0000,49,0,0,0)
[ 3174995] ASYNC(0000,49,0,0,0)
[ 3176429] ASYNC(0000,49,0,0,0)
[ 3176839] ASYNC(0000,49,0,0,0)
[ 3177978] ASYNC(0000,49,0,0,0)
[ 3177979] ASYNC(0000,49,0,0,0)
[ 3178885] ASYNC(0000,49,0,0,0)
[ 3180030] ASYNC(0000,49,0,0,0)
[ 3181465] ASYNC(0000,49,0,0,0)
[ 3181875] ASYNC(0000,49,0,0,0)
[ 3182162] ASYNC(0000,49,0,0,0)
[ 3183922] ASYNC(0000,49,0,0,0)
[ 3185029] ASYNC(0000,49,0,0,0)
[ 3186465] ASYNC(0000,49,0,0,0)
[ 3186790] ASYNC(0000,49,0,0,0)
[ 3187399] ASYNC(0000,49,0,0,0)
[ 3188921] ASYNC(0000,49,0,0,0)
[ 3189246] ASYNC(0000,49,0,0,0)
[ 3191482] ASYNC(0000,49,0,0,0)
[ 3191790] ASYNC(0000,49,0,0,0)
[ 3191908] ASYNC(0000,49,0,0,0)
[ 3195065] ASYNC(0000,49,0,0,0)
[ 3195885] ASYNC(0000,49,0,0,0)
[ 3196412] ASYNC(0000,49,0,0,0)
[ 3196797] ASYNC(0000,49,0,0,0)
[ 3197932] ASYNC(0000,49,0,0,0)
[ 3198872] ASYNC(0000,49,0,0,0)
[ 3199981] ASYNC(0000,49,0,0,0)
[ 3200083] ASYNC(0000,49,0,0,0)
[ 3200185] ASYNC(0000,49,0,0,0)
[ 3200186] ASYNC(0000,49,0,0,0)
[ 3201091] ASYNC(0000,49,0,0,0)
[ 3201193] ASYNC(0000,49,0,0,0)
[ 3201194] ASYNC(0000,49,0,0,0)
[ 3201323] ASYNC(0000,49,0,0,0)
[ 3201326] ASYNC(0000,49,0,0,0)
[ 3201327] ASYNC(0000,49,0,0,0)
[ 3201414] ASYNC(0000,49,0,0,0)
[ 3201813] ASYNC(0000,49,0,0,0)
[ 3202334] ASYNC(0000,49,0,0,0)
[ 3203256] ASYNC(0000,49,0,0,0)
[ 3203871] ASYNC(0000,49,0,0,0)
[ 3206450] ASYNC(0000,49,0,0,0)
[ 3206725] ASYNC(0000,49,0,0,0)
[ 3206860] ASYNC(0000,49,0,0,0)
[ 3206942] ASYNC(0000,49,0,0,0)
[ 3208908] ASYNC(0000,49,0,0,0)
[ 3209699] ASYNC(0000,49,0,0,0)
[ 3210015] ASYNC(0000,49,0,0,0)
[ 3210834] ASYNC(0000,49,0,0,0)
[ 3211445] ASYNC(0000,49,0,0,0)
[ 3211860] ASYNC(0000,49,0,0,0)
[ 3211861] ASYNC(0000,49,0,0,0)
[ 3211862] ASYNC(0000,49,0,0,0)
[ 3213496] ASYNC(0000,49,0,0,0)
[ 3213906] ASYNC(0000,49,0,0,0)
[ 3213995] ASYNC(0000,49,0,0,0)
[ 3215051] ASYNC(0000,49,0,0,0)
[ 3216049] ASYNC(0000,49,0,0,0)
[ 3216468] ASYNC(0000,49,0,0,0)
[ 3216873] ASYNC(0000,49,0,0,0)
[ 3218002] ASYNC(0000,49,0,0,0)
[ 3218924] ASYNC(0000,49,0,0,0)
[ 3219026] ASYNC(0000,49,0,0,0)
[ 3219231] ASYNC(0000,49,0,0,0)
[ 3219437] ASYNC(0000,49,0,0,0)
[ 3219831] ASYNC(0000,49,0,0,0)
[ 3220035] ASYNC(0000,49,0,0,0)
[ 3221485] ASYNC(0000,49,0,0,0)
[ 3221895] ASYNC(0000,49,0,0,0)
[ 3223942] ASYNC(0000,49,0,0,0)
[ 3224351] ASYNC(0000,49,0,0,0)
[ 3224966] ASYNC(0000,49,0,0,0)
[ 3225876] ASYNC(0000,49,0,0,0)
[ 3226521] ASYNC(0000,49,0,0,0)
[ 3226810] ASYNC(0000,49,0,0,0)
[ 3228363] ASYNC(0000,49,0,0,0)
[ 3228847] ASYNC(0000,49,0,0,0)
[ 3229061] ASYNC(0000,49,0,0,0)
[ 3230001] ASYNC(0000,49,0,0,0)
[ 3230888] ASYNC(0000,49,0,0,0)
[ 3231418] ASYNC(0000,49,0,0,0)
[ 3231828] ASYNC(0000,49,0,0,0)
[ 3233868] ASYNC(0000,49,0,0,0)
[ 3234181] ASYNC(0000,49,0,0,0)
[ 3234993] ASYNC(0000,49,0,0,0)
[ 3234996] ASYNC(0000,49,0,0,0)
[ 3236435] ASYNC(0000,49,0,0,0)
[ 3236845] ASYNC(0000,49,0,0,0)
[ 3238892] ASYNC(0000,49,0,0,0)
[ 3240021] ASYNC(0000,49,0,0,0)
[ 3241468] ASYNC(0000,49,0,0,0)
[ 3242289] ASYNC(0000,49,0,0,0)
[ 3243928] ASYNC(0000,49,0,0,0)
[ 3245036] ASYNC(0000,49,0,0,0)
[ 3245240] ASYNC(0000,49,0,0,0)
[ 3245241] ASYNC(0000,49,0,0,0)
[ 3245342] ASYNC(0000,49,0,0,0)
[ 3245343] ASYNC(0000,49,0,0,0)
[ 3245344] ASYNC(0000,49,0,0,0)
[ 3246264] ASYNC(0000,49,0,0,0)
[ 3246265] ASYNC(0000,49,0,0,0)
[ 3246382] ASYNC(0000,49,0,0,0)
[ 3246383] ASYNC(0000,49,0,0,0)
[ 3246384] ASYNC(0000,49,0,0,0)
[ 3246385] ASYNC(0000,49,0,0,0)
[ 3246471] ASYNC(0000,49,0,0,0)
[ 3246881] ASYNC(0000,49,0,0,0)
[ 3247273] ASYNC(0000,49,0,0,0)
[ 3247274] ASYNC(0000,49,0,0,0)
[ 3247376] ASYNC(0000,49,0,0,0)
[ 3247377] ASYNC(0000,49,0,0,0)
[ 3247378] ASYNC(0000,49,0,0,0)
[ 3247379] ASYNC(0000,49,0,0,0)
[ 3247493] ASYNC(0000,49,0,0,0)
[ 3248415] ASYNC(0000,49,0,0,0)
[ 3248927] ASYNC(0000,49,0,0,0)
[ 3249234] ASYNC(0000,49,0,0,0)
[ 3250044] ASYNC(0000,49,0,0,0)
[ 3250876] ASYNC(0000,49,0,0,0)
[ 3250974] ASYNC(0000,49,0,0,0)
[ 3251916] ASYNC(0000,49,0,0,0)
[ 3251918] ASYNC(0000,49,0,0,0)
[ 3251919] ASYNC(0000,49,0,0,0)
[ 3251920] ASYNC(0000,49,0,0,0)
[ 3252921] ASYNC(0000,49,0,0,0)
[ 3253521] ASYNC(0000,49,0,0,0)
[ 3253521] ASYNC(0000,49,0,0,0)
[ 3253522] ASYNC(0000,49,0,0,0)
[ 3253963] ASYNC(0000,49,0,0,0)
[ 3253964] ASYNC(0000,49,0,0,0)
[ 3254544] ASYNC(0000,49,0,0,0)
[ 3254976] ASYNC(0000,49,0,0,0)
[ 3255476] ASYNC(0000,49,0,0,0)
[ 3255877] ASYNC(0000,49,0,0,0)
[ 3256502] ASYNC(0000,49,0,0,0)
[ 3256916] ASYNC(0000,49,0,0,0)
[ 3257938] ASYNC(0000,49,0,0,0)
[ 3258059] ASYNC(0000,49,0,0,0)
[ 3258878] ASYNC(0000,49,0,0,0)
[ 3259987] ASYNC(0000,49,0,0,0)
[ 3261421] ASYNC(0000,49,0,0,0)
[ 3261952] ASYNC(0000,49,0,0,0)
[ 3263878] ASYNC(0000,49,0,0,0)
[ 3266457] ASYNC(0000,49,0,0,0)
[ 3266744] ASYNC(0000,49,0,0,0)
[ 3266849] ASYNC(0000,49,0,0,0)
[ 3266950] ASYNC(0000,49,0,0,0)
[ 3268887] ASYNC(0000,49,0,0,0)
[ 3268888] ASYNC(0000,49,0,0,0)
[ 3269202] ASYNC(0000,49,0,0,0)
[ 3270022] ASYNC(0000,49,0,0,0)
[ 3271457] ASYNC(0000,49,0,0,0)
[ 3271862] ASYNC(0000,49,0,0,0)
[ 3271866] ASYNC(0000,49,0,0,0)
[ 3271985] ASYNC(0000,49,0,0,0)
[ 3273897] ASYNC(0000,49,0,0,0)
[ 3274117] ASYNC(0000,49,0,0,0)
[ 3275058] ASYNC(0000,49,0,0,0)
[ 3276165] ASYNC(0000,49,0,0,0)
[ 3276474] ASYNC(0000,49,0,0,0)
[ 3276903] ASYNC(0000,49,0,0,0)
[ 3278008] ASYNC(0000,49,0,0,0)
[ 3278949] ASYNC(0000,49,0,0,0)
[ 3279237] ASYNC(0000,49,0,0,0)
[ 3279443] ASYNC(0000,49,0,0,0)
[ 3279847] ASYNC(0000,49,0,0,0)
[ 3280057] ASYNC(0000,49,0,0,0)
[ 3281480] ASYNC(0000,49,0,0,0)
[ 3281901] ASYNC(0000,49,0,0,0)
[ 3283948] ASYNC(0000,49,0,0,0)
[ 3284357] ASYNC(0000,49,0,0,0)
[ 3284972] ASYNC(0000,49,0,0,0)
[ 3284973] ASYNC(0000,49,0,0,0)
[ 3285912] ASYNC(0000,49,0,0,0)
[ 3286527] ASYNC(0000,49,0,0,0)
[ 3286932] ASYNC(0000,49,0,0,0)
[ 3288859] ASYNC(0000,49,0,0,0)
[ 3288970] ASYNC(0000,49,0,0,0)
[ 3289268] ASYNC(0000,49,0,0,0)
[ 3289268] ASYNC(0000,49,0,0,0)
[ 3289976] ASYNC(0000,49,0,0,0)
[ 3290291] ASYNC(0000,49,0,0,0)
[ 3290292] ASYNC(0000,49,0,0,0)
[ 3291527] ASYNC(0000,49,0,0,0)
[ 3291933] ASYNC(0000,49,0,0,0)
[ 3291936] ASYNC(0000,49,0,0,0)
[ 3292949] ASYNC(0000,49,0,0,0)
[ 3293489] ASYNC(0000,49,0,0,0)
[ 3293898] ASYNC(0000,49,0,0,0)
[ 3294104] ASYNC(0000,49,0,0,0)
[ 3294994] ASYNC(0000,49,0,0,0)
[ 3294995] ASYNC(0000,49,0,0,0)
[ 3296442] ASYNC(0000,49,0,0,0)
[ 3296939] ASYNC(0000,49,0,0,0)
[ 3297962] ASYNC(0000,49,0,0,0)
[ 3298894] ASYNC(0000,49,0,0,0)
[ 3300010] ASYNC(0000,49,0,0,0)
[ 3301460] ASYNC(0000,49,0,0,0)
[ 3301855] ASYNC(0000,49,0,0,0)
[ 3302296] ASYNC(0000,49,0,0,0)
[ 3303934] ASYNC(0000,49,0,0,0)
[ 3305042] ASYNC(0000,49,0,0,0)
[ 3306462] ASYNC(0000,49,0,0,0)
[ 3306887] ASYNC(0000,49,0,0,0)
[ 3307416] ASYNC(0000,49,0,0,0)
[ 3308918] ASYNC(0000,49,0,0,0)
[ 3310079] ASYNC(0000,49,0,0,0)
[ 3310981] ASYNC(0000,49,0,0,0)
[ 3311513] ASYNC(0000,49,0,0,0)
[ 3311923] ASYNC(0000,49,0,0,0)
[ 3313945] ASYNC(0000,49,0,0,0)
[ 3314994] ASYNC(0000,49,0,0,0)
[ 3316512] ASYNC(0000,49,0,0,0)
[ 3316922] ASYNC(0000,49,0,0,0)
[ 3318885] ASYNC(0000,49,0,0,0)
[ 3319993] ASYNC(0000,49,0,0,0)
[ 3321530] ASYNC(0000,49,0,0,0)
[ 3323884] ASYNC(0000,49,0,0,0)
[ 3326548] ASYNC(0000,49,0,0,0)
[ 3326769] ASYNC(0000,49,0,0,0)
[ 3326957] ASYNC(0000,49,0,0,0)
[ 3326958] ASYNC(0000,49,0,0,0)
[ 3328184] ASYNC(0000,49,0,0,0)
[ 3329208] ASYNC(0000,49,0,0,0)
[ 3330028] ASYNC(0000,49,0,0,0)
[ 3330936] ASYNC(0000,49,0,0,0)
[ 3330937] ASYNC(0000,49,0,0,0)
[ 3331447] ASYNC(0000,49,0,0,0)
[ 3331859] ASYNC(0000,49,0,0,0)
[ 3331969] ASYNC(0000,49,0,0,0)
[ 3331970] ASYNC(0000,49,0,0,0)
[ 3331973] ASYNC(0000,49,0,0,0)
[ 3333509] ASYNC(0000,49,0,0,0)
[ 3333510] ASYNC(0000,49,0,0,0)
[ 3333630] ASYNC(0000,49,0,0,0)
[ 3333919] ASYNC(0000,49,0,0,0)
[ 3334119] ASYNC(0000,49,0,0,0)
[ 3334533] ASYNC(0000,49,0,0,0)
[ 3335064] ASYNC(0000,49,0,0,0)
[ 3336499] ASYNC(0000,49,0,0,0)
[ 3336983] ASYNC(0000,49,0,0,0)
[ 3337931] ASYNC(0000,49,0,0,0)
[ 3338946] ASYNC(0000,49,0,0,0)
[ 3339244] ASYNC(0000,49,0,0,0)
[ 3339858] ASYNC(0000,49,0,0,0)
[ 3340063] ASYNC(0000,49,0,0,0)
[ 3341498] ASYNC(0000,49,0,0,0)
[ 3343837] ASYNC(0000,49,0,0,0)
[ 3344364] ASYNC(0000,49,0,0,0)
[ 3344979] ASYNC(0000,49,0,0,0)
[ 3345099] ASYNC(0000,49,0,0,0)
[ 3345920] ASYNC(0000,49,0,0,0)
[ 3346520] ASYNC(0000,49,0,0,0)
[ 3346926] ASYNC(0000,49,0,0,0)
[ 3348984] ASYNC(0000,49,0,0,0)
[ 3349991] ASYNC(0000,49,0,0,0)
[ 3351038] ASYNC(0000,49,0,0,0)
[ 3351520] ASYNC(0000,49,0,0,0)
[ 3351943] ASYNC(0000,49,0,0,0)
[ 3352062] ASYNC(0000,49,0,0,0)
[ 3352063] ASYNC(0000,49,0,0,0)
[ 3353879] ASYNC(0000,49,0,0,0)
[ 3353991] ASYNC(0000,49,0,0,0)
[ 3353993] ASYNC(0000,49,0,0,0)
[ 3354111] ASYNC(0000,49,0,0,0)
[ 3356569] ASYNC(0000,49,0,0,0)
[ 3356961] ASYNC(0000,49,0,0,0)
[ 3358086] ASYNC(0000,49,0,0,0)
[ 3358905] ASYNC(0000,49,0,0,0)
[ 3360050] ASYNC(0000,49,0,0,0)
[ 3361568] ASYNC(0000,49,0,0,0)
[ 3361978] ASYNC(0000,49,0,0,0)
[ 3362276] ASYNC(0000,49,0,0,0)
[ 3365040] ASYNC(0000,49,0,0,0)
[ 3366484] ASYNC(0000,49,0,0,0)
[ 3367014] ASYNC(0000,49,0,0,0)
[ 3367502] ASYNC(0000,49,0,0,0)
[ 3368925] ASYNC(0000,49,0,0,0)
[ 3370085] ASYNC(0000,49,0,0,0)
[ 3372015] ASYNC(0000,49,0,0,0)
[ 3372217] ASYNC(0000,49,0,0,0)
[ 3372217] ASYNC(0000,49,0,0,0)
[ 3372953] ASYNC(0000,49,0,0,0)
[ 3373566] ASYNC(0000,49,0,0,0)
[ 3373855] ASYNC(0000,49,0,0,0)
[ 3373857] ASYNC(0000,49,0,0,0)
[ 3373976] ASYNC(0000,49,0,0,0)
[ 3375904] ASYNC(0000,49,0,0,0)
[ 3376229] ASYNC(0000,49,0,0,0)
[ 3376229] ASYNC(0000,49,0,0,0)
[ 3376519] ASYNC(0000,49,0,0,0)
[ 3377019] ASYNC(0000,49,0,0,0)
[ 3378156] ASYNC(0000,49,0,0,0)
[ 3378891] ASYNC(0000,49,0,0,0)
[ 3379999] ASYNC(0000,49,0,0,0)
[ 3381555] ASYNC(0000,49,0,0,0)
[ 3381965] ASYNC(0000,49,0,0,0)
[ 3383891] ASYNC(0000,49,0,0,0)
[ 3385035] ASYNC(0000,49,0,0,0)
[ 3386540] ASYNC(0000,49,0,0,0)
[ 3386758] ASYNC(0000,49,0,0,0)
[ 3386961] ASYNC(0000,49,0,0,0)
[ 3386965] ASYNC(0000,49,0,0,0)
[ 3387372] ASYNC(0000,49,0,0,0)
[ 3388927] ASYNC(0000,49,0,0,0)
[ 3390035] ASYNC(0000,49,0,0,0)
[ 3390444] ASYNC(0000,49,0,0,0)
[ 3391047] ASYNC(0000,49,0,0,0)
[ 3391452] ASYNC(0000,49,0,0,0)
[ 3391592] ASYNC(0000,49,0,0,0)
[ 3391863] ASYNC(0000,49,0,0,0)
[ 3392000] ASYNC(0000,49,0,0,0)
[ 3392082] ASYNC(0000,49,0,0,0)
[ 3392493] ASYNC(0000,49,0,0,0)
[ 3393501] ASYNC(0000,49,0,0,0)
[ 3393926] ASYNC(0000,49,0,0,0)
[ 3394130] ASYNC(0000,49,0,0,0)
[ 3394540] ASYNC(0000,49,0,0,0)
[ 3395564] ASYNC(0000,49,0,0,0)
[ 3396487] ASYNC(0000,49,0,0,0)
[ 3396690] ASYNC(0000,49,0,0,0)
[ 3396999] ASYNC(0000,49,0,0,0)
[ 3397730] ASYNC(0000,49,0,0,0)
[ 3398117] ASYNC(0000,49,0,0,0)
[ 3398118] ASYNC(0000,49,0,0,0)
[ 3398738] ASYNC(0000,49,0,0,0)
[ 3398962] ASYNC(0000,49,0,0,0)
[ 3399047] ASYNC(0000,49,0,0,0)
[ 3399166] ASYNC(0000,49,0,0,0)
[ 3399250] ASYNC(0000,49,0,0,0)
[ 3399456] ASYNC(0000,49,0,0,0)
[ 3399781] ASYNC(0000,49,0,0,0)
[ 3399986] ASYNC(0000,49,0,0,0)
[ 3399987] ASYNC(0000,49,0,0,0)
[ 3400069] ASYNC(0000,49,0,0,0)
[ 3400786] ASYNC(0000,49,0,0,0)
[ 3402037] ASYNC(0000,49,0,0,0)
[ 3402937] ASYNC(0000,49,0,0,0)
[ 3403880] ASYNC(0000,49,0,0,0)
[ 3403961] ASYNC(0000,49,0,0,0)
[ 3404370] ASYNC(0000,49,0,0,0)
[ 3404985] ASYNC(0000,49,0,0,0)
[ 3404986] ASYNC(0000,49,0,0,0)
[ 3405080] ASYNC(0000,49,0,0,0)
[ 3405894] ASYNC(0000,49,0,0,0)
[ 3406009] ASYNC(0000,49,0,0,0)
[ 3406541] ASYNC(0000,49,0,0,0)
[ 3407021] ASYNC(0000,49,0,0,0)
[ 3407022] ASYNC(0000,49,0,0,0)
[ 3408057] ASYNC(0000,49,0,0,0)
[ 3408876] ASYNC(0000,49,0,0,0)
[ 3408964] ASYNC(0000,49,0,0,0)
[ 3409183] ASYNC(0000,49,0,0,0)
[ 3409285] ASYNC(0000,49,0,0,0)
[ 3410025] ASYNC(0000,49,0,0,0)
[ 3410105] ASYNC(0000,49,0,0,0)
[ 3410924] ASYNC(0000,49,0,0,0)
[ 3411250] ASYNC(0000,49,0,0,0)
[ 3411540] ASYNC(0000,49,0,0,0)
[ 3412039] ASYNC(0000,49,0,0,0)
[ 3412274] ASYNC(0000,49,0,0,0)
[ 3412769] ASYNC(0000,49,0,0,0)
[ 3412772] ASYNC(0000,49,0,0,0)
[ 3413166] ASYNC(0000,49,0,0,0)
[ 3413280] ASYNC(0000,49,0,0,0)
[ 3413586] ASYNC(0000,49,0,0,0)
[ 3413912] ASYNC(0000,49,0,0,0)
[ 3414201] ASYNC(0000,49,0,0,0)
[ 3414295] ASYNC(0000,49,0,0,0)
[ 3415020] ASYNC(0000,49,0,0,0)
[ 3415021] ASYNC(0000,49,0,0,0)
[ 3415425] ASYNC(0000,49,0,0,0)
[ 3416370] ASYNC(0000,49,0,0,0)
[ 3416557] ASYNC(0000,49,0,0,0)
[ 3417066] ASYNC(0000,49,0,0,0)
[ 3417473] ASYNC(0000,49,0,0,0)
[ 3418502] ASYNC(0000,49,0,0,0)
[ 3418912] ASYNC(0000,49,0,0,0)
[ 3419526] ASYNC(0000,49,0,0,0)
[ 3420023] ASYNC(0000,49,0,0,0)
[ 3420549] ASYNC(0000,49,0,0,0)
[ 3421575] ASYNC(0000,49,0,0,0)
[ 3421576] ASYNC(0000,49,0,0,0)
[ 3421985] ASYNC(0000,49,0,0,0)
[ 3422290] ASYNC(0000,49,0,0,0)
[ 3422597] ASYNC(0000,49,0,0,0)
[ 3423710] ASYNC(0000,49,0,0,0)
[ 3423948] ASYNC(0000,49,0,0,0)
[ 3424766] ASYNC(0000,49,0,0,0)
[ 3425056] ASYNC(0000,49,0,0,0)
[ 3425788] ASYNC(0000,49,0,0,0)
[ 3426611] ASYNC(0000,49,0,0,0)
[ 3426783] ASYNC(0000,49,0,0,0)
[ 3427513] ASYNC(0000,49,0,0,0)
[ 3427836] ASYNC(0000,49,0,0,0)
[ 3428862] ASYNC(0000,49,0,0,0)
[ 3428947] ASYNC(0000,49,0,0,0)
[ 3429885] ASYNC(0000,49,0,0,0)
[ 3429971] ASYNC(0000,49,0,0,0)
[ 3430994] ASYNC(0000,49,0,0,0)
[ 3431404] ASYNC(0000,49,0,0,0)
[ 3431527] ASYNC(0000,49,0,0,0)
[ 3432020] ASYNC(0000,49,0,0,0)
[ 3432021] ASYNC(0000,49,0,0,0)
[ 3432022] ASYNC(0000,49,0,0,0)
[ 3433042] ASYNC(0000,49,0,0,0)
[ 3433846] ASYNC(0000,49,0,0,0)
[ 3433951] ASYNC(0000,49,0,0,0)
[ 3434066] ASYNC(0000,49,0,0,0)
[ 3435007] ASYNC(0000,49,0,0,0)
[ 3435090] ASYNC(0000,49,0,0,0)
[ 3435911] ASYNC(0000,49,0,0,0)
[ 3436114] ASYNC(0000,49,0,0,0)
[ 3436525] ASYNC(0000,49,0,0,0)
[ 3437034] ASYNC(0000,49,0,0,0)
[ 3437257] ASYNC(0000,49,0,0,0)
[ 3438158] ASYNC(0000,49,0,0,0)
[ 3438283] ASYNC(0000,49,0,0,0)
[ 3438897] ASYNC(0000,49,0,0,0)
[ 3440006] ASYNC(0000,49,0,0,0)
[ 3441354] ASYNC(0000,49,0,0,0)
[ 3441562] ASYNC(0000,49,0,0,0)
[ 3442052] ASYNC(0000,49,0,0,0)
[ 3442379] ASYNC(0000,49,0,0,0)
[ 3443487] ASYNC(0000,49,0,0,0)
[ 3443897] ASYNC(0000,49,0,0,0)
[ 3444504] ASYNC(0000,49,0,0,0)
[ 3445024] ASYNC(0000,49,0,0,0)
[ 3446559] ASYNC(0000,49,0,0,0)
[ 3446561] ASYNC(0000,49,0,0,0)
[ 3446562] ASYNC(0000,49,0,0,0)
[ 3446764] ASYNC(0000,49,0,0,0)
[ 3446956] ASYNC(0000,49,0,0,0)
[ 3447068] ASYNC(0000,49,0,0,0)
[ 3447568] ASYNC(0000,49,0,0,0)
[ 3448600] ASYNC(0000,49,0,0,0)
[ 3448933] ASYNC(0000,49,0,0,0)
[ 3449327] ASYNC(0000,49,0,0,0)
[ 3449328] ASYNC(0000,49,0,0,0)
[ 3449754] ASYNC(0000,49,0,0,0)
[ 3450041] ASYNC(0000,49,0,0,0)
[ 3450758] ASYNC(0000,49,0,0,0)
[ 3451597] ASYNC(0000,49,0,0,0)
[ 3451782] ASYNC(0000,49,0,0,0)
[ 3451884] ASYNC(0000,49,0,0,0)
[ 3452091] ASYNC(0000,49,0,0,0)
[ 3452092] ASYNC(0000,49,0,0,0)
[ 3452797] ASYNC(0000,49,0,0,0)
[ 3453132] ASYNC(0000,49,0,0,0)
[ 3453629] ASYNC(0000,49,0,0,0)
[ 3453824] ASYNC(0000,49,0,0,0)
[ 3454137] ASYNC(0000,49,0,0,0)
[ 3454667] ASYNC(0000,49,0,0,0)
[ 3454668] ASYNC(0000,49,0,0,0)
[ 3454872] ASYNC(0000,49,0,0,0)
[ 3455077] ASYNC(0000,49,0,0,0)
[ 3455980] ASYNC(0000,49,0,0,0)
[ 3456596] ASYNC(0000,49,0,0,0)
[ 3457004] ASYNC(0000,49,0,0,0)
[ 3457007] ASYNC(0000,49,0,0,0)
[ 3458013] ASYNC(0000,49,0,0,0)
[ 3458142] ASYNC(0000,49,0,0,0)
[ 3458969] ASYNC(0000,49,0,0,0)
[ 3459052] ASYNC(0000,49,0,0,0)
[ 3459053] ASYNC(0000,49,0,0,0)
[ 3459257] ASYNC(0000,49,0,0,0)
[ 3459463] ASYNC(0000,49,0,0,0)
[ 3459993] ASYNC(0000,49,0,0,0)
[ 3459995] ASYNC(0000,49,0,0,0)
[ 3460076] ASYNC(0000,49,0,0,0)
[ 3461100] ASYNC(0000,49,0,0,0)
[ 3461632] ASYNC(0000,49,0,0,0)
[ 3462028] ASYNC(0000,49,0,0,0)
[ 3462226] ASYNC(0000,49,0,0,0)
[ 3463148] ASYNC(0000,49,0,0,0)
[ 3463884] ASYNC(0000,49,0,0,0)
[ 3464377] ASYNC(0000,49,0,0,0)
[ 3464992] ASYNC(0000,49,0,0,0)
[ 3465094] ASYNC(0000,49,0,0,0)
[ 3465933] ASYNC(0000,49,0,0,0)
[ 3466322] ASYNC(0000,49,0,0,0)
[ 3466548] ASYNC(0000,49,0,0,0)
[ 3467041] ASYNC(0000,49,0,0,0)
[ 3468388] ASYNC(0000,49,0,0,0)
[ 3468878] ASYNC(0000,49,0,0,0)
[ 3468972] ASYNC(0000,49,0,0,0)
[ 3469403] ASYNC(0000,49,0,0,0)
[ 3469404] ASYNC(0000,49,0,0,0)
[ 3470012] ASYNC(0000,49,0,0,0)
[ 3470513] ASYNC(0000,49,0,0,0)
[ 3471052] ASYNC(0000,49,0,0,0)
[ 3471052] ASYNC(0000,49,0,0,0)
[ 3471530] ASYNC(0000,49,0,0,0)
[ 3471532] ASYNC(0000,49,0,0,0)
[ 3472077] ASYNC(0000,49,0,0,0)
[ 3472078] ASYNC(0000,49,0,0,0)
[ 3472079] ASYNC(0000,49,0,0,0)
[ 3473082] ASYNC(0000,49,0,0,0)
[ 3473919] ASYNC(0000,49,0,0,0)
[ 3474123] ASYNC(0000,49,0,0,0)
[ 3475027] ASYNC(0000,49,0,0,0)
[ 3475028] ASYNC(0000,49,0,0,0)
[ 3475641] ASYNC(0000,49,0,0,0)
[ 3475642] ASYNC(0000,49,0,0,0)
[ 3476554] ASYNC(0000,49,0,0,0)
[ 3476665] ASYNC(0000,49,0,0,0)
[ 3477076] ASYNC(0000,49,0,0,0)
[ 3477791] ASYNC(0000,49,0,0,0)
[ 3478218] ASYNC(0000,49,0,0,0)
[ 3478713] ASYNC(0000,49,0,0,0)
[ 3478825] ASYNC(0000,49,0,0,0)
[ 3478918] ASYNC(0000,49,0,0,0)
[ 3479122] ASYNC(0000,49,0,0,0)
[ 3480063] ASYNC(0000,49,0,0,0)
[ 3480863] ASYNC(0000,49,0,0,0)
[ 3481567] ASYNC(0000,49,0,0,0)
[ 3481906] ASYNC(0000,49,0,0,0)
[ 3482112] ASYNC(0000,49,0,0,0)
[ 3482315] ASYNC(0000,49,0,0,0)
[ 3482911] ASYNC(0000,49,0,0,0)
[ 3483940] ASYNC(0000,49,0,0,0)
[ 3484038] ASYNC(0000,49,0,0,0)
[ 3486086] ASYNC(0000,49,0,0,0)
[ 3486618] ASYNC(0000,49,0,0,0)
[ 3487100] ASYNC(0000,49,0,0,0)
[ 3487100] ASYNC(0000,49,0,0,0)
[ 3488134] ASYNC(0000,49,0,0,0)
[ 3489158] ASYNC(0000,49,0,0,0)
[ 3489362] ASYNC(0000,49,0,0,0)
[ 3489971] ASYNC(0000,49,0,0,0)
[ 3490303] ASYNC(0000,49,0,0,0)
[ 3491122] ASYNC(0000,49,0,0,0)
[ 3491308] ASYNC(0000,49,0,0,0)
[ 3492148] ASYNC(0000,49,0,0,0)
[ 3492334] ASYNC(0000,49,0,0,0)
[ 3493663] ASYNC(0000,49,0,0,0)
[ 3493869] ASYNC(0000,49,0,0,0)
[ 3494687] ASYNC(0000,49,0,0,0)
[ 3495011] ASYNC(0000,49,0,0,0)
[ 3495917] ASYNC(0000,49,0,0,0)
[ 3496532] ASYNC(0000,49,0,0,0)
[ 3498905] ASYNC(0000,49,0,0,0)
[ 3500013] ASYNC(0000,49,0,0,0)
[ 3501567] ASYNC(0000,49,0,0,0)
[ 3502062] ASYNC(0000,49,0,0,0)
[ 3503904] ASYNC(0000,49,0,0,0)
[ 3505032] ASYNC(0000,49,0,0,0)
[ 3505662] ASYNC(0000,49,0,0,0)
[ 3506567] ASYNC(0000,49,0,0,0)
[ 3506960] ASYNC(0000,49,0,0,0)
[ 3507100] ASYNC(0000,49,0,0,0)
[ 3508940] ASYNC(0000,49,0,0,0)
Still checking Wi-Fi connection...
Debug: connected: True status: 3
Actual PM: 0xa11142
[ 3510048] ASYNC(0000,49,0,0,0)
[ 3511071] ASYNC(0000,49,0,0,0)
[ 3511604] ASYNC(0000,49,0,0,0)
[ 3511891] ASYNC(0000,49,0,0,0)
[ 3512097] ASYNC(0000,49,0,0,0)
[ 3512098] ASYNC(0000,49,0,0,0)
[ 3513926] ASYNC(0000,49,0,0,0)
[ 3514144] ASYNC(0000,49,0,0,0)
[ 3514145] ASYNC(0000,49,0,0,0)
[ 3515084] ASYNC(0000,49,0,0,0)
[ 3516602] ASYNC(0000,49,0,0,0)
[ 3517112] ASYNC(0000,49,0,0,0)
[ 3518975] ASYNC(0000,49,0,0,0)
[ 3519263] ASYNC(0000,49,0,0,0)
[ 3519469] ASYNC(0000,49,0,0,0)
[ 3519998] ASYNC(0000,49,0,0,0)
[ 3520000] ASYNC(0000,49,0,0,0)
[ 3521640] ASYNC(0000,49,0,0,0)
[ 3522132] ASYNC(0000,49,0,0,0)
[ 3523891] ASYNC(0000,49,0,0,0)
[ 3524383] ASYNC(0000,49,0,0,0)
[ 3524984] ASYNC(0000,49,0,0,0)
[ 3525119] ASYNC(0000,49,0,0,0)
[ 3525939] ASYNC(0000,49,0,0,0)
[ 3528886] ASYNC(0000,49,0,0,0)
[ 3529010] ASYNC(0000,49,0,0,0)
[ 3530034] ASYNC(0000,49,0,0,0)
[ 3531553] ASYNC(0000,49,0,0,0)
[ 3532168] ASYNC(0000,49,0,0,0)
[ 3532169] ASYNC(0000,49,0,0,0)
[ 3533925] ASYNC(0000,49,0,0,0)
[ 3534214] ASYNC(0000,49,0,0,0)
[ 3535033] ASYNC(0000,49,0,0,0)
[ 3535034] ASYNC(0000,49,0,0,0)
[ 3537083] ASYNC(0000,49,0,0,0)
[ 3538192] ASYNC(0000,49,0,0,0)
[ 3538921] ASYNC(0000,49,0,0,0)
[ 3539250] ASYNC(0000,49,0,0,0)
[ 3540069] ASYNC(0000,49,0,0,0)
[ 3541588] ASYNC(0000,49,0,0,0)
[ 3542119] ASYNC(0000,49,0,0,0)
[ 3542321] ASYNC(0000,49,0,0,0)
[ 3543961] ASYNC(0000,49,0,0,0)
[ 3545054] ASYNC(0000,49,0,0,0)
[ 3546625] ASYNC(0000,49,0,0,0)
[ 3547118] ASYNC(0000,49,0,0,0)
[ 3547440] ASYNC(0000,49,0,0,0)
[ 3548858] ASYNC(0000,49,0,0,0)
[ 3549971] ASYNC(0000,49,0,0,0)
[ 3551525] ASYNC(0000,49,0,0,0)
[ 3551527] ASYNC(0000,49,0,0,0)
[ 3551623] ASYNC(0000,49,0,0,0)
[ 3552122] ASYNC(0000,49,0,0,0)
[ 3552123] ASYNC(0000,49,0,0,0)
[ 3552124] ASYNC(0000,49,0,0,0)
[ 3552942] ASYNC(0000,49,0,0,0)
[ 3553790] ASYNC(0000,49,0,0,0)
[ 3553875] ASYNC(0000,49,0,0,0)
[ 3554679] ASYNC(0000,49,0,0,0)
[ 3555020] ASYNC(0000,49,0,0,0)
[ 3557142] ASYNC(0000,49,0,0,0)
[ 3558893] ASYNC(0000,49,0,0,0)
[ 3560019] ASYNC(0000,49,0,0,0)
[ 3561658] ASYNC(0000,49,0,0,0)
[ 3562189] ASYNC(0000,49,0,0,0)
[ 3563910] ASYNC(0000,49,0,0,0)
[ 3564729] ASYNC(0000,49,0,0,0)
[ 3565055] ASYNC(0000,49,0,0,0)
[ 3566777] ASYNC(0000,49,0,0,0)
[ 3567189] ASYNC(0000,49,0,0,0)
[ 3568947] ASYNC(0000,49,0,0,0)
[ 3570054] ASYNC(0000,49,0,0,0)
[ 3571078] ASYNC(0000,49,0,0,0)
[ 3571595] ASYNC(0000,49,0,0,0)
[ 3572016] ASYNC(0000,49,0,0,0)
[ 3572225] ASYNC(0000,49,0,0,0)
[ 3573740] ASYNC(0000,49,0,0,0)
[ 3573946] ASYNC(0000,49,0,0,0)
[ 3574150] ASYNC(0000,49,0,0,0)
[ 3574970] ASYNC(0000,49,0,0,0)
[ 3576609] ASYNC(0000,49,0,0,0)
[ 3577140] ASYNC(0000,49,0,0,0)
[ 3578246] ASYNC(0000,49,0,0,0)
[ 3578847] ASYNC(0000,49,0,0,0)
[ 3579270] ASYNC(0000,49,0,0,0)
[ 3579476] ASYNC(0000,49,0,0,0)
[ 3580004] ASYNC(0000,49,0,0,0)
[ 3580005] ASYNC(0000,49,0,0,0)
[ 3581645] ASYNC(0000,49,0,0,0)
[ 3582139] ASYNC(0000,49,0,0,0)
[ 3583897] ASYNC(0000,49,0,0,0)
[ 3584390] ASYNC(0000,49,0,0,0)
[ 3585005] ASYNC(0000,49,0,0,0)
[ 3585107] ASYNC(0000,49,0,0,0)
[ 3586030] ASYNC(0000,49,0,0,0)
[ 3586644] ASYNC(0000,49,0,0,0)
[ 3587143] ASYNC(0000,49,0,0,0)
[ 3588896] ASYNC(0000,49,0,0,0)
[ 3589015] ASYNC(0000,49,0,0,0)
[ 3590022] ASYNC(0000,49,0,0,0)
[ 3590438] ASYNC(0000,49,0,0,0)
[ 3591148] ASYNC(0000,49,0,0,0)
[ 3591680] ASYNC(0000,49,0,0,0)
[ 3592174] ASYNC(0000,49,0,0,0)
[ 3593811] ASYNC(0000,49,0,0,0)
[ 3593933] ASYNC(0000,49,0,0,0)
[ 3594220] ASYNC(0000,49,0,0,0)
[ 3595040] ASYNC(0000,49,0,0,0)
[ 3595041] ASYNC(0000,49,0,0,0)
[ 3596666] ASYNC(0000,49,0,0,0)
[ 3597210] ASYNC(0000,49,0,0,0)
[ 3598931] ASYNC(0000,49,0,0,0)
[ 3600058] ASYNC(0000,49,0,0,0)
[ 3602206] ASYNC(0000,49,0,0,0)
[ 3602301] ASYNC(0000,49,0,0,0)
[ 3603967] ASYNC(0000,49,0,0,0)
[ 3604990] ASYNC(0000,49,0,0,0)
[ 3606597] ASYNC(0000,49,0,0,0)
[ 3607217] ASYNC(0000,49,0,0,0)
[ 3607448] ASYNC(0000,49,0,0,0)
[ 3608881] ASYNC(0000,49,0,0,0)
[ 3609495] ASYNC(0000,49,0,0,0)
[ 3609990] ASYNC(0000,49,0,0,0)
[ 3611630] ASYNC(0000,49,0,0,0)
[ 3612162] ASYNC(0000,49,0,0,0)
[ 3612245] ASYNC(0000,49,0,0,0)
[ 3613183] ASYNC(0000,49,0,0,0)
[ 3613882] ASYNC(0000,49,0,0,0)
[ 3614205] ASYNC(0000,49,0,0,0)
[ 3615016] ASYNC(0000,49,0,0,0)
[ 3616026] ASYNC(0000,49,0,0,0)
[ 3616666] ASYNC(0000,49,0,0,0)
[ 3617156] ASYNC(0000,49,0,0,0)
[ 3618301] ASYNC(0000,49,0,0,0)
[ 3618884] ASYNC(0000,49,0,0,0)
[ 3620026] ASYNC(0000,49,0,0,0)
[ 3622198] ASYNC(0000,49,0,0,0)
[ 3623827] ASYNC(0000,49,0,0,0)
[ 3623917] ASYNC(0000,49,0,0,0)
[ 3625050] ASYNC(0000,49,0,0,0)
[ 3626669] ASYNC(0000,49,0,0,0)
[ 3626988] ASYNC(0000,49,0,0,0)
[ 3627214] ASYNC(0000,49,0,0,0)
[ 3628921] ASYNC(0000,49,0,0,0)
[ 3629360] ASYNC(0000,49,0,0,0)
[ 3630061] ASYNC(0000,49,0,0,0)
[ 3631203] ASYNC(0000,49,0,0,0)
[ 3631204] ASYNC(0000,49,0,0,0)
[ 3631617] ASYNC(0000,49,0,0,0)
[ 3631900] ASYNC(0000,49,0,0,0)
[ 3632213] ASYNC(0000,49,0,0,0)
[ 3632214] ASYNC(0000,49,0,0,0)
[ 3632723] ASYNC(0000,49,0,0,0)
[ 3633747] ASYNC(0000,49,0,0,0)
[ 3633748] ASYNC(0000,49,0,0,0)
[ 3633868] ASYNC(0000,49,0,0,0)
[ 3633952] ASYNC(0000,49,0,0,0)
[ 3634654] ASYNC(0000,49,0,0,0)
[ 3634771] ASYNC(0000,49,0,0,0)
[ 3634977] ASYNC(0000,49,0,0,0)
[ 3635795] ASYNC(0000,49,0,0,0)
[ 3636615] ASYNC(0000,49,0,0,0)
[ 3637230] ASYNC(0000,49,0,0,0)
[ 3638355] ASYNC(0000,49,0,0,0)
[ 3638867] ASYNC(0000,49,0,0,0)
[ 3639276] ASYNC(0000,49,0,0,0)
[ 3639277] ASYNC(0000,49,0,0,0)
[ 3639482] ASYNC(0000,49,0,0,0)
[ 3640011] ASYNC(0000,49,0,0,0)
[ 3640013] ASYNC(0000,49,0,0,0)
[ 3641652] ASYNC(0000,49,0,0,0)
[ 3642267] ASYNC(0000,49,0,0,0)
[ 3643870] ASYNC(0000,49,0,0,0)
[ 3644396] ASYNC(0000,49,0,0,0)
[ 3645011] ASYNC(0000,49,0,0,0)
[ 3645130] ASYNC(0000,49,0,0,0)
[ 3646036] ASYNC(0000,49,0,0,0)
[ 3647265] ASYNC(0000,49,0,0,0)
[ 3648903] ASYNC(0000,49,0,0,0)
[ 3649109] ASYNC(0000,49,0,0,0)
[ 3650048] ASYNC(0000,49,0,0,0)
[ 3651481] ASYNC(0000,49,0,0,0)
[ 3651688] ASYNC(0000,49,0,0,0)
[ 3652181] ASYNC(0000,49,0,0,0)
[ 3652182] ASYNC(0000,49,0,0,0)
[ 3652185] ASYNC(0000,49,0,0,0)
[ 3652991] ASYNC(0000,49,0,0,0)
[ 3652992] ASYNC(0000,49,0,0,0)
[ 3653204] ASYNC(0000,49,0,0,0)
[ 3653817] ASYNC(0000,49,0,0,0)
[ 3653914] ASYNC(0000,49,0,0,0)
[ 3654227] ASYNC(0000,49,0,0,0)
[ 3655047] ASYNC(0000,49,0,0,0)
[ 3655047] ASYNC(0000,49,0,0,0)
[ 3656686] ASYNC(0000,49,0,0,0)
[ 3657198] ASYNC(0000,49,0,0,0)
[ 3658323] ASYNC(0000,49,0,0,0)
[ 3658938] ASYNC(0000,49,0,0,0)
[ 3660081] ASYNC(0000,49,0,0,0)
[ 3661722] ASYNC(0000,49,0,0,0)
[ 3662216] ASYNC(0000,49,0,0,0)
[ 3662335] ASYNC(0000,49,0,0,0)
[ 3663974] ASYNC(0000,49,0,0,0)
[ 3664999] ASYNC(0000,49,0,0,0)
[ 3666619] ASYNC(0000,49,0,0,0)
[ 3667252] ASYNC(0000,49,0,0,0)
[ 3667455] ASYNC(0000,49,0,0,0)
[ 3668888] ASYNC(0000,49,0,0,0)
[ 3669379] ASYNC(0000,49,0,0,0)
[ 3669382] ASYNC(0000,49,0,0,0)
[ 3669997] ASYNC(0000,49,0,0,0)
[ 3670403] ASYNC(0000,49,0,0,0)
[ 3671225] ASYNC(0000,49,0,0,0)
[ 3671336] ASYNC(0000,49,0,0,0)
[ 3671637] ASYNC(0000,49,0,0,0)
[ 3672239] ASYNC(0000,49,0,0,0)
[ 3673802] ASYNC(0000,49,0,0,0)
[ 3673890] ASYNC(0000,49,0,0,0)
[ 3674503] ASYNC(0000,49,0,0,0)
[ 3674506] ASYNC(0000,49,0,0,0)
[ 3675015] ASYNC(0000,49,0,0,0)
[ 3676057] ASYNC(0000,49,0,0,0)
[ 3676674] ASYNC(0000,49,0,0,0)
[ 3677287] ASYNC(0000,49,0,0,0)
[ 3677574] ASYNC(0000,49,0,0,0)
[ 3677575] ASYNC(0000,49,0,0,0)
[ 3678924] ASYNC(0000,49,0,0,0)
[ 3680017] ASYNC(0000,49,0,0,0)
[ 3681672] ASYNC(0000,49,0,0,0)
[ 3682286] ASYNC(0000,49,0,0,0)
[ 3682899] ASYNC(0000,49,0,0,0)
[ 3683942] ASYNC(0000,49,0,0,0)
[ 3685067] ASYNC(0000,49,0,0,0)
[ 3686689] ASYNC(0000,49,0,0,0)
[ 3686790] ASYNC(0000,49,0,0,0)
[ 3686997] ASYNC(0000,49,0,0,0)
[ 3688960] ASYNC(0000,49,0,0,0)
[ 3689455] ASYNC(0000,49,0,0,0)
[ 3690069] ASYNC(0000,49,0,0,0)
[ 3691709] ASYNC(0000,49,0,0,0)
[ 3691930] ASYNC(0000,49,0,0,0)
[ 3692241] ASYNC(0000,49,0,0,0)
[ 3692242] ASYNC(0000,49,0,0,0)
[ 3693956] ASYNC(0000,49,0,0,0)
[ 3694160] ASYNC(0000,49,0,0,0)
[ 3695002] ASYNC(0000,49,0,0,0)
[ 3696717] ASYNC(0000,49,0,0,0)
[ 3697257] ASYNC(0000,49,0,0,0)
[ 3698871] ASYNC(0000,49,0,0,0)
[ 3699283] ASYNC(0000,49,0,0,0)
[ 3699284] ASYNC(0000,49,0,0,0)
[ 3700019] ASYNC(0000,49,0,0,0)
[ 3700021] ASYNC(0000,49,0,0,0)
[ 3700307] ASYNC(0000,49,0,0,0)
[ 3701660] ASYNC(0000,49,0,0,0)
[ 3702275] ASYNC(0000,49,0,0,0)
[ 3703902] ASYNC(0000,49,0,0,0)
[ 3704403] ASYNC(0000,49,0,0,0)
[ 3705020] ASYNC(0000,49,0,0,0)
[ 3705222] ASYNC(0000,49,0,0,0)
[ 3706046] ASYNC(0000,49,0,0,0)
[ 3706659] ASYNC(0000,49,0,0,0)
[ 3707291] ASYNC(0000,49,0,0,0)
[ 3708996] ASYNC(0000,49,0,0,0)
[ 3709508] ASYNC(0000,49,0,0,0)
[ 3710055] ASYNC(0000,49,0,0,0)
[ 3710464] ASYNC(0000,49,0,0,0)
[ 3711682] ASYNC(0000,49,0,0,0)
[ 3712306] ASYNC(0000,49,0,0,0)
[ 3712309] ASYNC(0000,49,0,0,0)
[ 3713824] ASYNC(0000,49,0,0,0)
[ 3713927] ASYNC(0000,49,0,0,0)
[ 3714237] ASYNC(0000,49,0,0,0)
[ 3714848] ASYNC(0000,49,0,0,0)
[ 3715053] ASYNC(0000,49,0,0,0)
[ 3715054] ASYNC(0000,49,0,0,0)
[ 3716712] ASYNC(0000,49,0,0,0)
[ 3717319] ASYNC(0000,49,0,0,0)
[ 3718449] ASYNC(0000,49,0,0,0)
[ 3718937] ASYNC(0000,49,0,0,0)
[ 3719987] ASYNC(0000,49,0,0,0)
[ 3721710] ASYNC(0000,49,0,0,0)
[ 3722344] ASYNC(0000,49,0,0,0)
[ 3722345] ASYNC(0000,49,0,0,0)
[ 3723863] ASYNC(0000,49,0,0,0)
[ 3725005] ASYNC(0000,49,0,0,0)
[ 3726741] ASYNC(0000,49,0,0,0)
[ 3727564] ASYNC(0000,49,0,0,0)
[ 3728895] ASYNC(0000,49,0,0,0)
[ 3730004] ASYNC(0000,49,0,0,0)
[ 3731232] ASYNC(0000,49,0,0,0)
[ 3731764] ASYNC(0000,49,0,0,0)
[ 3732277] ASYNC(0000,49,0,0,0)
[ 3733912] ASYNC(0000,49,0,0,0)
[ 3733915] ASYNC(0000,49,0,0,0)
[ 3734099] ASYNC(0000,49,0,0,0)
[ 3734100] ASYNC(0000,49,0,0,0)
[ 3734629] ASYNC(0000,49,0,0,0)
[ 3735128] ASYNC(0000,49,0,0,0)
[ 3736046] ASYNC(0000,49,0,0,0)
[ 3736679] ASYNC(0000,49,0,0,0)
[ 3738316] ASYNC(0000,49,0,0,0)
[ 3738897] ASYNC(0000,49,0,0,0)
[ 3740039] ASYNC(0000,49,0,0,0)
[ 3741697] ASYNC(0000,49,0,0,0)
[ 3742293] ASYNC(0000,49,0,0,0)
[ 3745074] ASYNC(0000,49,0,0,0)
[ 3746713] ASYNC(0000,49,0,0,0)
[ 3746799] ASYNC(0000,49,0,0,0)
[ 3747001] ASYNC(0000,49,0,0,0)
[ 3747329] ASYNC(0000,49,0,0,0)
[ 3748966] ASYNC(0000,49,0,0,0)
[ 3749478] ASYNC(0000,49,0,0,0)
[ 3749580] ASYNC(0000,49,0,0,0)
[ 3749985] ASYNC(0000,49,0,0,0)
[ 3751321] ASYNC(0000,49,0,0,0)
[ 3752038] ASYNC(0000,49,0,0,0)
[ 3753880] ASYNC(0000,49,0,0,0)
[ 3753882] ASYNC(0000,49,0,0,0)
[ 3754170] ASYNC(0000,49,0,0,0)
[ 3754992] ASYNC(0000,49,0,0,0)
[ 3755705] ASYNC(0000,49,0,0,0)
[ 3755706] ASYNC(0000,49,0,0,0)
[ 3756750] ASYNC(0000,49,0,0,0)
[ 3757364] ASYNC(0000,49,0,0,0)
[ 3758887] ASYNC(0000,49,0,0,0)
[ 3759292] ASYNC(0000,49,0,0,0)
[ 3759495] ASYNC(0000,49,0,0,0)
[ 3760030] ASYNC(0000,49,0,0,0)
[ 3760032] ASYNC(0000,49,0,0,0)
[ 3763915] ASYNC(0000,49,0,0,0)
[ 3764512] ASYNC(0000,49,0,0,0)
[ 3765024] ASYNC(0000,49,0,0,0)
[ 3765144] ASYNC(0000,49,0,0,0)
[ 3766068] ASYNC(0000,49,0,0,0)
[ 3766773] ASYNC(0000,49,0,0,0)
[ 3767298] ASYNC(0000,49,0,0,0)
[ 3768918] ASYNC(0000,49,0,0,0)
[ 3769123] ASYNC(0000,49,0,0,0)
[ 3770042] ASYNC(0000,49,0,0,0)
[ 3770554] ASYNC(0000,49,0,0,0)
[ 3771290] ASYNC(0000,49,0,0,0)
[ 3771291] ASYNC(0000,49,0,0,0)
[ 3771597] ASYNC(0000,49,0,0,0)
[ 3771701] ASYNC(0000,49,0,0,0)
[ 3772291] ASYNC(0000,49,0,0,0)
[ 3773950] ASYNC(0000,49,0,0,0)
[ 3773952] ASYNC(0000,49,0,0,0)
[ 3775079] ASYNC(0000,49,0,0,0)
[ 3775080] ASYNC(0000,49,0,0,0)
[ 3776699] ASYNC(0000,49,0,0,0)
[ 3777333] ASYNC(0000,49,0,0,0)
[ 3778456] ASYNC(0000,49,0,0,0)
[ 3778457] ASYNC(0000,49,0,0,0)
[ 3778940] ASYNC(0000,49,0,0,0)
[ 3779448] ASYNC(0000,49,0,0,0)
[ 3779994] ASYNC(0000,49,0,0,0)
[ 3780393] ASYNC(0000,49,0,0,0)
[ 3781737] ASYNC(0000,49,0,0,0)
[ 3782318] ASYNC(0000,49,0,0,0)
[ 3782432] ASYNC(0000,49,0,0,0)
[ 3783885] ASYNC(0000,49,0,0,0)
[ 3785012] ASYNC(0000,49,0,0,0)
[ 3786736] ASYNC(0000,49,0,0,0)
[ 3787334] ASYNC(0000,49,0,0,0)
[ 3787552] ASYNC(0000,49,0,0,0)
[ 3788904] ASYNC(0000,49,0,0,0)
[ 3789498] ASYNC(0000,49,0,0,0)
[ 3790010] ASYNC(0000,49,0,0,0)
[ 3791756] ASYNC(0000,49,0,0,0)
[ 3792385] ASYNC(0000,49,0,0,0)
[ 3792386] ASYNC(0000,49,0,0,0)
[ 3793920] ASYNC(0000,49,0,0,0)
[ 3793921] ASYNC(0000,49,0,0,0)
[ 3794925] ASYNC(0000,49,0,0,0)
[ 3795028] ASYNC(0000,49,0,0,0)
[ 3796042] ASYNC(0000,49,0,0,0)
[ 3796789] ASYNC(0000,49,0,0,0)
[ 3797385] ASYNC(0000,49,0,0,0)
[ 3798403] ASYNC(0000,49,0,0,0)
[ 3798939] ASYNC(0000,49,0,0,0)
[ 3800064] ASYNC(0000,49,0,0,0)
[ 3800967] ASYNC(0000,49,0,0,0)
[ 3801685] ASYNC(0000,49,0,0,0)
[ 3802421] ASYNC(0000,49,0,0,0)
[ 3805082] ASYNC(0000,49,0,0,0)
[ 3806908] ASYNC(0000,49,0,0,0)
[ 3807009] ASYNC(0000,49,0,0,0)
[ 3807338] ASYNC(0000,49,0,0,0)
[ 3808973] ASYNC(0000,49,0,0,0)
[ 3809996] ASYNC(0000,49,0,0,0)
[ 3811328] ASYNC(0000,49,0,0,0)
[ 3811707] ASYNC(0000,49,0,0,0)
[ 3812026] ASYNC(0000,49,0,0,0)
[ 3812454] ASYNC(0000,49,0,0,0)
[ 3812966] ASYNC(0000,49,0,0,0)
[ 3813887] ASYNC(0000,49,0,0,0)
[ 3813889] ASYNC(0000,49,0,0,0)
[ 3814185] ASYNC(0000,49,0,0,0)
[ 3814791] ASYNC(0000,49,0,0,0)
[ 3814793] ASYNC(0000,49,0,0,0)
[ 3814996] ASYNC(0000,49,0,0,0)
[ 3816738] ASYNC(0000,49,0,0,0)
[ 3817373] ASYNC(0000,49,0,0,0)
[ 3818477] ASYNC(0000,49,0,0,0)
[ 3818478] ASYNC(0000,49,0,0,0)
[ 3818889] ASYNC(0000,49,0,0,0)
[ 3819416] ASYNC(0000,49,0,0,0)
[ 3819516] ASYNC(0000,49,0,0,0)
[ 3820034] ASYNC(0000,49,0,0,0)
[ 3820038] ASYNC(0000,49,0,0,0)
[ 3820039] ASYNC(0000,49,0,0,0)
[ 3820040] ASYNC(0000,49,0,0,0)
[ 3820042] ASYNC(0000,49,0,0,0)
[ 3820043] ASYNC(0000,49,0,0,0)
[ 3820044] ASYNC(0000,49,0,0,0)
[ 3821762] ASYNC(0000,49,0,0,0)
[ 3822370] ASYNC(0000,49,0,0,0)
[ 3822987] ASYNC(0000,49,0,0,0)
[ 3822991] ASYNC(0000,49,0,0,0)
[ 3823103] ASYNC(0000,49,0,0,0)
[ 3823104] ASYNC(0000,49,0,0,0)
[ 3823600] ASYNC(0000,49,0,0,0)
[ 3823923] ASYNC(0000,49,0,0,0)
[ 3824096] ASYNC(0000,49,0,0,0)
[ 3824503] ASYNC(0000,49,0,0,0)
[ 3825033] ASYNC(0000,49,0,0,0)
[ 3825151] ASYNC(0000,49,0,0,0)
[ 3826075] ASYNC(0000,49,0,0,0)
[ 3826793] ASYNC(0000,49,0,0,0)
[ 3827396] ASYNC(0000,49,0,0,0)
[ 3828719] ASYNC(0000,49,0,0,0)
[ 3828722] ASYNC(0000,49,0,0,0)
[ 3828924] ASYNC(0000,49,0,0,0)
[ 3829114] ASYNC(0000,49,0,0,0)
[ 3829537] ASYNC(0000,49,0,0,0)
[ 3829539] ASYNC(0000,49,0,0,0)
[ 3830068] ASYNC(0000,49,0,0,0)
[ 3830560] ASYNC(0000,49,0,0,0)
[ 3831379] ASYNC(0000,49,0,0,0)
[ 3831791] ASYNC(0000,49,0,0,0)
[ 3832407] ASYNC(0000,49,0,0,0)
[ 3832408] ASYNC(0000,49,0,0,0)
[ 3833344] ASYNC(0000,49,0,0,0)
[ 3833940] ASYNC(0000,49,0,0,0)
[ 3833941] ASYNC(0000,49,0,0,0)
[ 3834247] ASYNC(0000,49,0,0,0)
[ 3835066] ASYNC(0000,49,0,0,0)
[ 3835067] ASYNC(0000,49,0,0,0)
[ 3836709] ASYNC(0000,49,0,0,0)
[ 3837442] ASYNC(0000,49,0,0,0)
[ 3838958] ASYNC(0000,49,0,0,0)
[ 3839981] ASYNC(0000,49,0,0,0)
[ 3841744] ASYNC(0000,49,0,0,0)
[ 3842338] ASYNC(0000,49,0,0,0)
[ 3842339] ASYNC(0000,49,0,0,0)
[ 3842340] ASYNC(0000,49,0,0,0)
[ 3843873] ASYNC(0000,49,0,0,0)
[ 3845018] ASYNC(0000,49,0,0,0)
[ 3846741] ASYNC(0000,49,0,0,0)
[ 3847342] ASYNC(0000,49,0,0,0)
[ 3847561] ASYNC(0000,49,0,0,0)
[ 3848890] ASYNC(0000,49,0,0,0)
[ 3849609] ASYNC(0000,49,0,0,0)
[ 3850019] ASYNC(0000,49,0,0,0)
[ 3851366] ASYNC(0000,49,0,0,0)
[ 3851758] ASYNC(0000,49,0,0,0)
[ 3852393] ASYNC(0000,49,0,0,0)
[ 3853908] ASYNC(0000,49,0,0,0)
[ 3853909] ASYNC(0000,49,0,0,0)
[ 3854029] ASYNC(0000,49,0,0,0)
[ 3855052] ASYNC(0000,49,0,0,0)
[ 3856049] ASYNC(0000,49,0,0,0)
[ 3856778] ASYNC(0000,49,0,0,0)
[ 3857393] ASYNC(0000,49,0,0,0)
[ 3858534] ASYNC(0000,49,0,0,0)
[ 3858943] ASYNC(0000,49,0,0,0)
[ 3859940] ASYNC(0000,49,0,0,0)
[ 3860052] ASYNC(0000,49,0,0,0)
[ 3862427] ASYNC(0000,49,0,0,0)
[ 3863945] ASYNC(0000,49,0,0,0)
[ 3865088] ASYNC(0000,49,0,0,0)
[ 3866728] ASYNC(0000,49,0,0,0)
[ 3867015] ASYNC(0000,49,0,0,0)
[ 3867445] ASYNC(0000,49,0,0,0)
[ 3868959] ASYNC(0000,49,0,0,0)
[ 3869677] ASYNC(0000,49,0,0,0)
[ 3869985] ASYNC(0000,49,0,0,0)
[ 3871727] ASYNC(0000,49,0,0,0)
[ 3871829] ASYNC(0000,49,0,0,0)
[ 3872053] ASYNC(0000,49,0,0,0)
[ 3872430] ASYNC(0000,49,0,0,0)
[ 3872431] ASYNC(0000,49,0,0,0)
[ 3873964] ASYNC(0000,49,0,0,0)
[ 3874304] ASYNC(0000,49,0,0,0)
[ 3875021] ASYNC(0000,49,0,0,0)
[ 3878503] ASYNC(0000,49,0,0,0)
[ 3878894] ASYNC(0000,49,0,0,0)
[ 3879405] ASYNC(0000,49,0,0,0)
[ 3880040] ASYNC(0000,49,0,0,0)
[ 3880041] ASYNC(0000,49,0,0,0)
[ 3881764] ASYNC(0000,49,0,0,0)
[ 3882377] ASYNC(0000,49,0,0,0)
[ 3883929] ASYNC(0000,49,0,0,0)
[ 3884511] ASYNC(0000,49,0,0,0)
[ 3885242] ASYNC(0000,49,0,0,0)
[ 3886075] ASYNC(0000,49,0,0,0)
[ 3886798] ASYNC(0000,49,0,0,0)
[ 3887415] ASYNC(0000,49,0,0,0)
[ 3888948] ASYNC(0000,49,0,0,0)
[ 3889118] ASYNC(0000,49,0,0,0)
[ 3890055] ASYNC(0000,49,0,0,0)
[ 3891816] ASYNC(0000,49,0,0,0)
[ 3892414] ASYNC(0000,49,0,0,0)
[ 3893967] ASYNC(0000,49,0,0,0)
[ 3894043] ASYNC(0000,49,0,0,0)
[ 3894251] ASYNC(0000,49,0,0,0)
[ 3895075] ASYNC(0000,49,0,0,0)
[ 3895076] ASYNC(0000,49,0,0,0)
[ 3896833] ASYNC(0000,49,0,0,0)
[ 3897429] ASYNC(0000,49,0,0,0)
[ 3898471] ASYNC(0000,49,0,0,0)
[ 3899977] ASYNC(0000,49,0,0,0)
[ 3899979] ASYNC(0000,49,0,0,0)
[ 3901749] ASYNC(0000,49,0,0,0)
[ 3902365] ASYNC(0000,49,0,0,0)
[ 3903386] ASYNC(0000,49,0,0,0)
[ 3903898] ASYNC(0000,49,0,0,0)
[ 3904391] ASYNC(0000,49,0,0,0)
[ 3904991] ASYNC(0000,49,0,0,0)
[ 3906733] ASYNC(0000,49,0,0,0)
[ 3907451] ASYNC(0000,49,0,0,0)
[ 3907550] ASYNC(0000,49,0,0,0)
[ 3908916] ASYNC(0000,49,0,0,0)
[ 3909632] ASYNC(0000,49,0,0,0)
[ 3910037] ASYNC(0000,49,0,0,0)
[ 3911785] ASYNC(0000,49,0,0,0)
[ 3911788] ASYNC(0000,49,0,0,0)
[ 3912401] ASYNC(0000,49,0,0,0)
[ 3912482] ASYNC(0000,49,0,0,0)
[ 3913934] ASYNC(0000,49,0,0,0)
[ 3914038] ASYNC(0000,49,0,0,0)
[ 3915025] ASYNC(0000,49,0,0,0)
[ 3916087] ASYNC(0000,49,0,0,0)
[ 3916783] ASYNC(0000,49,0,0,0)
[ 3917515] ASYNC(0000,49,0,0,0)
[ 3918931] ASYNC(0000,49,0,0,0)
[ 3918933] ASYNC(0000,49,0,0,0)
[ 3922434] ASYNC(0000,49,0,0,0)
[ 3923969] ASYNC(0000,49,0,0,0)
[ 3924994] ASYNC(0000,49,0,0,0)
[ 3926818] ASYNC(0000,49,0,0,0)
[ 3926819] ASYNC(0000,49,0,0,0)
[ 3927433] ASYNC(0000,49,0,0,0)
[ 3928866] ASYNC(0000,49,0,0,0)
[ 3929601] ASYNC(0000,49,0,0,0)
[ 3930011] ASYNC(0000,49,0,0,0)
[ 3931527] ASYNC(0000,49,0,0,0)
[ 3931837] ASYNC(0000,49,0,0,0)
[ 3932446] ASYNC(0000,49,0,0,0)
[ 3933870] ASYNC(0000,49,0,0,0)
[ 3933972] ASYNC(0000,49,0,0,0)
[ 3934106] ASYNC(0000,49,0,0,0)
[ 3935009] ASYNC(0000,49,0,0,0)
[ 3936770] ASYNC(0000,49,0,0,0)
[ 3938900] ASYNC(0000,49,0,0,0)
[ 3939427] ASYNC(0000,49,0,0,0)
[ 3939515] ASYNC(0000,49,0,0,0)
[ 3940048] ASYNC(0000,49,0,0,0)
[ 3940049] ASYNC(0000,49,0,0,0)
[ 3941768] ASYNC(0000,49,0,0,0)
[ 3942504] ASYNC(0000,49,0,0,0)
[ 3944429] ASYNC(0000,49,0,0,0)
[ 3944620] ASYNC(0000,49,0,0,0)
[ 3945031] ASYNC(0000,49,0,0,0)
[ 3945248] ASYNC(0000,49,0,0,0)
[ 3945370] ASYNC(0000,49,0,0,0)
[ 3946088] ASYNC(0000,49,0,0,0)
[ 3946394] ASYNC(0000,49,0,0,0)
[ 3946805] ASYNC(0000,49,0,0,0)
[ 3948935] ASYNC(0000,49,0,0,0)
[ 3950080] ASYNC(0000,49,0,0,0)
[ 3950150] ASYNC(0000,49,0,0,0)
[ 3950778] ASYNC(0000,49,0,0,0)
[ 3951392] ASYNC(0000,49,0,0,0)
[ 3951804] ASYNC(0000,49,0,0,0)
[ 3952405] ASYNC(0000,49,0,0,0)
[ 3952406] ASYNC(0000,49,0,0,0)
[ 3952540] ASYNC(0000,49,0,0,0)
[ 3953441] ASYNC(0000,49,0,0,0)
[ 3953974] ASYNC(0000,49,0,0,0)
[ 3954055] ASYNC(0000,49,0,0,0)
[ 3954056] ASYNC(0000,49,0,0,0)
[ 3954057] ASYNC(0000,49,0,0,0)
[ 3954998] ASYNC(0000,49,0,0,0)
[ 3954998] ASYNC(0000,49,0,0,0)
[ 3955079] ASYNC(0000,49,0,0,0)
[ 3955284] ASYNC(0000,49,0,0,0)
[ 3956103] ASYNC(0000,49,0,0,0)
[ 3957540] ASYNC(0000,49,0,0,0)
[ 3958580] ASYNC(0000,49,0,0,0)
[ 3958874] ASYNC(0000,49,0,0,0)
[ 3960014] ASYNC(0000,49,0,0,0)
[ 3961839] ASYNC(0000,49,0,0,0)
[ 3962452] ASYNC(0000,49,0,0,0)
[ 3962455] ASYNC(0000,49,0,0,0)
[ 3963886] ASYNC(0000,49,0,0,0)
[ 3965030] ASYNC(0000,49,0,0,0)
[ 3966875] ASYNC(0000,49,0,0,0)
[ 3967458] ASYNC(0000,49,0,0,0)
[ 3967572] ASYNC(0000,49,0,0,0)
[ 3968924] ASYNC(0000,49,0,0,0)
[ 3969742] ASYNC(0000,49,0,0,0)
[ 3970030] ASYNC(0000,49,0,0,0)
[ 3971772] ASYNC(0000,49,0,0,0)
[ 3971873] ASYNC(0000,49,0,0,0)
[ 3972404] ASYNC(0000,49,0,0,0)
[ 3972489] ASYNC(0000,49,0,0,0)
[ 3973941] ASYNC(0000,49,0,0,0)
[ 3975069] ASYNC(0000,49,0,0,0)
[ 3975070] ASYNC(0000,49,0,0,0)
[ 3976789] ASYNC(0000,49,0,0,0)
[ 3977800] ASYNC(0000,49,0,0,0)
[ 3978548] ASYNC(0000,49,0,0,0)
[ 3978549] ASYNC(0000,49,0,0,0)
[ 3978631] ASYNC(0000,49,0,0,0)
[ 3978632] ASYNC(0000,49,0,0,0)
[ 3978957] ASYNC(0000,49,0,0,0)
[ 3980055] ASYNC(0000,49,0,0,0)
[ 3981826] ASYNC(0000,49,0,0,0)
[ 3982543] ASYNC(0000,49,0,0,0)
[ 3983958] ASYNC(0000,49,0,0,0)
[ 3984999] ASYNC(0000,49,0,0,0)
[ 3985408] ASYNC(0000,49,0,0,0)
[ 3986398] ASYNC(0000,49,0,0,0)
[ 3986828] ASYNC(0000,49,0,0,0)
[ 3986911] ASYNC(0000,49,0,0,0)
[ 3987028] ASYNC(0000,49,0,0,0)
[ 3987425] ASYNC(0000,49,0,0,0)
[ 3987549] ASYNC(0000,49,0,0,0)
[ 3988891] ASYNC(0000,49,0,0,0)
[ 3989999] ASYNC(0000,49,0,0,0)
[ 3991861] ASYNC(0000,49,0,0,0)
[ 3992148] ASYNC(0000,49,0,0,0)
[ 3992443] ASYNC(0000,49,0,0,0)
[ 3992559] ASYNC(0000,49,0,0,0)
[ 3993479] ASYNC(0000,49,0,0,0)
[ 3993909] ASYNC(0000,49,0,0,0)
[ 3994078] ASYNC(0000,49,0,0,0)
[ 3994318] ASYNC(0000,49,0,0,0)
[ 3994503] ASYNC(0000,49,0,0,0)
[ 3995015] ASYNC(0000,49,0,0,0)
[ 3996860] ASYNC(0000,49,0,0,0)
[ 3997476] ASYNC(0000,49,0,0,0)
[ 3998701] ASYNC(0000,49,0,0,0)
[ 3998926] ASYNC(0000,49,0,0,0)
[ 3999418] ASYNC(0000,49,0,0,0)
[ 3999514] ASYNC(0000,49,0,0,0)
[ 4000019] ASYNC(0000,49,0,0,0)
[ 4000135] ASYNC(0000,49,0,0,0)
[ 4001775] ASYNC(0000,49,0,0,0)
[ 4003945] ASYNC(0000,49,0,0,0)
[ 4004558] ASYNC(0000,49,0,0,0)
[ 4005070] ASYNC(0000,49,0,0,0)
[ 4005274] ASYNC(0000,49,0,0,0)
[ 4006078] ASYNC(0000,49,0,0,0)
[ 4006814] ASYNC(0000,49,0,0,0)
[ 4007509] ASYNC(0000,49,0,0,0)
[ 4008942] ASYNC(0000,49,0,0,0)
[ 4009148] ASYNC(0000,49,0,0,0)
[ 4009677] ASYNC(0000,49,0,0,0)
[ 4010087] ASYNC(0000,49,0,0,0)
[ 4010697] ASYNC(0000,49,0,0,0)
[ 4011501] ASYNC(0000,49,0,0,0)
[ 4011797] ASYNC(0000,49,0,0,0)
[ 4012547] ASYNC(0000,49,0,0,0)
[ 4012548] ASYNC(0000,49,0,0,0)
[ 4013969] ASYNC(0000,49,0,0,0)
[ 4014267] ASYNC(0000,49,0,0,0)
[ 4014998] ASYNC(0000,49,0,0,0)
[ 4015001] ASYNC(0000,49,0,0,0)
[ 4016814] ASYNC(0000,49,0,0,0)
[ 4017545] ASYNC(0000,49,0,0,0)
[ 4018896] ASYNC(0000,49,0,0,0)
[ 4020001] ASYNC(0000,49,0,0,0)
[ 4021865] ASYNC(0000,49,0,0,0)
[ 4022582] ASYNC(0000,49,0,0,0)
[ 4023160] ASYNC(0000,49,0,0,0)
[ 4023892] ASYNC(0000,49,0,0,0)
[ 4025040] ASYNC(0000,49,0,0,0)
[ 4026472] ASYNC(0000,49,0,0,0)
[ 4026884] ASYNC(0000,49,0,0,0)
[ 4027464] ASYNC(0000,49,0,0,0)
[ 4027580] ASYNC(0000,49,0,0,0)
[ 4028315] ASYNC(0000,49,0,0,0)
[ 4028485] ASYNC(0000,49,0,0,0)
[ 4028911] ASYNC(0000,49,0,0,0)
[ 4029611] ASYNC(0000,49,0,0,0)
[ 4030030] ASYNC(0000,49,0,0,0)
[ 4031592] ASYNC(0000,49,0,0,0)
[ 4031881] ASYNC(0000,49,0,0,0)
[ 4032494] ASYNC(0000,49,0,0,0)
[ 4032617] ASYNC(0000,49,0,0,0)
[ 4033928] ASYNC(0000,49,0,0,0)
[ 4035076] ASYNC(0000,49,0,0,0)
[ 4035277] ASYNC(0000,49,0,0,0)
[ 4036100] ASYNC(0000,49,0,0,0)
[ 4036794] ASYNC(0000,49,0,0,0)
[ 4036797] ASYNC(0000,49,0,0,0)
[ 4037507] ASYNC(0000,49,0,0,0)
[ 4038555] ASYNC(0000,49,0,0,0)
[ 4038937] ASYNC(0000,49,0,0,0)
[ 4039579] ASYNC(0000,49,0,0,0)
[ 4040072] ASYNC(0000,49,0,0,0)
[ 4041835] ASYNC(0000,49,0,0,0)
[ 4042531] ASYNC(0000,49,0,0,0)
[ 4043982] ASYNC(0000,49,0,0,0)
[ 4044987] ASYNC(0000,49,0,0,0)
[ 4046947] ASYNC(0000,49,0,0,0)
[ 4047034] ASYNC(0000,49,0,0,0)
[ 4047535] ASYNC(0000,49,0,0,0)
[ 4048878] ASYNC(0000,49,0,0,0)
[ 4049697] ASYNC(0000,49,0,0,0)
[ 4051870] ASYNC(0000,49,0,0,0)
[ 4052054] ASYNC(0000,49,0,0,0)
[ 4052449] ASYNC(0000,49,0,0,0)
[ 4052566] ASYNC(0000,49,0,0,0)
[ 4053498] ASYNC(0000,49,0,0,0)
[ 4053912] ASYNC(0000,49,0,0,0)
[ 4054120] ASYNC(0000,49,0,0,0)
[ 4054222] ASYNC(0000,49,0,0,0)
[ 4054223] ASYNC(0000,49,0,0,0)
[ 4054325] ASYNC(0000,49,0,0,0)
[ 4054528] ASYNC(0000,49,0,0,0)
[ 4055022] ASYNC(0000,49,0,0,0)
[ 4055111] ASYNC(0000,49,0,0,0)
[ 4056866] ASYNC(0000,49,0,0,0)
[ 4057069] ASYNC(0000,49,0,0,0)
[ 4057602] ASYNC(0000,49,0,0,0)
[ 4058626] ASYNC(0000,49,0,0,0)
[ 4058913] ASYNC(0000,49,0,0,0)
[ 4059434] ASYNC(0000,49,0,0,0)
[ 4059529] ASYNC(0000,49,0,0,0)
[ 4059532] ASYNC(0000,49,0,0,0)
[ 4060060] ASYNC(0000,49,0,0,0)
[ 4060128] ASYNC(0000,49,0,0,0)
[ 4061886] ASYNC(0000,49,0,0,0)
[ 4062620] ASYNC(0000,49,0,0,0)
[ 4063924] ASYNC(0000,49,0,0,0)
[ 4064548] ASYNC(0000,49,0,0,0)
[ 4065057] ASYNC(0000,49,0,0,0)
[ 4065262] ASYNC(0000,49,0,0,0)
[ 4066082] ASYNC(0000,49,0,0,0)
[ 4066901] ASYNC(0000,49,0,0,0)
[ 4067502] ASYNC(0000,49,0,0,0)
[ 4067638] ASYNC(0000,49,0,0,0)
[ 4068538] ASYNC(0000,49,0,0,0)
[ 4069153] ASYNC(0000,49,0,0,0)
[ 4069469] ASYNC(0000,49,0,0,0)
[ 4069786] ASYNC(0000,49,0,0,0)
[ 4069972] ASYNC(0000,49,0,0,0)
[ 4071529] ASYNC(0000,49,0,0,0)
[ 4071817] ASYNC(0000,49,0,0,0)
[ 4072552] ASYNC(0000,49,0,0,0)
[ 4072636] ASYNC(0000,49,0,0,0)
[ 4073454] ASYNC(0000,49,0,0,0)
[ 4073985] ASYNC(0000,49,0,0,0)
[ 4074068] ASYNC(0000,49,0,0,0)
[ 4074274] ASYNC(0000,49,0,0,0)
[ 4074999] ASYNC(0000,49,0,0,0)
[ 4075000] ASYNC(0000,49,0,0,0)
[ 4075298] ASYNC(0000,49,0,0,0)
[ 4075301] ASYNC(0000,49,0,0,0)
[ 4076854] ASYNC(0000,49,0,0,0)
[ 4077552] ASYNC(0000,49,0,0,0)
[ 4078558] ASYNC(0000,49,0,0,0)
[ 4078902] ASYNC(0000,49,0,0,0)
[ 4080008] ASYNC(0000,49,0,0,0)
[ 4081852] ASYNC(0000,49,0,0,0)
[ 4082459] ASYNC(0000,49,0,0,0)
[ 4082591] ASYNC(0000,49,0,0,0)
[ 4086885] ASYNC(0000,49,0,0,0)
[ 4087587] ASYNC(0000,49,0,0,0)
[ 4087588] ASYNC(0000,49,0,0,0)
[ 4088901] ASYNC(0000,49,0,0,0)
[ 4089756] ASYNC(0000,49,0,0,0)
[ 4090043] ASYNC(0000,49,0,0,0)
[ 4091599] ASYNC(0000,49,0,0,0)
[ 4091887] ASYNC(0000,49,0,0,0)
[ 4092488] ASYNC(0000,49,0,0,0)
[ 4092626] ASYNC(0000,49,0,0,0)
[ 4093524] ASYNC(0000,49,0,0,0)
[ 4093935] ASYNC(0000,49,0,0,0)
[ 4095082] ASYNC(0000,49,0,0,0)
[ 4095669] ASYNC(0000,49,0,0,0)
[ 4096107] ASYNC(0000,49,0,0,0)
[ 4096905] ASYNC(0000,49,0,0,0)
[ 4097622] ASYNC(0000,49,0,0,0)
[ 4098939] ASYNC(0000,49,0,0,0)
[ 4099961] ASYNC(0000,49,0,0,0)
[ 4101922] ASYNC(0000,49,0,0,0)
[ 4102660] ASYNC(0000,49,0,0,0)
[ 4103890] ASYNC(0000,49,0,0,0)
[ 4104978] ASYNC(0000,49,0,0,0)
[ 4106837] ASYNC(0000,49,0,0,0)
[ 4106961] ASYNC(0000,49,0,0,0)
[ 4106964] ASYNC(0000,49,0,0,0)
[ 4107657] ASYNC(0000,49,0,0,0)
[ 4108597] ASYNC(0000,49,0,0,0)
[ 4108884] ASYNC(0000,49,0,0,0)
[ 4109499] ASYNC(0000,49,0,0,0)
[ 4110034] ASYNC(0000,49,0,0,0)
[ 4110529] ASYNC(0000,49,0,0,0)
[ 4110734] ASYNC(0000,49,0,0,0)
[ 4111546] ASYNC(0000,49,0,0,0)
[ 4111860] ASYNC(0000,49,0,0,0)
[ 4112570] ASYNC(0000,49,0,0,0)
[ 4112571] ASYNC(0000,49,0,0,0)
[ 4112574] ASYNC(0000,49,0,0,0)
[ 4113925] ASYNC(0000,49,0,0,0)
[ 4114333] ASYNC(0000,49,0,0,0)
[ 4115029] ASYNC(0000,49,0,0,0)
[ 4115438] ASYNC(0000,49,0,0,0)
[ 4116874] ASYNC(0000,49,0,0,0)
[ 4117586] ASYNC(0000,49,0,0,0)
[ 4118920] ASYNC(0000,49,0,0,0)
[ 4119438] ASYNC(0000,49,0,0,0)
[ 4119555] ASYNC(0000,49,0,0,0)
[ 4120048] ASYNC(0000,49,0,0,0)
[ 4120148] ASYNC(0000,49,0,0,0)
[ 4121899] ASYNC(0000,49,0,0,0)
[ 4122627] ASYNC(0000,49,0,0,0)
[ 4123960] ASYNC(0000,49,0,0,0)
[ 4124573] ASYNC(0000,49,0,0,0)
[ 4125050] ASYNC(0000,49,0,0,0)
[ 4125268] ASYNC(0000,49,0,0,0)
[ 4125385] ASYNC(0000,49,0,0,0)
[ 4126908] ASYNC(0000,49,0,0,0)
[ 4127611] ASYNC(0000,49,0,0,0)
[ 4128956] ASYNC(0000,49,0,0,0)
[ 4129159] ASYNC(0000,49,0,0,0)
[ 4129979] ASYNC(0000,49,0,0,0)
[ 4131741] ASYNC(0000,49,0,0,0)
[ 4131948] ASYNC(0000,49,0,0,0)
[ 4132527] ASYNC(0000,49,0,0,0)
[ 4132630] ASYNC(0000,49,0,0,0)
[ 4133585] ASYNC(0000,49,0,0,0)
[ 4133892] ASYNC(0000,49,0,0,0)
[ 4134403] ASYNC(0000,49,0,0,0)
[ 4134999] ASYNC(0000,49,0,0,0)
[ 4135000] ASYNC(0000,49,0,0,0)
[ 4136862] ASYNC(0000,49,0,0,0)
[ 4137682] ASYNC(0000,49,0,0,0)
[ 4138704] ASYNC(0000,49,0,0,0)
[ 4138705] ASYNC(0000,49,0,0,0)
[ 4138908] ASYNC(0000,49,0,0,0)
[ 4139604] ASYNC(0000,49,0,0,0)
[ 4140014] ASYNC(0000,49,0,0,0)
[ 4141860] ASYNC(0000,49,0,0,0)
[ 4142472] ASYNC(0000,49,0,0,0)
[ 4142678] ASYNC(0000,49,0,0,0)
Tue Dec 24 11:11:10 PM EST 2024
test.bash: Running wget
[ 4143905] ASYNC(0000,49,0,0,0)
[ 4145053] ASYNC(0000,49,0,0,0)
[ 4146898] ASYNC(0000,49,0,0,0)
[ 4147591] ASYNC(0000,49,0,0,0)
[ 4147715] ASYNC(0000,49,0,0,0)
[ 4148944] ASYNC(0000,49,0,0,0)
[ 4149558] ASYNC(0000,49,0,0,0)
[ 4149844] ASYNC(0000,49,0,0,0)
[ 4150049] ASYNC(0000,49,0,0,0)
[ 4150584] ASYNC(0000,49,0,0,0)
[ 4150868] ASYNC(0000,49,0,0,0)
[ 4151482] ASYNC(0000,49,0,0,0)
[ 4151607] ASYNC(0000,49,0,0,0)
[ 4151810] ASYNC(0000,49,0,0,0)
[ 4151894] ASYNC(0000,49,0,0,0)
[ 4152506] ASYNC(0000,49,0,0,0)
[ 4152619] ASYNC(0000,49,0,0,0)
[ 4153941] ASYNC(0000,49,0,0,0)
[ 4154270] ASYNC(0000,49,0,0,0)
[ 4154545] ASYNC(0000,49,0,0,0)
[ 4154657] ASYNC(0000,49,0,0,0)
[ 4154965] ASYNC(0000,49,0,0,0)
[ 4155087] ASYNC(0000,49,0,0,0)
[ 4155673] ASYNC(0000,49,0,0,0)
[ 4156194] ASYNC(0000,49,0,0,0)
[ 4156726] ASYNC(0000,49,0,0,0)
[ 4156898] ASYNC(0000,49,0,0,0)
test.bash: Failed at 2048 seconds
